+ IMAGE_NAME=LT52170641986204CUB00
+ IMAGES_DIR_PATH=/nfs/images/
+ RESULTS_DIR_PATH=/nfs/results/
+ OUTPUT_IMAGE_DIR=/nfs/results/LT52170641986204CUB00
+ IMAGE_MTL_PATH=/nfs/images/LT52170641986204CUB00/LT52170641986204CUB00_MTL.txt
+ IMAGE_MTL_FMASK_PATH=/nfs/images/LT52170641986204CUB00/LT52170641986204CUB00_MTLFmask
+ IMAGE_STATION_FILE_PATH=/nfs/results/LT52170641986204CUB00/LT52170641986204CUB00_station.csv
++ pwd
+ SANDBOX=/tmp/sandbox/ed0953af-c74e-49ed-b210-504671206444
+ CONF_FILE=sebal.conf
+ LIBRARY_PATH=/usr/local/lib
+ BOUNDING_BOX_PATH=example/boundingbox_vertices
+ TMP_DIR_PATH=/mnt
+ R_EXEC_DIR=
+ R_ALGORITHM_VERSION=AlgoritmoFinal-f1-v02122016.R
+ R_RASTER_TMP_DIR=/mnt/rasterTmp
+ MAX_TRIES=2
+ OUTPUT_IMAGE_DIR=/nfs/results//LT52170641986204CUB00
+ SCRIPTS_DIR=scripts
+ SEBAL_DIR_PATH=
+ LOG4J_PATH=
+ untarImageAndPrepareDirs
+ cd /nfs/images/
+ echo 'Image file name is LT52170641986204CUB00'
+ echo 'Untaring image LT52170641986204CUB00'
+ cd /nfs/images//LT52170641986204CUB00
+ sudo tar -xvzf LT52170641986204CUB00.tar.gz
sudo: unable to resolve host fogbow39666
+ echo 'Creating image output directory'
+ sudo mkdir -p /nfs/results//LT52170641986204CUB00
sudo: unable to resolve host fogbow39666
+ cd /tmp/sandbox/ed0953af-c74e-49ed-b210-504671206444
+ checkProcessOutput
+ PROCESS_OUTPUT=0
+ '[' 0 -ne 0 ']'
+ preProcessImage
+ SEBAL_DIR_PATH=/tmp/sandbox/ed0953af-c74e-49ed-b210-504671206444/SEBAL
+ R_EXEC_DIR=/tmp/sandbox/ed0953af-c74e-49ed-b210-504671206444/SEBAL/workspace/R
+ LOG4J_PATH=/tmp/sandbox/ed0953af-c74e-49ed-b210-504671206444/SEBAL/log4j.properties
+ cd /tmp/sandbox/ed0953af-c74e-49ed-b210-504671206444/SEBAL
+ sudo java -Xdebug -Xrunjdwp:server=y,transport=dt_socket,address=4000,suspend=n -Dlog4j.configuration=file:/tmp/sandbox/ed0953af-c74e-49ed-b210-504671206444/SEBAL/log4j.properties -Djava.library.path=/usr/local/lib -cp 'target/SEBAL-0.0.1-SNAPSHOT.jar:target/lib/*' org.fogbowcloud.sebal.PreProcessMain /nfs/images// /nfs/images/LT52170641986204CUB00/LT52170641986204CUB00_MTL.txt /nfs/results// 0 0 9000 9000 1 1 /tmp/sandbox/ed0953af-c74e-49ed-b210-504671206444/SEBAL/example/boundingbox_vertices /tmp/sandbox/ed0953af-c74e-49ed-b210-504671206444/SEBAL/sebal.conf /nfs/images/LT52170641986204CUB00/LT52170641986204CUB00_MTLFmask
sudo: unable to resolve host fogbow39666
Mar 12, 2017 3:50:15 AM org.geotools.referencing.factory.epsg.ThreadedHsqlEpsgFactory createDataSource
INFO: Building new data source for org.geotools.referencing.factory.epsg.ThreadedHsqlEpsgFactory
Mar 12, 2017 3:50:15 AM org.geotools.referencing.factory.epsg.ThreadedHsqlEpsgFactory createBackingStore
INFO: Building backing store for org.geotools.referencing.factory.epsg.ThreadedHsqlEpsgFactory
+ sudo chmod 777 /nfs/results/LT52170641986204CUB00/LT52170641986204CUB00_station.csv
sudo: unable to resolve host fogbow39666
+ echo -e '\n'
+ cd ..
+ checkProcessOutput
+ PROCESS_OUTPUT=0
+ '[' 0 -ne 0 ']'
+ creatingDadosCSV
+ echo 'Creating dados.csv for image LT52170641986204CUB00'
+ cd /tmp/sandbox/ed0953af-c74e-49ed-b210-504671206444/SEBAL/workspace/R
+ echo 'File images;MTL;File Station Weather;File Fmask;Path Output'
+ echo '/nfs/images//LT52170641986204CUB00;/nfs/images/LT52170641986204CUB00/LT52170641986204CUB00_MTL.txt;/nfs/results/LT52170641986204CUB00/LT52170641986204CUB00_station.csv;/nfs/images/LT52170641986204CUB00/LT52170641986204CUB00_MTLFmask;/nfs/results//LT52170641986204CUB00'
+ checkProcessOutput
+ PROCESS_OUTPUT=0
+ '[' 0 -ne 0 ']'
+ prepareEnvAndCollectUsage
+ '[' '!' -d /mnt/rasterTmp ']'
++ wc -l
++ ls -1 /mnt/rasterTmp/r_tmp_2017-03-12_005927_7431_71197.grd /mnt/rasterTmp/r_tmp_2017-03-12_005927_7431_71197.gri /mnt/rasterTmp/r_tmp_2017-03-12_010223_7431_45375.grd /mnt/rasterTmp/r_tmp_2017-03-12_010223_7431_45375.gri /mnt/rasterTmp/r_tmp_2017-03-12_010317_7431_20732.grd /mnt/rasterTmp/r_tmp_2017-03-12_010317_7431_20732.gri /mnt/rasterTmp/r_tmp_2017-03-12_010348_7431_23118.grd /mnt/rasterTmp/r_tmp_2017-03-12_010348_7431_23118.gri /mnt/rasterTmp/r_tmp_2017-03-12_012414_7431_34745.grd /mnt/rasterTmp/r_tmp_2017-03-12_012414_7431_34745.gri /mnt/rasterTmp/r_tmp_2017-03-12_012715_7431_36738.grd /mnt/rasterTmp/r_tmp_2017-03-12_012715_7431_36738.gri /mnt/rasterTmp/r_tmp_2017-03-12_012728_7431_26072.grd /mnt/rasterTmp/r_tmp_2017-03-12_012728_7431_26072.gri /mnt/rasterTmp/r_tmp_2017-03-12_012740_7431_75964.grd /mnt/rasterTmp/r_tmp_2017-03-12_012740_7431_75964.gri /mnt/rasterTmp/r_tmp_2017-03-12_012752_7431_58639.grd /mnt/rasterTmp/r_tmp_2017-03-12_012752_7431_58639.gri /mnt/rasterTmp/r_tmp_2017-03-12_012802_7431_36691.grd /mnt/rasterTmp/r_tmp_2017-03-12_012802_7431_36691.gri /mnt/rasterTmp/r_tmp_2017-03-12_012821_7431_34959.grd /mnt/rasterTmp/r_tmp_2017-03-12_012821_7431_34959.gri /mnt/rasterTmp/r_tmp_2017-03-12_012830_7431_54027.grd /mnt/rasterTmp/r_tmp_2017-03-12_012830_7431_54027.gri /mnt/rasterTmp/r_tmp_2017-03-12_012840_7431_93961.grd /mnt/rasterTmp/r_tmp_2017-03-12_012840_7431_93961.gri /mnt/rasterTmp/r_tmp_2017-03-12_012849_7431_18330.grd /mnt/rasterTmp/r_tmp_2017-03-12_012849_7431_18330.gri /mnt/rasterTmp/r_tmp_2017-03-12_012907_7431_91078.grd /mnt/rasterTmp/r_tmp_2017-03-12_012907_7431_91078.gri /mnt/rasterTmp/r_tmp_2017-03-12_012916_7431_03255.grd /mnt/rasterTmp/r_tmp_2017-03-12_012916_7431_03255.gri /mnt/rasterTmp/r_tmp_2017-03-12_012927_7431_20662.grd /mnt/rasterTmp/r_tmp_2017-03-12_012927_7431_20662.gri /mnt/rasterTmp/r_tmp_2017-03-12_012936_7431_74498.grd /mnt/rasterTmp/r_tmp_2017-03-12_012936_7431_74498.gri /mnt/rasterTmp/r_tmp_2017-03-12_012955_7431_88309.grd /mnt/rasterTmp/r_tmp_2017-03-12_012955_7431_88309.gri /mnt/rasterTmp/r_tmp_2017-03-12_013004_7431_10671.grd /mnt/rasterTmp/r_tmp_2017-03-12_013004_7431_10671.gri /mnt/rasterTmp/r_tmp_2017-03-12_013014_7431_25476.grd /mnt/rasterTmp/r_tmp_2017-03-12_013014_7431_25476.gri /mnt/rasterTmp/r_tmp_2017-03-12_013022_7431_07857.grd /mnt/rasterTmp/r_tmp_2017-03-12_013022_7431_07857.gri /mnt/rasterTmp/r_tmp_2017-03-12_013040_7431_34623.grd /mnt/rasterTmp/r_tmp_2017-03-12_013040_7431_34623.gri /mnt/rasterTmp/r_tmp_2017-03-12_013049_7431_20254.grd /mnt/rasterTmp/r_tmp_2017-03-12_013049_7431_20254.gri /mnt/rasterTmp/r_tmp_2017-03-12_013059_7431_59461.grd /mnt/rasterTmp/r_tmp_2017-03-12_013059_7431_59461.gri /mnt/rasterTmp/r_tmp_2017-03-12_013107_7431_30983.grd /mnt/rasterTmp/r_tmp_2017-03-12_013107_7431_30983.gri /mnt/rasterTmp/r_tmp_2017-03-12_013125_7431_76365.grd /mnt/rasterTmp/r_tmp_2017-03-12_013125_7431_76365.gri /mnt/rasterTmp/r_tmp_2017-03-12_013133_7431_56132.grd /mnt/rasterTmp/r_tmp_2017-03-12_013133_7431_56132.gri /mnt/rasterTmp/r_tmp_2017-03-12_013143_7431_70848.grd /mnt/rasterTmp/r_tmp_2017-03-12_013143_7431_70848.gri /mnt/rasterTmp/r_tmp_2017-03-12_013152_7431_77829.grd /mnt/rasterTmp/r_tmp_2017-03-12_013152_7431_77829.gri /mnt/rasterTmp/r_tmp_2017-03-12_013209_7431_73087.grd /mnt/rasterTmp/r_tmp_2017-03-12_013209_7431_73087.gri /mnt/rasterTmp/r_tmp_2017-03-12_013216_7431_33444.grd /mnt/rasterTmp/r_tmp_2017-03-12_013216_7431_33444.gri /mnt/rasterTmp/r_tmp_2017-03-12_013228_7431_88146.grd /mnt/rasterTmp/r_tmp_2017-03-12_013228_7431_88146.gri /mnt/rasterTmp/r_tmp_2017-03-12_013237_7431_15184.grd /mnt/rasterTmp/r_tmp_2017-03-12_013237_7431_15184.gri /mnt/rasterTmp/r_tmp_2017-03-12_013256_7431_97417.grd /mnt/rasterTmp/r_tmp_2017-03-12_013256_7431_97417.gri /mnt/rasterTmp/r_tmp_2017-03-12_013305_7431_34741.grd /mnt/rasterTmp/r_tmp_2017-03-12_013305_7431_34741.gri /mnt/rasterTmp/r_tmp_2017-03-12_013314_7431_80437.grd /mnt/rasterTmp/r_tmp_2017-03-12_013314_7431_80437.gri /mnt/rasterTmp/r_tmp_2017-03-12_013323_7431_05026.grd /mnt/rasterTmp/r_tmp_2017-03-12_013323_7431_05026.gri /mnt/rasterTmp/r_tmp_2017-03-12_013333_7431_12266.grd /mnt/rasterTmp/r_tmp_2017-03-12_013333_7431_12266.gri /mnt/rasterTmp/r_tmp_2017-03-12_013342_7431_65071.grd /mnt/rasterTmp/r_tmp_2017-03-12_013342_7431_65071.gri /mnt/rasterTmp/r_tmp_2017-03-12_013351_7431_98853.grd /mnt/rasterTmp/r_tmp_2017-03-12_013351_7431_98853.gri /mnt/rasterTmp/r_tmp_2017-03-12_013401_7431_70913.grd /mnt/rasterTmp/r_tmp_2017-03-12_013401_7431_70913.gri /mnt/rasterTmp/r_tmp_2017-03-12_013410_7431_25250.grd /mnt/rasterTmp/r_tmp_2017-03-12_013410_7431_25250.gri /mnt/rasterTmp/r_tmp_2017-03-12_013420_7431_28330.grd /mnt/rasterTmp/r_tmp_2017-03-12_013420_7431_28330.gri /mnt/rasterTmp/r_tmp_2017-03-12_013429_7431_65714.grd /mnt/rasterTmp/r_tmp_2017-03-12_013429_7431_65714.gri /mnt/rasterTmp/r_tmp_2017-03-12_013438_7431_79249.grd /mnt/rasterTmp/r_tmp_2017-03-12_013438_7431_79249.gri /mnt/rasterTmp/r_tmp_2017-03-12_013447_7431_67950.grd /mnt/rasterTmp/r_tmp_2017-03-12_013447_7431_67950.gri /mnt/rasterTmp/r_tmp_2017-03-12_013456_7431_71395.grd /mnt/rasterTmp/r_tmp_2017-03-12_013456_7431_71395.gri /mnt/rasterTmp/r_tmp_2017-03-12_013506_7431_80437.grd /mnt/rasterTmp/r_tmp_2017-03-12_013506_7431_80437.gri /mnt/rasterTmp/r_tmp_2017-03-12_013515_7431_12935.grd /mnt/rasterTmp/r_tmp_2017-03-12_013515_7431_12935.gri /mnt/rasterTmp/r_tmp_2017-03-12_013524_7431_56280.grd /mnt/rasterTmp/r_tmp_2017-03-12_013524_7431_56280.gri /mnt/rasterTmp/r_tmp_2017-03-12_013533_7431_30129.grd /mnt/rasterTmp/r_tmp_2017-03-12_013533_7431_30129.gri /mnt/rasterTmp/r_tmp_2017-03-12_013542_7431_59913.grd /mnt/rasterTmp/r_tmp_2017-03-12_013542_7431_59913.gri /mnt/rasterTmp/r_tmp_2017-03-12_013554_7431_18070.grd /mnt/rasterTmp/r_tmp_2017-03-12_013554_7431_18070.gri /mnt/rasterTmp/r_tmp_2017-03-12_013603_7431_09654.grd /mnt/rasterTmp/r_tmp_2017-03-12_013603_7431_09654.gri /mnt/rasterTmp/r_tmp_2017-03-12_013612_7431_58987.grd /mnt/rasterTmp/r_tmp_2017-03-12_013612_7431_58987.gri /mnt/rasterTmp/r_tmp_2017-03-12_013621_7431_67678.grd /mnt/rasterTmp/r_tmp_2017-03-12_013621_7431_67678.gri /mnt/rasterTmp/r_tmp_2017-03-12_013630_7431_88975.grd /mnt/rasterTmp/r_tmp_2017-03-12_013630_7431_88975.gri /mnt/rasterTmp/r_tmp_2017-03-12_013639_7431_34081.grd /mnt/rasterTmp/r_tmp_2017-03-12_013639_7431_34081.gri /mnt/rasterTmp/r_tmp_2017-03-12_013652_7431_88829.grd /mnt/rasterTmp/r_tmp_2017-03-12_013652_7431_88829.gri /mnt/rasterTmp/r_tmp_2017-03-12_013701_7431_73524.grd /mnt/rasterTmp/r_tmp_2017-03-12_013701_7431_73524.gri /mnt/rasterTmp/r_tmp_2017-03-12_013713_7431_80732.grd /mnt/rasterTmp/r_tmp_2017-03-12_013713_7431_80732.gri /mnt/rasterTmp/r_tmp_2017-03-12_013722_7431_20840.grd /mnt/rasterTmp/r_tmp_2017-03-12_013722_7431_20840.gri /mnt/rasterTmp/r_tmp_2017-03-12_013734_7431_64879.grd /mnt/rasterTmp/r_tmp_2017-03-12_013734_7431_64879.gri /mnt/rasterTmp/r_tmp_2017-03-12_013743_7431_64405.grd /mnt/rasterTmp/r_tmp_2017-03-12_013743_7431_64405.gri /mnt/rasterTmp/r_tmp_2017-03-12_013756_7431_21761.grd /mnt/rasterTmp/r_tmp_2017-03-12_013756_7431_21761.gri /mnt/rasterTmp/r_tmp_2017-03-12_013805_7431_88533.grd /mnt/rasterTmp/r_tmp_2017-03-12_013805_7431_88533.gri /mnt/rasterTmp/r_tmp_2017-03-12_013818_7431_77094.grd /mnt/rasterTmp/r_tmp_2017-03-12_013818_7431_77094.gri /mnt/rasterTmp/r_tmp_2017-03-12_013828_7431_62764.grd /mnt/rasterTmp/r_tmp_2017-03-12_013828_7431_62764.gri /mnt/rasterTmp/r_tmp_2017-03-12_013838_7431_70153.grd /mnt/rasterTmp/r_tmp_2017-03-12_013838_7431_70153.gri /mnt/rasterTmp/r_tmp_2017-03-12_013851_7431_63451.grd /mnt/rasterTmp/r_tmp_2017-03-12_013851_7431_63451.gri /mnt/rasterTmp/r_tmp_2017-03-12_013900_7431_90958.grd /mnt/rasterTmp/r_tmp_2017-03-12_013900_7431_90958.gri /mnt/rasterTmp/r_tmp_2017-03-12_013909_7431_65090.grd /mnt/rasterTmp/r_tmp_2017-03-12_013909_7431_65090.gri /mnt/rasterTmp/r_tmp_2017-03-12_013921_7431_32038.grd /mnt/rasterTmp/r_tmp_2017-03-12_013921_7431_32038.gri /mnt/rasterTmp/r_tmp_2017-03-12_013933_7431_08141.grd /mnt/rasterTmp/r_tmp_2017-03-12_013933_7431_08141.gri /mnt/rasterTmp/r_tmp_2017-03-12_013946_7431_65451.grd /mnt/rasterTmp/r_tmp_2017-03-12_013946_7431_65451.gri /mnt/rasterTmp/r_tmp_2017-03-12_013959_7431_89373.grd /mnt/rasterTmp/r_tmp_2017-03-12_013959_7431_89373.gri /mnt/rasterTmp/r_tmp_2017-03-12_014008_7431_91795.grd /mnt/rasterTmp/r_tmp_2017-03-12_014008_7431_91795.gri /mnt/rasterTmp/r_tmp_2017-03-12_014017_7431_78941.grd /mnt/rasterTmp/r_tmp_2017-03-12_014017_7431_78941.gri /mnt/rasterTmp/r_tmp_2017-03-12_014028_7431_45588.grd /mnt/rasterTmp/r_tmp_2017-03-12_014028_7431_45588.gri /mnt/rasterTmp/r_tmp_2017-03-12_014040_7431_95932.grd /mnt/rasterTmp/r_tmp_2017-03-12_014040_7431_95932.gri /mnt/rasterTmp/r_tmp_2017-03-12_014057_7431_66210.grd /mnt/rasterTmp/r_tmp_2017-03-12_014057_7431_66210.gri /mnt/rasterTmp/r_tmp_2017-03-12_014106_7431_04537.grd /mnt/rasterTmp/r_tmp_2017-03-12_014106_7431_04537.gri /mnt/rasterTmp/r_tmp_2017-03-12_020322_7431_33191.grd /mnt/rasterTmp/r_tmp_2017-03-12_020322_7431_33191.gri /mnt/rasterTmp/r_tmp_2017-03-12_020343_7431_03894.grd /mnt/rasterTmp/r_tmp_2017-03-12_020343_7431_03894.gri /mnt/rasterTmp/r_tmp_2017-03-12_020402_7431_60472.grd /mnt/rasterTmp/r_tmp_2017-03-12_020402_7431_60472.gri /mnt/rasterTmp/r_tmp_2017-03-12_020419_7431_97154.grd /mnt/rasterTmp/r_tmp_2017-03-12_020419_7431_97154.gri /mnt/rasterTmp/r_tmp_2017-03-12_020427_7431_55422.grd /mnt/rasterTmp/r_tmp_2017-03-12_020427_7431_55422.gri /mnt/rasterTmp/r_tmp_2017-03-12_020437_7431_95894.grd /mnt/rasterTmp/r_tmp_2017-03-12_020437_7431_95894.gri /mnt/rasterTmp/r_tmp_2017-03-12_020445_7431_29400.grd /mnt/rasterTmp/r_tmp_2017-03-12_020445_7431_29400.gri /mnt/rasterTmp/r_tmp_2017-03-12_020456_7431_37586.grd /mnt/rasterTmp/r_tmp_2017-03-12_020456_7431_37586.gri /mnt/rasterTmp/r_tmp_2017-03-12_020504_7431_65288.grd /mnt/rasterTmp/r_tmp_2017-03-12_020504_7431_65288.gri /mnt/rasterTmp/r_tmp_2017-03-12_020514_7431_11571.grd /mnt/rasterTmp/r_tmp_2017-03-12_020514_7431_11571.gri /mnt/rasterTmp/r_tmp_2017-03-12_020521_7431_87013.grd /mnt/rasterTmp/r_tmp_2017-03-12_020521_7431_87013.gri /mnt/rasterTmp/r_tmp_2017-03-12_020531_7431_63358.grd /mnt/rasterTmp/r_tmp_2017-03-12_020531_7431_63358.gri /mnt/rasterTmp/r_tmp_2017-03-12_020538_7431_59689.grd /mnt/rasterTmp/r_tmp_2017-03-12_020538_7431_59689.gri /mnt/rasterTmp/r_tmp_2017-03-12_020545_7431_29250.grd /mnt/rasterTmp/r_tmp_2017-03-12_020545_7431_29250.gri /mnt/rasterTmp/r_tmp_2017-03-12_020553_7431_63575.grd /mnt/rasterTmp/r_tmp_2017-03-12_020553_7431_63575.gri /mnt/rasterTmp/r_tmp_2017-03-12_020609_7431_84634.grd /mnt/rasterTmp/r_tmp_2017-03-12_020609_7431_84634.gri /mnt/rasterTmp/r_tmp_2017-03-12_020622_7431_69020.grd /mnt/rasterTmp/r_tmp_2017-03-12_020622_7431_69020.gri /mnt/rasterTmp/r_tmp_2017-03-12_020646_7431_51320.grd /mnt/rasterTmp/r_tmp_2017-03-12_020646_7431_51320.gri /mnt/rasterTmp/r_tmp_2017-03-12_020653_7431_14095.grd /mnt/rasterTmp/r_tmp_2017-03-12_020653_7431_14095.gri /mnt/rasterTmp/r_tmp_2017-03-12_020702_7431_59973.grd /mnt/rasterTmp/r_tmp_2017-03-12_020702_7431_59973.gri /mnt/rasterTmp/r_tmp_2017-03-12_020709_7431_44767.grd /mnt/rasterTmp/r_tmp_2017-03-12_020709_7431_44767.gri /mnt/rasterTmp/r_tmp_2017-03-12_020723_7431_80673.grd /mnt/rasterTmp/r_tmp_2017-03-12_020723_7431_80673.gri /mnt/rasterTmp/r_tmp_2017-03-12_020736_7431_58758.grd /mnt/rasterTmp/r_tmp_2017-03-12_020736_7431_58758.gri /mnt/rasterTmp/r_tmp_2017-03-12_020758_7431_62139.grd /mnt/rasterTmp/r_tmp_2017-03-12_020758_7431_62139.gri /mnt/rasterTmp/r_tmp_2017-03-12_020805_7431_83003.grd /mnt/rasterTmp/r_tmp_2017-03-12_020805_7431_83003.gri /mnt/rasterTmp/r_tmp_2017-03-12_020812_7431_20102.grd /mnt/rasterTmp/r_tmp_2017-03-12_020812_7431_20102.gri /mnt/rasterTmp/r_tmp_2017-03-12_020822_7431_75800.grd /mnt/rasterTmp/r_tmp_2017-03-12_020822_7431_75800.gri /mnt/rasterTmp/r_tmp_2017-03-12_020830_7431_14458.grd /mnt/rasterTmp/r_tmp_2017-03-12_020830_7431_14458.gri /mnt/rasterTmp/r_tmp_2017-03-12_020841_7431_26341.grd /mnt/rasterTmp/r_tmp_2017-03-12_020841_7431_26341.gri /mnt/rasterTmp/r_tmp_2017-03-12_020848_7431_70461.grd /mnt/rasterTmp/r_tmp_2017-03-12_020848_7431_70461.gri /mnt/rasterTmp/r_tmp_2017-03-12_020855_7431_02210.grd /mnt/rasterTmp/r_tmp_2017-03-12_020855_7431_02210.gri /mnt/rasterTmp/r_tmp_2017-03-12_020903_7431_32844.grd /mnt/rasterTmp/r_tmp_2017-03-12_020903_7431_32844.gri /mnt/rasterTmp/r_tmp_2017-03-12_020915_7431_61950.grd /mnt/rasterTmp/r_tmp_2017-03-12_020915_7431_61950.gri /mnt/rasterTmp/r_tmp_2017-03-12_020924_7431_63818.grd /mnt/rasterTmp/r_tmp_2017-03-12_020924_7431_63818.gri /mnt/rasterTmp/r_tmp_2017-03-12_020935_7431_92621.grd /mnt/rasterTmp/r_tmp_2017-03-12_020935_7431_92621.gri /mnt/rasterTmp/r_tmp_2017-03-12_020942_7431_91031.grd /mnt/rasterTmp/r_tmp_2017-03-12_020942_7431_91031.gri /mnt/rasterTmp/r_tmp_2017-03-12_020953_7431_11127.grd /mnt/rasterTmp/r_tmp_2017-03-12_020953_7431_11127.gri /mnt/rasterTmp/r_tmp_2017-03-12_021000_7431_80783.grd /mnt/rasterTmp/r_tmp_2017-03-12_021000_7431_80783.gri /mnt/rasterTmp/r_tmp_2017-03-12_021007_7431_44717.grd /mnt/rasterTmp/r_tmp_2017-03-12_021007_7431_44717.gri /mnt/rasterTmp/r_tmp_2017-03-12_021014_7431_84896.grd /mnt/rasterTmp/r_tmp_2017-03-12_021014_7431_84896.gri /mnt/rasterTmp/r_tmp_2017-03-12_021021_7431_38973.grd /mnt/rasterTmp/r_tmp_2017-03-12_021021_7431_38973.gri /mnt/rasterTmp/r_tmp_2017-03-12_021033_7431_02701.grd /mnt/rasterTmp/r_tmp_2017-03-12_021033_7431_02701.gri /mnt/rasterTmp/r_tmp_2017-03-12_021042_7431_33092.grd /mnt/rasterTmp/r_tmp_2017-03-12_021042_7431_33092.gri /mnt/rasterTmp/r_tmp_2017-03-12_021052_7431_21591.grd /mnt/rasterTmp/r_tmp_2017-03-12_021052_7431_21591.gri /mnt/rasterTmp/r_tmp_2017-03-12_021101_7431_72152.grd /mnt/rasterTmp/r_tmp_2017-03-12_021101_7431_72152.gri /mnt/rasterTmp/r_tmp_2017-03-12_021108_7431_35779.grd /mnt/rasterTmp/r_tmp_2017-03-12_021108_7431_35779.gri /mnt/rasterTmp/r_tmp_2017-03-12_021118_7431_70690.grd /mnt/rasterTmp/r_tmp_2017-03-12_021118_7431_70690.gri /mnt/rasterTmp/r_tmp_2017-03-12_021127_7431_98833.grd /mnt/rasterTmp/r_tmp_2017-03-12_021127_7431_98833.gri /mnt/rasterTmp/r_tmp_2017-03-12_021142_7431_99991.grd /mnt/rasterTmp/r_tmp_2017-03-12_021142_7431_99991.gri /mnt/rasterTmp/r_tmp_2017-03-12_021149_7431_06232.grd /mnt/rasterTmp/r_tmp_2017-03-12_021149_7431_06232.gri /mnt/rasterTmp/r_tmp_2017-03-12_021156_7431_25484.grd /mnt/rasterTmp/r_tmp_2017-03-12_021156_7431_25484.gri /mnt/rasterTmp/r_tmp_2017-03-12_021203_7431_24908.grd /mnt/rasterTmp/r_tmp_2017-03-12_021203_7431_24908.gri /mnt/rasterTmp/r_tmp_2017-03-12_021211_7431_40001.grd /mnt/rasterTmp/r_tmp_2017-03-12_021211_7431_40001.gri /mnt/rasterTmp/r_tmp_2017-03-12_021220_7431_94631.grd /mnt/rasterTmp/r_tmp_2017-03-12_021220_7431_94631.gri /mnt/rasterTmp/r_tmp_2017-03-12_021232_7431_89922.grd /mnt/rasterTmp/r_tmp_2017-03-12_021232_7431_89922.gri /mnt/rasterTmp/r_tmp_2017-03-12_021240_7431_00747.grd /mnt/rasterTmp/r_tmp_2017-03-12_021240_7431_00747.gri /mnt/rasterTmp/r_tmp_2017-03-12_021249_7431_81458.grd /mnt/rasterTmp/r_tmp_2017-03-12_021249_7431_81458.gri /mnt/rasterTmp/r_tmp_2017-03-12_021300_7431_14204.grd /mnt/rasterTmp/r_tmp_2017-03-12_021300_7431_14204.gri /mnt/rasterTmp/r_tmp_2017-03-12_021311_7431_28265.grd /mnt/rasterTmp/r_tmp_2017-03-12_021311_7431_28265.gri /mnt/rasterTmp/r_tmp_2017-03-12_021339_7431_22225.grd /mnt/rasterTmp/r_tmp_2017-03-12_021339_7431_22225.gri /mnt/rasterTmp/r_tmp_2017-03-12_021356_7431_43400.grd /mnt/rasterTmp/r_tmp_2017-03-12_021356_7431_43400.gri /mnt/rasterTmp/r_tmp_2017-03-12_021403_7431_23114.grd /mnt/rasterTmp/r_tmp_2017-03-12_021403_7431_23114.gri /mnt/rasterTmp/r_tmp_2017-03-12_021420_7431_08344.grd /mnt/rasterTmp/r_tmp_2017-03-12_021420_7431_08344.gri /mnt/rasterTmp/r_tmp_2017-03-12_021438_7431_94744.grd /mnt/rasterTmp/r_tmp_2017-03-12_021438_7431_94744.gri /mnt/rasterTmp/r_tmp_2017-03-12_032845_7431_23325.grd /mnt/rasterTmp/r_tmp_2017-03-12_032845_7431_23325.gri /mnt/rasterTmp/r_tmp_2017-03-12_033047_7431_76116.grd /mnt/rasterTmp/r_tmp_2017-03-12_033047_7431_76116.gri /mnt/rasterTmp/r_tmp_2017-03-12_033115_7431_24705.grd /mnt/rasterTmp/r_tmp_2017-03-12_033115_7431_24705.gri
+ count=300
+ '[' 300 '!=' 0 ']'
+ sudo rm -r /mnt/rasterTmp/r_tmp_2017-03-12_005927_7431_71197.grd /mnt/rasterTmp/r_tmp_2017-03-12_005927_7431_71197.gri /mnt/rasterTmp/r_tmp_2017-03-12_010223_7431_45375.grd /mnt/rasterTmp/r_tmp_2017-03-12_010223_7431_45375.gri /mnt/rasterTmp/r_tmp_2017-03-12_010317_7431_20732.grd /mnt/rasterTmp/r_tmp_2017-03-12_010317_7431_20732.gri /mnt/rasterTmp/r_tmp_2017-03-12_010348_7431_23118.grd /mnt/rasterTmp/r_tmp_2017-03-12_010348_7431_23118.gri /mnt/rasterTmp/r_tmp_2017-03-12_012414_7431_34745.grd /mnt/rasterTmp/r_tmp_2017-03-12_012414_7431_34745.gri /mnt/rasterTmp/r_tmp_2017-03-12_012715_7431_36738.grd /mnt/rasterTmp/r_tmp_2017-03-12_012715_7431_36738.gri /mnt/rasterTmp/r_tmp_2017-03-12_012728_7431_26072.grd /mnt/rasterTmp/r_tmp_2017-03-12_012728_7431_26072.gri /mnt/rasterTmp/r_tmp_2017-03-12_012740_7431_75964.grd /mnt/rasterTmp/r_tmp_2017-03-12_012740_7431_75964.gri /mnt/rasterTmp/r_tmp_2017-03-12_012752_7431_58639.grd /mnt/rasterTmp/r_tmp_2017-03-12_012752_7431_58639.gri /mnt/rasterTmp/r_tmp_2017-03-12_012802_7431_36691.grd /mnt/rasterTmp/r_tmp_2017-03-12_012802_7431_36691.gri /mnt/rasterTmp/r_tmp_2017-03-12_012821_7431_34959.grd /mnt/rasterTmp/r_tmp_2017-03-12_012821_7431_34959.gri /mnt/rasterTmp/r_tmp_2017-03-12_012830_7431_54027.grd /mnt/rasterTmp/r_tmp_2017-03-12_012830_7431_54027.gri /mnt/rasterTmp/r_tmp_2017-03-12_012840_7431_93961.grd /mnt/rasterTmp/r_tmp_2017-03-12_012840_7431_93961.gri /mnt/rasterTmp/r_tmp_2017-03-12_012849_7431_18330.grd /mnt/rasterTmp/r_tmp_2017-03-12_012849_7431_18330.gri /mnt/rasterTmp/r_tmp_2017-03-12_012907_7431_91078.grd /mnt/rasterTmp/r_tmp_2017-03-12_012907_7431_91078.gri /mnt/rasterTmp/r_tmp_2017-03-12_012916_7431_03255.grd /mnt/rasterTmp/r_tmp_2017-03-12_012916_7431_03255.gri /mnt/rasterTmp/r_tmp_2017-03-12_012927_7431_20662.grd /mnt/rasterTmp/r_tmp_2017-03-12_012927_7431_20662.gri /mnt/rasterTmp/r_tmp_2017-03-12_012936_7431_74498.grd /mnt/rasterTmp/r_tmp_2017-03-12_012936_7431_74498.gri /mnt/rasterTmp/r_tmp_2017-03-12_012955_7431_88309.grd /mnt/rasterTmp/r_tmp_2017-03-12_012955_7431_88309.gri /mnt/rasterTmp/r_tmp_2017-03-12_013004_7431_10671.grd /mnt/rasterTmp/r_tmp_2017-03-12_013004_7431_10671.gri /mnt/rasterTmp/r_tmp_2017-03-12_013014_7431_25476.grd /mnt/rasterTmp/r_tmp_2017-03-12_013014_7431_25476.gri /mnt/rasterTmp/r_tmp_2017-03-12_013022_7431_07857.grd /mnt/rasterTmp/r_tmp_2017-03-12_013022_7431_07857.gri /mnt/rasterTmp/r_tmp_2017-03-12_013040_7431_34623.grd /mnt/rasterTmp/r_tmp_2017-03-12_013040_7431_34623.gri /mnt/rasterTmp/r_tmp_2017-03-12_013049_7431_20254.grd /mnt/rasterTmp/r_tmp_2017-03-12_013049_7431_20254.gri /mnt/rasterTmp/r_tmp_2017-03-12_013059_7431_59461.grd /mnt/rasterTmp/r_tmp_2017-03-12_013059_7431_59461.gri /mnt/rasterTmp/r_tmp_2017-03-12_013107_7431_30983.grd /mnt/rasterTmp/r_tmp_2017-03-12_013107_7431_30983.gri /mnt/rasterTmp/r_tmp_2017-03-12_013125_7431_76365.grd /mnt/rasterTmp/r_tmp_2017-03-12_013125_7431_76365.gri /mnt/rasterTmp/r_tmp_2017-03-12_013133_7431_56132.grd /mnt/rasterTmp/r_tmp_2017-03-12_013133_7431_56132.gri /mnt/rasterTmp/r_tmp_2017-03-12_013143_7431_70848.grd /mnt/rasterTmp/r_tmp_2017-03-12_013143_7431_70848.gri /mnt/rasterTmp/r_tmp_2017-03-12_013152_7431_77829.grd /mnt/rasterTmp/r_tmp_2017-03-12_013152_7431_77829.gri /mnt/rasterTmp/r_tmp_2017-03-12_013209_7431_73087.grd /mnt/rasterTmp/r_tmp_2017-03-12_013209_7431_73087.gri /mnt/rasterTmp/r_tmp_2017-03-12_013216_7431_33444.grd /mnt/rasterTmp/r_tmp_2017-03-12_013216_7431_33444.gri /mnt/rasterTmp/r_tmp_2017-03-12_013228_7431_88146.grd /mnt/rasterTmp/r_tmp_2017-03-12_013228_7431_88146.gri /mnt/rasterTmp/r_tmp_2017-03-12_013237_7431_15184.grd /mnt/rasterTmp/r_tmp_2017-03-12_013237_7431_15184.gri /mnt/rasterTmp/r_tmp_2017-03-12_013256_7431_97417.grd /mnt/rasterTmp/r_tmp_2017-03-12_013256_7431_97417.gri /mnt/rasterTmp/r_tmp_2017-03-12_013305_7431_34741.grd /mnt/rasterTmp/r_tmp_2017-03-12_013305_7431_34741.gri /mnt/rasterTmp/r_tmp_2017-03-12_013314_7431_80437.grd /mnt/rasterTmp/r_tmp_2017-03-12_013314_7431_80437.gri /mnt/rasterTmp/r_tmp_2017-03-12_013323_7431_05026.grd /mnt/rasterTmp/r_tmp_2017-03-12_013323_7431_05026.gri /mnt/rasterTmp/r_tmp_2017-03-12_013333_7431_12266.grd /mnt/rasterTmp/r_tmp_2017-03-12_013333_7431_12266.gri /mnt/rasterTmp/r_tmp_2017-03-12_013342_7431_65071.grd /mnt/rasterTmp/r_tmp_2017-03-12_013342_7431_65071.gri /mnt/rasterTmp/r_tmp_2017-03-12_013351_7431_98853.grd /mnt/rasterTmp/r_tmp_2017-03-12_013351_7431_98853.gri /mnt/rasterTmp/r_tmp_2017-03-12_013401_7431_70913.grd /mnt/rasterTmp/r_tmp_2017-03-12_013401_7431_70913.gri /mnt/rasterTmp/r_tmp_2017-03-12_013410_7431_25250.grd /mnt/rasterTmp/r_tmp_2017-03-12_013410_7431_25250.gri /mnt/rasterTmp/r_tmp_2017-03-12_013420_7431_28330.grd /mnt/rasterTmp/r_tmp_2017-03-12_013420_7431_28330.gri /mnt/rasterTmp/r_tmp_2017-03-12_013429_7431_65714.grd /mnt/rasterTmp/r_tmp_2017-03-12_013429_7431_65714.gri /mnt/rasterTmp/r_tmp_2017-03-12_013438_7431_79249.grd /mnt/rasterTmp/r_tmp_2017-03-12_013438_7431_79249.gri /mnt/rasterTmp/r_tmp_2017-03-12_013447_7431_67950.grd /mnt/rasterTmp/r_tmp_2017-03-12_013447_7431_67950.gri /mnt/rasterTmp/r_tmp_2017-03-12_013456_7431_71395.grd /mnt/rasterTmp/r_tmp_2017-03-12_013456_7431_71395.gri /mnt/rasterTmp/r_tmp_2017-03-12_013506_7431_80437.grd /mnt/rasterTmp/r_tmp_2017-03-12_013506_7431_80437.gri /mnt/rasterTmp/r_tmp_2017-03-12_013515_7431_12935.grd /mnt/rasterTmp/r_tmp_2017-03-12_013515_7431_12935.gri /mnt/rasterTmp/r_tmp_2017-03-12_013524_7431_56280.grd /mnt/rasterTmp/r_tmp_2017-03-12_013524_7431_56280.gri /mnt/rasterTmp/r_tmp_2017-03-12_013533_7431_30129.grd /mnt/rasterTmp/r_tmp_2017-03-12_013533_7431_30129.gri /mnt/rasterTmp/r_tmp_2017-03-12_013542_7431_59913.grd /mnt/rasterTmp/r_tmp_2017-03-12_013542_7431_59913.gri /mnt/rasterTmp/r_tmp_2017-03-12_013554_7431_18070.grd /mnt/rasterTmp/r_tmp_2017-03-12_013554_7431_18070.gri /mnt/rasterTmp/r_tmp_2017-03-12_013603_7431_09654.grd /mnt/rasterTmp/r_tmp_2017-03-12_013603_7431_09654.gri /mnt/rasterTmp/r_tmp_2017-03-12_013612_7431_58987.grd /mnt/rasterTmp/r_tmp_2017-03-12_013612_7431_58987.gri /mnt/rasterTmp/r_tmp_2017-03-12_013621_7431_67678.grd /mnt/rasterTmp/r_tmp_2017-03-12_013621_7431_67678.gri /mnt/rasterTmp/r_tmp_2017-03-12_013630_7431_88975.grd /mnt/rasterTmp/r_tmp_2017-03-12_013630_7431_88975.gri /mnt/rasterTmp/r_tmp_2017-03-12_013639_7431_34081.grd /mnt/rasterTmp/r_tmp_2017-03-12_013639_7431_34081.gri /mnt/rasterTmp/r_tmp_2017-03-12_013652_7431_88829.grd /mnt/rasterTmp/r_tmp_2017-03-12_013652_7431_88829.gri /mnt/rasterTmp/r_tmp_2017-03-12_013701_7431_73524.grd /mnt/rasterTmp/r_tmp_2017-03-12_013701_7431_73524.gri /mnt/rasterTmp/r_tmp_2017-03-12_013713_7431_80732.grd /mnt/rasterTmp/r_tmp_2017-03-12_013713_7431_80732.gri /mnt/rasterTmp/r_tmp_2017-03-12_013722_7431_20840.grd /mnt/rasterTmp/r_tmp_2017-03-12_013722_7431_20840.gri /mnt/rasterTmp/r_tmp_2017-03-12_013734_7431_64879.grd /mnt/rasterTmp/r_tmp_2017-03-12_013734_7431_64879.gri /mnt/rasterTmp/r_tmp_2017-03-12_013743_7431_64405.grd /mnt/rasterTmp/r_tmp_2017-03-12_013743_7431_64405.gri /mnt/rasterTmp/r_tmp_2017-03-12_013756_7431_21761.grd /mnt/rasterTmp/r_tmp_2017-03-12_013756_7431_21761.gri /mnt/rasterTmp/r_tmp_2017-03-12_013805_7431_88533.grd /mnt/rasterTmp/r_tmp_2017-03-12_013805_7431_88533.gri /mnt/rasterTmp/r_tmp_2017-03-12_013818_7431_77094.grd /mnt/rasterTmp/r_tmp_2017-03-12_013818_7431_77094.gri /mnt/rasterTmp/r_tmp_2017-03-12_013828_7431_62764.grd /mnt/rasterTmp/r_tmp_2017-03-12_013828_7431_62764.gri /mnt/rasterTmp/r_tmp_2017-03-12_013838_7431_70153.grd /mnt/rasterTmp/r_tmp_2017-03-12_013838_7431_70153.gri /mnt/rasterTmp/r_tmp_2017-03-12_013851_7431_63451.grd /mnt/rasterTmp/r_tmp_2017-03-12_013851_7431_63451.gri /mnt/rasterTmp/r_tmp_2017-03-12_013900_7431_90958.grd /mnt/rasterTmp/r_tmp_2017-03-12_013900_7431_90958.gri /mnt/rasterTmp/r_tmp_2017-03-12_013909_7431_65090.grd /mnt/rasterTmp/r_tmp_2017-03-12_013909_7431_65090.gri /mnt/rasterTmp/r_tmp_2017-03-12_013921_7431_32038.grd /mnt/rasterTmp/r_tmp_2017-03-12_013921_7431_32038.gri /mnt/rasterTmp/r_tmp_2017-03-12_013933_7431_08141.grd /mnt/rasterTmp/r_tmp_2017-03-12_013933_7431_08141.gri /mnt/rasterTmp/r_tmp_2017-03-12_013946_7431_65451.grd /mnt/rasterTmp/r_tmp_2017-03-12_013946_7431_65451.gri /mnt/rasterTmp/r_tmp_2017-03-12_013959_7431_89373.grd /mnt/rasterTmp/r_tmp_2017-03-12_013959_7431_89373.gri /mnt/rasterTmp/r_tmp_2017-03-12_014008_7431_91795.grd /mnt/rasterTmp/r_tmp_2017-03-12_014008_7431_91795.gri /mnt/rasterTmp/r_tmp_2017-03-12_014017_7431_78941.grd /mnt/rasterTmp/r_tmp_2017-03-12_014017_7431_78941.gri /mnt/rasterTmp/r_tmp_2017-03-12_014028_7431_45588.grd /mnt/rasterTmp/r_tmp_2017-03-12_014028_7431_45588.gri /mnt/rasterTmp/r_tmp_2017-03-12_014040_7431_95932.grd /mnt/rasterTmp/r_tmp_2017-03-12_014040_7431_95932.gri /mnt/rasterTmp/r_tmp_2017-03-12_014057_7431_66210.grd /mnt/rasterTmp/r_tmp_2017-03-12_014057_7431_66210.gri /mnt/rasterTmp/r_tmp_2017-03-12_014106_7431_04537.grd /mnt/rasterTmp/r_tmp_2017-03-12_014106_7431_04537.gri /mnt/rasterTmp/r_tmp_2017-03-12_020322_7431_33191.grd /mnt/rasterTmp/r_tmp_2017-03-12_020322_7431_33191.gri /mnt/rasterTmp/r_tmp_2017-03-12_020343_7431_03894.grd /mnt/rasterTmp/r_tmp_2017-03-12_020343_7431_03894.gri /mnt/rasterTmp/r_tmp_2017-03-12_020402_7431_60472.grd /mnt/rasterTmp/r_tmp_2017-03-12_020402_7431_60472.gri /mnt/rasterTmp/r_tmp_2017-03-12_020419_7431_97154.grd /mnt/rasterTmp/r_tmp_2017-03-12_020419_7431_97154.gri /mnt/rasterTmp/r_tmp_2017-03-12_020427_7431_55422.grd /mnt/rasterTmp/r_tmp_2017-03-12_020427_7431_55422.gri /mnt/rasterTmp/r_tmp_2017-03-12_020437_7431_95894.grd /mnt/rasterTmp/r_tmp_2017-03-12_020437_7431_95894.gri /mnt/rasterTmp/r_tmp_2017-03-12_020445_7431_29400.grd /mnt/rasterTmp/r_tmp_2017-03-12_020445_7431_29400.gri /mnt/rasterTmp/r_tmp_2017-03-12_020456_7431_37586.grd /mnt/rasterTmp/r_tmp_2017-03-12_020456_7431_37586.gri /mnt/rasterTmp/r_tmp_2017-03-12_020504_7431_65288.grd /mnt/rasterTmp/r_tmp_2017-03-12_020504_7431_65288.gri /mnt/rasterTmp/r_tmp_2017-03-12_020514_7431_11571.grd /mnt/rasterTmp/r_tmp_2017-03-12_020514_7431_11571.gri /mnt/rasterTmp/r_tmp_2017-03-12_020521_7431_87013.grd /mnt/rasterTmp/r_tmp_2017-03-12_020521_7431_87013.gri /mnt/rasterTmp/r_tmp_2017-03-12_020531_7431_63358.grd /mnt/rasterTmp/r_tmp_2017-03-12_020531_7431_63358.gri /mnt/rasterTmp/r_tmp_2017-03-12_020538_7431_59689.grd /mnt/rasterTmp/r_tmp_2017-03-12_020538_7431_59689.gri /mnt/rasterTmp/r_tmp_2017-03-12_020545_7431_29250.grd /mnt/rasterTmp/r_tmp_2017-03-12_020545_7431_29250.gri /mnt/rasterTmp/r_tmp_2017-03-12_020553_7431_63575.grd /mnt/rasterTmp/r_tmp_2017-03-12_020553_7431_63575.gri /mnt/rasterTmp/r_tmp_2017-03-12_020609_7431_84634.grd /mnt/rasterTmp/r_tmp_2017-03-12_020609_7431_84634.gri /mnt/rasterTmp/r_tmp_2017-03-12_020622_7431_69020.grd /mnt/rasterTmp/r_tmp_2017-03-12_020622_7431_69020.gri /mnt/rasterTmp/r_tmp_2017-03-12_020646_7431_51320.grd /mnt/rasterTmp/r_tmp_2017-03-12_020646_7431_51320.gri /mnt/rasterTmp/r_tmp_2017-03-12_020653_7431_14095.grd /mnt/rasterTmp/r_tmp_2017-03-12_020653_7431_14095.gri /mnt/rasterTmp/r_tmp_2017-03-12_020702_7431_59973.grd /mnt/rasterTmp/r_tmp_2017-03-12_020702_7431_59973.gri /mnt/rasterTmp/r_tmp_2017-03-12_020709_7431_44767.grd /mnt/rasterTmp/r_tmp_2017-03-12_020709_7431_44767.gri /mnt/rasterTmp/r_tmp_2017-03-12_020723_7431_80673.grd /mnt/rasterTmp/r_tmp_2017-03-12_020723_7431_80673.gri /mnt/rasterTmp/r_tmp_2017-03-12_020736_7431_58758.grd /mnt/rasterTmp/r_tmp_2017-03-12_020736_7431_58758.gri /mnt/rasterTmp/r_tmp_2017-03-12_020758_7431_62139.grd /mnt/rasterTmp/r_tmp_2017-03-12_020758_7431_62139.gri /mnt/rasterTmp/r_tmp_2017-03-12_020805_7431_83003.grd /mnt/rasterTmp/r_tmp_2017-03-12_020805_7431_83003.gri /mnt/rasterTmp/r_tmp_2017-03-12_020812_7431_20102.grd /mnt/rasterTmp/r_tmp_2017-03-12_020812_7431_20102.gri /mnt/rasterTmp/r_tmp_2017-03-12_020822_7431_75800.grd /mnt/rasterTmp/r_tmp_2017-03-12_020822_7431_75800.gri /mnt/rasterTmp/r_tmp_2017-03-12_020830_7431_14458.grd /mnt/rasterTmp/r_tmp_2017-03-12_020830_7431_14458.gri /mnt/rasterTmp/r_tmp_2017-03-12_020841_7431_26341.grd /mnt/rasterTmp/r_tmp_2017-03-12_020841_7431_26341.gri /mnt/rasterTmp/r_tmp_2017-03-12_020848_7431_70461.grd /mnt/rasterTmp/r_tmp_2017-03-12_020848_7431_70461.gri /mnt/rasterTmp/r_tmp_2017-03-12_020855_7431_02210.grd /mnt/rasterTmp/r_tmp_2017-03-12_020855_7431_02210.gri /mnt/rasterTmp/r_tmp_2017-03-12_020903_7431_32844.grd /mnt/rasterTmp/r_tmp_2017-03-12_020903_7431_32844.gri /mnt/rasterTmp/r_tmp_2017-03-12_020915_7431_61950.grd /mnt/rasterTmp/r_tmp_2017-03-12_020915_7431_61950.gri /mnt/rasterTmp/r_tmp_2017-03-12_020924_7431_63818.grd /mnt/rasterTmp/r_tmp_2017-03-12_020924_7431_63818.gri /mnt/rasterTmp/r_tmp_2017-03-12_020935_7431_92621.grd /mnt/rasterTmp/r_tmp_2017-03-12_020935_7431_92621.gri /mnt/rasterTmp/r_tmp_2017-03-12_020942_7431_91031.grd /mnt/rasterTmp/r_tmp_2017-03-12_020942_7431_91031.gri /mnt/rasterTmp/r_tmp_2017-03-12_020953_7431_11127.grd /mnt/rasterTmp/r_tmp_2017-03-12_020953_7431_11127.gri /mnt/rasterTmp/r_tmp_2017-03-12_021000_7431_80783.grd /mnt/rasterTmp/r_tmp_2017-03-12_021000_7431_80783.gri /mnt/rasterTmp/r_tmp_2017-03-12_021007_7431_44717.grd /mnt/rasterTmp/r_tmp_2017-03-12_021007_7431_44717.gri /mnt/rasterTmp/r_tmp_2017-03-12_021014_7431_84896.grd /mnt/rasterTmp/r_tmp_2017-03-12_021014_7431_84896.gri /mnt/rasterTmp/r_tmp_2017-03-12_021021_7431_38973.grd /mnt/rasterTmp/r_tmp_2017-03-12_021021_7431_38973.gri /mnt/rasterTmp/r_tmp_2017-03-12_021033_7431_02701.grd /mnt/rasterTmp/r_tmp_2017-03-12_021033_7431_02701.gri /mnt/rasterTmp/r_tmp_2017-03-12_021042_7431_33092.grd /mnt/rasterTmp/r_tmp_2017-03-12_021042_7431_33092.gri /mnt/rasterTmp/r_tmp_2017-03-12_021052_7431_21591.grd /mnt/rasterTmp/r_tmp_2017-03-12_021052_7431_21591.gri /mnt/rasterTmp/r_tmp_2017-03-12_021101_7431_72152.grd /mnt/rasterTmp/r_tmp_2017-03-12_021101_7431_72152.gri /mnt/rasterTmp/r_tmp_2017-03-12_021108_7431_35779.grd /mnt/rasterTmp/r_tmp_2017-03-12_021108_7431_35779.gri /mnt/rasterTmp/r_tmp_2017-03-12_021118_7431_70690.grd /mnt/rasterTmp/r_tmp_2017-03-12_021118_7431_70690.gri /mnt/rasterTmp/r_tmp_2017-03-12_021127_7431_98833.grd /mnt/rasterTmp/r_tmp_2017-03-12_021127_7431_98833.gri /mnt/rasterTmp/r_tmp_2017-03-12_021142_7431_99991.grd /mnt/rasterTmp/r_tmp_2017-03-12_021142_7431_99991.gri /mnt/rasterTmp/r_tmp_2017-03-12_021149_7431_06232.grd /mnt/rasterTmp/r_tmp_2017-03-12_021149_7431_06232.gri /mnt/rasterTmp/r_tmp_2017-03-12_021156_7431_25484.grd /mnt/rasterTmp/r_tmp_2017-03-12_021156_7431_25484.gri /mnt/rasterTmp/r_tmp_2017-03-12_021203_7431_24908.grd /mnt/rasterTmp/r_tmp_2017-03-12_021203_7431_24908.gri /mnt/rasterTmp/r_tmp_2017-03-12_021211_7431_40001.grd /mnt/rasterTmp/r_tmp_2017-03-12_021211_7431_40001.gri /mnt/rasterTmp/r_tmp_2017-03-12_021220_7431_94631.grd /mnt/rasterTmp/r_tmp_2017-03-12_021220_7431_94631.gri /mnt/rasterTmp/r_tmp_2017-03-12_021232_7431_89922.grd /mnt/rasterTmp/r_tmp_2017-03-12_021232_7431_89922.gri /mnt/rasterTmp/r_tmp_2017-03-12_021240_7431_00747.grd /mnt/rasterTmp/r_tmp_2017-03-12_021240_7431_00747.gri /mnt/rasterTmp/r_tmp_2017-03-12_021249_7431_81458.grd /mnt/rasterTmp/r_tmp_2017-03-12_021249_7431_81458.gri /mnt/rasterTmp/r_tmp_2017-03-12_021300_7431_14204.grd /mnt/rasterTmp/r_tmp_2017-03-12_021300_7431_14204.gri /mnt/rasterTmp/r_tmp_2017-03-12_021311_7431_28265.grd /mnt/rasterTmp/r_tmp_2017-03-12_021311_7431_28265.gri /mnt/rasterTmp/r_tmp_2017-03-12_021339_7431_22225.grd /mnt/rasterTmp/r_tmp_2017-03-12_021339_7431_22225.gri /mnt/rasterTmp/r_tmp_2017-03-12_021356_7431_43400.grd /mnt/rasterTmp/r_tmp_2017-03-12_021356_7431_43400.gri /mnt/rasterTmp/r_tmp_2017-03-12_021403_7431_23114.grd /mnt/rasterTmp/r_tmp_2017-03-12_021403_7431_23114.gri /mnt/rasterTmp/r_tmp_2017-03-12_021420_7431_08344.grd /mnt/rasterTmp/r_tmp_2017-03-12_021420_7431_08344.gri /mnt/rasterTmp/r_tmp_2017-03-12_021438_7431_94744.grd /mnt/rasterTmp/r_tmp_2017-03-12_021438_7431_94744.gri /mnt/rasterTmp/r_tmp_2017-03-12_032845_7431_23325.grd /mnt/rasterTmp/r_tmp_2017-03-12_032845_7431_23325.gri /mnt/rasterTmp/r_tmp_2017-03-12_033047_7431_76116.grd /mnt/rasterTmp/r_tmp_2017-03-12_033047_7431_76116.gri /mnt/rasterTmp/r_tmp_2017-03-12_033115_7431_24705.grd /mnt/rasterTmp/r_tmp_2017-03-12_033115_7431_24705.gri
sudo: unable to resolve host fogbow39666
+ echo 'Starting CPU and Memory collect...'
+ sudo bash /tmp/sandbox/ed0953af-c74e-49ed-b210-504671206444/SEBAL/scripts/collect-cpu-usage.sh
+ sudo tee /nfs/results//LT52170641986204CUB00/LT52170641986204CUB00_cpu_usage.txt
+ checkProcessOutput
+ PROCESS_OUTPUT=0
+ '[' 0 -ne 0 ']'
+ executeRScript
+ sudo bash /tmp/sandbox/ed0953af-c74e-49ed-b210-504671206444/SEBAL/scripts/collect-memory-usage.sh
+ sudo tee /nfs/results//LT52170641986204CUB00/LT52170641986204CUB00_mem_usage.txt
++ seq 2
SEBAL/bin/run.sh: line 95: /dev/nul: Permission denied
+ for i in '`seq $MAX_TRIES`'
+ sudo bash /tmp/sandbox/ed0953af-c74e-49ed-b210-504671206444/SEBAL/scripts/executeRScript.sh /tmp/sandbox/ed0953af-c74e-49ed-b210-504671206444/SEBAL/workspace/R/AlgoritmoFinal-f1-v02122016.R /tmp/sandbox/ed0953af-c74e-49ed-b210-504671206444/SEBAL/workspace/R /mnt
sudo: unable to resolve host fogbow39666
sudo: unable to resolve host fogbow39666
sudo: unable to resolve host fogbow39666
sudo: unable to resolve host fogbow39666
During startup - Warning messages:
1: Setting LC_TIME failed, using "C" 
2: Setting LC_MONETARY failed, using "C" 
3: Setting LC_PAPER failed, using "C" 
4: Setting LC_MEASUREMENT failed, using "C" 
Installing package into ‘/usr/local/lib/R/site-library’
(as ‘lib’ is unspecified)
trying URL 'http://nbcgib.uesc.br/mirrors/cran/src/contrib/snow_0.4-2.tar.gz'
Content type 'application/x-gzip' length 22397 bytes (21 Kb)
opened URL
==================================================
downloaded 21 Kb

During startup - Warning messages:
1: Setting LC_TIME failed, using "C" 
2: Setting LC_MONETARY failed, using "C" 
3: Setting LC_PAPER failed, using "C" 
4: Setting LC_MEASUREMENT failed, using "C" 
* installing *source* package ‘snow’ ...
** package ‘snow’ successfully unpacked and MD5 sums checked
** R
** inst
** preparing package for lazy loading
** help
*** installing help indices
** building package indices
** testing if installed package can be loaded
* DONE (snow)
Installing package into ‘/usr/local/lib/R/site-library’
(as ‘lib’ is unspecified)
trying URL 'http://nbcgib.uesc.br/mirrors/cran/src/contrib/R.utils_2.5.0.tar.gz'
Content type 'application/x-gzip' length 389402 bytes (380 Kb)
opened URL
==================================================
downloaded 380 Kb

During startup - Warning messages:
1: Setting LC_TIME failed, using "C" 
2: Setting LC_MONETARY failed, using "C" 
3: Setting LC_PAPER failed, using "C" 
4: Setting LC_MEASUREMENT failed, using "C" 
* installing *source* package ‘R.utils’ ...
** package ‘R.utils’ successfully unpacked and MD5 sums checked
** R
** inst
** preparing package for lazy loading
Warning in setGenericS3.default(name, export = exportGeneric, envir = envir,  :
  Renamed the preexisting function warnings to warnings.default, which was defined in environment base.
** help
*** installing help indices
** building package indices
** testing if installed package can be loaded
* DONE (R.utils)
Loading required package: R.oo
Loading required package: R.methodsS3
R.methodsS3 v1.7.1 (2016-02-15) successfully loaded. See ?R.methodsS3 for help.
R.oo v1.21.0 (2016-10-30) successfully loaded. See ?R.oo for help.

Attaching package: ‘R.oo’

The following objects are masked from ‘package:base’:

    attach, detach, gc, load, save

R.utils v2.5.0 (2016-11-07) successfully loaded. See ?R.utils for help.

Attaching package: ‘R.utils’

The following object is masked from ‘package:utils’:

    timestamp

The following objects are masked from ‘package:base’:

    cat, commandArgs, getOption, inherits, isOpen, parse, warnings

Loading required package: methods

Attaching package: ‘methods’

The following objects are masked from ‘package:R.oo’:

    getClasses, getMethods

Loading required package: sp

Attaching package: ‘raster’

The following objects are masked from ‘package:R.utils’:

    extract, resample

The following objects are masked from ‘package:R.oo’:

    extend, trim

rgdal: version: 1.1-10, (SVN revision 622)
 Geospatial Data Abstraction Library extensions to R successfully loaded
 Loaded GDAL runtime: GDAL 1.10.1, released 2013/08/26
 Path to GDAL shared files: /usr/share/gdal/1.10
 Loaded PROJ.4 runtime: Rel. 4.8.0, 6 March 2012, [PJ_VERSION: 480]
 Path to PROJ.4 shared files: (autodetected)
 Linking to sp version: 1.2-3 

Attaching package: ‘rgdal’

The following object is masked from ‘package:R.oo’:

    getDescription

Checking rgeos availability: TRUE
Loading required namespace: parallel
During startup - Warning messages:
1: Setting LC_TIME failed, using "C" 
2: Setting LC_MONETARY failed, using "C" 
3: Setting LC_PAPER failed, using "C" 
4: Setting LC_MEASUREMENT failed, using "C" 
During startup - Warning messages:
1: Setting LC_TIME failed, using "C" 
2: Setting LC_MONETARY failed, using "C" 
3: Setting LC_PAPER failed, using "C" 
4: Setting LC_MEASUREMENT failed, using "C" 
During startup - Warning messages:
1: Setting LC_TIME failed, using "C" 
2: Setting LC_MONETARY failed, using "C" 
3: Setting LC_PAPER failed, using "C" 
4: Setting LC_MEASUREMENT failed, using "C" 
During startup - Warning messages:
1: Setting LC_TIME failed, using "C" 
2: Setting LC_MONETARY failed, using "C" 
3: Setting LC_PAPER failed, using "C" 
4: Setting LC_MEASUREMENT failed, using "C" 
During startup - Warning messages:
1: Setting LC_TIME failed, using "C" 
2: Setting LC_MONETARY failed, using "C" 
3: Setting LC_PAPER failed, using "C" 
4: Setting LC_MEASUREMENT failed, using "C" 
During startup - Warning messages:
1: Setting LC_TIME failed, using "C" 
2: Setting LC_MONETARY failed, using "C" 
3: Setting LC_PAPER failed, using "C" 
4: Setting LC_MEASUREMENT failed, using "C" 
During startup - Warning messages:
1: Setting LC_TIME failed, using "C" 
2: Setting LC_MONETARY failed, using "C" 
3: Setting LC_PAPER failed, using "C" 
4: Setting LC_MEASUREMENT failed, using "C" 
Using cluster with 7 nodes
During startup - Warning messages:
1: Setting LC_TIME failed, using "C" 
2: Setting LC_MONETARY failed, using "C" 
3: Setting LC_PAPER failed, using "C" 
4: Setting LC_MEASUREMENT failed, using "C" 
During startup - Warning messages:
1: Setting LC_TIME failed, using "C" 
2: Setting LC_MONETARY failed, using "C" 
3: Setting LC_PAPER failed, using "C" 
4: Setting LC_MEASUREMENT failed, using "C" 
During startup - Warning messages:
1: Setting LC_TIME failed, using "C" 
2: Setting LC_MONETARY failed, using "C" 
3: Setting LC_PAPER failed, using "C" 
4: Setting LC_MEASUREMENT failed, using "C" 
During startup - Warning messages:
1: Setting LC_TIME failed, using "C" 
2: Setting LC_MONETARY failed, using "C" 
3: Setting LC_PAPER failed, using "C" 
4: Setting LC_MEASUREMENT failed, using "C" 
During startup - Warning messages:
1: Setting LC_TIME failed, using "C" 
2: Setting LC_MONETARY failed, using "C" 
3: Setting LC_PAPER failed, using "C" 
4: Setting LC_MEASUREMENT failed, using "C" 
During startup - Warning messages:
1: Setting LC_TIME failed, using "C" 
2: Setting LC_MONETARY failed, using "C" 
3: Setting LC_PAPER failed, using "C" 
4: Setting LC_MEASUREMENT failed, using "C" 
During startup - Warning messages:
1: Setting LC_TIME failed, using "C" 
2: Setting LC_MONETARY failed, using "C" 
3: Setting LC_PAPER failed, using "C" 
4: Setting LC_MEASUREMENT failed, using "C" 
Using cluster with 7 nodes
During startup - Warning messages:
1: Setting LC_TIME failed, using "C" 
2: Setting LC_MONETARY failed, using "C" 
3: Setting LC_PAPER failed, using "C" 
4: Setting LC_MEASUREMENT failed, using "C" 
During startup - Warning messages:
1: Setting LC_TIME failed, using "C" 
2: Setting LC_MONETARY failed, using "C" 
3: Setting LC_PAPER failed, using "C" 
4: Setting LC_MEASUREMENT failed, using "C" 
During startup - Warning messages:
1: Setting LC_TIME failed, using "C" 
2: Setting LC_MONETARY failed, using "C" 
3: Setting LC_PAPER failed, using "C" 
4: Setting LC_MEASUREMENT failed, using "C" 
During startup - Warning messages:
1: Setting LC_TIME failed, using "C" 
2: Setting LC_MONETARY failed, using "C" 
3: Setting LC_PAPER failed, using "C" 
4: Setting LC_MEASUREMENT failed, using "C" 
During startup - Warning messages:
1: Setting LC_TIME failed, using "C" 
2: Setting LC_MONETARY failed, using "C" 
3: Setting LC_PAPER failed, using "C" 
4: Setting LC_MEASUREMENT failed, using "C" 
During startup - Warning messages:
1: Setting LC_TIME failed, using "C" 
2: Setting LC_MONETARY failed, using "C" 
3: Setting LC_PAPER failed, using "C" 
4: Setting LC_MEASUREMENT failed, using "C" 
During startup - Warning messages:
1: Setting LC_TIME failed, using "C" 
2: Setting LC_MONETARY failed, using "C" 
3: Setting LC_PAPER failed, using "C" 
4: Setting LC_MEASUREMENT failed, using "C" 
During startup - Warning messages:
1: Setting LC_TIME failed, using "C" 
2: Setting LC_MONETARY failed, using "C" 
3: Setting LC_PAPER failed, using "C" 
4: Setting LC_MEASUREMENT failed, using "C" 
During startup - Warning messages:
1: Setting LC_TIME failed, using "C" 
2: Setting LC_MONETARY failed, using "C" 
3: Setting LC_PAPER failed, using "C" 
4: Setting LC_MEASUREMENT failed, using "C" 
During startup - Warning messages:
1: Setting LC_TIME failed, using "C" 
2: Setting LC_MONETARY failed, using "C" 
3: Setting LC_PAPER failed, using "C" 
4: Setting LC_MEASUREMENT failed, using "C" 
During startup - Warning messages:
1: Setting LC_TIME failed, using "C" 
2: Setting LC_MONETARY failed, using "C" 
3: Setting LC_PAPER failed, using "C" 
4: Setting LC_MEASUREMENT failed, using "C" 
During startup - Warning messages:
1: Setting LC_TIME failed, using "C" 
2: Setting LC_MONETARY failed, using "C" 
3: Setting LC_PAPER failed, using "C" 
4: Setting LC_MEASUREMENT failed, using "C" 
During startup - Warning messages:
1: Setting LC_TIME failed, using "C" 
2: Setting LC_MONETARY failed, using "C" 
3: Setting LC_PAPER failed, using "C" 
4: Setting LC_MEASUREMENT failed, using "C" 
During startup - Warning messages:
1: Setting LC_TIME failed, using "C" 
2: Setting LC_MONETARY failed, using "C" 
3: Setting LC_PAPER failed, using "C" 
4: Setting LC_MEASUREMENT failed, using "C" 
Using cluster with 7 nodes
Using cluster with 7 nodes
Using cluster with 7 nodes
During startup - Warning messages:
1: Setting LC_TIME failed, using "C" 
2: Setting LC_MONETARY failed, using "C" 
3: Setting LC_PAPER failed, using "C" 
4: Setting LC_MEASUREMENT failed, using "C" 
During startup - Warning messages:
1: Setting LC_TIME failed, using "C" 
2: Setting LC_MONETARY failed, using "C" 
3: Setting LC_PAPER failed, using "C" 
4: Setting LC_MEASUREMENT failed, using "C" 
During startup - Warning messages:
1: Setting LC_TIME failed, using "C" 
2: Setting LC_MONETARY failed, using "C" 
3: Setting LC_PAPER failed, using "C" 
4: Setting LC_MEASUREMENT failed, using "C" 
During startup - Warning messages:
1: Setting LC_TIME failed, using "C" 
2: Setting LC_MONETARY failed, using "C" 
3: Setting LC_PAPER failed, using "C" 
4: Setting LC_MEASUREMENT failed, using "C" 
During startup - Warning messages:
1: Setting LC_TIME failed, using "C" 
2: Setting LC_MONETARY failed, using "C" 
3: Setting LC_PAPER failed, using "C" 
4: Setting LC_MEASUREMENT failed, using "C" 
During startup - Warning messages:
1: Setting LC_TIME failed, using "C" 
2: Setting LC_MONETARY failed, using "C" 
3: Setting LC_PAPER failed, using "C" 
4: Setting LC_MEASUREMENT failed, using "C" 
During startup - Warning messages:
1: Setting LC_TIME failed, using "C" 
2: Setting LC_MONETARY failed, using "C" 
3: Setting LC_PAPER failed, using "C" 
4: Setting LC_MEASUREMENT failed, using "C" 
+ PROCESS_OUTPUT=0
+ echo executeRScript_process_output=0
+ '[' 0 -eq 0 ']'
+ echo 'NUMBER OF TRIES 1'
+ break
+ checkProcessOutput
+ PROCESS_OUTPUT=0
+ '[' 0 -ne 0 ']'
+ finally
+ exit 0
sudo: unable to resolve host fogbow39666
sudo: unable to resolve host fogbow39666
sudo: unable to resolve host fogbow39666
sudo: unable to resolve host fogbow39666
sudo: unable to resolve host fogbow39666
sudo: unable to resolve host fogbow39666
sudo: unable to resolve host fogbow39666
sudo: unable to resolve host fogbow39666
sudo: unable to resolve host fogbow39666
sudo: unable to resolve host fogbow39666
