Ign http://azure.archive.ubuntu.com trusty InRelease
Get:1 http://azure.archive.ubuntu.com trusty-updates InRelease [65.9 kB]
Get:2 http://azure.archive.ubuntu.com trusty-backports InRelease [65.9 kB]
Hit http://azure.archive.ubuntu.com trusty Release.gpg
Hit http://azure.archive.ubuntu.com trusty Release
Get:3 http://azure.archive.ubuntu.com trusty-updates/main Sources [393 kB]
Get:4 http://security.ubuntu.com trusty-security InRelease [65.9 kB]
Get:5 http://azure.archive.ubuntu.com trusty-updates/restricted Sources [5911 B]
Get:6 http://azure.archive.ubuntu.com trusty-updates/universe Sources [175 kB]
Get:7 http://azure.archive.ubuntu.com trusty-updates/multiverse Sources [7510 B]
Get:8 http://azure.archive.ubuntu.com trusty-updates/main amd64 Packages [958 kB]
Get:9 http://azure.archive.ubuntu.com trusty-updates/restricted amd64 Packages [16.4 kB]
Get:10 http://azure.archive.ubuntu.com trusty-updates/universe amd64 Packages [401 kB]
Get:11 http://azure.archive.ubuntu.com trusty-updates/multiverse amd64 Packages [14.0 kB]
Get:12 http://azure.archive.ubuntu.com trusty-updates/main Translation-en [472 kB]
Get:13 http://azure.archive.ubuntu.com trusty-updates/multiverse Translation-en [7340 B]
Get:14 http://azure.archive.ubuntu.com trusty-updates/restricted Translation-en [3847 B]
Get:15 http://azure.archive.ubuntu.com trusty-updates/universe Translation-en [212 kB]
Get:16 http://azure.archive.ubuntu.com trusty-backports/main Sources [9712 B]
Get:17 http://azure.archive.ubuntu.com trusty-backports/restricted Sources [28 B]
Get:18 http://azure.archive.ubuntu.com trusty-backports/universe Sources [35.3 kB]
Get:19 http://azure.archive.ubuntu.com trusty-backports/multiverse Sources [1898 B]
Get:20 http://azure.archive.ubuntu.com trusty-backports/main amd64 Packages [13.3 kB]
Get:21 http://azure.archive.ubuntu.com trusty-backports/restricted amd64 Packages [28 B]
Get:22 http://azure.archive.ubuntu.com trusty-backports/universe amd64 Packages [43.2 kB]
Get:23 http://azure.archive.ubuntu.com trusty-backports/multiverse amd64 Packages [1571 B]
Get:24 http://azure.archive.ubuntu.com trusty-backports/main Translation-en [7503 B]
Get:25 http://azure.archive.ubuntu.com trusty-backports/multiverse Translation-en [1215 B]
Get:26 http://azure.archive.ubuntu.com trusty-backports/restricted Translation-en [28 B]
Get:27 http://azure.archive.ubuntu.com trusty-backports/universe Translation-en [36.8 kB]
Hit http://azure.archive.ubuntu.com trusty/main Sources
Hit http://azure.archive.ubuntu.com trusty/restricted Sources
Hit http://azure.archive.ubuntu.com trusty/universe Sources
Hit http://azure.archive.ubuntu.com trusty/multiverse Sources
Hit http://azure.archive.ubuntu.com trusty/main amd64 Packages
Hit http://azure.archive.ubuntu.com trusty/restricted amd64 Packages
Hit http://azure.archive.ubuntu.com trusty/universe amd64 Packages
Hit http://azure.archive.ubuntu.com trusty/multiverse amd64 Packages
Hit http://azure.archive.ubuntu.com trusty/main Translation-en
Hit http://azure.archive.ubuntu.com trusty/multiverse Translation-en
Hit http://azure.archive.ubuntu.com trusty/restricted Translation-en
Hit http://azure.archive.ubuntu.com trusty/universe Translation-en
Get:28 http://security.ubuntu.com trusty-security/main Sources [127 kB]
Get:29 http://security.ubuntu.com trusty-security/universe Sources [49.9 kB]
Get:30 http://security.ubuntu.com trusty-security/main amd64 Packages [592 kB]
Get:31 http://security.ubuntu.com trusty-security/universe amd64 Packages [154 kB]
Get:32 http://security.ubuntu.com trusty-security/main Translation-en [324 kB]
Get:33 http://security.ubuntu.com trusty-security/universe Translation-en [89.9 kB]
Fetched 4351 kB in 6s (691 kB/s)
Reading package lists...
Reading package lists...
Building dependency tree...
Reading state information...
nfs-common is already the newest version.
0 upgraded, 0 newly installed, 0 to remove and 122 not upgraded.
Reading package lists...
Building dependency tree...
Reading state information...
The following extra packages will be installed:
  git-man liberror-perl
Suggested packages:
  git-daemon-run git-daemon-sysvinit git-doc git-el git-email git-gui gitk
  gitweb git-arch git-bzr git-cvs git-mediawiki git-svn
The following NEW packages will be installed:
  git git-man liberror-perl
0 upgraded, 3 newly installed, 0 to remove and 122 not upgraded.
Need to get 3306 kB of archives.
After this operation, 21.9 MB of additional disk space will be used.
Do you want to continue? [Y/n] Get:1 http://azure.archive.ubuntu.com/ubuntu/ trusty/main liberror-perl all 0.17-1.1 [21.1 kB]
Get:2 http://azure.archive.ubuntu.com/ubuntu/ trusty-updates/main git-man all 1:1.9.1-1ubuntu0.3 [699 kB]
Get:3 http://azure.archive.ubuntu.com/ubuntu/ trusty-updates/main git amd64 1:1.9.1-1ubuntu0.3 [2586 kB]
Fetched 3306 kB in 0s (25.0 MB/s)
Selecting previously unselected package liberror-perl.
(Reading database ... 48496 files and directories currently installed.)
Preparing to unpack .../liberror-perl_0.17-1.1_all.deb ...
Unpacking liberror-perl (0.17-1.1) ...
Selecting previously unselected package git-man.
Preparing to unpack .../git-man_1%3a1.9.1-1ubuntu0.3_all.deb ...
Unpacking git-man (1:1.9.1-1ubuntu0.3) ...
Selecting previously unselected package git.
Preparing to unpack .../git_1%3a1.9.1-1ubuntu0.3_amd64.deb ...
Unpacking git (1:1.9.1-1ubuntu0.3) ...
Processing triggers for man-db (2.6.7.1-1ubuntu1) ...
Setting up liberror-perl (0.17-1.1) ...
Setting up git-man (1:1.9.1-1ubuntu0.3) ...
Setting up git (1:1.9.1-1ubuntu0.3) ...
Fake init worker script sleep
No missing dependencies
Directory /nfs not mounted yet...proceeding to mount
