+ IMAGE_NAME=LT52170641984247CUB00
+ IMAGES_DIR_PATH=/nfs/images/
+ RESULTS_DIR_PATH=/nfs/results/
+ OUTPUT_IMAGE_DIR=/nfs/results/LT52170641984247CUB00
+ IMAGE_MTL_PATH=/nfs/images/LT52170641984247CUB00/LT52170641984247CUB00_MTL.txt
+ IMAGE_MTL_FMASK_PATH=/nfs/images/LT52170641984247CUB00/LT52170641984247CUB00_MTLFmask
+ IMAGE_STATION_FILE_PATH=/nfs/results/LT52170641984247CUB00/LT52170641984247CUB00_station.csv
++ pwd
+ SANDBOX=/tmp/sandbox/67c247c5-d697-4b2c-95f2-268def771d44
+ CONF_FILE=sebal.conf
+ LIBRARY_PATH=/usr/local/lib
+ BOUNDING_BOX_PATH=example/boundingbox_vertices
+ TMP_DIR_PATH=/mnt
+ R_EXEC_DIR=
+ R_ALGORITHM_VERSION=AlgoritmoFinal-f1-v02122016.R
+ R_RASTER_TMP_DIR=/mnt/rasterTmp
+ MAX_TRIES=2
+ OUTPUT_IMAGE_DIR=/nfs/results//LT52170641984247CUB00
+ SCRIPTS_DIR=scripts
+ SEBAL_DIR_PATH=
+ LOG4J_PATH=
+ untarImageAndPrepareDirs
+ cd /nfs/images/
+ echo 'Image file name is LT52170641984247CUB00'
+ echo 'Untaring image LT52170641984247CUB00'
+ cd /nfs/images//LT52170641984247CUB00
+ sudo tar -xvzf LT52170641984247CUB00.tar.gz
sudo: unable to resolve host fogbow35243
+ echo 'Creating image output directory'
+ sudo mkdir -p /nfs/results//LT52170641984247CUB00
sudo: unable to resolve host fogbow35243
+ cd /tmp/sandbox/67c247c5-d697-4b2c-95f2-268def771d44
+ checkProcessOutput
+ PROCESS_OUTPUT=0
+ '[' 0 -ne 0 ']'
+ preProcessImage
+ SEBAL_DIR_PATH=/tmp/sandbox/67c247c5-d697-4b2c-95f2-268def771d44/SEBAL
+ R_EXEC_DIR=/tmp/sandbox/67c247c5-d697-4b2c-95f2-268def771d44/SEBAL/workspace/R
+ LOG4J_PATH=/tmp/sandbox/67c247c5-d697-4b2c-95f2-268def771d44/SEBAL/log4j.properties
+ cd /tmp/sandbox/67c247c5-d697-4b2c-95f2-268def771d44/SEBAL
+ sudo java -Xdebug -Xrunjdwp:server=y,transport=dt_socket,address=4000,suspend=n -Dlog4j.configuration=file:/tmp/sandbox/67c247c5-d697-4b2c-95f2-268def771d44/SEBAL/log4j.properties -Djava.library.path=/usr/local/lib -cp 'target/SEBAL-0.0.1-SNAPSHOT.jar:target/lib/*' org.fogbowcloud.sebal.PreProcessMain /nfs/images// /nfs/images/LT52170641984247CUB00/LT52170641984247CUB00_MTL.txt /nfs/results// 0 0 9000 9000 1 1 /tmp/sandbox/67c247c5-d697-4b2c-95f2-268def771d44/SEBAL/example/boundingbox_vertices /tmp/sandbox/67c247c5-d697-4b2c-95f2-268def771d44/SEBAL/sebal.conf /nfs/images/LT52170641984247CUB00/LT52170641984247CUB00_MTLFmask
sudo: unable to resolve host fogbow35243
Mar 13, 2017 1:27:16 AM org.geotools.referencing.factory.epsg.ThreadedHsqlEpsgFactory createDataSource
INFO: Building new data source for org.geotools.referencing.factory.epsg.ThreadedHsqlEpsgFactory
Mar 13, 2017 1:27:16 AM org.geotools.referencing.factory.epsg.ThreadedHsqlEpsgFactory createBackingStore
INFO: Building backing store for org.geotools.referencing.factory.epsg.ThreadedHsqlEpsgFactory
+ sudo chmod 777 /nfs/results/LT52170641984247CUB00/LT52170641984247CUB00_station.csv
sudo: unable to resolve host fogbow35243
+ echo -e '\n'
+ cd ..
+ checkProcessOutput
+ PROCESS_OUTPUT=0
+ '[' 0 -ne 0 ']'
+ creatingDadosCSV
+ echo 'Creating dados.csv for image LT52170641984247CUB00'
+ cd /tmp/sandbox/67c247c5-d697-4b2c-95f2-268def771d44/SEBAL/workspace/R
+ echo 'File images;MTL;File Station Weather;File Fmask;Path Output'
+ echo '/nfs/images//LT52170641984247CUB00;/nfs/images/LT52170641984247CUB00/LT52170641984247CUB00_MTL.txt;/nfs/results/LT52170641984247CUB00/LT52170641984247CUB00_station.csv;/nfs/images/LT52170641984247CUB00/LT52170641984247CUB00_MTLFmask;/nfs/results//LT52170641984247CUB00'
+ checkProcessOutput
+ PROCESS_OUTPUT=0
+ '[' 0 -ne 0 ']'
+ prepareEnvAndCollectUsage
+ '[' '!' -d /mnt/rasterTmp ']'
++ wc -l
++ ls -1 /mnt/rasterTmp/r_tmp_2017-03-12_223759_15641_90527.grd /mnt/rasterTmp/r_tmp_2017-03-12_223759_15641_90527.gri /mnt/rasterTmp/r_tmp_2017-03-12_224057_15641_60363.grd /mnt/rasterTmp/r_tmp_2017-03-12_224057_15641_60363.gri /mnt/rasterTmp/r_tmp_2017-03-12_224156_15641_83275.grd /mnt/rasterTmp/r_tmp_2017-03-12_224156_15641_83275.gri /mnt/rasterTmp/r_tmp_2017-03-12_224228_15641_46927.grd /mnt/rasterTmp/r_tmp_2017-03-12_224228_15641_46927.gri /mnt/rasterTmp/r_tmp_2017-03-12_230147_15641_60480.grd /mnt/rasterTmp/r_tmp_2017-03-12_230147_15641_60480.gri /mnt/rasterTmp/r_tmp_2017-03-12_230445_15641_71514.grd /mnt/rasterTmp/r_tmp_2017-03-12_230445_15641_71514.gri /mnt/rasterTmp/r_tmp_2017-03-12_230459_15641_19085.grd /mnt/rasterTmp/r_tmp_2017-03-12_230459_15641_19085.gri /mnt/rasterTmp/r_tmp_2017-03-12_230509_15641_63263.grd /mnt/rasterTmp/r_tmp_2017-03-12_230509_15641_63263.gri /mnt/rasterTmp/r_tmp_2017-03-12_230523_15641_98808.grd /mnt/rasterTmp/r_tmp_2017-03-12_230523_15641_98808.gri /mnt/rasterTmp/r_tmp_2017-03-12_230534_15641_99918.grd /mnt/rasterTmp/r_tmp_2017-03-12_230534_15641_99918.gri /mnt/rasterTmp/r_tmp_2017-03-12_230559_15641_68583.grd /mnt/rasterTmp/r_tmp_2017-03-12_230559_15641_68583.gri /mnt/rasterTmp/r_tmp_2017-03-12_230609_15641_10457.grd /mnt/rasterTmp/r_tmp_2017-03-12_230609_15641_10457.gri /mnt/rasterTmp/r_tmp_2017-03-12_230623_15641_25089.grd /mnt/rasterTmp/r_tmp_2017-03-12_230623_15641_25089.gri /mnt/rasterTmp/r_tmp_2017-03-12_230634_15641_77686.grd /mnt/rasterTmp/r_tmp_2017-03-12_230634_15641_77686.gri /mnt/rasterTmp/r_tmp_2017-03-12_230656_15641_37348.grd /mnt/rasterTmp/r_tmp_2017-03-12_230656_15641_37348.gri /mnt/rasterTmp/r_tmp_2017-03-12_230707_15641_20762.grd /mnt/rasterTmp/r_tmp_2017-03-12_230707_15641_20762.gri /mnt/rasterTmp/r_tmp_2017-03-12_230719_15641_39897.grd /mnt/rasterTmp/r_tmp_2017-03-12_230719_15641_39897.gri /mnt/rasterTmp/r_tmp_2017-03-12_230730_15641_33540.grd /mnt/rasterTmp/r_tmp_2017-03-12_230730_15641_33540.gri /mnt/rasterTmp/r_tmp_2017-03-12_230749_15641_19152.grd /mnt/rasterTmp/r_tmp_2017-03-12_230749_15641_19152.gri /mnt/rasterTmp/r_tmp_2017-03-12_230800_15641_71443.grd /mnt/rasterTmp/r_tmp_2017-03-12_230800_15641_71443.gri /mnt/rasterTmp/r_tmp_2017-03-12_230814_15641_48695.grd /mnt/rasterTmp/r_tmp_2017-03-12_230814_15641_48695.gri /mnt/rasterTmp/r_tmp_2017-03-12_230825_15641_20210.grd /mnt/rasterTmp/r_tmp_2017-03-12_230825_15641_20210.gri /mnt/rasterTmp/r_tmp_2017-03-12_230846_15641_42248.grd /mnt/rasterTmp/r_tmp_2017-03-12_230846_15641_42248.gri /mnt/rasterTmp/r_tmp_2017-03-12_230858_15641_37014.grd /mnt/rasterTmp/r_tmp_2017-03-12_230858_15641_37014.gri /mnt/rasterTmp/r_tmp_2017-03-12_230911_15641_15382.grd /mnt/rasterTmp/r_tmp_2017-03-12_230911_15641_15382.gri /mnt/rasterTmp/r_tmp_2017-03-12_230923_15641_64939.grd /mnt/rasterTmp/r_tmp_2017-03-12_230923_15641_64939.gri /mnt/rasterTmp/r_tmp_2017-03-12_230944_15641_15436.grd /mnt/rasterTmp/r_tmp_2017-03-12_230944_15641_15436.gri /mnt/rasterTmp/r_tmp_2017-03-12_230955_15641_98286.grd /mnt/rasterTmp/r_tmp_2017-03-12_230955_15641_98286.gri /mnt/rasterTmp/r_tmp_2017-03-12_231006_15641_70810.grd /mnt/rasterTmp/r_tmp_2017-03-12_231006_15641_70810.gri /mnt/rasterTmp/r_tmp_2017-03-12_231017_15641_41408.grd /mnt/rasterTmp/r_tmp_2017-03-12_231017_15641_41408.gri /mnt/rasterTmp/r_tmp_2017-03-12_231036_15641_29805.grd /mnt/rasterTmp/r_tmp_2017-03-12_231036_15641_29805.gri /mnt/rasterTmp/r_tmp_2017-03-12_231046_15641_18214.grd /mnt/rasterTmp/r_tmp_2017-03-12_231046_15641_18214.gri /mnt/rasterTmp/r_tmp_2017-03-12_231059_15641_72691.grd /mnt/rasterTmp/r_tmp_2017-03-12_231059_15641_72691.gri /mnt/rasterTmp/r_tmp_2017-03-12_231109_15641_07728.grd /mnt/rasterTmp/r_tmp_2017-03-12_231109_15641_07728.gri /mnt/rasterTmp/r_tmp_2017-03-12_231132_15641_40213.grd /mnt/rasterTmp/r_tmp_2017-03-12_231132_15641_40213.gri /mnt/rasterTmp/r_tmp_2017-03-12_231144_15641_29251.grd /mnt/rasterTmp/r_tmp_2017-03-12_231144_15641_29251.gri /mnt/rasterTmp/r_tmp_2017-03-12_231156_15641_27773.grd /mnt/rasterTmp/r_tmp_2017-03-12_231156_15641_27773.gri /mnt/rasterTmp/r_tmp_2017-03-12_231207_15641_82830.grd /mnt/rasterTmp/r_tmp_2017-03-12_231207_15641_82830.gri /mnt/rasterTmp/r_tmp_2017-03-12_231220_15641_60489.grd /mnt/rasterTmp/r_tmp_2017-03-12_231220_15641_60489.gri /mnt/rasterTmp/r_tmp_2017-03-12_231233_15641_20496.grd /mnt/rasterTmp/r_tmp_2017-03-12_231233_15641_20496.gri /mnt/rasterTmp/r_tmp_2017-03-12_231245_15641_79813.grd /mnt/rasterTmp/r_tmp_2017-03-12_231245_15641_79813.gri /mnt/rasterTmp/r_tmp_2017-03-12_231257_15641_00262.grd /mnt/rasterTmp/r_tmp_2017-03-12_231257_15641_00262.gri /mnt/rasterTmp/r_tmp_2017-03-12_231308_15641_10966.grd /mnt/rasterTmp/r_tmp_2017-03-12_231308_15641_10966.gri /mnt/rasterTmp/r_tmp_2017-03-12_231319_15641_20731.grd /mnt/rasterTmp/r_tmp_2017-03-12_231319_15641_20731.gri /mnt/rasterTmp/r_tmp_2017-03-12_231331_15641_00426.grd /mnt/rasterTmp/r_tmp_2017-03-12_231331_15641_00426.gri /mnt/rasterTmp/r_tmp_2017-03-12_231342_15641_96842.grd /mnt/rasterTmp/r_tmp_2017-03-12_231342_15641_96842.gri /mnt/rasterTmp/r_tmp_2017-03-12_231354_15641_11144.grd /mnt/rasterTmp/r_tmp_2017-03-12_231354_15641_11144.gri /mnt/rasterTmp/r_tmp_2017-03-12_231406_15641_89077.grd /mnt/rasterTmp/r_tmp_2017-03-12_231406_15641_89077.gri /mnt/rasterTmp/r_tmp_2017-03-12_231419_15641_27804.grd /mnt/rasterTmp/r_tmp_2017-03-12_231419_15641_27804.gri /mnt/rasterTmp/r_tmp_2017-03-12_231432_15641_16432.grd /mnt/rasterTmp/r_tmp_2017-03-12_231432_15641_16432.gri /mnt/rasterTmp/r_tmp_2017-03-12_231444_15641_52882.grd /mnt/rasterTmp/r_tmp_2017-03-12_231444_15641_52882.gri /mnt/rasterTmp/r_tmp_2017-03-12_231456_15641_88324.grd /mnt/rasterTmp/r_tmp_2017-03-12_231456_15641_88324.gri /mnt/rasterTmp/r_tmp_2017-03-12_231508_15641_40698.grd /mnt/rasterTmp/r_tmp_2017-03-12_231508_15641_40698.gri /mnt/rasterTmp/r_tmp_2017-03-12_231522_15641_66691.grd /mnt/rasterTmp/r_tmp_2017-03-12_231522_15641_66691.gri /mnt/rasterTmp/r_tmp_2017-03-12_231533_15641_94665.grd /mnt/rasterTmp/r_tmp_2017-03-12_231533_15641_94665.gri /mnt/rasterTmp/r_tmp_2017-03-12_231545_15641_73690.grd /mnt/rasterTmp/r_tmp_2017-03-12_231545_15641_73690.gri /mnt/rasterTmp/r_tmp_2017-03-12_231558_15641_92134.grd /mnt/rasterTmp/r_tmp_2017-03-12_231558_15641_92134.gri /mnt/rasterTmp/r_tmp_2017-03-12_231610_15641_98346.grd /mnt/rasterTmp/r_tmp_2017-03-12_231610_15641_98346.gri /mnt/rasterTmp/r_tmp_2017-03-12_231621_15641_71882.grd /mnt/rasterTmp/r_tmp_2017-03-12_231621_15641_71882.gri /mnt/rasterTmp/r_tmp_2017-03-12_231635_15641_07168.grd /mnt/rasterTmp/r_tmp_2017-03-12_231635_15641_07168.gri /mnt/rasterTmp/r_tmp_2017-03-12_231647_15641_13806.grd /mnt/rasterTmp/r_tmp_2017-03-12_231647_15641_13806.gri /mnt/rasterTmp/r_tmp_2017-03-12_231702_15641_15964.grd /mnt/rasterTmp/r_tmp_2017-03-12_231702_15641_15964.gri /mnt/rasterTmp/r_tmp_2017-03-12_231714_15641_95997.grd /mnt/rasterTmp/r_tmp_2017-03-12_231714_15641_95997.gri /mnt/rasterTmp/r_tmp_2017-03-12_231727_15641_89171.grd /mnt/rasterTmp/r_tmp_2017-03-12_231727_15641_89171.gri /mnt/rasterTmp/r_tmp_2017-03-12_231739_15641_00439.grd /mnt/rasterTmp/r_tmp_2017-03-12_231739_15641_00439.gri /mnt/rasterTmp/r_tmp_2017-03-12_231754_15641_79258.grd /mnt/rasterTmp/r_tmp_2017-03-12_231754_15641_79258.gri /mnt/rasterTmp/r_tmp_2017-03-12_231805_15641_96130.grd /mnt/rasterTmp/r_tmp_2017-03-12_231805_15641_96130.gri /mnt/rasterTmp/r_tmp_2017-03-12_231819_15641_54758.grd /mnt/rasterTmp/r_tmp_2017-03-12_231819_15641_54758.gri /mnt/rasterTmp/r_tmp_2017-03-12_231829_15641_29897.grd /mnt/rasterTmp/r_tmp_2017-03-12_231829_15641_29897.gri /mnt/rasterTmp/r_tmp_2017-03-12_231838_15641_93347.grd /mnt/rasterTmp/r_tmp_2017-03-12_231838_15641_93347.gri /mnt/rasterTmp/r_tmp_2017-03-12_231852_15641_63695.grd /mnt/rasterTmp/r_tmp_2017-03-12_231852_15641_63695.gri /mnt/rasterTmp/r_tmp_2017-03-12_231902_15641_56020.grd /mnt/rasterTmp/r_tmp_2017-03-12_231902_15641_56020.gri /mnt/rasterTmp/r_tmp_2017-03-12_231912_15641_57364.grd /mnt/rasterTmp/r_tmp_2017-03-12_231912_15641_57364.gri /mnt/rasterTmp/r_tmp_2017-03-12_231927_15641_48664.grd /mnt/rasterTmp/r_tmp_2017-03-12_231927_15641_48664.gri /mnt/rasterTmp/r_tmp_2017-03-12_231941_15641_82823.grd /mnt/rasterTmp/r_tmp_2017-03-12_231941_15641_82823.gri /mnt/rasterTmp/r_tmp_2017-03-12_231956_15641_47400.grd /mnt/rasterTmp/r_tmp_2017-03-12_231956_15641_47400.gri /mnt/rasterTmp/r_tmp_2017-03-12_232009_15641_28262.grd /mnt/rasterTmp/r_tmp_2017-03-12_232009_15641_28262.gri /mnt/rasterTmp/r_tmp_2017-03-12_232022_15641_40113.grd /mnt/rasterTmp/r_tmp_2017-03-12_232022_15641_40113.gri /mnt/rasterTmp/r_tmp_2017-03-12_232034_15641_79253.grd /mnt/rasterTmp/r_tmp_2017-03-12_232034_15641_79253.gri /mnt/rasterTmp/r_tmp_2017-03-12_232049_15641_38539.grd /mnt/rasterTmp/r_tmp_2017-03-12_232049_15641_38539.gri /mnt/rasterTmp/r_tmp_2017-03-12_232103_15641_18067.grd /mnt/rasterTmp/r_tmp_2017-03-12_232103_15641_18067.gri /mnt/rasterTmp/r_tmp_2017-03-12_232125_15641_09971.grd /mnt/rasterTmp/r_tmp_2017-03-12_232125_15641_09971.gri /mnt/rasterTmp/r_tmp_2017-03-12_232134_15641_96050.grd /mnt/rasterTmp/r_tmp_2017-03-12_232134_15641_96050.gri /mnt/rasterTmp/r_tmp_2017-03-12_234316_15641_70862.grd /mnt/rasterTmp/r_tmp_2017-03-12_234316_15641_70862.gri /mnt/rasterTmp/r_tmp_2017-03-12_234340_15641_80109.grd /mnt/rasterTmp/r_tmp_2017-03-12_234340_15641_80109.gri /mnt/rasterTmp/r_tmp_2017-03-12_234402_15641_57051.grd /mnt/rasterTmp/r_tmp_2017-03-12_234402_15641_57051.gri /mnt/rasterTmp/r_tmp_2017-03-12_234421_15641_01253.grd /mnt/rasterTmp/r_tmp_2017-03-12_234421_15641_01253.gri /mnt/rasterTmp/r_tmp_2017-03-12_234433_15641_14870.grd /mnt/rasterTmp/r_tmp_2017-03-12_234433_15641_14870.gri /mnt/rasterTmp/r_tmp_2017-03-12_234445_15641_63211.grd /mnt/rasterTmp/r_tmp_2017-03-12_234445_15641_63211.gri /mnt/rasterTmp/r_tmp_2017-03-12_234454_15641_50874.grd /mnt/rasterTmp/r_tmp_2017-03-12_234454_15641_50874.gri /mnt/rasterTmp/r_tmp_2017-03-12_234505_15641_50426.grd /mnt/rasterTmp/r_tmp_2017-03-12_234505_15641_50426.gri /mnt/rasterTmp/r_tmp_2017-03-12_234514_15641_78746.grd /mnt/rasterTmp/r_tmp_2017-03-12_234514_15641_78746.gri /mnt/rasterTmp/r_tmp_2017-03-12_234526_15641_66841.grd /mnt/rasterTmp/r_tmp_2017-03-12_234526_15641_66841.gri /mnt/rasterTmp/r_tmp_2017-03-12_234534_15641_01214.grd /mnt/rasterTmp/r_tmp_2017-03-12_234534_15641_01214.gri /mnt/rasterTmp/r_tmp_2017-03-12_234546_15641_14953.grd /mnt/rasterTmp/r_tmp_2017-03-12_234546_15641_14953.gri /mnt/rasterTmp/r_tmp_2017-03-12_234558_15641_69001.grd /mnt/rasterTmp/r_tmp_2017-03-12_234558_15641_69001.gri /mnt/rasterTmp/r_tmp_2017-03-12_234609_15641_96251.grd /mnt/rasterTmp/r_tmp_2017-03-12_234609_15641_96251.gri /mnt/rasterTmp/r_tmp_2017-03-12_234617_15641_94694.grd /mnt/rasterTmp/r_tmp_2017-03-12_234617_15641_94694.gri /mnt/rasterTmp/r_tmp_2017-03-12_234632_15641_86483.grd /mnt/rasterTmp/r_tmp_2017-03-12_234632_15641_86483.gri /mnt/rasterTmp/r_tmp_2017-03-12_234646_15641_89779.grd /mnt/rasterTmp/r_tmp_2017-03-12_234646_15641_89779.gri /mnt/rasterTmp/r_tmp_2017-03-12_234708_15641_70964.grd /mnt/rasterTmp/r_tmp_2017-03-12_234708_15641_70964.gri /mnt/rasterTmp/r_tmp_2017-03-12_234717_15641_51582.grd /mnt/rasterTmp/r_tmp_2017-03-12_234717_15641_51582.gri /mnt/rasterTmp/r_tmp_2017-03-12_234725_15641_69692.grd /mnt/rasterTmp/r_tmp_2017-03-12_234725_15641_69692.gri /mnt/rasterTmp/r_tmp_2017-03-12_234733_15641_17004.grd /mnt/rasterTmp/r_tmp_2017-03-12_234733_15641_17004.gri /mnt/rasterTmp/r_tmp_2017-03-12_234747_15641_61135.grd /mnt/rasterTmp/r_tmp_2017-03-12_234747_15641_61135.gri /mnt/rasterTmp/r_tmp_2017-03-12_234801_15641_84196.grd /mnt/rasterTmp/r_tmp_2017-03-12_234801_15641_84196.gri /mnt/rasterTmp/r_tmp_2017-03-12_234823_15641_69025.grd /mnt/rasterTmp/r_tmp_2017-03-12_234823_15641_69025.gri /mnt/rasterTmp/r_tmp_2017-03-12_234832_15641_57047.grd /mnt/rasterTmp/r_tmp_2017-03-12_234832_15641_57047.gri /mnt/rasterTmp/r_tmp_2017-03-12_234841_15641_54928.grd /mnt/rasterTmp/r_tmp_2017-03-12_234841_15641_54928.gri /mnt/rasterTmp/r_tmp_2017-03-12_234851_15641_53331.grd /mnt/rasterTmp/r_tmp_2017-03-12_234851_15641_53331.gri /mnt/rasterTmp/r_tmp_2017-03-12_234901_15641_79541.grd /mnt/rasterTmp/r_tmp_2017-03-12_234901_15641_79541.gri /mnt/rasterTmp/r_tmp_2017-03-12_234912_15641_82788.grd /mnt/rasterTmp/r_tmp_2017-03-12_234912_15641_82788.gri /mnt/rasterTmp/r_tmp_2017-03-12_234921_15641_44925.grd /mnt/rasterTmp/r_tmp_2017-03-12_234921_15641_44925.gri /mnt/rasterTmp/r_tmp_2017-03-12_234929_15641_63294.grd /mnt/rasterTmp/r_tmp_2017-03-12_234929_15641_63294.gri /mnt/rasterTmp/r_tmp_2017-03-12_234937_15641_10431.grd /mnt/rasterTmp/r_tmp_2017-03-12_234937_15641_10431.gri /mnt/rasterTmp/r_tmp_2017-03-12_234950_15641_04607.grd /mnt/rasterTmp/r_tmp_2017-03-12_234950_15641_04607.gri /mnt/rasterTmp/r_tmp_2017-03-12_235001_15641_90383.grd /mnt/rasterTmp/r_tmp_2017-03-12_235001_15641_90383.gri /mnt/rasterTmp/r_tmp_2017-03-12_235012_15641_28072.grd /mnt/rasterTmp/r_tmp_2017-03-12_235012_15641_28072.gri /mnt/rasterTmp/r_tmp_2017-03-12_235019_15641_29136.grd /mnt/rasterTmp/r_tmp_2017-03-12_235019_15641_29136.gri /mnt/rasterTmp/r_tmp_2017-03-12_235031_15641_86877.grd /mnt/rasterTmp/r_tmp_2017-03-12_235031_15641_86877.gri /mnt/rasterTmp/r_tmp_2017-03-12_235038_15641_65869.grd /mnt/rasterTmp/r_tmp_2017-03-12_235038_15641_65869.gri /mnt/rasterTmp/r_tmp_2017-03-12_235046_15641_96561.grd /mnt/rasterTmp/r_tmp_2017-03-12_235046_15641_96561.gri /mnt/rasterTmp/r_tmp_2017-03-12_235052_15641_23316.grd /mnt/rasterTmp/r_tmp_2017-03-12_235052_15641_23316.gri /mnt/rasterTmp/r_tmp_2017-03-12_235100_15641_82781.grd /mnt/rasterTmp/r_tmp_2017-03-12_235100_15641_82781.gri /mnt/rasterTmp/r_tmp_2017-03-12_235113_15641_59790.grd /mnt/rasterTmp/r_tmp_2017-03-12_235113_15641_59790.gri /mnt/rasterTmp/r_tmp_2017-03-12_235123_15641_51566.grd /mnt/rasterTmp/r_tmp_2017-03-12_235123_15641_51566.gri /mnt/rasterTmp/r_tmp_2017-03-12_235135_15641_96168.grd /mnt/rasterTmp/r_tmp_2017-03-12_235135_15641_96168.gri /mnt/rasterTmp/r_tmp_2017-03-12_235146_15641_62851.grd /mnt/rasterTmp/r_tmp_2017-03-12_235146_15641_62851.gri /mnt/rasterTmp/r_tmp_2017-03-12_235154_15641_28835.grd /mnt/rasterTmp/r_tmp_2017-03-12_235154_15641_28835.gri /mnt/rasterTmp/r_tmp_2017-03-12_235204_15641_11823.grd /mnt/rasterTmp/r_tmp_2017-03-12_235204_15641_11823.gri /mnt/rasterTmp/r_tmp_2017-03-12_235215_15641_60293.grd /mnt/rasterTmp/r_tmp_2017-03-12_235215_15641_60293.gri /mnt/rasterTmp/r_tmp_2017-03-12_235232_15641_88676.grd /mnt/rasterTmp/r_tmp_2017-03-12_235232_15641_88676.gri /mnt/rasterTmp/r_tmp_2017-03-12_235239_15641_90202.grd /mnt/rasterTmp/r_tmp_2017-03-12_235239_15641_90202.gri /mnt/rasterTmp/r_tmp_2017-03-12_235248_15641_30324.grd /mnt/rasterTmp/r_tmp_2017-03-12_235248_15641_30324.gri /mnt/rasterTmp/r_tmp_2017-03-12_235257_15641_40759.grd /mnt/rasterTmp/r_tmp_2017-03-12_235257_15641_40759.gri /mnt/rasterTmp/r_tmp_2017-03-12_235305_15641_26164.grd /mnt/rasterTmp/r_tmp_2017-03-12_235305_15641_26164.gri /mnt/rasterTmp/r_tmp_2017-03-12_235316_15641_78682.grd /mnt/rasterTmp/r_tmp_2017-03-12_235316_15641_78682.gri /mnt/rasterTmp/r_tmp_2017-03-12_235329_15641_41174.grd /mnt/rasterTmp/r_tmp_2017-03-12_235329_15641_41174.gri /mnt/rasterTmp/r_tmp_2017-03-12_235337_15641_72804.grd /mnt/rasterTmp/r_tmp_2017-03-12_235337_15641_72804.gri /mnt/rasterTmp/r_tmp_2017-03-12_235346_15641_73139.grd /mnt/rasterTmp/r_tmp_2017-03-12_235346_15641_73139.gri /mnt/rasterTmp/r_tmp_2017-03-12_235356_15641_13568.grd /mnt/rasterTmp/r_tmp_2017-03-12_235356_15641_13568.gri /mnt/rasterTmp/r_tmp_2017-03-12_235407_15641_20373.grd /mnt/rasterTmp/r_tmp_2017-03-12_235407_15641_20373.gri /mnt/rasterTmp/r_tmp_2017-03-12_235429_15641_79253.grd /mnt/rasterTmp/r_tmp_2017-03-12_235429_15641_79253.gri /mnt/rasterTmp/r_tmp_2017-03-12_235445_15641_73251.grd /mnt/rasterTmp/r_tmp_2017-03-12_235445_15641_73251.gri /mnt/rasterTmp/r_tmp_2017-03-12_235453_15641_20827.grd /mnt/rasterTmp/r_tmp_2017-03-12_235453_15641_20827.gri /mnt/rasterTmp/r_tmp_2017-03-12_235510_15641_93979.grd /mnt/rasterTmp/r_tmp_2017-03-12_235510_15641_93979.gri /mnt/rasterTmp/r_tmp_2017-03-12_235526_15641_47038.grd /mnt/rasterTmp/r_tmp_2017-03-12_235526_15641_47038.gri /mnt/rasterTmp/r_tmp_2017-03-13_010923_15641_10023.grd /mnt/rasterTmp/r_tmp_2017-03-13_010923_15641_10023.gri /mnt/rasterTmp/r_tmp_2017-03-13_011129_15641_99851.grd /mnt/rasterTmp/r_tmp_2017-03-13_011129_15641_99851.gri /mnt/rasterTmp/r_tmp_2017-03-13_011214_15641_98275.grd /mnt/rasterTmp/r_tmp_2017-03-13_011214_15641_98275.gri
+ count=300
+ '[' 300 '!=' 0 ']'
+ sudo rm -r /mnt/rasterTmp/r_tmp_2017-03-12_223759_15641_90527.grd /mnt/rasterTmp/r_tmp_2017-03-12_223759_15641_90527.gri /mnt/rasterTmp/r_tmp_2017-03-12_224057_15641_60363.grd /mnt/rasterTmp/r_tmp_2017-03-12_224057_15641_60363.gri /mnt/rasterTmp/r_tmp_2017-03-12_224156_15641_83275.grd /mnt/rasterTmp/r_tmp_2017-03-12_224156_15641_83275.gri /mnt/rasterTmp/r_tmp_2017-03-12_224228_15641_46927.grd /mnt/rasterTmp/r_tmp_2017-03-12_224228_15641_46927.gri /mnt/rasterTmp/r_tmp_2017-03-12_230147_15641_60480.grd /mnt/rasterTmp/r_tmp_2017-03-12_230147_15641_60480.gri /mnt/rasterTmp/r_tmp_2017-03-12_230445_15641_71514.grd /mnt/rasterTmp/r_tmp_2017-03-12_230445_15641_71514.gri /mnt/rasterTmp/r_tmp_2017-03-12_230459_15641_19085.grd /mnt/rasterTmp/r_tmp_2017-03-12_230459_15641_19085.gri /mnt/rasterTmp/r_tmp_2017-03-12_230509_15641_63263.grd /mnt/rasterTmp/r_tmp_2017-03-12_230509_15641_63263.gri /mnt/rasterTmp/r_tmp_2017-03-12_230523_15641_98808.grd /mnt/rasterTmp/r_tmp_2017-03-12_230523_15641_98808.gri /mnt/rasterTmp/r_tmp_2017-03-12_230534_15641_99918.grd /mnt/rasterTmp/r_tmp_2017-03-12_230534_15641_99918.gri /mnt/rasterTmp/r_tmp_2017-03-12_230559_15641_68583.grd /mnt/rasterTmp/r_tmp_2017-03-12_230559_15641_68583.gri /mnt/rasterTmp/r_tmp_2017-03-12_230609_15641_10457.grd /mnt/rasterTmp/r_tmp_2017-03-12_230609_15641_10457.gri /mnt/rasterTmp/r_tmp_2017-03-12_230623_15641_25089.grd /mnt/rasterTmp/r_tmp_2017-03-12_230623_15641_25089.gri /mnt/rasterTmp/r_tmp_2017-03-12_230634_15641_77686.grd /mnt/rasterTmp/r_tmp_2017-03-12_230634_15641_77686.gri /mnt/rasterTmp/r_tmp_2017-03-12_230656_15641_37348.grd /mnt/rasterTmp/r_tmp_2017-03-12_230656_15641_37348.gri /mnt/rasterTmp/r_tmp_2017-03-12_230707_15641_20762.grd /mnt/rasterTmp/r_tmp_2017-03-12_230707_15641_20762.gri /mnt/rasterTmp/r_tmp_2017-03-12_230719_15641_39897.grd /mnt/rasterTmp/r_tmp_2017-03-12_230719_15641_39897.gri /mnt/rasterTmp/r_tmp_2017-03-12_230730_15641_33540.grd /mnt/rasterTmp/r_tmp_2017-03-12_230730_15641_33540.gri /mnt/rasterTmp/r_tmp_2017-03-12_230749_15641_19152.grd /mnt/rasterTmp/r_tmp_2017-03-12_230749_15641_19152.gri /mnt/rasterTmp/r_tmp_2017-03-12_230800_15641_71443.grd /mnt/rasterTmp/r_tmp_2017-03-12_230800_15641_71443.gri /mnt/rasterTmp/r_tmp_2017-03-12_230814_15641_48695.grd /mnt/rasterTmp/r_tmp_2017-03-12_230814_15641_48695.gri /mnt/rasterTmp/r_tmp_2017-03-12_230825_15641_20210.grd /mnt/rasterTmp/r_tmp_2017-03-12_230825_15641_20210.gri /mnt/rasterTmp/r_tmp_2017-03-12_230846_15641_42248.grd /mnt/rasterTmp/r_tmp_2017-03-12_230846_15641_42248.gri /mnt/rasterTmp/r_tmp_2017-03-12_230858_15641_37014.grd /mnt/rasterTmp/r_tmp_2017-03-12_230858_15641_37014.gri /mnt/rasterTmp/r_tmp_2017-03-12_230911_15641_15382.grd /mnt/rasterTmp/r_tmp_2017-03-12_230911_15641_15382.gri /mnt/rasterTmp/r_tmp_2017-03-12_230923_15641_64939.grd /mnt/rasterTmp/r_tmp_2017-03-12_230923_15641_64939.gri /mnt/rasterTmp/r_tmp_2017-03-12_230944_15641_15436.grd /mnt/rasterTmp/r_tmp_2017-03-12_230944_15641_15436.gri /mnt/rasterTmp/r_tmp_2017-03-12_230955_15641_98286.grd /mnt/rasterTmp/r_tmp_2017-03-12_230955_15641_98286.gri /mnt/rasterTmp/r_tmp_2017-03-12_231006_15641_70810.grd /mnt/rasterTmp/r_tmp_2017-03-12_231006_15641_70810.gri /mnt/rasterTmp/r_tmp_2017-03-12_231017_15641_41408.grd /mnt/rasterTmp/r_tmp_2017-03-12_231017_15641_41408.gri /mnt/rasterTmp/r_tmp_2017-03-12_231036_15641_29805.grd /mnt/rasterTmp/r_tmp_2017-03-12_231036_15641_29805.gri /mnt/rasterTmp/r_tmp_2017-03-12_231046_15641_18214.grd /mnt/rasterTmp/r_tmp_2017-03-12_231046_15641_18214.gri /mnt/rasterTmp/r_tmp_2017-03-12_231059_15641_72691.grd /mnt/rasterTmp/r_tmp_2017-03-12_231059_15641_72691.gri /mnt/rasterTmp/r_tmp_2017-03-12_231109_15641_07728.grd /mnt/rasterTmp/r_tmp_2017-03-12_231109_15641_07728.gri /mnt/rasterTmp/r_tmp_2017-03-12_231132_15641_40213.grd /mnt/rasterTmp/r_tmp_2017-03-12_231132_15641_40213.gri /mnt/rasterTmp/r_tmp_2017-03-12_231144_15641_29251.grd /mnt/rasterTmp/r_tmp_2017-03-12_231144_15641_29251.gri /mnt/rasterTmp/r_tmp_2017-03-12_231156_15641_27773.grd /mnt/rasterTmp/r_tmp_2017-03-12_231156_15641_27773.gri /mnt/rasterTmp/r_tmp_2017-03-12_231207_15641_82830.grd /mnt/rasterTmp/r_tmp_2017-03-12_231207_15641_82830.gri /mnt/rasterTmp/r_tmp_2017-03-12_231220_15641_60489.grd /mnt/rasterTmp/r_tmp_2017-03-12_231220_15641_60489.gri /mnt/rasterTmp/r_tmp_2017-03-12_231233_15641_20496.grd /mnt/rasterTmp/r_tmp_2017-03-12_231233_15641_20496.gri /mnt/rasterTmp/r_tmp_2017-03-12_231245_15641_79813.grd /mnt/rasterTmp/r_tmp_2017-03-12_231245_15641_79813.gri /mnt/rasterTmp/r_tmp_2017-03-12_231257_15641_00262.grd /mnt/rasterTmp/r_tmp_2017-03-12_231257_15641_00262.gri /mnt/rasterTmp/r_tmp_2017-03-12_231308_15641_10966.grd /mnt/rasterTmp/r_tmp_2017-03-12_231308_15641_10966.gri /mnt/rasterTmp/r_tmp_2017-03-12_231319_15641_20731.grd /mnt/rasterTmp/r_tmp_2017-03-12_231319_15641_20731.gri /mnt/rasterTmp/r_tmp_2017-03-12_231331_15641_00426.grd /mnt/rasterTmp/r_tmp_2017-03-12_231331_15641_00426.gri /mnt/rasterTmp/r_tmp_2017-03-12_231342_15641_96842.grd /mnt/rasterTmp/r_tmp_2017-03-12_231342_15641_96842.gri /mnt/rasterTmp/r_tmp_2017-03-12_231354_15641_11144.grd /mnt/rasterTmp/r_tmp_2017-03-12_231354_15641_11144.gri /mnt/rasterTmp/r_tmp_2017-03-12_231406_15641_89077.grd /mnt/rasterTmp/r_tmp_2017-03-12_231406_15641_89077.gri /mnt/rasterTmp/r_tmp_2017-03-12_231419_15641_27804.grd /mnt/rasterTmp/r_tmp_2017-03-12_231419_15641_27804.gri /mnt/rasterTmp/r_tmp_2017-03-12_231432_15641_16432.grd /mnt/rasterTmp/r_tmp_2017-03-12_231432_15641_16432.gri /mnt/rasterTmp/r_tmp_2017-03-12_231444_15641_52882.grd /mnt/rasterTmp/r_tmp_2017-03-12_231444_15641_52882.gri /mnt/rasterTmp/r_tmp_2017-03-12_231456_15641_88324.grd /mnt/rasterTmp/r_tmp_2017-03-12_231456_15641_88324.gri /mnt/rasterTmp/r_tmp_2017-03-12_231508_15641_40698.grd /mnt/rasterTmp/r_tmp_2017-03-12_231508_15641_40698.gri /mnt/rasterTmp/r_tmp_2017-03-12_231522_15641_66691.grd /mnt/rasterTmp/r_tmp_2017-03-12_231522_15641_66691.gri /mnt/rasterTmp/r_tmp_2017-03-12_231533_15641_94665.grd /mnt/rasterTmp/r_tmp_2017-03-12_231533_15641_94665.gri /mnt/rasterTmp/r_tmp_2017-03-12_231545_15641_73690.grd /mnt/rasterTmp/r_tmp_2017-03-12_231545_15641_73690.gri /mnt/rasterTmp/r_tmp_2017-03-12_231558_15641_92134.grd /mnt/rasterTmp/r_tmp_2017-03-12_231558_15641_92134.gri /mnt/rasterTmp/r_tmp_2017-03-12_231610_15641_98346.grd /mnt/rasterTmp/r_tmp_2017-03-12_231610_15641_98346.gri /mnt/rasterTmp/r_tmp_2017-03-12_231621_15641_71882.grd /mnt/rasterTmp/r_tmp_2017-03-12_231621_15641_71882.gri /mnt/rasterTmp/r_tmp_2017-03-12_231635_15641_07168.grd /mnt/rasterTmp/r_tmp_2017-03-12_231635_15641_07168.gri /mnt/rasterTmp/r_tmp_2017-03-12_231647_15641_13806.grd /mnt/rasterTmp/r_tmp_2017-03-12_231647_15641_13806.gri /mnt/rasterTmp/r_tmp_2017-03-12_231702_15641_15964.grd /mnt/rasterTmp/r_tmp_2017-03-12_231702_15641_15964.gri /mnt/rasterTmp/r_tmp_2017-03-12_231714_15641_95997.grd /mnt/rasterTmp/r_tmp_2017-03-12_231714_15641_95997.gri /mnt/rasterTmp/r_tmp_2017-03-12_231727_15641_89171.grd /mnt/rasterTmp/r_tmp_2017-03-12_231727_15641_89171.gri /mnt/rasterTmp/r_tmp_2017-03-12_231739_15641_00439.grd /mnt/rasterTmp/r_tmp_2017-03-12_231739_15641_00439.gri /mnt/rasterTmp/r_tmp_2017-03-12_231754_15641_79258.grd /mnt/rasterTmp/r_tmp_2017-03-12_231754_15641_79258.gri /mnt/rasterTmp/r_tmp_2017-03-12_231805_15641_96130.grd /mnt/rasterTmp/r_tmp_2017-03-12_231805_15641_96130.gri /mnt/rasterTmp/r_tmp_2017-03-12_231819_15641_54758.grd /mnt/rasterTmp/r_tmp_2017-03-12_231819_15641_54758.gri /mnt/rasterTmp/r_tmp_2017-03-12_231829_15641_29897.grd /mnt/rasterTmp/r_tmp_2017-03-12_231829_15641_29897.gri /mnt/rasterTmp/r_tmp_2017-03-12_231838_15641_93347.grd /mnt/rasterTmp/r_tmp_2017-03-12_231838_15641_93347.gri /mnt/rasterTmp/r_tmp_2017-03-12_231852_15641_63695.grd /mnt/rasterTmp/r_tmp_2017-03-12_231852_15641_63695.gri /mnt/rasterTmp/r_tmp_2017-03-12_231902_15641_56020.grd /mnt/rasterTmp/r_tmp_2017-03-12_231902_15641_56020.gri /mnt/rasterTmp/r_tmp_2017-03-12_231912_15641_57364.grd /mnt/rasterTmp/r_tmp_2017-03-12_231912_15641_57364.gri /mnt/rasterTmp/r_tmp_2017-03-12_231927_15641_48664.grd /mnt/rasterTmp/r_tmp_2017-03-12_231927_15641_48664.gri /mnt/rasterTmp/r_tmp_2017-03-12_231941_15641_82823.grd /mnt/rasterTmp/r_tmp_2017-03-12_231941_15641_82823.gri /mnt/rasterTmp/r_tmp_2017-03-12_231956_15641_47400.grd /mnt/rasterTmp/r_tmp_2017-03-12_231956_15641_47400.gri /mnt/rasterTmp/r_tmp_2017-03-12_232009_15641_28262.grd /mnt/rasterTmp/r_tmp_2017-03-12_232009_15641_28262.gri /mnt/rasterTmp/r_tmp_2017-03-12_232022_15641_40113.grd /mnt/rasterTmp/r_tmp_2017-03-12_232022_15641_40113.gri /mnt/rasterTmp/r_tmp_2017-03-12_232034_15641_79253.grd /mnt/rasterTmp/r_tmp_2017-03-12_232034_15641_79253.gri /mnt/rasterTmp/r_tmp_2017-03-12_232049_15641_38539.grd /mnt/rasterTmp/r_tmp_2017-03-12_232049_15641_38539.gri /mnt/rasterTmp/r_tmp_2017-03-12_232103_15641_18067.grd /mnt/rasterTmp/r_tmp_2017-03-12_232103_15641_18067.gri /mnt/rasterTmp/r_tmp_2017-03-12_232125_15641_09971.grd /mnt/rasterTmp/r_tmp_2017-03-12_232125_15641_09971.gri /mnt/rasterTmp/r_tmp_2017-03-12_232134_15641_96050.grd /mnt/rasterTmp/r_tmp_2017-03-12_232134_15641_96050.gri /mnt/rasterTmp/r_tmp_2017-03-12_234316_15641_70862.grd /mnt/rasterTmp/r_tmp_2017-03-12_234316_15641_70862.gri /mnt/rasterTmp/r_tmp_2017-03-12_234340_15641_80109.grd /mnt/rasterTmp/r_tmp_2017-03-12_234340_15641_80109.gri /mnt/rasterTmp/r_tmp_2017-03-12_234402_15641_57051.grd /mnt/rasterTmp/r_tmp_2017-03-12_234402_15641_57051.gri /mnt/rasterTmp/r_tmp_2017-03-12_234421_15641_01253.grd /mnt/rasterTmp/r_tmp_2017-03-12_234421_15641_01253.gri /mnt/rasterTmp/r_tmp_2017-03-12_234433_15641_14870.grd /mnt/rasterTmp/r_tmp_2017-03-12_234433_15641_14870.gri /mnt/rasterTmp/r_tmp_2017-03-12_234445_15641_63211.grd /mnt/rasterTmp/r_tmp_2017-03-12_234445_15641_63211.gri /mnt/rasterTmp/r_tmp_2017-03-12_234454_15641_50874.grd /mnt/rasterTmp/r_tmp_2017-03-12_234454_15641_50874.gri /mnt/rasterTmp/r_tmp_2017-03-12_234505_15641_50426.grd /mnt/rasterTmp/r_tmp_2017-03-12_234505_15641_50426.gri /mnt/rasterTmp/r_tmp_2017-03-12_234514_15641_78746.grd /mnt/rasterTmp/r_tmp_2017-03-12_234514_15641_78746.gri /mnt/rasterTmp/r_tmp_2017-03-12_234526_15641_66841.grd /mnt/rasterTmp/r_tmp_2017-03-12_234526_15641_66841.gri /mnt/rasterTmp/r_tmp_2017-03-12_234534_15641_01214.grd /mnt/rasterTmp/r_tmp_2017-03-12_234534_15641_01214.gri /mnt/rasterTmp/r_tmp_2017-03-12_234546_15641_14953.grd /mnt/rasterTmp/r_tmp_2017-03-12_234546_15641_14953.gri /mnt/rasterTmp/r_tmp_2017-03-12_234558_15641_69001.grd /mnt/rasterTmp/r_tmp_2017-03-12_234558_15641_69001.gri /mnt/rasterTmp/r_tmp_2017-03-12_234609_15641_96251.grd /mnt/rasterTmp/r_tmp_2017-03-12_234609_15641_96251.gri /mnt/rasterTmp/r_tmp_2017-03-12_234617_15641_94694.grd /mnt/rasterTmp/r_tmp_2017-03-12_234617_15641_94694.gri /mnt/rasterTmp/r_tmp_2017-03-12_234632_15641_86483.grd /mnt/rasterTmp/r_tmp_2017-03-12_234632_15641_86483.gri /mnt/rasterTmp/r_tmp_2017-03-12_234646_15641_89779.grd /mnt/rasterTmp/r_tmp_2017-03-12_234646_15641_89779.gri /mnt/rasterTmp/r_tmp_2017-03-12_234708_15641_70964.grd /mnt/rasterTmp/r_tmp_2017-03-12_234708_15641_70964.gri /mnt/rasterTmp/r_tmp_2017-03-12_234717_15641_51582.grd /mnt/rasterTmp/r_tmp_2017-03-12_234717_15641_51582.gri /mnt/rasterTmp/r_tmp_2017-03-12_234725_15641_69692.grd /mnt/rasterTmp/r_tmp_2017-03-12_234725_15641_69692.gri /mnt/rasterTmp/r_tmp_2017-03-12_234733_15641_17004.grd /mnt/rasterTmp/r_tmp_2017-03-12_234733_15641_17004.gri /mnt/rasterTmp/r_tmp_2017-03-12_234747_15641_61135.grd /mnt/rasterTmp/r_tmp_2017-03-12_234747_15641_61135.gri /mnt/rasterTmp/r_tmp_2017-03-12_234801_15641_84196.grd /mnt/rasterTmp/r_tmp_2017-03-12_234801_15641_84196.gri /mnt/rasterTmp/r_tmp_2017-03-12_234823_15641_69025.grd /mnt/rasterTmp/r_tmp_2017-03-12_234823_15641_69025.gri /mnt/rasterTmp/r_tmp_2017-03-12_234832_15641_57047.grd /mnt/rasterTmp/r_tmp_2017-03-12_234832_15641_57047.gri /mnt/rasterTmp/r_tmp_2017-03-12_234841_15641_54928.grd /mnt/rasterTmp/r_tmp_2017-03-12_234841_15641_54928.gri /mnt/rasterTmp/r_tmp_2017-03-12_234851_15641_53331.grd /mnt/rasterTmp/r_tmp_2017-03-12_234851_15641_53331.gri /mnt/rasterTmp/r_tmp_2017-03-12_234901_15641_79541.grd /mnt/rasterTmp/r_tmp_2017-03-12_234901_15641_79541.gri /mnt/rasterTmp/r_tmp_2017-03-12_234912_15641_82788.grd /mnt/rasterTmp/r_tmp_2017-03-12_234912_15641_82788.gri /mnt/rasterTmp/r_tmp_2017-03-12_234921_15641_44925.grd /mnt/rasterTmp/r_tmp_2017-03-12_234921_15641_44925.gri /mnt/rasterTmp/r_tmp_2017-03-12_234929_15641_63294.grd /mnt/rasterTmp/r_tmp_2017-03-12_234929_15641_63294.gri /mnt/rasterTmp/r_tmp_2017-03-12_234937_15641_10431.grd /mnt/rasterTmp/r_tmp_2017-03-12_234937_15641_10431.gri /mnt/rasterTmp/r_tmp_2017-03-12_234950_15641_04607.grd /mnt/rasterTmp/r_tmp_2017-03-12_234950_15641_04607.gri /mnt/rasterTmp/r_tmp_2017-03-12_235001_15641_90383.grd /mnt/rasterTmp/r_tmp_2017-03-12_235001_15641_90383.gri /mnt/rasterTmp/r_tmp_2017-03-12_235012_15641_28072.grd /mnt/rasterTmp/r_tmp_2017-03-12_235012_15641_28072.gri /mnt/rasterTmp/r_tmp_2017-03-12_235019_15641_29136.grd /mnt/rasterTmp/r_tmp_2017-03-12_235019_15641_29136.gri /mnt/rasterTmp/r_tmp_2017-03-12_235031_15641_86877.grd /mnt/rasterTmp/r_tmp_2017-03-12_235031_15641_86877.gri /mnt/rasterTmp/r_tmp_2017-03-12_235038_15641_65869.grd /mnt/rasterTmp/r_tmp_2017-03-12_235038_15641_65869.gri /mnt/rasterTmp/r_tmp_2017-03-12_235046_15641_96561.grd /mnt/rasterTmp/r_tmp_2017-03-12_235046_15641_96561.gri /mnt/rasterTmp/r_tmp_2017-03-12_235052_15641_23316.grd /mnt/rasterTmp/r_tmp_2017-03-12_235052_15641_23316.gri /mnt/rasterTmp/r_tmp_2017-03-12_235100_15641_82781.grd /mnt/rasterTmp/r_tmp_2017-03-12_235100_15641_82781.gri /mnt/rasterTmp/r_tmp_2017-03-12_235113_15641_59790.grd /mnt/rasterTmp/r_tmp_2017-03-12_235113_15641_59790.gri /mnt/rasterTmp/r_tmp_2017-03-12_235123_15641_51566.grd /mnt/rasterTmp/r_tmp_2017-03-12_235123_15641_51566.gri /mnt/rasterTmp/r_tmp_2017-03-12_235135_15641_96168.grd /mnt/rasterTmp/r_tmp_2017-03-12_235135_15641_96168.gri /mnt/rasterTmp/r_tmp_2017-03-12_235146_15641_62851.grd /mnt/rasterTmp/r_tmp_2017-03-12_235146_15641_62851.gri /mnt/rasterTmp/r_tmp_2017-03-12_235154_15641_28835.grd /mnt/rasterTmp/r_tmp_2017-03-12_235154_15641_28835.gri /mnt/rasterTmp/r_tmp_2017-03-12_235204_15641_11823.grd /mnt/rasterTmp/r_tmp_2017-03-12_235204_15641_11823.gri /mnt/rasterTmp/r_tmp_2017-03-12_235215_15641_60293.grd /mnt/rasterTmp/r_tmp_2017-03-12_235215_15641_60293.gri /mnt/rasterTmp/r_tmp_2017-03-12_235232_15641_88676.grd /mnt/rasterTmp/r_tmp_2017-03-12_235232_15641_88676.gri /mnt/rasterTmp/r_tmp_2017-03-12_235239_15641_90202.grd /mnt/rasterTmp/r_tmp_2017-03-12_235239_15641_90202.gri /mnt/rasterTmp/r_tmp_2017-03-12_235248_15641_30324.grd /mnt/rasterTmp/r_tmp_2017-03-12_235248_15641_30324.gri /mnt/rasterTmp/r_tmp_2017-03-12_235257_15641_40759.grd /mnt/rasterTmp/r_tmp_2017-03-12_235257_15641_40759.gri /mnt/rasterTmp/r_tmp_2017-03-12_235305_15641_26164.grd /mnt/rasterTmp/r_tmp_2017-03-12_235305_15641_26164.gri /mnt/rasterTmp/r_tmp_2017-03-12_235316_15641_78682.grd /mnt/rasterTmp/r_tmp_2017-03-12_235316_15641_78682.gri /mnt/rasterTmp/r_tmp_2017-03-12_235329_15641_41174.grd /mnt/rasterTmp/r_tmp_2017-03-12_235329_15641_41174.gri /mnt/rasterTmp/r_tmp_2017-03-12_235337_15641_72804.grd /mnt/rasterTmp/r_tmp_2017-03-12_235337_15641_72804.gri /mnt/rasterTmp/r_tmp_2017-03-12_235346_15641_73139.grd /mnt/rasterTmp/r_tmp_2017-03-12_235346_15641_73139.gri /mnt/rasterTmp/r_tmp_2017-03-12_235356_15641_13568.grd /mnt/rasterTmp/r_tmp_2017-03-12_235356_15641_13568.gri /mnt/rasterTmp/r_tmp_2017-03-12_235407_15641_20373.grd /mnt/rasterTmp/r_tmp_2017-03-12_235407_15641_20373.gri /mnt/rasterTmp/r_tmp_2017-03-12_235429_15641_79253.grd /mnt/rasterTmp/r_tmp_2017-03-12_235429_15641_79253.gri /mnt/rasterTmp/r_tmp_2017-03-12_235445_15641_73251.grd /mnt/rasterTmp/r_tmp_2017-03-12_235445_15641_73251.gri /mnt/rasterTmp/r_tmp_2017-03-12_235453_15641_20827.grd /mnt/rasterTmp/r_tmp_2017-03-12_235453_15641_20827.gri /mnt/rasterTmp/r_tmp_2017-03-12_235510_15641_93979.grd /mnt/rasterTmp/r_tmp_2017-03-12_235510_15641_93979.gri /mnt/rasterTmp/r_tmp_2017-03-12_235526_15641_47038.grd /mnt/rasterTmp/r_tmp_2017-03-12_235526_15641_47038.gri /mnt/rasterTmp/r_tmp_2017-03-13_010923_15641_10023.grd /mnt/rasterTmp/r_tmp_2017-03-13_010923_15641_10023.gri /mnt/rasterTmp/r_tmp_2017-03-13_011129_15641_99851.grd /mnt/rasterTmp/r_tmp_2017-03-13_011129_15641_99851.gri /mnt/rasterTmp/r_tmp_2017-03-13_011214_15641_98275.grd /mnt/rasterTmp/r_tmp_2017-03-13_011214_15641_98275.gri
sudo: unable to resolve host fogbow35243
+ echo 'Starting CPU and Memory collect...'
+ sudo bash /tmp/sandbox/67c247c5-d697-4b2c-95f2-268def771d44/SEBAL/scripts/collect-cpu-usage.sh
+ sudo tee /nfs/results//LT52170641984247CUB00/LT52170641984247CUB00_cpu_usage.txt
+ checkProcessOutput
+ sudo tee /nfs/results//LT52170641984247CUB00/LT52170641984247CUB00_mem_usage.txt
+ PROCESS_OUTPUT=0
+ '[' 0 -ne 0 ']'
+ executeRScript
+ sudo bash /tmp/sandbox/67c247c5-d697-4b2c-95f2-268def771d44/SEBAL/scripts/collect-memory-usage.sh
SEBAL/bin/run.sh: line 95: /dev/nul: Permission denied
++ seq 2
+ for i in '`seq $MAX_TRIES`'
+ sudo bash /tmp/sandbox/67c247c5-d697-4b2c-95f2-268def771d44/SEBAL/scripts/executeRScript.sh /tmp/sandbox/67c247c5-d697-4b2c-95f2-268def771d44/SEBAL/workspace/R/AlgoritmoFinal-f1-v02122016.R /tmp/sandbox/67c247c5-d697-4b2c-95f2-268def771d44/SEBAL/workspace/R /mnt
sudo: unable to resolve host fogbow35243
sudo: unable to resolve host fogbow35243
sudo: unable to resolve host fogbow35243
sudo: unable to resolve host fogbow35243
During startup - Warning messages:
1: Setting LC_TIME failed, using "C" 
2: Setting LC_MONETARY failed, using "C" 
3: Setting LC_PAPER failed, using "C" 
4: Setting LC_MEASUREMENT failed, using "C" 
Installing package into ‘/usr/local/lib/R/site-library’
(as ‘lib’ is unspecified)
trying URL 'http://nbcgib.uesc.br/mirrors/cran/src/contrib/snow_0.4-2.tar.gz'
Content type 'application/x-gzip' length 22397 bytes (21 Kb)
opened URL
==================================================
downloaded 21 Kb

During startup - Warning messages:
1: Setting LC_TIME failed, using "C" 
2: Setting LC_MONETARY failed, using "C" 
3: Setting LC_PAPER failed, using "C" 
4: Setting LC_MEASUREMENT failed, using "C" 
* installing *source* package ‘snow’ ...
** package ‘snow’ successfully unpacked and MD5 sums checked
** R
** inst
** preparing package for lazy loading
** help
*** installing help indices
** building package indices
** testing if installed package can be loaded
* DONE (snow)
Installing package into ‘/usr/local/lib/R/site-library’
(as ‘lib’ is unspecified)
trying URL 'http://nbcgib.uesc.br/mirrors/cran/src/contrib/R.utils_2.5.0.tar.gz'
Content type 'application/x-gzip' length 389402 bytes (380 Kb)
opened URL
==================================================
downloaded 380 Kb

During startup - Warning messages:
1: Setting LC_TIME failed, using "C" 
2: Setting LC_MONETARY failed, using "C" 
3: Setting LC_PAPER failed, using "C" 
4: Setting LC_MEASUREMENT failed, using "C" 
* installing *source* package ‘R.utils’ ...
** package ‘R.utils’ successfully unpacked and MD5 sums checked
** R
** inst
** preparing package for lazy loading
Warning in setGenericS3.default(name, export = exportGeneric, envir = envir,  :
  Renamed the preexisting function warnings to warnings.default, which was defined in environment base.
** help
*** installing help indices
** building package indices
** testing if installed package can be loaded
* DONE (R.utils)
Loading required package: R.oo
Loading required package: R.methodsS3
R.methodsS3 v1.7.1 (2016-02-15) successfully loaded. See ?R.methodsS3 for help.
R.oo v1.21.0 (2016-10-30) successfully loaded. See ?R.oo for help.

Attaching package: ‘R.oo’

The following objects are masked from ‘package:base’:

    attach, detach, gc, load, save

R.utils v2.5.0 (2016-11-07) successfully loaded. See ?R.utils for help.

Attaching package: ‘R.utils’

The following object is masked from ‘package:utils’:

    timestamp

The following objects are masked from ‘package:base’:

    cat, commandArgs, getOption, inherits, isOpen, parse, warnings

Loading required package: methods

Attaching package: ‘methods’

The following objects are masked from ‘package:R.oo’:

    getClasses, getMethods

Loading required package: sp

Attaching package: ‘raster’

The following objects are masked from ‘package:R.utils’:

    extract, resample

The following objects are masked from ‘package:R.oo’:

    extend, trim

rgdal: version: 1.1-10, (SVN revision 622)
 Geospatial Data Abstraction Library extensions to R successfully loaded
 Loaded GDAL runtime: GDAL 1.10.1, released 2013/08/26
 Path to GDAL shared files: /usr/share/gdal/1.10
 Loaded PROJ.4 runtime: Rel. 4.8.0, 6 March 2012, [PJ_VERSION: 480]
 Path to PROJ.4 shared files: (autodetected)
 Linking to sp version: 1.2-3 

Attaching package: ‘rgdal’

The following object is masked from ‘package:R.oo’:

    getDescription

Checking rgeos availability: TRUE
Loading required namespace: parallel
During startup - Warning messages:
1: Setting LC_TIME failed, using "C" 
2: Setting LC_MONETARY failed, using "C" 
3: Setting LC_PAPER failed, using "C" 
4: Setting LC_MEASUREMENT failed, using "C" 
During startup - Warning messages:
1: Setting LC_TIME failed, using "C" 
2: Setting LC_MONETARY failed, using "C" 
3: Setting LC_PAPER failed, using "C" 
4: Setting LC_MEASUREMENT failed, using "C" 
During startup - Warning messages:
1: Setting LC_TIME failed, using "C" 
2: Setting LC_MONETARY failed, using "C" 
3: Setting LC_PAPER failed, using "C" 
4: Setting LC_MEASUREMENT failed, using "C" 
During startup - Warning messages:
1: Setting LC_TIME failed, using "C" 
2: Setting LC_MONETARY failed, using "C" 
3: Setting LC_PAPER failed, using "C" 
4: Setting LC_MEASUREMENT failed, using "C" 
During startup - Warning messages:
1: Setting LC_TIME failed, using "C" 
2: Setting LC_MONETARY failed, using "C" 
3: Setting LC_PAPER failed, using "C" 
4: Setting LC_MEASUREMENT failed, using "C" 
During startup - Warning messages:
1: Setting LC_TIME failed, using "C" 
2: Setting LC_MONETARY failed, using "C" 
3: Setting LC_PAPER failed, using "C" 
4: Setting LC_MEASUREMENT failed, using "C" 
During startup - Warning messages:
1: Setting LC_TIME failed, using "C" 
2: Setting LC_MONETARY failed, using "C" 
3: Setting LC_PAPER failed, using "C" 
4: Setting LC_MEASUREMENT failed, using "C" 
Using cluster with 7 nodes
During startup - Warning messages:
1: Setting LC_TIME failed, using "C" 
2: Setting LC_MONETARY failed, using "C" 
3: Setting LC_PAPER failed, using "C" 
4: Setting LC_MEASUREMENT failed, using "C" 
During startup - Warning messages:
1: Setting LC_TIME failed, using "C" 
2: Setting LC_MONETARY failed, using "C" 
3: Setting LC_PAPER failed, using "C" 
4: Setting LC_MEASUREMENT failed, using "C" 
During startup - Warning messages:
1: Setting LC_TIME failed, using "C" 
2: Setting LC_MONETARY failed, using "C" 
3: Setting LC_PAPER failed, using "C" 
4: Setting LC_MEASUREMENT failed, using "C" 
During startup - Warning messages:
1: Setting LC_TIME failed, using "C" 
2: Setting LC_MONETARY failed, using "C" 
3: Setting LC_PAPER failed, using "C" 
4: Setting LC_MEASUREMENT failed, using "C" 
During startup - Warning messages:
1: Setting LC_TIME failed, using "C" 
2: Setting LC_MONETARY failed, using "C" 
3: Setting LC_PAPER failed, using "C" 
4: Setting LC_MEASUREMENT failed, using "C" 
During startup - Warning messages:
1: Setting LC_TIME failed, using "C" 
2: Setting LC_MONETARY failed, using "C" 
3: Setting LC_PAPER failed, using "C" 
4: Setting LC_MEASUREMENT failed, using "C" 
During startup - Warning messages:
1: Setting LC_TIME failed, using "C" 
2: Setting LC_MONETARY failed, using "C" 
3: Setting LC_PAPER failed, using "C" 
4: Setting LC_MEASUREMENT failed, using "C" 
Using cluster with 7 nodes
During startup - Warning messages:
1: Setting LC_TIME failed, using "C" 
2: Setting LC_MONETARY failed, using "C" 
3: Setting LC_PAPER failed, using "C" 
4: Setting LC_MEASUREMENT failed, using "C" 
During startup - Warning messages:
1: Setting LC_TIME failed, using "C" 
2: Setting LC_MONETARY failed, using "C" 
3: Setting LC_PAPER failed, using "C" 
4: Setting LC_MEASUREMENT failed, using "C" 
During startup - Warning messages:
1: Setting LC_TIME failed, using "C" 
2: Setting LC_MONETARY failed, using "C" 
3: Setting LC_PAPER failed, using "C" 
4: Setting LC_MEASUREMENT failed, using "C" 
During startup - Warning messages:
1: Setting LC_TIME failed, using "C" 
2: Setting LC_MONETARY failed, using "C" 
3: Setting LC_PAPER failed, using "C" 
4: Setting LC_MEASUREMENT failed, using "C" 
During startup - Warning messages:
1: Setting LC_TIME failed, using "C" 
2: Setting LC_MONETARY failed, using "C" 
3: Setting LC_PAPER failed, using "C" 
4: Setting LC_MEASUREMENT failed, using "C" 
During startup - Warning messages:
1: Setting LC_TIME failed, using "C" 
2: Setting LC_MONETARY failed, using "C" 
3: Setting LC_PAPER failed, using "C" 
4: Setting LC_MEASUREMENT failed, using "C" 
During startup - Warning messages:
1: Setting LC_TIME failed, using "C" 
2: Setting LC_MONETARY failed, using "C" 
3: Setting LC_PAPER failed, using "C" 
4: Setting LC_MEASUREMENT failed, using "C" 
During startup - Warning messages:
1: Setting LC_TIME failed, using "C" 
2: Setting LC_MONETARY failed, using "C" 
3: Setting LC_PAPER failed, using "C" 
4: Setting LC_MEASUREMENT failed, using "C" 
During startup - Warning messages:
1: Setting LC_TIME failed, using "C" 
2: Setting LC_MONETARY failed, using "C" 
3: Setting LC_PAPER failed, using "C" 
4: Setting LC_MEASUREMENT failed, using "C" 
During startup - Warning messages:
1: Setting LC_TIME failed, using "C" 
2: Setting LC_MONETARY failed, using "C" 
3: Setting LC_PAPER failed, using "C" 
4: Setting LC_MEASUREMENT failed, using "C" 
During startup - Warning messages:
1: Setting LC_TIME failed, using "C" 
2: Setting LC_MONETARY failed, using "C" 
3: Setting LC_PAPER failed, using "C" 
4: Setting LC_MEASUREMENT failed, using "C" 
During startup - Warning messages:
1: Setting LC_TIME failed, using "C" 
2: Setting LC_MONETARY failed, using "C" 
3: Setting LC_PAPER failed, using "C" 
4: Setting LC_MEASUREMENT failed, using "C" 
During startup - Warning messages:
1: Setting LC_TIME failed, using "C" 
2: Setting LC_MONETARY failed, using "C" 
3: Setting LC_PAPER failed, using "C" 
4: Setting LC_MEASUREMENT failed, using "C" 
During startup - Warning messages:
1: Setting LC_TIME failed, using "C" 
2: Setting LC_MONETARY failed, using "C" 
3: Setting LC_PAPER failed, using "C" 
4: Setting LC_MEASUREMENT failed, using "C" 
Using cluster with 7 nodes
Using cluster with 7 nodes
Using cluster with 7 nodes
During startup - Warning messages:
1: Setting LC_TIME failed, using "C" 
2: Setting LC_MONETARY failed, using "C" 
3: Setting LC_PAPER failed, using "C" 
4: Setting LC_MEASUREMENT failed, using "C" 
During startup - Warning messages:
1: Setting LC_TIME failed, using "C" 
2: Setting LC_MONETARY failed, using "C" 
3: Setting LC_PAPER failed, using "C" 
4: Setting LC_MEASUREMENT failed, using "C" 
During startup - Warning messages:
1: Setting LC_TIME failed, using "C" 
2: Setting LC_MONETARY failed, using "C" 
3: Setting LC_PAPER failed, using "C" 
4: Setting LC_MEASUREMENT failed, using "C" 
During startup - Warning messages:
1: Setting LC_TIME failed, using "C" 
2: Setting LC_MONETARY failed, using "C" 
3: Setting LC_PAPER failed, using "C" 
4: Setting LC_MEASUREMENT failed, using "C" 
During startup - Warning messages:
1: Setting LC_TIME failed, using "C" 
2: Setting LC_MONETARY failed, using "C" 
3: Setting LC_PAPER failed, using "C" 
4: Setting LC_MEASUREMENT failed, using "C" 
During startup - Warning messages:
1: Setting LC_TIME failed, using "C" 
2: Setting LC_MONETARY failed, using "C" 
3: Setting LC_PAPER failed, using "C" 
4: Setting LC_MEASUREMENT failed, using "C" 
During startup - Warning messages:
1: Setting LC_TIME failed, using "C" 
2: Setting LC_MONETARY failed, using "C" 
3: Setting LC_PAPER failed, using "C" 
4: Setting LC_MEASUREMENT failed, using "C" 
+ PROCESS_OUTPUT=0
+ echo executeRScript_process_output=0
+ '[' 0 -eq 0 ']'
+ echo 'NUMBER OF TRIES 1'
+ break
+ checkProcessOutput
+ PROCESS_OUTPUT=0
+ '[' 0 -ne 0 ']'
+ finally
+ exit 0
sudo: unable to resolve host fogbow35243
sudo: unable to resolve host fogbow35243
sudo: unable to resolve host fogbow35243
sudo: unable to resolve host fogbow35243
sudo: unable to resolve host fogbow35243
sudo: unable to resolve host fogbow35243
sudo: unable to resolve host fogbow35243
sudo: unable to resolve host fogbow35243
sudo: unable to resolve host fogbow35243
sudo: unable to resolve host fogbow35243
