Ign http://azure.archive.ubuntu.com trusty InRelease
Get:1 http://azure.archive.ubuntu.com trusty-updates InRelease [65.9 kB]
Hit http://azure.archive.ubuntu.com trusty-backports InRelease
Hit http://azure.archive.ubuntu.com trusty Release.gpg
Hit http://azure.archive.ubuntu.com trusty Release
Get:2 http://azure.archive.ubuntu.com trusty-updates/main Sources [393 kB]
Get:3 http://azure.archive.ubuntu.com trusty-updates/restricted Sources [5911 B]
Get:4 http://azure.archive.ubuntu.com trusty-updates/universe Sources [175 kB]
Get:5 http://azure.archive.ubuntu.com trusty-updates/multiverse Sources [7510 B]
Hit http://security.ubuntu.com trusty-security InRelease
Get:6 http://azure.archive.ubuntu.com trusty-updates/main amd64 Packages [958 kB]
Get:7 http://azure.archive.ubuntu.com trusty-updates/restricted amd64 Packages [16.4 kB]
Get:8 http://azure.archive.ubuntu.com trusty-updates/universe amd64 Packages [401 kB]
Get:9 http://azure.archive.ubuntu.com trusty-updates/multiverse amd64 Packages [14.0 kB]
Hit http://azure.archive.ubuntu.com trusty-updates/main Translation-en
Hit http://azure.archive.ubuntu.com trusty-updates/multiverse Translation-en
Hit http://azure.archive.ubuntu.com trusty-updates/restricted Translation-en
Hit http://azure.archive.ubuntu.com trusty-updates/universe Translation-en
Hit http://azure.archive.ubuntu.com trusty-backports/main Sources
Hit http://azure.archive.ubuntu.com trusty-backports/restricted Sources
Hit http://azure.archive.ubuntu.com trusty-backports/universe Sources
Hit http://azure.archive.ubuntu.com trusty-backports/multiverse Sources
Hit http://azure.archive.ubuntu.com trusty-backports/main amd64 Packages
Hit http://azure.archive.ubuntu.com trusty-backports/restricted amd64 Packages
Hit http://azure.archive.ubuntu.com trusty-backports/universe amd64 Packages
Hit http://azure.archive.ubuntu.com trusty-backports/multiverse amd64 Packages
Hit http://azure.archive.ubuntu.com trusty-backports/main Translation-en
Hit http://azure.archive.ubuntu.com trusty-backports/multiverse Translation-en
Hit http://azure.archive.ubuntu.com trusty-backports/restricted Translation-en
Hit http://azure.archive.ubuntu.com trusty-backports/universe Translation-en
Hit http://azure.archive.ubuntu.com trusty/main Sources
Hit http://azure.archive.ubuntu.com trusty/restricted Sources
Hit http://azure.archive.ubuntu.com trusty/universe Sources
Hit http://azure.archive.ubuntu.com trusty/multiverse Sources
Hit http://azure.archive.ubuntu.com trusty/main amd64 Packages
Hit http://azure.archive.ubuntu.com trusty/restricted amd64 Packages
Hit http://azure.archive.ubuntu.com trusty/universe amd64 Packages
Hit http://azure.archive.ubuntu.com trusty/multiverse amd64 Packages
Hit http://azure.archive.ubuntu.com trusty/main Translation-en
Hit http://azure.archive.ubuntu.com trusty/multiverse Translation-en
Hit http://azure.archive.ubuntu.com trusty/restricted Translation-en
Hit http://azure.archive.ubuntu.com trusty/universe Translation-en
Hit http://security.ubuntu.com trusty-security/main Sources
Hit http://security.ubuntu.com trusty-security/universe Sources
Hit http://security.ubuntu.com trusty-security/main amd64 Packages
Hit http://security.ubuntu.com trusty-security/universe amd64 Packages
Hit http://security.ubuntu.com trusty-security/main Translation-en
Hit http://security.ubuntu.com trusty-security/universe Translation-en
Fetched 2037 kB in 4s (496 kB/s)
Reading package lists...
Reading package lists...
Building dependency tree...
Reading state information...
nfs-common is already the newest version.
0 upgraded, 0 newly installed, 0 to remove and 122 not upgraded.
Reading package lists...
Building dependency tree...
Reading state information...
git is already the newest version.
0 upgraded, 0 newly installed, 0 to remove and 122 not upgraded.
target/
target/SEBAL-0.0.1-SNAPSHOT.jar
target/lib/
target/lib/gt-geotiff-2.7.4.jar
target/lib/zip4j-1.2.3.jar
target/lib/beam-geotiff-5.0-SNAPSHOT.jar
target/lib/gdal-1.10.1.jar
target/lib/json-20131018.jar
target/lib/hamcrest-core-1.3.jar
target/lib/xpp3-1.1.4c.jar
target/lib/beam-visat-5.0-SNAPSHOT.jar
target/lib/beam-gpf-5.0-SNAPSHOT.jar
target/lib/gt-opengis-12.3.jar
target/lib/gt-xml-2.7.4.jar
target/lib/hsqldb-1.8.0.7.jar
target/lib/jdom-1.1.3.jar
target/lib/junit-4.11.jar
target/lib/beam-ui-5.0-SNAPSHOT.jar
target/lib/clibwrapper-jiio-1.2-20090918.jar
target/lib/jfreechart-1.0.14.jar
target/lib/gt-main-2.7.4.jar
target/lib/mlibwrapper-jai-1.1.3.jar
target/lib/netcdfAll-4.6.1.jar
target/lib/httpcore-4.3.jar
target/lib/gt-coverage-12.3.jar
target/lib/gt-metadata-12.3.jar
target/lib/jts-1.11.jar
target/lib/jgridshift-1.0.jar
target/lib/miglayout-3.7-swing.jar
target/lib/jdom-1.0.jar
target/lib/jython-2.5.2.jar
target/lib/commons-io-2.4.jar
target/lib/jide-common-3.5.3.jar
target/lib/jai-codec-1.1.3.jar
target/lib/jt-zonalstats-1.3.1.jar
target/lib/commons-cli-1.2.jar
target/lib/beam-visat-rcp-5.0-SNAPSHOT.jar
target/lib/gt-api-2.7.4.jar
target/lib/jide-grids-3.5.3.jar
target/lib/commons-httpclient-3.1.jar
target/lib/commons-lang-2.4.jar
target/lib/commons-codec-1.6.jar
target/lib/xstream-1.4.2.jar
target/lib/jide-components-3.5.3.jar
target/lib/gt-cql-2.7.4.jar
target/lib/imageio-ext-utilities-1.0.8.jar
target/lib/ceres-launcher-0.14-SNAPSHOT.jar
target/lib/tools.jar
target/lib/commons-math3-3.2.jar
target/lib/slf4j-api-1.6.1.jar
target/lib/jai_core-1.1.3.jar
target/lib/ceres-ui-0.14-SNAPSHOT.jar
target/lib/jcommon-1.0.17.jar
target/lib/commons-logging-1.1.3.jar
target/lib/beam-core-5.0-SNAPSHOT.jar
target/lib/gt-wms-2.7.4.jar
target/lib/jai-core-1.1.3.jar
target/lib/jdom2-2.0.4.jar
target/lib/slf4j-jdk14-1.6.1.jar
target/lib/gt-data-12.3.jar
target/lib/gt-render-12.3.jar
target/lib/jide-action-3.5.3.jar
target/lib/ceres-jai-0.14-SNAPSHOT.jar
target/lib/jsr-275-1.0-beta-2.jar
target/lib/Jama-1.0.3.jar
target/lib/gt-epsg-hsql-2.7.4.jar
target/lib/jtar-1.0.4.jar
target/lib/gt-shapefile-12.3.jar
target/lib/beam-landsat-reader-5.0-SNAPSHOT.jar
target/lib/js-1.7R1.jar
target/lib/xmlpull-1.1.3.1.jar
target/lib/jai-imageio-1.2-20090918.jar
target/lib/beam-statistics-op-5.0-SNAPSHOT.jar
target/lib/jt-utils-1.3.1.jar
target/lib/imageio-ext-tiff-1.0.8.jar
target/lib/gt-swing-12.3.jar
target/lib/xpp3_min-1.1.4c.jar
target/lib/ceres-glayer-0.14-SNAPSHOT.jar
target/lib/ceres-binding-0.14-SNAPSHOT.jar
target/lib/jide-dock-3.5.3.jar
target/lib/log4j-1.2.14.jar
target/lib/jnn-1.7.jar
target/lib/mockito-all-1.8.4.jar
target/lib/velocity-1.7.jar
target/lib/jai_imageio-1.1.jar
target/lib/ceres-core-0.14-SNAPSHOT.jar
target/lib/commons-pool-1.5.4.jar
target/lib/commons-collections-3.2.1.jar
target/lib/ceres-metadata-0.14-SNAPSHOT.jar
target/lib/beam-csv-dataio-5.0-SNAPSHOT.jar
target/lib/vecmath-1.3.2.jar
target/lib/jsch-0.1.51.jar
target/lib/javahelp-2.0.02.jar
target/lib/httpclient-4.3.jar
target/lib/gt-referencing-12.3.jar
target/classes/
target/classes/org/
target/classes/org/fogbowcloud/
target/classes/org/fogbowcloud/sebal/
target/classes/org/fogbowcloud/sebal/PixelSample.class
target/classes/org/fogbowcloud/sebal/model/
target/classes/org/fogbowcloud/sebal/model/image/
target/classes/org/fogbowcloud/sebal/model/image/Image.class
target/classes/org/fogbowcloud/sebal/model/image/DefaultImage.class
target/classes/org/fogbowcloud/sebal/model/image/NDVIComparator.class
target/classes/org/fogbowcloud/sebal/model/image/ImagePixelOutput.class
target/classes/org/fogbowcloud/sebal/model/image/BoundingBox.class
target/classes/org/fogbowcloud/sebal/model/image/TSComparator.class
target/classes/org/fogbowcloud/sebal/model/image/HOutput.class
target/classes/org/fogbowcloud/sebal/model/image/GeoLoc.class
target/classes/org/fogbowcloud/sebal/model/image/DefaultImagePixel.class
target/classes/org/fogbowcloud/sebal/model/image/ImagePixel.class
target/classes/org/fogbowcloud/sebal/AbstractPixelQuenteFrioChooser.class
target/classes/org/fogbowcloud/sebal/XPartitionInterval.class
target/classes/org/fogbowcloud/sebal/PixelQuenteFrioChooser.class
target/classes/org/fogbowcloud/sebal/parsers/
target/classes/org/fogbowcloud/sebal/parsers/WeatherStation.class
target/classes/org/fogbowcloud/sebal/parsers/WeatherStation$1.class
target/classes/org/fogbowcloud/sebal/parsers/Elevation.class
target/classes/org/fogbowcloud/sebal/BulkHelper.class
target/classes/org/fogbowcloud/sebal/PreProcessMain.class
target/classes/org/fogbowcloud/sebal/wrapper/
target/classes/org/fogbowcloud/sebal/wrapper/RWrapper.class
target/classes/org/fogbowcloud/sebal/wrapper/TaskType.class
target/classes/org/fogbowcloud/sebal/SEBALHelper.class
target/classes/org/fogbowcloud/sebal/ClusteredPixelQuenteFrioChooser.class
target/classes/org/fogbowcloud/sebal/UTMCoordinate.class
target/classes/org/fogbowcloud/sebal/LatLonCoordinate.class
target/classes/org/fogbowcloud/sebal/BoundingBoxVertice.class
target/maven-archiver/
target/maven-archiver/pom.properties
target/test-classes/
target/test-classes/org/
target/test-classes/org/fogbowcloud/
target/test-classes/org/fogbowcloud/sebal/
target/test-classes/org/fogbowcloud/sebal/TestPreProcessImage.class
target/test-classes/org/fogbowcloud/sebal/model/
target/test-classes/org/fogbowcloud/sebal/model/image/
target/test-classes/org/fogbowcloud/sebal/model/image/TestTSComparator.class
target/test-classes/org/fogbowcloud/sebal/model/image/TestNDVIComparator.class
target/test-classes/org/fogbowcloud/sebal/TestClusteredPixelQuenteFrioChooser.class
target/test-classes/org/fogbowcloud/sebal/TestRWrapper.class
target/test-classes/org/fogbowcloud/sebal/ElevationTest.class
target/test-classes/org/fogbowcloud/sebal/TestPixelQuenteFrioChooser.class
target/test-classes/org/fogbowcloud/sebal/TestBulkHelper.class
Verifying dependencies for R script
> rm(list=ls())
> 
> args = commandArgs(trailingOnly=TRUE)
> pkg<-args[1]
> 
> exists <- pkg %in% rownames(installed.packages())
> 
> if(isTRUE(exists)) {
+   quit(save = "no", status = 0, runLast = TRUE)
+ }
raster is installed
> rm(list=ls())
> 
> args = commandArgs(trailingOnly=TRUE)
> pkg<-args[1]
> 
> exists <- pkg %in% rownames(installed.packages())
> 
> if(isTRUE(exists)) {
+   quit(save = "no", status = 0, runLast = TRUE)
+ }
rgeos is installed
> rm(list=ls())
> 
> args = commandArgs(trailingOnly=TRUE)
> pkg<-args[1]
> 
> exists <- pkg %in% rownames(installed.packages())
> 
> if(isTRUE(exists)) {
+   quit(save = "no", status = 0, runLast = TRUE)
+ }
rgdal is installed
> rm(list=ls())
> 
> args = commandArgs(trailingOnly=TRUE)
> pkg<-args[1]
> 
> exists <- pkg %in% rownames(installed.packages())
> 
> if(isTRUE(exists)) {
+   quit(save = "no", status = 0, runLast = TRUE)
+ }
maptools is installed
> rm(list=ls())
> 
> args = commandArgs(trailingOnly=TRUE)
> pkg<-args[1]
> 
> exists <- pkg %in% rownames(installed.packages())
> 
> if(isTRUE(exists)) {
+   quit(save = "no", status = 0, runLast = TRUE)
+ }
ncdf4 is installed
> rm(list=ls())
> 
> args = commandArgs(trailingOnly=TRUE)
> pkg<-args[1]
> 
> exists <- pkg %in% rownames(installed.packages())
> 
> if(isTRUE(exists)) {
+   quit(save = "no", status = 0, runLast = TRUE)
+ }
sp is installed
No missing dependencies
Directory /nfs already mounted.
