+ IMAGE_NAME=LT52170641986204CUB00
+ IMAGES_DIR_PATH=/nfs/images/
+ RESULTS_DIR_PATH=/nfs/results/
+ OUTPUT_IMAGE_DIR=/nfs/results/LT52170641986204CUB00
+ IMAGE_MTL_PATH=/nfs/images/LT52170641986204CUB00/LT52170641986204CUB00_MTL.txt
+ IMAGE_MTL_FMASK_PATH=/nfs/images/LT52170641986204CUB00/LT52170641986204CUB00_MTLFmask
+ IMAGE_STATION_FILE_PATH=/nfs/results/LT52170641986204CUB00/LT52170641986204CUB00_station.csv
++ pwd
+ SANDBOX=/tmp/sandbox/f3d9e3a4-31a4-4756-862a-f6516535d7d2
+ CONF_FILE=sebal.conf
+ LIBRARY_PATH=/usr/local/lib
+ BOUNDING_BOX_PATH=example/boundingbox_vertices
+ TMP_DIR_PATH=/mnt
+ R_EXEC_DIR=
+ R_ALGORITHM_VERSION=AlgoritmoFinal-f1-v02122016.R
+ R_RASTER_TMP_DIR=/mnt/rasterTmp
+ MAX_TRIES=2
+ OUTPUT_IMAGE_DIR=/nfs/results//LT52170641986204CUB00
+ SCRIPTS_DIR=scripts
+ SEBAL_DIR_PATH=
+ LOG4J_PATH=
+ untarImageAndPrepareDirs
+ cd /nfs/images/
+ echo 'Image file name is LT52170641986204CUB00'
+ echo 'Untaring image LT52170641986204CUB00'
+ cd /nfs/images//LT52170641986204CUB00
+ sudo tar -xvzf LT52170641986204CUB00.tar.gz
sudo: unable to resolve host fogbow19345
+ echo 'Creating image output directory'
+ sudo mkdir -p /nfs/results//LT52170641986204CUB00
sudo: unable to resolve host fogbow19345
+ cd /tmp/sandbox/f3d9e3a4-31a4-4756-862a-f6516535d7d2
+ checkProcessOutput
+ PROCESS_OUTPUT=0
+ '[' 0 -ne 0 ']'
+ preProcessImage
+ SEBAL_DIR_PATH=/tmp/sandbox/f3d9e3a4-31a4-4756-862a-f6516535d7d2/SEBAL
+ R_EXEC_DIR=/tmp/sandbox/f3d9e3a4-31a4-4756-862a-f6516535d7d2/SEBAL/workspace/R
+ LOG4J_PATH=/tmp/sandbox/f3d9e3a4-31a4-4756-862a-f6516535d7d2/SEBAL/log4j.properties
+ cd /tmp/sandbox/f3d9e3a4-31a4-4756-862a-f6516535d7d2/SEBAL
+ sudo java -Xdebug -Xrunjdwp:server=y,transport=dt_socket,address=4000,suspend=n -Dlog4j.configuration=file:/tmp/sandbox/f3d9e3a4-31a4-4756-862a-f6516535d7d2/SEBAL/log4j.properties -Djava.library.path=/usr/local/lib -cp 'target/SEBAL-0.0.1-SNAPSHOT.jar:target/lib/*' org.fogbowcloud.sebal.PreProcessMain /nfs/images// /nfs/images/LT52170641986204CUB00/LT52170641986204CUB00_MTL.txt /nfs/results// 0 0 9000 9000 1 1 /tmp/sandbox/f3d9e3a4-31a4-4756-862a-f6516535d7d2/SEBAL/example/boundingbox_vertices /tmp/sandbox/f3d9e3a4-31a4-4756-862a-f6516535d7d2/SEBAL/sebal.conf /nfs/images/LT52170641986204CUB00/LT52170641986204CUB00_MTLFmask
sudo: unable to resolve host fogbow19345
Mar 11, 2017 3:01:38 AM org.geotools.referencing.factory.epsg.ThreadedHsqlEpsgFactory createDataSource
INFO: Building new data source for org.geotools.referencing.factory.epsg.ThreadedHsqlEpsgFactory
Mar 11, 2017 3:01:38 AM org.geotools.referencing.factory.epsg.ThreadedHsqlEpsgFactory createBackingStore
INFO: Building backing store for org.geotools.referencing.factory.epsg.ThreadedHsqlEpsgFactory
+ sudo chmod 777 /nfs/results/LT52170641986204CUB00/LT52170641986204CUB00_station.csv
sudo: unable to resolve host fogbow19345
+ echo -e '\n'
+ cd ..
+ checkProcessOutput
+ PROCESS_OUTPUT=0
+ '[' 0 -ne 0 ']'
+ creatingDadosCSV
+ echo 'Creating dados.csv for image LT52170641986204CUB00'
+ cd /tmp/sandbox/f3d9e3a4-31a4-4756-862a-f6516535d7d2/SEBAL/workspace/R
+ echo 'File images;MTL;File Station Weather;File Fmask;Path Output'
+ echo '/nfs/images//LT52170641986204CUB00;/nfs/images/LT52170641986204CUB00/LT52170641986204CUB00_MTL.txt;/nfs/results/LT52170641986204CUB00/LT52170641986204CUB00_station.csv;/nfs/images/LT52170641986204CUB00/LT52170641986204CUB00_MTLFmask;/nfs/results//LT52170641986204CUB00'
+ checkProcessOutput
+ PROCESS_OUTPUT=0
+ '[' 0 -ne 0 ']'
+ prepareEnvAndCollectUsage
+ '[' '!' -d /mnt/rasterTmp ']'
++ wc -l
++ ls -1 /mnt/rasterTmp/r_tmp_2017-03-11_001451_6682_80244.grd /mnt/rasterTmp/r_tmp_2017-03-11_001451_6682_80244.gri /mnt/rasterTmp/r_tmp_2017-03-11_001744_6682_99960.grd /mnt/rasterTmp/r_tmp_2017-03-11_001744_6682_99960.gri /mnt/rasterTmp/r_tmp_2017-03-11_001836_6682_84751.grd /mnt/rasterTmp/r_tmp_2017-03-11_001836_6682_84751.gri /mnt/rasterTmp/r_tmp_2017-03-11_001907_6682_25603.grd /mnt/rasterTmp/r_tmp_2017-03-11_001907_6682_25603.gri /mnt/rasterTmp/r_tmp_2017-03-11_003754_6682_22440.grd /mnt/rasterTmp/r_tmp_2017-03-11_003754_6682_22440.gri /mnt/rasterTmp/r_tmp_2017-03-11_004045_6682_86761.grd /mnt/rasterTmp/r_tmp_2017-03-11_004045_6682_86761.gri /mnt/rasterTmp/r_tmp_2017-03-11_004100_6682_92611.grd /mnt/rasterTmp/r_tmp_2017-03-11_004100_6682_92611.gri /mnt/rasterTmp/r_tmp_2017-03-11_004110_6682_44268.grd /mnt/rasterTmp/r_tmp_2017-03-11_004110_6682_44268.gri /mnt/rasterTmp/r_tmp_2017-03-11_004124_6682_73434.grd /mnt/rasterTmp/r_tmp_2017-03-11_004124_6682_73434.gri /mnt/rasterTmp/r_tmp_2017-03-11_004135_6682_99832.grd /mnt/rasterTmp/r_tmp_2017-03-11_004135_6682_99832.gri /mnt/rasterTmp/r_tmp_2017-03-11_004156_6682_55566.grd /mnt/rasterTmp/r_tmp_2017-03-11_004156_6682_55566.gri /mnt/rasterTmp/r_tmp_2017-03-11_004207_6682_58180.grd /mnt/rasterTmp/r_tmp_2017-03-11_004207_6682_58180.gri /mnt/rasterTmp/r_tmp_2017-03-11_004219_6682_95255.grd /mnt/rasterTmp/r_tmp_2017-03-11_004219_6682_95255.gri /mnt/rasterTmp/r_tmp_2017-03-11_004229_6682_76537.grd /mnt/rasterTmp/r_tmp_2017-03-11_004229_6682_76537.gri /mnt/rasterTmp/r_tmp_2017-03-11_004247_6682_39451.grd /mnt/rasterTmp/r_tmp_2017-03-11_004247_6682_39451.gri /mnt/rasterTmp/r_tmp_2017-03-11_004258_6682_66012.grd /mnt/rasterTmp/r_tmp_2017-03-11_004258_6682_66012.gri /mnt/rasterTmp/r_tmp_2017-03-11_004309_6682_73830.grd /mnt/rasterTmp/r_tmp_2017-03-11_004309_6682_73830.gri /mnt/rasterTmp/r_tmp_2017-03-11_004320_6682_83959.grd /mnt/rasterTmp/r_tmp_2017-03-11_004320_6682_83959.gri /mnt/rasterTmp/r_tmp_2017-03-11_004340_6682_07027.grd /mnt/rasterTmp/r_tmp_2017-03-11_004340_6682_07027.gri /mnt/rasterTmp/r_tmp_2017-03-11_004352_6682_30112.grd /mnt/rasterTmp/r_tmp_2017-03-11_004352_6682_30112.gri /mnt/rasterTmp/r_tmp_2017-03-11_004405_6682_64697.grd /mnt/rasterTmp/r_tmp_2017-03-11_004405_6682_64697.gri /mnt/rasterTmp/r_tmp_2017-03-11_004416_6682_83971.grd /mnt/rasterTmp/r_tmp_2017-03-11_004416_6682_83971.gri /mnt/rasterTmp/r_tmp_2017-03-11_004437_6682_49940.grd /mnt/rasterTmp/r_tmp_2017-03-11_004437_6682_49940.gri /mnt/rasterTmp/r_tmp_2017-03-11_004448_6682_58730.grd /mnt/rasterTmp/r_tmp_2017-03-11_004448_6682_58730.gri /mnt/rasterTmp/r_tmp_2017-03-11_004501_6682_96271.grd /mnt/rasterTmp/r_tmp_2017-03-11_004501_6682_96271.gri /mnt/rasterTmp/r_tmp_2017-03-11_004512_6682_35056.grd /mnt/rasterTmp/r_tmp_2017-03-11_004512_6682_35056.gri /mnt/rasterTmp/r_tmp_2017-03-11_004533_6682_81188.grd /mnt/rasterTmp/r_tmp_2017-03-11_004533_6682_81188.gri /mnt/rasterTmp/r_tmp_2017-03-11_004544_6682_54223.grd /mnt/rasterTmp/r_tmp_2017-03-11_004544_6682_54223.gri /mnt/rasterTmp/r_tmp_2017-03-11_004557_6682_20665.grd /mnt/rasterTmp/r_tmp_2017-03-11_004557_6682_20665.gri /mnt/rasterTmp/r_tmp_2017-03-11_004609_6682_14341.grd /mnt/rasterTmp/r_tmp_2017-03-11_004609_6682_14341.gri /mnt/rasterTmp/r_tmp_2017-03-11_004628_6682_87698.grd /mnt/rasterTmp/r_tmp_2017-03-11_004628_6682_87698.gri /mnt/rasterTmp/r_tmp_2017-03-11_004637_6682_84849.grd /mnt/rasterTmp/r_tmp_2017-03-11_004637_6682_84849.gri /mnt/rasterTmp/r_tmp_2017-03-11_004651_6682_02082.grd /mnt/rasterTmp/r_tmp_2017-03-11_004651_6682_02082.gri /mnt/rasterTmp/r_tmp_2017-03-11_004702_6682_83502.grd /mnt/rasterTmp/r_tmp_2017-03-11_004702_6682_83502.gri /mnt/rasterTmp/r_tmp_2017-03-11_004722_6682_14656.grd /mnt/rasterTmp/r_tmp_2017-03-11_004722_6682_14656.gri /mnt/rasterTmp/r_tmp_2017-03-11_004732_6682_70024.grd /mnt/rasterTmp/r_tmp_2017-03-11_004732_6682_70024.gri /mnt/rasterTmp/r_tmp_2017-03-11_004744_6682_65475.grd /mnt/rasterTmp/r_tmp_2017-03-11_004744_6682_65475.gri /mnt/rasterTmp/r_tmp_2017-03-11_004755_6682_24042.grd /mnt/rasterTmp/r_tmp_2017-03-11_004755_6682_24042.gri /mnt/rasterTmp/r_tmp_2017-03-11_004807_6682_19345.grd /mnt/rasterTmp/r_tmp_2017-03-11_004807_6682_19345.gri /mnt/rasterTmp/r_tmp_2017-03-11_004818_6682_16918.grd /mnt/rasterTmp/r_tmp_2017-03-11_004818_6682_16918.gri /mnt/rasterTmp/r_tmp_2017-03-11_004830_6682_11437.grd /mnt/rasterTmp/r_tmp_2017-03-11_004830_6682_11437.gri /mnt/rasterTmp/r_tmp_2017-03-11_004842_6682_25223.grd /mnt/rasterTmp/r_tmp_2017-03-11_004842_6682_25223.gri /mnt/rasterTmp/r_tmp_2017-03-11_004854_6682_36772.grd /mnt/rasterTmp/r_tmp_2017-03-11_004854_6682_36772.gri /mnt/rasterTmp/r_tmp_2017-03-11_004905_6682_23072.grd /mnt/rasterTmp/r_tmp_2017-03-11_004905_6682_23072.gri /mnt/rasterTmp/r_tmp_2017-03-11_004916_6682_16154.grd /mnt/rasterTmp/r_tmp_2017-03-11_004916_6682_16154.gri /mnt/rasterTmp/r_tmp_2017-03-11_004927_6682_66170.grd /mnt/rasterTmp/r_tmp_2017-03-11_004927_6682_66170.gri /mnt/rasterTmp/r_tmp_2017-03-11_004940_6682_02647.grd /mnt/rasterTmp/r_tmp_2017-03-11_004940_6682_02647.gri /mnt/rasterTmp/r_tmp_2017-03-11_004952_6682_50975.grd /mnt/rasterTmp/r_tmp_2017-03-11_004952_6682_50975.gri /mnt/rasterTmp/r_tmp_2017-03-11_005004_6682_99156.grd /mnt/rasterTmp/r_tmp_2017-03-11_005004_6682_99156.gri /mnt/rasterTmp/r_tmp_2017-03-11_005015_6682_38766.grd /mnt/rasterTmp/r_tmp_2017-03-11_005015_6682_38766.gri /mnt/rasterTmp/r_tmp_2017-03-11_005027_6682_40753.grd /mnt/rasterTmp/r_tmp_2017-03-11_005027_6682_40753.gri /mnt/rasterTmp/r_tmp_2017-03-11_005037_6682_27541.grd /mnt/rasterTmp/r_tmp_2017-03-11_005037_6682_27541.gri /mnt/rasterTmp/r_tmp_2017-03-11_005048_6682_12358.grd /mnt/rasterTmp/r_tmp_2017-03-11_005048_6682_12358.gri /mnt/rasterTmp/r_tmp_2017-03-11_005102_6682_16819.grd /mnt/rasterTmp/r_tmp_2017-03-11_005102_6682_16819.gri /mnt/rasterTmp/r_tmp_2017-03-11_005112_6682_12955.grd /mnt/rasterTmp/r_tmp_2017-03-11_005112_6682_12955.gri /mnt/rasterTmp/r_tmp_2017-03-11_005124_6682_71326.grd /mnt/rasterTmp/r_tmp_2017-03-11_005124_6682_71326.gri /mnt/rasterTmp/r_tmp_2017-03-11_005134_6682_62656.grd /mnt/rasterTmp/r_tmp_2017-03-11_005134_6682_62656.gri /mnt/rasterTmp/r_tmp_2017-03-11_005144_6682_03945.grd /mnt/rasterTmp/r_tmp_2017-03-11_005144_6682_03945.gri /mnt/rasterTmp/r_tmp_2017-03-11_005155_6682_59417.grd /mnt/rasterTmp/r_tmp_2017-03-11_005155_6682_59417.gri /mnt/rasterTmp/r_tmp_2017-03-11_005211_6682_34346.grd /mnt/rasterTmp/r_tmp_2017-03-11_005211_6682_34346.gri /mnt/rasterTmp/r_tmp_2017-03-11_005221_6682_61116.grd /mnt/rasterTmp/r_tmp_2017-03-11_005221_6682_61116.gri /mnt/rasterTmp/r_tmp_2017-03-11_005234_6682_97853.grd /mnt/rasterTmp/r_tmp_2017-03-11_005234_6682_97853.gri /mnt/rasterTmp/r_tmp_2017-03-11_005246_6682_02605.grd /mnt/rasterTmp/r_tmp_2017-03-11_005246_6682_02605.gri /mnt/rasterTmp/r_tmp_2017-03-11_005259_6682_45743.grd /mnt/rasterTmp/r_tmp_2017-03-11_005259_6682_45743.gri /mnt/rasterTmp/r_tmp_2017-03-11_005310_6682_21050.grd /mnt/rasterTmp/r_tmp_2017-03-11_005310_6682_21050.gri /mnt/rasterTmp/r_tmp_2017-03-11_005324_6682_84550.grd /mnt/rasterTmp/r_tmp_2017-03-11_005324_6682_84550.gri /mnt/rasterTmp/r_tmp_2017-03-11_005336_6682_45755.grd /mnt/rasterTmp/r_tmp_2017-03-11_005336_6682_45755.gri /mnt/rasterTmp/r_tmp_2017-03-11_005350_6682_90763.grd /mnt/rasterTmp/r_tmp_2017-03-11_005350_6682_90763.gri /mnt/rasterTmp/r_tmp_2017-03-11_005402_6682_08997.grd /mnt/rasterTmp/r_tmp_2017-03-11_005402_6682_08997.gri /mnt/rasterTmp/r_tmp_2017-03-11_005413_6682_48672.grd /mnt/rasterTmp/r_tmp_2017-03-11_005413_6682_48672.gri /mnt/rasterTmp/r_tmp_2017-03-11_005427_6682_35585.grd /mnt/rasterTmp/r_tmp_2017-03-11_005427_6682_35585.gri /mnt/rasterTmp/r_tmp_2017-03-11_005438_6682_61573.grd /mnt/rasterTmp/r_tmp_2017-03-11_005438_6682_61573.gri /mnt/rasterTmp/r_tmp_2017-03-11_005447_6682_06475.grd /mnt/rasterTmp/r_tmp_2017-03-11_005447_6682_06475.gri /mnt/rasterTmp/r_tmp_2017-03-11_005500_6682_88766.grd /mnt/rasterTmp/r_tmp_2017-03-11_005500_6682_88766.gri /mnt/rasterTmp/r_tmp_2017-03-11_005514_6682_10105.grd /mnt/rasterTmp/r_tmp_2017-03-11_005514_6682_10105.gri /mnt/rasterTmp/r_tmp_2017-03-11_005527_6682_64553.grd /mnt/rasterTmp/r_tmp_2017-03-11_005527_6682_64553.gri /mnt/rasterTmp/r_tmp_2017-03-11_005541_6682_72221.grd /mnt/rasterTmp/r_tmp_2017-03-11_005541_6682_72221.gri /mnt/rasterTmp/r_tmp_2017-03-11_005552_6682_48855.grd /mnt/rasterTmp/r_tmp_2017-03-11_005552_6682_48855.gri /mnt/rasterTmp/r_tmp_2017-03-11_005603_6682_66688.grd /mnt/rasterTmp/r_tmp_2017-03-11_005603_6682_66688.gri /mnt/rasterTmp/r_tmp_2017-03-11_005616_6682_42378.grd /mnt/rasterTmp/r_tmp_2017-03-11_005616_6682_42378.gri /mnt/rasterTmp/r_tmp_2017-03-11_005630_6682_23143.grd /mnt/rasterTmp/r_tmp_2017-03-11_005630_6682_23143.gri /mnt/rasterTmp/r_tmp_2017-03-11_005650_6682_94399.grd /mnt/rasterTmp/r_tmp_2017-03-11_005650_6682_94399.gri /mnt/rasterTmp/r_tmp_2017-03-11_005658_6682_33954.grd /mnt/rasterTmp/r_tmp_2017-03-11_005658_6682_33954.gri /mnt/rasterTmp/r_tmp_2017-03-11_011748_6682_61916.grd /mnt/rasterTmp/r_tmp_2017-03-11_011748_6682_61916.gri /mnt/rasterTmp/r_tmp_2017-03-11_011808_6682_91424.grd /mnt/rasterTmp/r_tmp_2017-03-11_011808_6682_91424.gri /mnt/rasterTmp/r_tmp_2017-03-11_011828_6682_79093.grd /mnt/rasterTmp/r_tmp_2017-03-11_011828_6682_79093.gri /mnt/rasterTmp/r_tmp_2017-03-11_011845_6682_86679.grd /mnt/rasterTmp/r_tmp_2017-03-11_011845_6682_86679.gri /mnt/rasterTmp/r_tmp_2017-03-11_011856_6682_63073.grd /mnt/rasterTmp/r_tmp_2017-03-11_011856_6682_63073.gri /mnt/rasterTmp/r_tmp_2017-03-11_011906_6682_09976.grd /mnt/rasterTmp/r_tmp_2017-03-11_011906_6682_09976.gri /mnt/rasterTmp/r_tmp_2017-03-11_011915_6682_03526.grd /mnt/rasterTmp/r_tmp_2017-03-11_011915_6682_03526.gri /mnt/rasterTmp/r_tmp_2017-03-11_011927_6682_30539.grd /mnt/rasterTmp/r_tmp_2017-03-11_011927_6682_30539.gri /mnt/rasterTmp/r_tmp_2017-03-11_011935_6682_86543.grd /mnt/rasterTmp/r_tmp_2017-03-11_011935_6682_86543.gri /mnt/rasterTmp/r_tmp_2017-03-11_011946_6682_69709.grd /mnt/rasterTmp/r_tmp_2017-03-11_011946_6682_69709.gri /mnt/rasterTmp/r_tmp_2017-03-11_011955_6682_94466.grd /mnt/rasterTmp/r_tmp_2017-03-11_011955_6682_94466.gri /mnt/rasterTmp/r_tmp_2017-03-11_012006_6682_13544.grd /mnt/rasterTmp/r_tmp_2017-03-11_012006_6682_13544.gri /mnt/rasterTmp/r_tmp_2017-03-11_012015_6682_88281.grd /mnt/rasterTmp/r_tmp_2017-03-11_012015_6682_88281.gri /mnt/rasterTmp/r_tmp_2017-03-11_012025_6682_88738.grd /mnt/rasterTmp/r_tmp_2017-03-11_012025_6682_88738.gri /mnt/rasterTmp/r_tmp_2017-03-11_012033_6682_03445.grd /mnt/rasterTmp/r_tmp_2017-03-11_012033_6682_03445.gri /mnt/rasterTmp/r_tmp_2017-03-11_012048_6682_64340.grd /mnt/rasterTmp/r_tmp_2017-03-11_012048_6682_64340.gri /mnt/rasterTmp/r_tmp_2017-03-11_012101_6682_56883.grd /mnt/rasterTmp/r_tmp_2017-03-11_012101_6682_56883.gri /mnt/rasterTmp/r_tmp_2017-03-11_012122_6682_90016.grd /mnt/rasterTmp/r_tmp_2017-03-11_012122_6682_90016.gri /mnt/rasterTmp/r_tmp_2017-03-11_012130_6682_07143.grd /mnt/rasterTmp/r_tmp_2017-03-11_012130_6682_07143.gri /mnt/rasterTmp/r_tmp_2017-03-11_012138_6682_01901.grd /mnt/rasterTmp/r_tmp_2017-03-11_012138_6682_01901.gri /mnt/rasterTmp/r_tmp_2017-03-11_012146_6682_93905.grd /mnt/rasterTmp/r_tmp_2017-03-11_012146_6682_93905.gri /mnt/rasterTmp/r_tmp_2017-03-11_012158_6682_53239.grd /mnt/rasterTmp/r_tmp_2017-03-11_012158_6682_53239.gri /mnt/rasterTmp/r_tmp_2017-03-11_012212_6682_37306.grd /mnt/rasterTmp/r_tmp_2017-03-11_012212_6682_37306.gri /mnt/rasterTmp/r_tmp_2017-03-11_012233_6682_92357.grd /mnt/rasterTmp/r_tmp_2017-03-11_012233_6682_92357.gri /mnt/rasterTmp/r_tmp_2017-03-11_012241_6682_38296.grd /mnt/rasterTmp/r_tmp_2017-03-11_012241_6682_38296.gri /mnt/rasterTmp/r_tmp_2017-03-11_012249_6682_26026.grd /mnt/rasterTmp/r_tmp_2017-03-11_012249_6682_26026.gri /mnt/rasterTmp/r_tmp_2017-03-11_012300_6682_20717.grd /mnt/rasterTmp/r_tmp_2017-03-11_012300_6682_20717.gri /mnt/rasterTmp/r_tmp_2017-03-11_012308_6682_73631.grd /mnt/rasterTmp/r_tmp_2017-03-11_012308_6682_73631.gri /mnt/rasterTmp/r_tmp_2017-03-11_012319_6682_88372.grd /mnt/rasterTmp/r_tmp_2017-03-11_012319_6682_88372.gri /mnt/rasterTmp/r_tmp_2017-03-11_012328_6682_46988.grd /mnt/rasterTmp/r_tmp_2017-03-11_012328_6682_46988.gri /mnt/rasterTmp/r_tmp_2017-03-11_012336_6682_45421.grd /mnt/rasterTmp/r_tmp_2017-03-11_012336_6682_45421.gri /mnt/rasterTmp/r_tmp_2017-03-11_012344_6682_43426.grd /mnt/rasterTmp/r_tmp_2017-03-11_012344_6682_43426.gri /mnt/rasterTmp/r_tmp_2017-03-11_012357_6682_70111.grd /mnt/rasterTmp/r_tmp_2017-03-11_012357_6682_70111.gri /mnt/rasterTmp/r_tmp_2017-03-11_012408_6682_18724.grd /mnt/rasterTmp/r_tmp_2017-03-11_012408_6682_18724.gri /mnt/rasterTmp/r_tmp_2017-03-11_012418_6682_14386.grd /mnt/rasterTmp/r_tmp_2017-03-11_012418_6682_14386.gri /mnt/rasterTmp/r_tmp_2017-03-11_012425_6682_71071.grd /mnt/rasterTmp/r_tmp_2017-03-11_012425_6682_71071.gri /mnt/rasterTmp/r_tmp_2017-03-11_012437_6682_12961.grd /mnt/rasterTmp/r_tmp_2017-03-11_012437_6682_12961.gri /mnt/rasterTmp/r_tmp_2017-03-11_012444_6682_62065.grd /mnt/rasterTmp/r_tmp_2017-03-11_012444_6682_62065.gri /mnt/rasterTmp/r_tmp_2017-03-11_012451_6682_99763.grd /mnt/rasterTmp/r_tmp_2017-03-11_012451_6682_99763.gri /mnt/rasterTmp/r_tmp_2017-03-11_012458_6682_89322.grd /mnt/rasterTmp/r_tmp_2017-03-11_012458_6682_89322.gri /mnt/rasterTmp/r_tmp_2017-03-11_012506_6682_60047.grd /mnt/rasterTmp/r_tmp_2017-03-11_012506_6682_60047.gri /mnt/rasterTmp/r_tmp_2017-03-11_012518_6682_73263.grd /mnt/rasterTmp/r_tmp_2017-03-11_012518_6682_73263.gri /mnt/rasterTmp/r_tmp_2017-03-11_012529_6682_27278.grd /mnt/rasterTmp/r_tmp_2017-03-11_012529_6682_27278.gri /mnt/rasterTmp/r_tmp_2017-03-11_012540_6682_98025.grd /mnt/rasterTmp/r_tmp_2017-03-11_012540_6682_98025.gri /mnt/rasterTmp/r_tmp_2017-03-11_012550_6682_56109.grd /mnt/rasterTmp/r_tmp_2017-03-11_012550_6682_56109.gri /mnt/rasterTmp/r_tmp_2017-03-11_012559_6682_27855.grd /mnt/rasterTmp/r_tmp_2017-03-11_012559_6682_27855.gri /mnt/rasterTmp/r_tmp_2017-03-11_012610_6682_33917.grd /mnt/rasterTmp/r_tmp_2017-03-11_012610_6682_33917.gri /mnt/rasterTmp/r_tmp_2017-03-11_012621_6682_86483.grd /mnt/rasterTmp/r_tmp_2017-03-11_012621_6682_86483.gri /mnt/rasterTmp/r_tmp_2017-03-11_012637_6682_55944.grd /mnt/rasterTmp/r_tmp_2017-03-11_012637_6682_55944.gri /mnt/rasterTmp/r_tmp_2017-03-11_012645_6682_65622.grd /mnt/rasterTmp/r_tmp_2017-03-11_012645_6682_65622.gri /mnt/rasterTmp/r_tmp_2017-03-11_012654_6682_94079.grd /mnt/rasterTmp/r_tmp_2017-03-11_012654_6682_94079.gri /mnt/rasterTmp/r_tmp_2017-03-11_012702_6682_60870.grd /mnt/rasterTmp/r_tmp_2017-03-11_012702_6682_60870.gri /mnt/rasterTmp/r_tmp_2017-03-11_012710_6682_23753.grd /mnt/rasterTmp/r_tmp_2017-03-11_012710_6682_23753.gri /mnt/rasterTmp/r_tmp_2017-03-11_012721_6682_17494.grd /mnt/rasterTmp/r_tmp_2017-03-11_012721_6682_17494.gri /mnt/rasterTmp/r_tmp_2017-03-11_012732_6682_34587.grd /mnt/rasterTmp/r_tmp_2017-03-11_012732_6682_34587.gri /mnt/rasterTmp/r_tmp_2017-03-11_012741_6682_32187.grd /mnt/rasterTmp/r_tmp_2017-03-11_012741_6682_32187.gri /mnt/rasterTmp/r_tmp_2017-03-11_012749_6682_59975.grd /mnt/rasterTmp/r_tmp_2017-03-11_012749_6682_59975.gri /mnt/rasterTmp/r_tmp_2017-03-11_012800_6682_78896.grd /mnt/rasterTmp/r_tmp_2017-03-11_012800_6682_78896.gri /mnt/rasterTmp/r_tmp_2017-03-11_012811_6682_40320.grd /mnt/rasterTmp/r_tmp_2017-03-11_012811_6682_40320.gri /mnt/rasterTmp/r_tmp_2017-03-11_012834_6682_10169.grd /mnt/rasterTmp/r_tmp_2017-03-11_012834_6682_10169.gri /mnt/rasterTmp/r_tmp_2017-03-11_012850_6682_72037.grd /mnt/rasterTmp/r_tmp_2017-03-11_012850_6682_72037.gri /mnt/rasterTmp/r_tmp_2017-03-11_012857_6682_15817.grd /mnt/rasterTmp/r_tmp_2017-03-11_012857_6682_15817.gri /mnt/rasterTmp/r_tmp_2017-03-11_012914_6682_70237.grd /mnt/rasterTmp/r_tmp_2017-03-11_012914_6682_70237.gri /mnt/rasterTmp/r_tmp_2017-03-11_012932_6682_04023.grd /mnt/rasterTmp/r_tmp_2017-03-11_012932_6682_04023.gri /mnt/rasterTmp/r_tmp_2017-03-11_024413_6682_66088.grd /mnt/rasterTmp/r_tmp_2017-03-11_024413_6682_66088.gri /mnt/rasterTmp/r_tmp_2017-03-11_024620_6682_18621.grd /mnt/rasterTmp/r_tmp_2017-03-11_024620_6682_18621.gri /mnt/rasterTmp/r_tmp_2017-03-11_024702_6682_01982.grd /mnt/rasterTmp/r_tmp_2017-03-11_024702_6682_01982.gri
+ count=300
+ '[' 300 '!=' 0 ']'
+ sudo rm -r /mnt/rasterTmp/r_tmp_2017-03-11_001451_6682_80244.grd /mnt/rasterTmp/r_tmp_2017-03-11_001451_6682_80244.gri /mnt/rasterTmp/r_tmp_2017-03-11_001744_6682_99960.grd /mnt/rasterTmp/r_tmp_2017-03-11_001744_6682_99960.gri /mnt/rasterTmp/r_tmp_2017-03-11_001836_6682_84751.grd /mnt/rasterTmp/r_tmp_2017-03-11_001836_6682_84751.gri /mnt/rasterTmp/r_tmp_2017-03-11_001907_6682_25603.grd /mnt/rasterTmp/r_tmp_2017-03-11_001907_6682_25603.gri /mnt/rasterTmp/r_tmp_2017-03-11_003754_6682_22440.grd /mnt/rasterTmp/r_tmp_2017-03-11_003754_6682_22440.gri /mnt/rasterTmp/r_tmp_2017-03-11_004045_6682_86761.grd /mnt/rasterTmp/r_tmp_2017-03-11_004045_6682_86761.gri /mnt/rasterTmp/r_tmp_2017-03-11_004100_6682_92611.grd /mnt/rasterTmp/r_tmp_2017-03-11_004100_6682_92611.gri /mnt/rasterTmp/r_tmp_2017-03-11_004110_6682_44268.grd /mnt/rasterTmp/r_tmp_2017-03-11_004110_6682_44268.gri /mnt/rasterTmp/r_tmp_2017-03-11_004124_6682_73434.grd /mnt/rasterTmp/r_tmp_2017-03-11_004124_6682_73434.gri /mnt/rasterTmp/r_tmp_2017-03-11_004135_6682_99832.grd /mnt/rasterTmp/r_tmp_2017-03-11_004135_6682_99832.gri /mnt/rasterTmp/r_tmp_2017-03-11_004156_6682_55566.grd /mnt/rasterTmp/r_tmp_2017-03-11_004156_6682_55566.gri /mnt/rasterTmp/r_tmp_2017-03-11_004207_6682_58180.grd /mnt/rasterTmp/r_tmp_2017-03-11_004207_6682_58180.gri /mnt/rasterTmp/r_tmp_2017-03-11_004219_6682_95255.grd /mnt/rasterTmp/r_tmp_2017-03-11_004219_6682_95255.gri /mnt/rasterTmp/r_tmp_2017-03-11_004229_6682_76537.grd /mnt/rasterTmp/r_tmp_2017-03-11_004229_6682_76537.gri /mnt/rasterTmp/r_tmp_2017-03-11_004247_6682_39451.grd /mnt/rasterTmp/r_tmp_2017-03-11_004247_6682_39451.gri /mnt/rasterTmp/r_tmp_2017-03-11_004258_6682_66012.grd /mnt/rasterTmp/r_tmp_2017-03-11_004258_6682_66012.gri /mnt/rasterTmp/r_tmp_2017-03-11_004309_6682_73830.grd /mnt/rasterTmp/r_tmp_2017-03-11_004309_6682_73830.gri /mnt/rasterTmp/r_tmp_2017-03-11_004320_6682_83959.grd /mnt/rasterTmp/r_tmp_2017-03-11_004320_6682_83959.gri /mnt/rasterTmp/r_tmp_2017-03-11_004340_6682_07027.grd /mnt/rasterTmp/r_tmp_2017-03-11_004340_6682_07027.gri /mnt/rasterTmp/r_tmp_2017-03-11_004352_6682_30112.grd /mnt/rasterTmp/r_tmp_2017-03-11_004352_6682_30112.gri /mnt/rasterTmp/r_tmp_2017-03-11_004405_6682_64697.grd /mnt/rasterTmp/r_tmp_2017-03-11_004405_6682_64697.gri /mnt/rasterTmp/r_tmp_2017-03-11_004416_6682_83971.grd /mnt/rasterTmp/r_tmp_2017-03-11_004416_6682_83971.gri /mnt/rasterTmp/r_tmp_2017-03-11_004437_6682_49940.grd /mnt/rasterTmp/r_tmp_2017-03-11_004437_6682_49940.gri /mnt/rasterTmp/r_tmp_2017-03-11_004448_6682_58730.grd /mnt/rasterTmp/r_tmp_2017-03-11_004448_6682_58730.gri /mnt/rasterTmp/r_tmp_2017-03-11_004501_6682_96271.grd /mnt/rasterTmp/r_tmp_2017-03-11_004501_6682_96271.gri /mnt/rasterTmp/r_tmp_2017-03-11_004512_6682_35056.grd /mnt/rasterTmp/r_tmp_2017-03-11_004512_6682_35056.gri /mnt/rasterTmp/r_tmp_2017-03-11_004533_6682_81188.grd /mnt/rasterTmp/r_tmp_2017-03-11_004533_6682_81188.gri /mnt/rasterTmp/r_tmp_2017-03-11_004544_6682_54223.grd /mnt/rasterTmp/r_tmp_2017-03-11_004544_6682_54223.gri /mnt/rasterTmp/r_tmp_2017-03-11_004557_6682_20665.grd /mnt/rasterTmp/r_tmp_2017-03-11_004557_6682_20665.gri /mnt/rasterTmp/r_tmp_2017-03-11_004609_6682_14341.grd /mnt/rasterTmp/r_tmp_2017-03-11_004609_6682_14341.gri /mnt/rasterTmp/r_tmp_2017-03-11_004628_6682_87698.grd /mnt/rasterTmp/r_tmp_2017-03-11_004628_6682_87698.gri /mnt/rasterTmp/r_tmp_2017-03-11_004637_6682_84849.grd /mnt/rasterTmp/r_tmp_2017-03-11_004637_6682_84849.gri /mnt/rasterTmp/r_tmp_2017-03-11_004651_6682_02082.grd /mnt/rasterTmp/r_tmp_2017-03-11_004651_6682_02082.gri /mnt/rasterTmp/r_tmp_2017-03-11_004702_6682_83502.grd /mnt/rasterTmp/r_tmp_2017-03-11_004702_6682_83502.gri /mnt/rasterTmp/r_tmp_2017-03-11_004722_6682_14656.grd /mnt/rasterTmp/r_tmp_2017-03-11_004722_6682_14656.gri /mnt/rasterTmp/r_tmp_2017-03-11_004732_6682_70024.grd /mnt/rasterTmp/r_tmp_2017-03-11_004732_6682_70024.gri /mnt/rasterTmp/r_tmp_2017-03-11_004744_6682_65475.grd /mnt/rasterTmp/r_tmp_2017-03-11_004744_6682_65475.gri /mnt/rasterTmp/r_tmp_2017-03-11_004755_6682_24042.grd /mnt/rasterTmp/r_tmp_2017-03-11_004755_6682_24042.gri /mnt/rasterTmp/r_tmp_2017-03-11_004807_6682_19345.grd /mnt/rasterTmp/r_tmp_2017-03-11_004807_6682_19345.gri /mnt/rasterTmp/r_tmp_2017-03-11_004818_6682_16918.grd /mnt/rasterTmp/r_tmp_2017-03-11_004818_6682_16918.gri /mnt/rasterTmp/r_tmp_2017-03-11_004830_6682_11437.grd /mnt/rasterTmp/r_tmp_2017-03-11_004830_6682_11437.gri /mnt/rasterTmp/r_tmp_2017-03-11_004842_6682_25223.grd /mnt/rasterTmp/r_tmp_2017-03-11_004842_6682_25223.gri /mnt/rasterTmp/r_tmp_2017-03-11_004854_6682_36772.grd /mnt/rasterTmp/r_tmp_2017-03-11_004854_6682_36772.gri /mnt/rasterTmp/r_tmp_2017-03-11_004905_6682_23072.grd /mnt/rasterTmp/r_tmp_2017-03-11_004905_6682_23072.gri /mnt/rasterTmp/r_tmp_2017-03-11_004916_6682_16154.grd /mnt/rasterTmp/r_tmp_2017-03-11_004916_6682_16154.gri /mnt/rasterTmp/r_tmp_2017-03-11_004927_6682_66170.grd /mnt/rasterTmp/r_tmp_2017-03-11_004927_6682_66170.gri /mnt/rasterTmp/r_tmp_2017-03-11_004940_6682_02647.grd /mnt/rasterTmp/r_tmp_2017-03-11_004940_6682_02647.gri /mnt/rasterTmp/r_tmp_2017-03-11_004952_6682_50975.grd /mnt/rasterTmp/r_tmp_2017-03-11_004952_6682_50975.gri /mnt/rasterTmp/r_tmp_2017-03-11_005004_6682_99156.grd /mnt/rasterTmp/r_tmp_2017-03-11_005004_6682_99156.gri /mnt/rasterTmp/r_tmp_2017-03-11_005015_6682_38766.grd /mnt/rasterTmp/r_tmp_2017-03-11_005015_6682_38766.gri /mnt/rasterTmp/r_tmp_2017-03-11_005027_6682_40753.grd /mnt/rasterTmp/r_tmp_2017-03-11_005027_6682_40753.gri /mnt/rasterTmp/r_tmp_2017-03-11_005037_6682_27541.grd /mnt/rasterTmp/r_tmp_2017-03-11_005037_6682_27541.gri /mnt/rasterTmp/r_tmp_2017-03-11_005048_6682_12358.grd /mnt/rasterTmp/r_tmp_2017-03-11_005048_6682_12358.gri /mnt/rasterTmp/r_tmp_2017-03-11_005102_6682_16819.grd /mnt/rasterTmp/r_tmp_2017-03-11_005102_6682_16819.gri /mnt/rasterTmp/r_tmp_2017-03-11_005112_6682_12955.grd /mnt/rasterTmp/r_tmp_2017-03-11_005112_6682_12955.gri /mnt/rasterTmp/r_tmp_2017-03-11_005124_6682_71326.grd /mnt/rasterTmp/r_tmp_2017-03-11_005124_6682_71326.gri /mnt/rasterTmp/r_tmp_2017-03-11_005134_6682_62656.grd /mnt/rasterTmp/r_tmp_2017-03-11_005134_6682_62656.gri /mnt/rasterTmp/r_tmp_2017-03-11_005144_6682_03945.grd /mnt/rasterTmp/r_tmp_2017-03-11_005144_6682_03945.gri /mnt/rasterTmp/r_tmp_2017-03-11_005155_6682_59417.grd /mnt/rasterTmp/r_tmp_2017-03-11_005155_6682_59417.gri /mnt/rasterTmp/r_tmp_2017-03-11_005211_6682_34346.grd /mnt/rasterTmp/r_tmp_2017-03-11_005211_6682_34346.gri /mnt/rasterTmp/r_tmp_2017-03-11_005221_6682_61116.grd /mnt/rasterTmp/r_tmp_2017-03-11_005221_6682_61116.gri /mnt/rasterTmp/r_tmp_2017-03-11_005234_6682_97853.grd /mnt/rasterTmp/r_tmp_2017-03-11_005234_6682_97853.gri /mnt/rasterTmp/r_tmp_2017-03-11_005246_6682_02605.grd /mnt/rasterTmp/r_tmp_2017-03-11_005246_6682_02605.gri /mnt/rasterTmp/r_tmp_2017-03-11_005259_6682_45743.grd /mnt/rasterTmp/r_tmp_2017-03-11_005259_6682_45743.gri /mnt/rasterTmp/r_tmp_2017-03-11_005310_6682_21050.grd /mnt/rasterTmp/r_tmp_2017-03-11_005310_6682_21050.gri /mnt/rasterTmp/r_tmp_2017-03-11_005324_6682_84550.grd /mnt/rasterTmp/r_tmp_2017-03-11_005324_6682_84550.gri /mnt/rasterTmp/r_tmp_2017-03-11_005336_6682_45755.grd /mnt/rasterTmp/r_tmp_2017-03-11_005336_6682_45755.gri /mnt/rasterTmp/r_tmp_2017-03-11_005350_6682_90763.grd /mnt/rasterTmp/r_tmp_2017-03-11_005350_6682_90763.gri /mnt/rasterTmp/r_tmp_2017-03-11_005402_6682_08997.grd /mnt/rasterTmp/r_tmp_2017-03-11_005402_6682_08997.gri /mnt/rasterTmp/r_tmp_2017-03-11_005413_6682_48672.grd /mnt/rasterTmp/r_tmp_2017-03-11_005413_6682_48672.gri /mnt/rasterTmp/r_tmp_2017-03-11_005427_6682_35585.grd /mnt/rasterTmp/r_tmp_2017-03-11_005427_6682_35585.gri /mnt/rasterTmp/r_tmp_2017-03-11_005438_6682_61573.grd /mnt/rasterTmp/r_tmp_2017-03-11_005438_6682_61573.gri /mnt/rasterTmp/r_tmp_2017-03-11_005447_6682_06475.grd /mnt/rasterTmp/r_tmp_2017-03-11_005447_6682_06475.gri /mnt/rasterTmp/r_tmp_2017-03-11_005500_6682_88766.grd /mnt/rasterTmp/r_tmp_2017-03-11_005500_6682_88766.gri /mnt/rasterTmp/r_tmp_2017-03-11_005514_6682_10105.grd /mnt/rasterTmp/r_tmp_2017-03-11_005514_6682_10105.gri /mnt/rasterTmp/r_tmp_2017-03-11_005527_6682_64553.grd /mnt/rasterTmp/r_tmp_2017-03-11_005527_6682_64553.gri /mnt/rasterTmp/r_tmp_2017-03-11_005541_6682_72221.grd /mnt/rasterTmp/r_tmp_2017-03-11_005541_6682_72221.gri /mnt/rasterTmp/r_tmp_2017-03-11_005552_6682_48855.grd /mnt/rasterTmp/r_tmp_2017-03-11_005552_6682_48855.gri /mnt/rasterTmp/r_tmp_2017-03-11_005603_6682_66688.grd /mnt/rasterTmp/r_tmp_2017-03-11_005603_6682_66688.gri /mnt/rasterTmp/r_tmp_2017-03-11_005616_6682_42378.grd /mnt/rasterTmp/r_tmp_2017-03-11_005616_6682_42378.gri /mnt/rasterTmp/r_tmp_2017-03-11_005630_6682_23143.grd /mnt/rasterTmp/r_tmp_2017-03-11_005630_6682_23143.gri /mnt/rasterTmp/r_tmp_2017-03-11_005650_6682_94399.grd /mnt/rasterTmp/r_tmp_2017-03-11_005650_6682_94399.gri /mnt/rasterTmp/r_tmp_2017-03-11_005658_6682_33954.grd /mnt/rasterTmp/r_tmp_2017-03-11_005658_6682_33954.gri /mnt/rasterTmp/r_tmp_2017-03-11_011748_6682_61916.grd /mnt/rasterTmp/r_tmp_2017-03-11_011748_6682_61916.gri /mnt/rasterTmp/r_tmp_2017-03-11_011808_6682_91424.grd /mnt/rasterTmp/r_tmp_2017-03-11_011808_6682_91424.gri /mnt/rasterTmp/r_tmp_2017-03-11_011828_6682_79093.grd /mnt/rasterTmp/r_tmp_2017-03-11_011828_6682_79093.gri /mnt/rasterTmp/r_tmp_2017-03-11_011845_6682_86679.grd /mnt/rasterTmp/r_tmp_2017-03-11_011845_6682_86679.gri /mnt/rasterTmp/r_tmp_2017-03-11_011856_6682_63073.grd /mnt/rasterTmp/r_tmp_2017-03-11_011856_6682_63073.gri /mnt/rasterTmp/r_tmp_2017-03-11_011906_6682_09976.grd /mnt/rasterTmp/r_tmp_2017-03-11_011906_6682_09976.gri /mnt/rasterTmp/r_tmp_2017-03-11_011915_6682_03526.grd /mnt/rasterTmp/r_tmp_2017-03-11_011915_6682_03526.gri /mnt/rasterTmp/r_tmp_2017-03-11_011927_6682_30539.grd /mnt/rasterTmp/r_tmp_2017-03-11_011927_6682_30539.gri /mnt/rasterTmp/r_tmp_2017-03-11_011935_6682_86543.grd /mnt/rasterTmp/r_tmp_2017-03-11_011935_6682_86543.gri /mnt/rasterTmp/r_tmp_2017-03-11_011946_6682_69709.grd /mnt/rasterTmp/r_tmp_2017-03-11_011946_6682_69709.gri /mnt/rasterTmp/r_tmp_2017-03-11_011955_6682_94466.grd /mnt/rasterTmp/r_tmp_2017-03-11_011955_6682_94466.gri /mnt/rasterTmp/r_tmp_2017-03-11_012006_6682_13544.grd /mnt/rasterTmp/r_tmp_2017-03-11_012006_6682_13544.gri /mnt/rasterTmp/r_tmp_2017-03-11_012015_6682_88281.grd /mnt/rasterTmp/r_tmp_2017-03-11_012015_6682_88281.gri /mnt/rasterTmp/r_tmp_2017-03-11_012025_6682_88738.grd /mnt/rasterTmp/r_tmp_2017-03-11_012025_6682_88738.gri /mnt/rasterTmp/r_tmp_2017-03-11_012033_6682_03445.grd /mnt/rasterTmp/r_tmp_2017-03-11_012033_6682_03445.gri /mnt/rasterTmp/r_tmp_2017-03-11_012048_6682_64340.grd /mnt/rasterTmp/r_tmp_2017-03-11_012048_6682_64340.gri /mnt/rasterTmp/r_tmp_2017-03-11_012101_6682_56883.grd /mnt/rasterTmp/r_tmp_2017-03-11_012101_6682_56883.gri /mnt/rasterTmp/r_tmp_2017-03-11_012122_6682_90016.grd /mnt/rasterTmp/r_tmp_2017-03-11_012122_6682_90016.gri /mnt/rasterTmp/r_tmp_2017-03-11_012130_6682_07143.grd /mnt/rasterTmp/r_tmp_2017-03-11_012130_6682_07143.gri /mnt/rasterTmp/r_tmp_2017-03-11_012138_6682_01901.grd /mnt/rasterTmp/r_tmp_2017-03-11_012138_6682_01901.gri /mnt/rasterTmp/r_tmp_2017-03-11_012146_6682_93905.grd /mnt/rasterTmp/r_tmp_2017-03-11_012146_6682_93905.gri /mnt/rasterTmp/r_tmp_2017-03-11_012158_6682_53239.grd /mnt/rasterTmp/r_tmp_2017-03-11_012158_6682_53239.gri /mnt/rasterTmp/r_tmp_2017-03-11_012212_6682_37306.grd /mnt/rasterTmp/r_tmp_2017-03-11_012212_6682_37306.gri /mnt/rasterTmp/r_tmp_2017-03-11_012233_6682_92357.grd /mnt/rasterTmp/r_tmp_2017-03-11_012233_6682_92357.gri /mnt/rasterTmp/r_tmp_2017-03-11_012241_6682_38296.grd /mnt/rasterTmp/r_tmp_2017-03-11_012241_6682_38296.gri /mnt/rasterTmp/r_tmp_2017-03-11_012249_6682_26026.grd /mnt/rasterTmp/r_tmp_2017-03-11_012249_6682_26026.gri /mnt/rasterTmp/r_tmp_2017-03-11_012300_6682_20717.grd /mnt/rasterTmp/r_tmp_2017-03-11_012300_6682_20717.gri /mnt/rasterTmp/r_tmp_2017-03-11_012308_6682_73631.grd /mnt/rasterTmp/r_tmp_2017-03-11_012308_6682_73631.gri /mnt/rasterTmp/r_tmp_2017-03-11_012319_6682_88372.grd /mnt/rasterTmp/r_tmp_2017-03-11_012319_6682_88372.gri /mnt/rasterTmp/r_tmp_2017-03-11_012328_6682_46988.grd /mnt/rasterTmp/r_tmp_2017-03-11_012328_6682_46988.gri /mnt/rasterTmp/r_tmp_2017-03-11_012336_6682_45421.grd /mnt/rasterTmp/r_tmp_2017-03-11_012336_6682_45421.gri /mnt/rasterTmp/r_tmp_2017-03-11_012344_6682_43426.grd /mnt/rasterTmp/r_tmp_2017-03-11_012344_6682_43426.gri /mnt/rasterTmp/r_tmp_2017-03-11_012357_6682_70111.grd /mnt/rasterTmp/r_tmp_2017-03-11_012357_6682_70111.gri /mnt/rasterTmp/r_tmp_2017-03-11_012408_6682_18724.grd /mnt/rasterTmp/r_tmp_2017-03-11_012408_6682_18724.gri /mnt/rasterTmp/r_tmp_2017-03-11_012418_6682_14386.grd /mnt/rasterTmp/r_tmp_2017-03-11_012418_6682_14386.gri /mnt/rasterTmp/r_tmp_2017-03-11_012425_6682_71071.grd /mnt/rasterTmp/r_tmp_2017-03-11_012425_6682_71071.gri /mnt/rasterTmp/r_tmp_2017-03-11_012437_6682_12961.grd /mnt/rasterTmp/r_tmp_2017-03-11_012437_6682_12961.gri /mnt/rasterTmp/r_tmp_2017-03-11_012444_6682_62065.grd /mnt/rasterTmp/r_tmp_2017-03-11_012444_6682_62065.gri /mnt/rasterTmp/r_tmp_2017-03-11_012451_6682_99763.grd /mnt/rasterTmp/r_tmp_2017-03-11_012451_6682_99763.gri /mnt/rasterTmp/r_tmp_2017-03-11_012458_6682_89322.grd /mnt/rasterTmp/r_tmp_2017-03-11_012458_6682_89322.gri /mnt/rasterTmp/r_tmp_2017-03-11_012506_6682_60047.grd /mnt/rasterTmp/r_tmp_2017-03-11_012506_6682_60047.gri /mnt/rasterTmp/r_tmp_2017-03-11_012518_6682_73263.grd /mnt/rasterTmp/r_tmp_2017-03-11_012518_6682_73263.gri /mnt/rasterTmp/r_tmp_2017-03-11_012529_6682_27278.grd /mnt/rasterTmp/r_tmp_2017-03-11_012529_6682_27278.gri /mnt/rasterTmp/r_tmp_2017-03-11_012540_6682_98025.grd /mnt/rasterTmp/r_tmp_2017-03-11_012540_6682_98025.gri /mnt/rasterTmp/r_tmp_2017-03-11_012550_6682_56109.grd /mnt/rasterTmp/r_tmp_2017-03-11_012550_6682_56109.gri /mnt/rasterTmp/r_tmp_2017-03-11_012559_6682_27855.grd /mnt/rasterTmp/r_tmp_2017-03-11_012559_6682_27855.gri /mnt/rasterTmp/r_tmp_2017-03-11_012610_6682_33917.grd /mnt/rasterTmp/r_tmp_2017-03-11_012610_6682_33917.gri /mnt/rasterTmp/r_tmp_2017-03-11_012621_6682_86483.grd /mnt/rasterTmp/r_tmp_2017-03-11_012621_6682_86483.gri /mnt/rasterTmp/r_tmp_2017-03-11_012637_6682_55944.grd /mnt/rasterTmp/r_tmp_2017-03-11_012637_6682_55944.gri /mnt/rasterTmp/r_tmp_2017-03-11_012645_6682_65622.grd /mnt/rasterTmp/r_tmp_2017-03-11_012645_6682_65622.gri /mnt/rasterTmp/r_tmp_2017-03-11_012654_6682_94079.grd /mnt/rasterTmp/r_tmp_2017-03-11_012654_6682_94079.gri /mnt/rasterTmp/r_tmp_2017-03-11_012702_6682_60870.grd /mnt/rasterTmp/r_tmp_2017-03-11_012702_6682_60870.gri /mnt/rasterTmp/r_tmp_2017-03-11_012710_6682_23753.grd /mnt/rasterTmp/r_tmp_2017-03-11_012710_6682_23753.gri /mnt/rasterTmp/r_tmp_2017-03-11_012721_6682_17494.grd /mnt/rasterTmp/r_tmp_2017-03-11_012721_6682_17494.gri /mnt/rasterTmp/r_tmp_2017-03-11_012732_6682_34587.grd /mnt/rasterTmp/r_tmp_2017-03-11_012732_6682_34587.gri /mnt/rasterTmp/r_tmp_2017-03-11_012741_6682_32187.grd /mnt/rasterTmp/r_tmp_2017-03-11_012741_6682_32187.gri /mnt/rasterTmp/r_tmp_2017-03-11_012749_6682_59975.grd /mnt/rasterTmp/r_tmp_2017-03-11_012749_6682_59975.gri /mnt/rasterTmp/r_tmp_2017-03-11_012800_6682_78896.grd /mnt/rasterTmp/r_tmp_2017-03-11_012800_6682_78896.gri /mnt/rasterTmp/r_tmp_2017-03-11_012811_6682_40320.grd /mnt/rasterTmp/r_tmp_2017-03-11_012811_6682_40320.gri /mnt/rasterTmp/r_tmp_2017-03-11_012834_6682_10169.grd /mnt/rasterTmp/r_tmp_2017-03-11_012834_6682_10169.gri /mnt/rasterTmp/r_tmp_2017-03-11_012850_6682_72037.grd /mnt/rasterTmp/r_tmp_2017-03-11_012850_6682_72037.gri /mnt/rasterTmp/r_tmp_2017-03-11_012857_6682_15817.grd /mnt/rasterTmp/r_tmp_2017-03-11_012857_6682_15817.gri /mnt/rasterTmp/r_tmp_2017-03-11_012914_6682_70237.grd /mnt/rasterTmp/r_tmp_2017-03-11_012914_6682_70237.gri /mnt/rasterTmp/r_tmp_2017-03-11_012932_6682_04023.grd /mnt/rasterTmp/r_tmp_2017-03-11_012932_6682_04023.gri /mnt/rasterTmp/r_tmp_2017-03-11_024413_6682_66088.grd /mnt/rasterTmp/r_tmp_2017-03-11_024413_6682_66088.gri /mnt/rasterTmp/r_tmp_2017-03-11_024620_6682_18621.grd /mnt/rasterTmp/r_tmp_2017-03-11_024620_6682_18621.gri /mnt/rasterTmp/r_tmp_2017-03-11_024702_6682_01982.grd /mnt/rasterTmp/r_tmp_2017-03-11_024702_6682_01982.gri
sudo: unable to resolve host fogbow19345
+ echo 'Starting CPU and Memory collect...'
+ sudo bash /tmp/sandbox/f3d9e3a4-31a4-4756-862a-f6516535d7d2/SEBAL/scripts/collect-cpu-usage.sh
+ sudo tee /nfs/results//LT52170641986204CUB00/LT52170641986204CUB00_cpu_usage.txt
+ checkProcessOutput
+ PROCESS_OUTPUT=0
+ '[' 0 -ne 0 ']'
+ executeRScript
+ sudo bash /tmp/sandbox/f3d9e3a4-31a4-4756-862a-f6516535d7d2/SEBAL/scripts/collect-memory-usage.sh
+ sudo tee /nfs/results//LT52170641986204CUB00/LT52170641986204CUB00_mem_usage.txt
SEBAL/bin/run.sh: line 95: /dev/nul: Permission denied
++ seq 2
+ for i in '`seq $MAX_TRIES`'
+ sudo bash /tmp/sandbox/f3d9e3a4-31a4-4756-862a-f6516535d7d2/SEBAL/scripts/executeRScript.sh /tmp/sandbox/f3d9e3a4-31a4-4756-862a-f6516535d7d2/SEBAL/workspace/R/AlgoritmoFinal-f1-v02122016.R /tmp/sandbox/f3d9e3a4-31a4-4756-862a-f6516535d7d2/SEBAL/workspace/R /mnt
sudo: unable to resolve host fogbow19345
sudo: unable to resolve host fogbow19345
sudo: unable to resolve host fogbow19345
sudo: unable to resolve host fogbow19345
During startup - Warning messages:
1: Setting LC_TIME failed, using "C" 
2: Setting LC_MONETARY failed, using "C" 
3: Setting LC_PAPER failed, using "C" 
4: Setting LC_MEASUREMENT failed, using "C" 
Installing package into ‘/usr/local/lib/R/site-library’
(as ‘lib’ is unspecified)
trying URL 'http://nbcgib.uesc.br/mirrors/cran/src/contrib/snow_0.4-2.tar.gz'
Content type 'application/x-gzip' length 22397 bytes (21 Kb)
opened URL
==================================================
downloaded 21 Kb

During startup - Warning messages:
1: Setting LC_TIME failed, using "C" 
2: Setting LC_MONETARY failed, using "C" 
3: Setting LC_PAPER failed, using "C" 
4: Setting LC_MEASUREMENT failed, using "C" 
* installing *source* package ‘snow’ ...
** package ‘snow’ successfully unpacked and MD5 sums checked
** R
** inst
** preparing package for lazy loading
** help
*** installing help indices
** building package indices
** testing if installed package can be loaded
* DONE (snow)
Installing package into ‘/usr/local/lib/R/site-library’
(as ‘lib’ is unspecified)
trying URL 'http://nbcgib.uesc.br/mirrors/cran/src/contrib/R.utils_2.5.0.tar.gz'
Content type 'application/x-gzip' length 389402 bytes (380 Kb)
opened URL
==================================================
downloaded 380 Kb

During startup - Warning messages:
1: Setting LC_TIME failed, using "C" 
2: Setting LC_MONETARY failed, using "C" 
3: Setting LC_PAPER failed, using "C" 
4: Setting LC_MEASUREMENT failed, using "C" 
* installing *source* package ‘R.utils’ ...
** package ‘R.utils’ successfully unpacked and MD5 sums checked
** R
** inst
** preparing package for lazy loading
Warning in setGenericS3.default(name, export = exportGeneric, envir = envir,  :
  Renamed the preexisting function warnings to warnings.default, which was defined in environment base.
** help
*** installing help indices
** building package indices
** testing if installed package can be loaded
* DONE (R.utils)
Loading required package: R.oo
Loading required package: R.methodsS3
R.methodsS3 v1.7.1 (2016-02-15) successfully loaded. See ?R.methodsS3 for help.
R.oo v1.21.0 (2016-10-30) successfully loaded. See ?R.oo for help.

Attaching package: ‘R.oo’

The following objects are masked from ‘package:base’:

    attach, detach, gc, load, save

R.utils v2.5.0 (2016-11-07) successfully loaded. See ?R.utils for help.

Attaching package: ‘R.utils’

The following object is masked from ‘package:utils’:

    timestamp

The following objects are masked from ‘package:base’:

    cat, commandArgs, getOption, inherits, isOpen, parse, warnings

Loading required package: methods

Attaching package: ‘methods’

The following objects are masked from ‘package:R.oo’:

    getClasses, getMethods

Loading required package: sp

Attaching package: ‘raster’

The following objects are masked from ‘package:R.utils’:

    extract, resample

The following objects are masked from ‘package:R.oo’:

    extend, trim

rgdal: version: 1.1-10, (SVN revision 622)
 Geospatial Data Abstraction Library extensions to R successfully loaded
 Loaded GDAL runtime: GDAL 1.10.1, released 2013/08/26
 Path to GDAL shared files: /usr/share/gdal/1.10
 Loaded PROJ.4 runtime: Rel. 4.8.0, 6 March 2012, [PJ_VERSION: 480]
 Path to PROJ.4 shared files: (autodetected)
 Linking to sp version: 1.2-3 

Attaching package: ‘rgdal’

The following object is masked from ‘package:R.oo’:

    getDescription

Checking rgeos availability: TRUE
Loading required namespace: parallel
During startup - Warning messages:
1: Setting LC_TIME failed, using "C" 
2: Setting LC_MONETARY failed, using "C" 
3: Setting LC_PAPER failed, using "C" 
4: Setting LC_MEASUREMENT failed, using "C" 
During startup - Warning messages:
1: Setting LC_TIME failed, using "C" 
2: Setting LC_MONETARY failed, using "C" 
3: Setting LC_PAPER failed, using "C" 
4: Setting LC_MEASUREMENT failed, using "C" 
During startup - Warning messages:
1: Setting LC_TIME failed, using "C" 
2: Setting LC_MONETARY failed, using "C" 
3: Setting LC_PAPER failed, using "C" 
4: Setting LC_MEASUREMENT failed, using "C" 
During startup - Warning messages:
1: Setting LC_TIME failed, using "C" 
2: Setting LC_MONETARY failed, using "C" 
3: Setting LC_PAPER failed, using "C" 
4: Setting LC_MEASUREMENT failed, using "C" 
During startup - Warning messages:
1: Setting LC_TIME failed, using "C" 
2: Setting LC_MONETARY failed, using "C" 
3: Setting LC_PAPER failed, using "C" 
4: Setting LC_MEASUREMENT failed, using "C" 
During startup - Warning messages:
1: Setting LC_TIME failed, using "C" 
2: Setting LC_MONETARY failed, using "C" 
3: Setting LC_PAPER failed, using "C" 
4: Setting LC_MEASUREMENT failed, using "C" 
During startup - Warning messages:
1: Setting LC_TIME failed, using "C" 
2: Setting LC_MONETARY failed, using "C" 
3: Setting LC_PAPER failed, using "C" 
4: Setting LC_MEASUREMENT failed, using "C" 
Using cluster with 7 nodes
During startup - Warning messages:
1: Setting LC_TIME failed, using "C" 
2: Setting LC_MONETARY failed, using "C" 
3: Setting LC_PAPER failed, using "C" 
4: Setting LC_MEASUREMENT failed, using "C" 
During startup - Warning messages:
1: Setting LC_TIME failed, using "C" 
2: Setting LC_MONETARY failed, using "C" 
3: Setting LC_PAPER failed, using "C" 
4: Setting LC_MEASUREMENT failed, using "C" 
During startup - Warning messages:
1: Setting LC_TIME failed, using "C" 
2: Setting LC_MONETARY failed, using "C" 
3: Setting LC_PAPER failed, using "C" 
4: Setting LC_MEASUREMENT failed, using "C" 
During startup - Warning messages:
1: Setting LC_TIME failed, using "C" 
2: Setting LC_MONETARY failed, using "C" 
3: Setting LC_PAPER failed, using "C" 
4: Setting LC_MEASUREMENT failed, using "C" 
During startup - Warning messages:
1: Setting LC_TIME failed, using "C" 
2: Setting LC_MONETARY failed, using "C" 
3: Setting LC_PAPER failed, using "C" 
4: Setting LC_MEASUREMENT failed, using "C" 
During startup - Warning messages:
1: Setting LC_TIME failed, using "C" 
2: Setting LC_MONETARY failed, using "C" 
3: Setting LC_PAPER failed, using "C" 
4: Setting LC_MEASUREMENT failed, using "C" 
During startup - Warning messages:
1: Setting LC_TIME failed, using "C" 
2: Setting LC_MONETARY failed, using "C" 
3: Setting LC_PAPER failed, using "C" 
4: Setting LC_MEASUREMENT failed, using "C" 
Using cluster with 7 nodes
During startup - Warning messages:
1: Setting LC_TIME failed, using "C" 
2: Setting LC_MONETARY failed, using "C" 
3: Setting LC_PAPER failed, using "C" 
4: Setting LC_MEASUREMENT failed, using "C" 
During startup - Warning messages:
1: Setting LC_TIME failed, using "C" 
2: Setting LC_MONETARY failed, using "C" 
3: Setting LC_PAPER failed, using "C" 
4: Setting LC_MEASUREMENT failed, using "C" 
During startup - Warning messages:
1: Setting LC_TIME failed, using "C" 
2: Setting LC_MONETARY failed, using "C" 
3: Setting LC_PAPER failed, using "C" 
4: Setting LC_MEASUREMENT failed, using "C" 
During startup - Warning messages:
1: Setting LC_TIME failed, using "C" 
2: Setting LC_MONETARY failed, using "C" 
3: Setting LC_PAPER failed, using "C" 
4: Setting LC_MEASUREMENT failed, using "C" 
During startup - Warning messages:
1: Setting LC_TIME failed, using "C" 
2: Setting LC_MONETARY failed, using "C" 
3: Setting LC_PAPER failed, using "C" 
4: Setting LC_MEASUREMENT failed, using "C" 
During startup - Warning messages:
1: Setting LC_TIME failed, using "C" 
2: Setting LC_MONETARY failed, using "C" 
3: Setting LC_PAPER failed, using "C" 
4: Setting LC_MEASUREMENT failed, using "C" 
During startup - Warning messages:
1: Setting LC_TIME failed, using "C" 
2: Setting LC_MONETARY failed, using "C" 
3: Setting LC_PAPER failed, using "C" 
4: Setting LC_MEASUREMENT failed, using "C" 
During startup - Warning messages:
1: Setting LC_TIME failed, using "C" 
2: Setting LC_MONETARY failed, using "C" 
3: Setting LC_PAPER failed, using "C" 
4: Setting LC_MEASUREMENT failed, using "C" 
During startup - Warning messages:
1: Setting LC_TIME failed, using "C" 
2: Setting LC_MONETARY failed, using "C" 
3: Setting LC_PAPER failed, using "C" 
4: Setting LC_MEASUREMENT failed, using "C" 
During startup - Warning messages:
1: Setting LC_TIME failed, using "C" 
2: Setting LC_MONETARY failed, using "C" 
3: Setting LC_PAPER failed, using "C" 
4: Setting LC_MEASUREMENT failed, using "C" 
During startup - Warning messages:
1: Setting LC_TIME failed, using "C" 
2: Setting LC_MONETARY failed, using "C" 
3: Setting LC_PAPER failed, using "C" 
4: Setting LC_MEASUREMENT failed, using "C" 
During startup - Warning messages:
1: Setting LC_TIME failed, using "C" 
2: Setting LC_MONETARY failed, using "C" 
3: Setting LC_PAPER failed, using "C" 
4: Setting LC_MEASUREMENT failed, using "C" 
During startup - Warning messages:
1: Setting LC_TIME failed, using "C" 
2: Setting LC_MONETARY failed, using "C" 
3: Setting LC_PAPER failed, using "C" 
4: Setting LC_MEASUREMENT failed, using "C" 
During startup - Warning messages:
1: Setting LC_TIME failed, using "C" 
2: Setting LC_MONETARY failed, using "C" 
3: Setting LC_PAPER failed, using "C" 
4: Setting LC_MEASUREMENT failed, using "C" 
Using cluster with 7 nodes
Using cluster with 7 nodes
Using cluster with 7 nodes
During startup - Warning messages:
1: Setting LC_TIME failed, using "C" 
2: Setting LC_MONETARY failed, using "C" 
3: Setting LC_PAPER failed, using "C" 
4: Setting LC_MEASUREMENT failed, using "C" 
During startup - Warning messages:
1: Setting LC_TIME failed, using "C" 
2: Setting LC_MONETARY failed, using "C" 
3: Setting LC_PAPER failed, using "C" 
4: Setting LC_MEASUREMENT failed, using "C" 
During startup - Warning messages:
1: Setting LC_TIME failed, using "C" 
2: Setting LC_MONETARY failed, using "C" 
3: Setting LC_PAPER failed, using "C" 
4: Setting LC_MEASUREMENT failed, using "C" 
During startup - Warning messages:
1: Setting LC_TIME failed, using "C" 
2: Setting LC_MONETARY failed, using "C" 
3: Setting LC_PAPER failed, using "C" 
4: Setting LC_MEASUREMENT failed, using "C" 
During startup - Warning messages:
1: Setting LC_TIME failed, using "C" 
2: Setting LC_MONETARY failed, using "C" 
3: Setting LC_PAPER failed, using "C" 
4: Setting LC_MEASUREMENT failed, using "C" 
During startup - Warning messages:
1: Setting LC_TIME failed, using "C" 
2: Setting LC_MONETARY failed, using "C" 
3: Setting LC_PAPER failed, using "C" 
4: Setting LC_MEASUREMENT failed, using "C" 
During startup - Warning messages:
1: Setting LC_TIME failed, using "C" 
2: Setting LC_MONETARY failed, using "C" 
3: Setting LC_PAPER failed, using "C" 
4: Setting LC_MEASUREMENT failed, using "C" 
+ PROCESS_OUTPUT=0
+ echo executeRScript_process_output=0
+ '[' 0 -eq 0 ']'
+ echo 'NUMBER OF TRIES 1'
+ break
+ checkProcessOutput
+ PROCESS_OUTPUT=0
+ '[' 0 -ne 0 ']'
+ finally
+ exit 0
sudo: unable to resolve host fogbow19345
sudo: unable to resolve host fogbow19345
sudo: unable to resolve host fogbow19345
sudo: unable to resolve host fogbow19345
sudo: unable to resolve host fogbow19345
sudo: unable to resolve host fogbow19345
sudo: unable to resolve host fogbow19345
sudo: unable to resolve host fogbow19345
sudo: unable to resolve host fogbow19345
sudo: unable to resolve host fogbow19345
