+ IMAGE_NAME=LT52170641986204CUB00
+ IMAGES_DIR_PATH=/nfs/images/
+ RESULTS_DIR_PATH=/nfs/results/
+ OUTPUT_IMAGE_DIR=/nfs/results/LT52170641986204CUB00
+ IMAGE_MTL_PATH=/nfs/images/LT52170641986204CUB00/LT52170641986204CUB00_MTL.txt
+ IMAGE_MTL_FMASK_PATH=/nfs/images/LT52170641986204CUB00/LT52170641986204CUB00_MTLFmask
+ IMAGE_STATION_FILE_PATH=/nfs/results/LT52170641986204CUB00/LT52170641986204CUB00_station.csv
++ pwd
+ SANDBOX=/tmp/sandbox/6a2a99da-d995-46ac-817b-925a77e9a46a
+ CONF_FILE=sebal.conf
+ LIBRARY_PATH=/usr/local/lib
+ BOUNDING_BOX_PATH=example/boundingbox_vertices
+ TMP_DIR_PATH=/mnt
+ R_EXEC_DIR=
+ R_ALGORITHM_VERSION=AlgoritmoFinal-f1-v02122016.R
+ R_RASTER_TMP_DIR=/mnt/rasterTmp
+ MAX_TRIES=2
+ OUTPUT_IMAGE_DIR=/nfs/results//LT52170641986204CUB00
+ SCRIPTS_DIR=scripts
+ SEBAL_DIR_PATH=
+ LOG4J_PATH=
+ untarImageAndPrepareDirs
+ cd /nfs/images/
+ echo 'Image file name is LT52170641986204CUB00'
+ echo 'Untaring image LT52170641986204CUB00'
+ cd /nfs/images//LT52170641986204CUB00
+ sudo tar -xvzf LT52170641986204CUB00.tar.gz
sudo: unable to resolve host fogbow39666
+ echo 'Creating image output directory'
+ sudo mkdir -p /nfs/results//LT52170641986204CUB00
sudo: unable to resolve host fogbow39666
+ cd /tmp/sandbox/6a2a99da-d995-46ac-817b-925a77e9a46a
+ checkProcessOutput
+ PROCESS_OUTPUT=0
+ '[' 0 -ne 0 ']'
+ preProcessImage
+ SEBAL_DIR_PATH=/tmp/sandbox/6a2a99da-d995-46ac-817b-925a77e9a46a/SEBAL
+ R_EXEC_DIR=/tmp/sandbox/6a2a99da-d995-46ac-817b-925a77e9a46a/SEBAL/workspace/R
+ LOG4J_PATH=/tmp/sandbox/6a2a99da-d995-46ac-817b-925a77e9a46a/SEBAL/log4j.properties
+ cd /tmp/sandbox/6a2a99da-d995-46ac-817b-925a77e9a46a/SEBAL
+ sudo java -Xdebug -Xrunjdwp:server=y,transport=dt_socket,address=4000,suspend=n -Dlog4j.configuration=file:/tmp/sandbox/6a2a99da-d995-46ac-817b-925a77e9a46a/SEBAL/log4j.properties -Djava.library.path=/usr/local/lib -cp 'target/SEBAL-0.0.1-SNAPSHOT.jar:target/lib/*' org.fogbowcloud.sebal.PreProcessMain /nfs/images// /nfs/images/LT52170641986204CUB00/LT52170641986204CUB00_MTL.txt /nfs/results// 0 0 9000 9000 1 1 /tmp/sandbox/6a2a99da-d995-46ac-817b-925a77e9a46a/SEBAL/example/boundingbox_vertices /tmp/sandbox/6a2a99da-d995-46ac-817b-925a77e9a46a/SEBAL/sebal.conf /nfs/images/LT52170641986204CUB00/LT52170641986204CUB00_MTLFmask
sudo: unable to resolve host fogbow39666
Mar 12, 2017 9:34:09 AM org.geotools.referencing.factory.epsg.ThreadedHsqlEpsgFactory createDataSource
INFO: Building new data source for org.geotools.referencing.factory.epsg.ThreadedHsqlEpsgFactory
Mar 12, 2017 9:34:09 AM org.geotools.referencing.factory.epsg.ThreadedHsqlEpsgFactory createBackingStore
INFO: Building backing store for org.geotools.referencing.factory.epsg.ThreadedHsqlEpsgFactory
+ sudo chmod 777 /nfs/results/LT52170641986204CUB00/LT52170641986204CUB00_station.csv
sudo: unable to resolve host fogbow39666
+ echo -e '\n'
+ cd ..
+ checkProcessOutput
+ PROCESS_OUTPUT=0
+ '[' 0 -ne 0 ']'
+ creatingDadosCSV
+ echo 'Creating dados.csv for image LT52170641986204CUB00'
+ cd /tmp/sandbox/6a2a99da-d995-46ac-817b-925a77e9a46a/SEBAL/workspace/R
+ echo 'File images;MTL;File Station Weather;File Fmask;Path Output'
+ echo '/nfs/images//LT52170641986204CUB00;/nfs/images/LT52170641986204CUB00/LT52170641986204CUB00_MTL.txt;/nfs/results/LT52170641986204CUB00/LT52170641986204CUB00_station.csv;/nfs/images/LT52170641986204CUB00/LT52170641986204CUB00_MTLFmask;/nfs/results//LT52170641986204CUB00'
+ checkProcessOutput
+ PROCESS_OUTPUT=0
+ '[' 0 -ne 0 ']'
+ prepareEnvAndCollectUsage
+ '[' '!' -d /mnt/rasterTmp ']'
++ wc -l
++ ls -1 /mnt/rasterTmp/r_tmp_2017-03-12_064156_17771_31104.grd /mnt/rasterTmp/r_tmp_2017-03-12_064156_17771_31104.gri /mnt/rasterTmp/r_tmp_2017-03-12_064456_17771_78327.grd /mnt/rasterTmp/r_tmp_2017-03-12_064456_17771_78327.gri /mnt/rasterTmp/r_tmp_2017-03-12_064555_17771_33030.grd /mnt/rasterTmp/r_tmp_2017-03-12_064555_17771_33030.gri /mnt/rasterTmp/r_tmp_2017-03-12_064627_17771_59985.grd /mnt/rasterTmp/r_tmp_2017-03-12_064627_17771_59985.gri /mnt/rasterTmp/r_tmp_2017-03-12_070703_17771_24209.grd /mnt/rasterTmp/r_tmp_2017-03-12_070703_17771_24209.gri /mnt/rasterTmp/r_tmp_2017-03-12_071004_17771_41468.grd /mnt/rasterTmp/r_tmp_2017-03-12_071004_17771_41468.gri /mnt/rasterTmp/r_tmp_2017-03-12_071018_17771_39849.grd /mnt/rasterTmp/r_tmp_2017-03-12_071018_17771_39849.gri /mnt/rasterTmp/r_tmp_2017-03-12_071029_17771_20111.grd /mnt/rasterTmp/r_tmp_2017-03-12_071029_17771_20111.gri /mnt/rasterTmp/r_tmp_2017-03-12_071041_17771_49520.grd /mnt/rasterTmp/r_tmp_2017-03-12_071041_17771_49520.gri /mnt/rasterTmp/r_tmp_2017-03-12_071052_17771_26538.grd /mnt/rasterTmp/r_tmp_2017-03-12_071052_17771_26538.gri /mnt/rasterTmp/r_tmp_2017-03-12_071111_17771_79479.grd /mnt/rasterTmp/r_tmp_2017-03-12_071111_17771_79479.gri /mnt/rasterTmp/r_tmp_2017-03-12_071121_17771_82506.grd /mnt/rasterTmp/r_tmp_2017-03-12_071121_17771_82506.gri /mnt/rasterTmp/r_tmp_2017-03-12_071131_17771_46097.grd /mnt/rasterTmp/r_tmp_2017-03-12_071131_17771_46097.gri /mnt/rasterTmp/r_tmp_2017-03-12_071141_17771_95523.grd /mnt/rasterTmp/r_tmp_2017-03-12_071141_17771_95523.gri /mnt/rasterTmp/r_tmp_2017-03-12_071200_17771_87959.grd /mnt/rasterTmp/r_tmp_2017-03-12_071200_17771_87959.gri /mnt/rasterTmp/r_tmp_2017-03-12_071209_17771_53311.grd /mnt/rasterTmp/r_tmp_2017-03-12_071209_17771_53311.gri /mnt/rasterTmp/r_tmp_2017-03-12_071220_17771_67549.grd /mnt/rasterTmp/r_tmp_2017-03-12_071220_17771_67549.gri /mnt/rasterTmp/r_tmp_2017-03-12_071229_17771_21703.grd /mnt/rasterTmp/r_tmp_2017-03-12_071229_17771_21703.gri /mnt/rasterTmp/r_tmp_2017-03-12_071248_17771_48582.grd /mnt/rasterTmp/r_tmp_2017-03-12_071248_17771_48582.gri /mnt/rasterTmp/r_tmp_2017-03-12_071257_17771_57891.grd /mnt/rasterTmp/r_tmp_2017-03-12_071257_17771_57891.gri /mnt/rasterTmp/r_tmp_2017-03-12_071307_17771_12256.grd /mnt/rasterTmp/r_tmp_2017-03-12_071307_17771_12256.gri /mnt/rasterTmp/r_tmp_2017-03-12_071316_17771_96670.grd /mnt/rasterTmp/r_tmp_2017-03-12_071316_17771_96670.gri /mnt/rasterTmp/r_tmp_2017-03-12_071334_17771_09423.grd /mnt/rasterTmp/r_tmp_2017-03-12_071334_17771_09423.gri /mnt/rasterTmp/r_tmp_2017-03-12_071343_17771_64487.grd /mnt/rasterTmp/r_tmp_2017-03-12_071343_17771_64487.gri /mnt/rasterTmp/r_tmp_2017-03-12_071354_17771_95216.grd /mnt/rasterTmp/r_tmp_2017-03-12_071354_17771_95216.gri /mnt/rasterTmp/r_tmp_2017-03-12_071404_17771_98973.grd /mnt/rasterTmp/r_tmp_2017-03-12_071404_17771_98973.gri /mnt/rasterTmp/r_tmp_2017-03-12_071423_17771_56626.grd /mnt/rasterTmp/r_tmp_2017-03-12_071423_17771_56626.gri /mnt/rasterTmp/r_tmp_2017-03-12_071432_17771_95234.grd /mnt/rasterTmp/r_tmp_2017-03-12_071432_17771_95234.gri /mnt/rasterTmp/r_tmp_2017-03-12_071443_17771_01474.grd /mnt/rasterTmp/r_tmp_2017-03-12_071443_17771_01474.gri /mnt/rasterTmp/r_tmp_2017-03-12_071452_17771_27003.grd /mnt/rasterTmp/r_tmp_2017-03-12_071452_17771_27003.gri /mnt/rasterTmp/r_tmp_2017-03-12_071509_17771_26955.grd /mnt/rasterTmp/r_tmp_2017-03-12_071509_17771_26955.gri /mnt/rasterTmp/r_tmp_2017-03-12_071517_17771_37883.grd /mnt/rasterTmp/r_tmp_2017-03-12_071517_17771_37883.gri /mnt/rasterTmp/r_tmp_2017-03-12_071527_17771_93275.grd /mnt/rasterTmp/r_tmp_2017-03-12_071527_17771_93275.gri /mnt/rasterTmp/r_tmp_2017-03-12_071535_17771_32805.grd /mnt/rasterTmp/r_tmp_2017-03-12_071535_17771_32805.gri /mnt/rasterTmp/r_tmp_2017-03-12_071555_17771_26359.grd /mnt/rasterTmp/r_tmp_2017-03-12_071555_17771_26359.gri /mnt/rasterTmp/r_tmp_2017-03-12_071604_17771_70147.grd /mnt/rasterTmp/r_tmp_2017-03-12_071604_17771_70147.gri /mnt/rasterTmp/r_tmp_2017-03-12_071614_17771_48270.grd /mnt/rasterTmp/r_tmp_2017-03-12_071614_17771_48270.gri /mnt/rasterTmp/r_tmp_2017-03-12_071623_17771_87400.grd /mnt/rasterTmp/r_tmp_2017-03-12_071623_17771_87400.gri /mnt/rasterTmp/r_tmp_2017-03-12_071633_17771_53056.grd /mnt/rasterTmp/r_tmp_2017-03-12_071633_17771_53056.gri /mnt/rasterTmp/r_tmp_2017-03-12_071642_17771_63450.grd /mnt/rasterTmp/r_tmp_2017-03-12_071642_17771_63450.gri /mnt/rasterTmp/r_tmp_2017-03-12_071652_17771_42767.grd /mnt/rasterTmp/r_tmp_2017-03-12_071652_17771_42767.gri /mnt/rasterTmp/r_tmp_2017-03-12_071701_17771_51491.grd /mnt/rasterTmp/r_tmp_2017-03-12_071701_17771_51491.gri /mnt/rasterTmp/r_tmp_2017-03-12_071711_17771_90287.grd /mnt/rasterTmp/r_tmp_2017-03-12_071711_17771_90287.gri /mnt/rasterTmp/r_tmp_2017-03-12_071720_17771_53241.grd /mnt/rasterTmp/r_tmp_2017-03-12_071720_17771_53241.gri /mnt/rasterTmp/r_tmp_2017-03-12_071730_17771_05989.grd /mnt/rasterTmp/r_tmp_2017-03-12_071730_17771_05989.gri /mnt/rasterTmp/r_tmp_2017-03-12_071739_17771_37108.grd /mnt/rasterTmp/r_tmp_2017-03-12_071739_17771_37108.gri /mnt/rasterTmp/r_tmp_2017-03-12_071749_17771_89699.grd /mnt/rasterTmp/r_tmp_2017-03-12_071749_17771_89699.gri /mnt/rasterTmp/r_tmp_2017-03-12_071758_17771_40593.grd /mnt/rasterTmp/r_tmp_2017-03-12_071758_17771_40593.gri /mnt/rasterTmp/r_tmp_2017-03-12_071808_17771_90461.grd /mnt/rasterTmp/r_tmp_2017-03-12_071808_17771_90461.gri /mnt/rasterTmp/r_tmp_2017-03-12_071817_17771_64242.grd /mnt/rasterTmp/r_tmp_2017-03-12_071817_17771_64242.gri /mnt/rasterTmp/r_tmp_2017-03-12_071826_17771_31905.grd /mnt/rasterTmp/r_tmp_2017-03-12_071826_17771_31905.gri /mnt/rasterTmp/r_tmp_2017-03-12_071835_17771_17865.grd /mnt/rasterTmp/r_tmp_2017-03-12_071835_17771_17865.gri /mnt/rasterTmp/r_tmp_2017-03-12_071845_17771_49284.grd /mnt/rasterTmp/r_tmp_2017-03-12_071845_17771_49284.gri /mnt/rasterTmp/r_tmp_2017-03-12_071857_17771_42350.grd /mnt/rasterTmp/r_tmp_2017-03-12_071857_17771_42350.gri /mnt/rasterTmp/r_tmp_2017-03-12_071908_17771_95853.grd /mnt/rasterTmp/r_tmp_2017-03-12_071908_17771_95853.gri /mnt/rasterTmp/r_tmp_2017-03-12_071919_17771_41744.grd /mnt/rasterTmp/r_tmp_2017-03-12_071919_17771_41744.gri /mnt/rasterTmp/r_tmp_2017-03-12_071929_17771_10870.grd /mnt/rasterTmp/r_tmp_2017-03-12_071929_17771_10870.gri /mnt/rasterTmp/r_tmp_2017-03-12_071938_17771_29031.grd /mnt/rasterTmp/r_tmp_2017-03-12_071938_17771_29031.gri /mnt/rasterTmp/r_tmp_2017-03-12_071947_17771_77609.grd /mnt/rasterTmp/r_tmp_2017-03-12_071947_17771_77609.gri /mnt/rasterTmp/r_tmp_2017-03-12_071959_17771_27190.grd /mnt/rasterTmp/r_tmp_2017-03-12_071959_17771_27190.gri /mnt/rasterTmp/r_tmp_2017-03-12_072008_17771_35540.grd /mnt/rasterTmp/r_tmp_2017-03-12_072008_17771_35540.gri /mnt/rasterTmp/r_tmp_2017-03-12_072020_17771_87076.grd /mnt/rasterTmp/r_tmp_2017-03-12_072020_17771_87076.gri /mnt/rasterTmp/r_tmp_2017-03-12_072029_17771_69144.grd /mnt/rasterTmp/r_tmp_2017-03-12_072029_17771_69144.gri /mnt/rasterTmp/r_tmp_2017-03-12_072040_17771_10617.grd /mnt/rasterTmp/r_tmp_2017-03-12_072040_17771_10617.gri /mnt/rasterTmp/r_tmp_2017-03-12_072050_17771_18735.grd /mnt/rasterTmp/r_tmp_2017-03-12_072050_17771_18735.gri /mnt/rasterTmp/r_tmp_2017-03-12_072102_17771_56093.grd /mnt/rasterTmp/r_tmp_2017-03-12_072102_17771_56093.gri /mnt/rasterTmp/r_tmp_2017-03-12_072111_17771_19785.grd /mnt/rasterTmp/r_tmp_2017-03-12_072111_17771_19785.gri /mnt/rasterTmp/r_tmp_2017-03-12_072123_17771_27086.grd /mnt/rasterTmp/r_tmp_2017-03-12_072123_17771_27086.gri /mnt/rasterTmp/r_tmp_2017-03-12_072133_17771_11225.grd /mnt/rasterTmp/r_tmp_2017-03-12_072133_17771_11225.gri /mnt/rasterTmp/r_tmp_2017-03-12_072142_17771_27967.grd /mnt/rasterTmp/r_tmp_2017-03-12_072142_17771_27967.gri /mnt/rasterTmp/r_tmp_2017-03-12_072155_17771_53122.grd /mnt/rasterTmp/r_tmp_2017-03-12_072155_17771_53122.gri /mnt/rasterTmp/r_tmp_2017-03-12_072204_17771_02651.grd /mnt/rasterTmp/r_tmp_2017-03-12_072204_17771_02651.gri /mnt/rasterTmp/r_tmp_2017-03-12_072214_17771_04697.grd /mnt/rasterTmp/r_tmp_2017-03-12_072214_17771_04697.gri /mnt/rasterTmp/r_tmp_2017-03-12_072226_17771_67857.grd /mnt/rasterTmp/r_tmp_2017-03-12_072226_17771_67857.gri /mnt/rasterTmp/r_tmp_2017-03-12_072238_17771_94706.grd /mnt/rasterTmp/r_tmp_2017-03-12_072238_17771_94706.gri /mnt/rasterTmp/r_tmp_2017-03-12_072251_17771_68560.grd /mnt/rasterTmp/r_tmp_2017-03-12_072251_17771_68560.gri /mnt/rasterTmp/r_tmp_2017-03-12_072303_17771_06783.grd /mnt/rasterTmp/r_tmp_2017-03-12_072303_17771_06783.gri /mnt/rasterTmp/r_tmp_2017-03-12_072313_17771_41713.grd /mnt/rasterTmp/r_tmp_2017-03-12_072313_17771_41713.gri /mnt/rasterTmp/r_tmp_2017-03-12_072323_17771_02572.grd /mnt/rasterTmp/r_tmp_2017-03-12_072323_17771_02572.gri /mnt/rasterTmp/r_tmp_2017-03-12_072335_17771_65428.grd /mnt/rasterTmp/r_tmp_2017-03-12_072335_17771_65428.gri /mnt/rasterTmp/r_tmp_2017-03-12_072348_17771_07682.grd /mnt/rasterTmp/r_tmp_2017-03-12_072348_17771_07682.gri /mnt/rasterTmp/r_tmp_2017-03-12_072407_17771_22973.grd /mnt/rasterTmp/r_tmp_2017-03-12_072407_17771_22973.gri /mnt/rasterTmp/r_tmp_2017-03-12_072415_17771_03167.grd /mnt/rasterTmp/r_tmp_2017-03-12_072415_17771_03167.gri /mnt/rasterTmp/r_tmp_2017-03-12_074754_17771_97782.grd /mnt/rasterTmp/r_tmp_2017-03-12_074754_17771_97782.gri /mnt/rasterTmp/r_tmp_2017-03-12_074816_17771_19892.grd /mnt/rasterTmp/r_tmp_2017-03-12_074816_17771_19892.gri /mnt/rasterTmp/r_tmp_2017-03-12_074839_17771_15961.grd /mnt/rasterTmp/r_tmp_2017-03-12_074839_17771_15961.gri /mnt/rasterTmp/r_tmp_2017-03-12_074900_17771_42806.grd /mnt/rasterTmp/r_tmp_2017-03-12_074900_17771_42806.gri /mnt/rasterTmp/r_tmp_2017-03-12_074911_17771_13027.grd /mnt/rasterTmp/r_tmp_2017-03-12_074911_17771_13027.gri /mnt/rasterTmp/r_tmp_2017-03-12_074922_17771_70446.grd /mnt/rasterTmp/r_tmp_2017-03-12_074922_17771_70446.gri /mnt/rasterTmp/r_tmp_2017-03-12_074931_17771_47338.grd /mnt/rasterTmp/r_tmp_2017-03-12_074931_17771_47338.gri /mnt/rasterTmp/r_tmp_2017-03-12_074944_17771_89194.grd /mnt/rasterTmp/r_tmp_2017-03-12_074944_17771_89194.gri /mnt/rasterTmp/r_tmp_2017-03-12_074953_17771_01661.grd /mnt/rasterTmp/r_tmp_2017-03-12_074953_17771_01661.gri /mnt/rasterTmp/r_tmp_2017-03-12_075004_17771_24646.grd /mnt/rasterTmp/r_tmp_2017-03-12_075004_17771_24646.gri /mnt/rasterTmp/r_tmp_2017-03-12_075013_17771_58600.grd /mnt/rasterTmp/r_tmp_2017-03-12_075013_17771_58600.gri /mnt/rasterTmp/r_tmp_2017-03-12_075024_17771_08740.grd /mnt/rasterTmp/r_tmp_2017-03-12_075024_17771_08740.gri /mnt/rasterTmp/r_tmp_2017-03-12_075036_17771_66945.grd /mnt/rasterTmp/r_tmp_2017-03-12_075036_17771_66945.gri /mnt/rasterTmp/r_tmp_2017-03-12_075046_17771_65920.grd /mnt/rasterTmp/r_tmp_2017-03-12_075046_17771_65920.gri /mnt/rasterTmp/r_tmp_2017-03-12_075058_17771_98178.grd /mnt/rasterTmp/r_tmp_2017-03-12_075058_17771_98178.gri /mnt/rasterTmp/r_tmp_2017-03-12_075115_17771_41201.grd /mnt/rasterTmp/r_tmp_2017-03-12_075115_17771_41201.gri /mnt/rasterTmp/r_tmp_2017-03-12_075130_17771_19470.grd /mnt/rasterTmp/r_tmp_2017-03-12_075130_17771_19470.gri /mnt/rasterTmp/r_tmp_2017-03-12_075153_17771_77331.grd /mnt/rasterTmp/r_tmp_2017-03-12_075153_17771_77331.gri /mnt/rasterTmp/r_tmp_2017-03-12_075200_17771_65449.grd /mnt/rasterTmp/r_tmp_2017-03-12_075200_17771_65449.gri /mnt/rasterTmp/r_tmp_2017-03-12_075207_17771_48764.grd /mnt/rasterTmp/r_tmp_2017-03-12_075207_17771_48764.gri /mnt/rasterTmp/r_tmp_2017-03-12_075215_17771_31842.grd /mnt/rasterTmp/r_tmp_2017-03-12_075215_17771_31842.gri /mnt/rasterTmp/r_tmp_2017-03-12_075228_17771_58859.grd /mnt/rasterTmp/r_tmp_2017-03-12_075228_17771_58859.gri /mnt/rasterTmp/r_tmp_2017-03-12_075241_17771_22150.grd /mnt/rasterTmp/r_tmp_2017-03-12_075241_17771_22150.gri /mnt/rasterTmp/r_tmp_2017-03-12_075304_17771_04207.grd /mnt/rasterTmp/r_tmp_2017-03-12_075304_17771_04207.gri /mnt/rasterTmp/r_tmp_2017-03-12_075311_17771_10506.grd /mnt/rasterTmp/r_tmp_2017-03-12_075311_17771_10506.gri /mnt/rasterTmp/r_tmp_2017-03-12_075319_17771_39204.grd /mnt/rasterTmp/r_tmp_2017-03-12_075319_17771_39204.gri /mnt/rasterTmp/r_tmp_2017-03-12_075329_17771_39937.grd /mnt/rasterTmp/r_tmp_2017-03-12_075329_17771_39937.gri /mnt/rasterTmp/r_tmp_2017-03-12_075336_17771_46862.grd /mnt/rasterTmp/r_tmp_2017-03-12_075336_17771_46862.gri /mnt/rasterTmp/r_tmp_2017-03-12_075347_17771_64859.grd /mnt/rasterTmp/r_tmp_2017-03-12_075347_17771_64859.gri /mnt/rasterTmp/r_tmp_2017-03-12_075354_17771_55163.grd /mnt/rasterTmp/r_tmp_2017-03-12_075354_17771_55163.gri /mnt/rasterTmp/r_tmp_2017-03-12_075402_17771_93188.grd /mnt/rasterTmp/r_tmp_2017-03-12_075402_17771_93188.gri /mnt/rasterTmp/r_tmp_2017-03-12_075409_17771_09111.grd /mnt/rasterTmp/r_tmp_2017-03-12_075409_17771_09111.gri /mnt/rasterTmp/r_tmp_2017-03-12_075422_17771_62708.grd /mnt/rasterTmp/r_tmp_2017-03-12_075422_17771_62708.gri /mnt/rasterTmp/r_tmp_2017-03-12_075431_17771_13868.grd /mnt/rasterTmp/r_tmp_2017-03-12_075431_17771_13868.gri /mnt/rasterTmp/r_tmp_2017-03-12_075442_17771_15471.grd /mnt/rasterTmp/r_tmp_2017-03-12_075442_17771_15471.gri /mnt/rasterTmp/r_tmp_2017-03-12_075449_17771_64467.grd /mnt/rasterTmp/r_tmp_2017-03-12_075449_17771_64467.gri /mnt/rasterTmp/r_tmp_2017-03-12_075500_17771_18955.grd /mnt/rasterTmp/r_tmp_2017-03-12_075500_17771_18955.gri /mnt/rasterTmp/r_tmp_2017-03-12_075508_17771_51909.grd /mnt/rasterTmp/r_tmp_2017-03-12_075508_17771_51909.gri /mnt/rasterTmp/r_tmp_2017-03-12_075515_17771_57885.grd /mnt/rasterTmp/r_tmp_2017-03-12_075515_17771_57885.gri /mnt/rasterTmp/r_tmp_2017-03-12_075523_17771_76624.grd /mnt/rasterTmp/r_tmp_2017-03-12_075523_17771_76624.gri /mnt/rasterTmp/r_tmp_2017-03-12_075530_17771_43566.grd /mnt/rasterTmp/r_tmp_2017-03-12_075530_17771_43566.gri /mnt/rasterTmp/r_tmp_2017-03-12_075543_17771_93895.grd /mnt/rasterTmp/r_tmp_2017-03-12_075543_17771_93895.gri /mnt/rasterTmp/r_tmp_2017-03-12_075552_17771_77603.grd /mnt/rasterTmp/r_tmp_2017-03-12_075552_17771_77603.gri /mnt/rasterTmp/r_tmp_2017-03-12_075602_17771_81330.grd /mnt/rasterTmp/r_tmp_2017-03-12_075602_17771_81330.gri /mnt/rasterTmp/r_tmp_2017-03-12_075612_17771_96441.grd /mnt/rasterTmp/r_tmp_2017-03-12_075612_17771_96441.gri /mnt/rasterTmp/r_tmp_2017-03-12_075620_17771_18748.grd /mnt/rasterTmp/r_tmp_2017-03-12_075620_17771_18748.gri /mnt/rasterTmp/r_tmp_2017-03-12_075629_17771_21099.grd /mnt/rasterTmp/r_tmp_2017-03-12_075629_17771_21099.gri /mnt/rasterTmp/r_tmp_2017-03-12_075639_17771_46933.grd /mnt/rasterTmp/r_tmp_2017-03-12_075639_17771_46933.gri /mnt/rasterTmp/r_tmp_2017-03-12_075655_17771_89482.grd /mnt/rasterTmp/r_tmp_2017-03-12_075655_17771_89482.gri /mnt/rasterTmp/r_tmp_2017-03-12_075701_17771_91544.grd /mnt/rasterTmp/r_tmp_2017-03-12_075701_17771_91544.gri /mnt/rasterTmp/r_tmp_2017-03-12_075709_17771_02625.grd /mnt/rasterTmp/r_tmp_2017-03-12_075709_17771_02625.gri /mnt/rasterTmp/r_tmp_2017-03-12_075717_17771_76591.grd /mnt/rasterTmp/r_tmp_2017-03-12_075717_17771_76591.gri /mnt/rasterTmp/r_tmp_2017-03-12_075724_17771_51066.grd /mnt/rasterTmp/r_tmp_2017-03-12_075724_17771_51066.gri /mnt/rasterTmp/r_tmp_2017-03-12_075734_17771_98742.grd /mnt/rasterTmp/r_tmp_2017-03-12_075734_17771_98742.gri /mnt/rasterTmp/r_tmp_2017-03-12_075746_17771_63087.grd /mnt/rasterTmp/r_tmp_2017-03-12_075746_17771_63087.gri /mnt/rasterTmp/r_tmp_2017-03-12_075755_17771_98065.grd /mnt/rasterTmp/r_tmp_2017-03-12_075755_17771_98065.gri /mnt/rasterTmp/r_tmp_2017-03-12_075803_17771_78657.grd /mnt/rasterTmp/r_tmp_2017-03-12_075803_17771_78657.gri /mnt/rasterTmp/r_tmp_2017-03-12_075814_17771_02941.grd /mnt/rasterTmp/r_tmp_2017-03-12_075814_17771_02941.gri /mnt/rasterTmp/r_tmp_2017-03-12_075826_17771_28684.grd /mnt/rasterTmp/r_tmp_2017-03-12_075826_17771_28684.gri /mnt/rasterTmp/r_tmp_2017-03-12_075855_17771_42794.grd /mnt/rasterTmp/r_tmp_2017-03-12_075855_17771_42794.gri /mnt/rasterTmp/r_tmp_2017-03-12_075912_17771_60536.grd /mnt/rasterTmp/r_tmp_2017-03-12_075912_17771_60536.gri /mnt/rasterTmp/r_tmp_2017-03-12_075920_17771_46745.grd /mnt/rasterTmp/r_tmp_2017-03-12_075920_17771_46745.gri /mnt/rasterTmp/r_tmp_2017-03-12_075936_17771_76773.grd /mnt/rasterTmp/r_tmp_2017-03-12_075936_17771_76773.gri /mnt/rasterTmp/r_tmp_2017-03-12_075952_17771_03155.grd /mnt/rasterTmp/r_tmp_2017-03-12_075952_17771_03155.gri /mnt/rasterTmp/r_tmp_2017-03-12_091424_17771_24668.grd /mnt/rasterTmp/r_tmp_2017-03-12_091424_17771_24668.gri /mnt/rasterTmp/r_tmp_2017-03-12_091631_17771_84839.grd /mnt/rasterTmp/r_tmp_2017-03-12_091631_17771_84839.gri /mnt/rasterTmp/r_tmp_2017-03-12_091700_17771_09209.grd /mnt/rasterTmp/r_tmp_2017-03-12_091700_17771_09209.gri
+ count=300
+ '[' 300 '!=' 0 ']'
+ sudo rm -r /mnt/rasterTmp/r_tmp_2017-03-12_064156_17771_31104.grd /mnt/rasterTmp/r_tmp_2017-03-12_064156_17771_31104.gri /mnt/rasterTmp/r_tmp_2017-03-12_064456_17771_78327.grd /mnt/rasterTmp/r_tmp_2017-03-12_064456_17771_78327.gri /mnt/rasterTmp/r_tmp_2017-03-12_064555_17771_33030.grd /mnt/rasterTmp/r_tmp_2017-03-12_064555_17771_33030.gri /mnt/rasterTmp/r_tmp_2017-03-12_064627_17771_59985.grd /mnt/rasterTmp/r_tmp_2017-03-12_064627_17771_59985.gri /mnt/rasterTmp/r_tmp_2017-03-12_070703_17771_24209.grd /mnt/rasterTmp/r_tmp_2017-03-12_070703_17771_24209.gri /mnt/rasterTmp/r_tmp_2017-03-12_071004_17771_41468.grd /mnt/rasterTmp/r_tmp_2017-03-12_071004_17771_41468.gri /mnt/rasterTmp/r_tmp_2017-03-12_071018_17771_39849.grd /mnt/rasterTmp/r_tmp_2017-03-12_071018_17771_39849.gri /mnt/rasterTmp/r_tmp_2017-03-12_071029_17771_20111.grd /mnt/rasterTmp/r_tmp_2017-03-12_071029_17771_20111.gri /mnt/rasterTmp/r_tmp_2017-03-12_071041_17771_49520.grd /mnt/rasterTmp/r_tmp_2017-03-12_071041_17771_49520.gri /mnt/rasterTmp/r_tmp_2017-03-12_071052_17771_26538.grd /mnt/rasterTmp/r_tmp_2017-03-12_071052_17771_26538.gri /mnt/rasterTmp/r_tmp_2017-03-12_071111_17771_79479.grd /mnt/rasterTmp/r_tmp_2017-03-12_071111_17771_79479.gri /mnt/rasterTmp/r_tmp_2017-03-12_071121_17771_82506.grd /mnt/rasterTmp/r_tmp_2017-03-12_071121_17771_82506.gri /mnt/rasterTmp/r_tmp_2017-03-12_071131_17771_46097.grd /mnt/rasterTmp/r_tmp_2017-03-12_071131_17771_46097.gri /mnt/rasterTmp/r_tmp_2017-03-12_071141_17771_95523.grd /mnt/rasterTmp/r_tmp_2017-03-12_071141_17771_95523.gri /mnt/rasterTmp/r_tmp_2017-03-12_071200_17771_87959.grd /mnt/rasterTmp/r_tmp_2017-03-12_071200_17771_87959.gri /mnt/rasterTmp/r_tmp_2017-03-12_071209_17771_53311.grd /mnt/rasterTmp/r_tmp_2017-03-12_071209_17771_53311.gri /mnt/rasterTmp/r_tmp_2017-03-12_071220_17771_67549.grd /mnt/rasterTmp/r_tmp_2017-03-12_071220_17771_67549.gri /mnt/rasterTmp/r_tmp_2017-03-12_071229_17771_21703.grd /mnt/rasterTmp/r_tmp_2017-03-12_071229_17771_21703.gri /mnt/rasterTmp/r_tmp_2017-03-12_071248_17771_48582.grd /mnt/rasterTmp/r_tmp_2017-03-12_071248_17771_48582.gri /mnt/rasterTmp/r_tmp_2017-03-12_071257_17771_57891.grd /mnt/rasterTmp/r_tmp_2017-03-12_071257_17771_57891.gri /mnt/rasterTmp/r_tmp_2017-03-12_071307_17771_12256.grd /mnt/rasterTmp/r_tmp_2017-03-12_071307_17771_12256.gri /mnt/rasterTmp/r_tmp_2017-03-12_071316_17771_96670.grd /mnt/rasterTmp/r_tmp_2017-03-12_071316_17771_96670.gri /mnt/rasterTmp/r_tmp_2017-03-12_071334_17771_09423.grd /mnt/rasterTmp/r_tmp_2017-03-12_071334_17771_09423.gri /mnt/rasterTmp/r_tmp_2017-03-12_071343_17771_64487.grd /mnt/rasterTmp/r_tmp_2017-03-12_071343_17771_64487.gri /mnt/rasterTmp/r_tmp_2017-03-12_071354_17771_95216.grd /mnt/rasterTmp/r_tmp_2017-03-12_071354_17771_95216.gri /mnt/rasterTmp/r_tmp_2017-03-12_071404_17771_98973.grd /mnt/rasterTmp/r_tmp_2017-03-12_071404_17771_98973.gri /mnt/rasterTmp/r_tmp_2017-03-12_071423_17771_56626.grd /mnt/rasterTmp/r_tmp_2017-03-12_071423_17771_56626.gri /mnt/rasterTmp/r_tmp_2017-03-12_071432_17771_95234.grd /mnt/rasterTmp/r_tmp_2017-03-12_071432_17771_95234.gri /mnt/rasterTmp/r_tmp_2017-03-12_071443_17771_01474.grd /mnt/rasterTmp/r_tmp_2017-03-12_071443_17771_01474.gri /mnt/rasterTmp/r_tmp_2017-03-12_071452_17771_27003.grd /mnt/rasterTmp/r_tmp_2017-03-12_071452_17771_27003.gri /mnt/rasterTmp/r_tmp_2017-03-12_071509_17771_26955.grd /mnt/rasterTmp/r_tmp_2017-03-12_071509_17771_26955.gri /mnt/rasterTmp/r_tmp_2017-03-12_071517_17771_37883.grd /mnt/rasterTmp/r_tmp_2017-03-12_071517_17771_37883.gri /mnt/rasterTmp/r_tmp_2017-03-12_071527_17771_93275.grd /mnt/rasterTmp/r_tmp_2017-03-12_071527_17771_93275.gri /mnt/rasterTmp/r_tmp_2017-03-12_071535_17771_32805.grd /mnt/rasterTmp/r_tmp_2017-03-12_071535_17771_32805.gri /mnt/rasterTmp/r_tmp_2017-03-12_071555_17771_26359.grd /mnt/rasterTmp/r_tmp_2017-03-12_071555_17771_26359.gri /mnt/rasterTmp/r_tmp_2017-03-12_071604_17771_70147.grd /mnt/rasterTmp/r_tmp_2017-03-12_071604_17771_70147.gri /mnt/rasterTmp/r_tmp_2017-03-12_071614_17771_48270.grd /mnt/rasterTmp/r_tmp_2017-03-12_071614_17771_48270.gri /mnt/rasterTmp/r_tmp_2017-03-12_071623_17771_87400.grd /mnt/rasterTmp/r_tmp_2017-03-12_071623_17771_87400.gri /mnt/rasterTmp/r_tmp_2017-03-12_071633_17771_53056.grd /mnt/rasterTmp/r_tmp_2017-03-12_071633_17771_53056.gri /mnt/rasterTmp/r_tmp_2017-03-12_071642_17771_63450.grd /mnt/rasterTmp/r_tmp_2017-03-12_071642_17771_63450.gri /mnt/rasterTmp/r_tmp_2017-03-12_071652_17771_42767.grd /mnt/rasterTmp/r_tmp_2017-03-12_071652_17771_42767.gri /mnt/rasterTmp/r_tmp_2017-03-12_071701_17771_51491.grd /mnt/rasterTmp/r_tmp_2017-03-12_071701_17771_51491.gri /mnt/rasterTmp/r_tmp_2017-03-12_071711_17771_90287.grd /mnt/rasterTmp/r_tmp_2017-03-12_071711_17771_90287.gri /mnt/rasterTmp/r_tmp_2017-03-12_071720_17771_53241.grd /mnt/rasterTmp/r_tmp_2017-03-12_071720_17771_53241.gri /mnt/rasterTmp/r_tmp_2017-03-12_071730_17771_05989.grd /mnt/rasterTmp/r_tmp_2017-03-12_071730_17771_05989.gri /mnt/rasterTmp/r_tmp_2017-03-12_071739_17771_37108.grd /mnt/rasterTmp/r_tmp_2017-03-12_071739_17771_37108.gri /mnt/rasterTmp/r_tmp_2017-03-12_071749_17771_89699.grd /mnt/rasterTmp/r_tmp_2017-03-12_071749_17771_89699.gri /mnt/rasterTmp/r_tmp_2017-03-12_071758_17771_40593.grd /mnt/rasterTmp/r_tmp_2017-03-12_071758_17771_40593.gri /mnt/rasterTmp/r_tmp_2017-03-12_071808_17771_90461.grd /mnt/rasterTmp/r_tmp_2017-03-12_071808_17771_90461.gri /mnt/rasterTmp/r_tmp_2017-03-12_071817_17771_64242.grd /mnt/rasterTmp/r_tmp_2017-03-12_071817_17771_64242.gri /mnt/rasterTmp/r_tmp_2017-03-12_071826_17771_31905.grd /mnt/rasterTmp/r_tmp_2017-03-12_071826_17771_31905.gri /mnt/rasterTmp/r_tmp_2017-03-12_071835_17771_17865.grd /mnt/rasterTmp/r_tmp_2017-03-12_071835_17771_17865.gri /mnt/rasterTmp/r_tmp_2017-03-12_071845_17771_49284.grd /mnt/rasterTmp/r_tmp_2017-03-12_071845_17771_49284.gri /mnt/rasterTmp/r_tmp_2017-03-12_071857_17771_42350.grd /mnt/rasterTmp/r_tmp_2017-03-12_071857_17771_42350.gri /mnt/rasterTmp/r_tmp_2017-03-12_071908_17771_95853.grd /mnt/rasterTmp/r_tmp_2017-03-12_071908_17771_95853.gri /mnt/rasterTmp/r_tmp_2017-03-12_071919_17771_41744.grd /mnt/rasterTmp/r_tmp_2017-03-12_071919_17771_41744.gri /mnt/rasterTmp/r_tmp_2017-03-12_071929_17771_10870.grd /mnt/rasterTmp/r_tmp_2017-03-12_071929_17771_10870.gri /mnt/rasterTmp/r_tmp_2017-03-12_071938_17771_29031.grd /mnt/rasterTmp/r_tmp_2017-03-12_071938_17771_29031.gri /mnt/rasterTmp/r_tmp_2017-03-12_071947_17771_77609.grd /mnt/rasterTmp/r_tmp_2017-03-12_071947_17771_77609.gri /mnt/rasterTmp/r_tmp_2017-03-12_071959_17771_27190.grd /mnt/rasterTmp/r_tmp_2017-03-12_071959_17771_27190.gri /mnt/rasterTmp/r_tmp_2017-03-12_072008_17771_35540.grd /mnt/rasterTmp/r_tmp_2017-03-12_072008_17771_35540.gri /mnt/rasterTmp/r_tmp_2017-03-12_072020_17771_87076.grd /mnt/rasterTmp/r_tmp_2017-03-12_072020_17771_87076.gri /mnt/rasterTmp/r_tmp_2017-03-12_072029_17771_69144.grd /mnt/rasterTmp/r_tmp_2017-03-12_072029_17771_69144.gri /mnt/rasterTmp/r_tmp_2017-03-12_072040_17771_10617.grd /mnt/rasterTmp/r_tmp_2017-03-12_072040_17771_10617.gri /mnt/rasterTmp/r_tmp_2017-03-12_072050_17771_18735.grd /mnt/rasterTmp/r_tmp_2017-03-12_072050_17771_18735.gri /mnt/rasterTmp/r_tmp_2017-03-12_072102_17771_56093.grd /mnt/rasterTmp/r_tmp_2017-03-12_072102_17771_56093.gri /mnt/rasterTmp/r_tmp_2017-03-12_072111_17771_19785.grd /mnt/rasterTmp/r_tmp_2017-03-12_072111_17771_19785.gri /mnt/rasterTmp/r_tmp_2017-03-12_072123_17771_27086.grd /mnt/rasterTmp/r_tmp_2017-03-12_072123_17771_27086.gri /mnt/rasterTmp/r_tmp_2017-03-12_072133_17771_11225.grd /mnt/rasterTmp/r_tmp_2017-03-12_072133_17771_11225.gri /mnt/rasterTmp/r_tmp_2017-03-12_072142_17771_27967.grd /mnt/rasterTmp/r_tmp_2017-03-12_072142_17771_27967.gri /mnt/rasterTmp/r_tmp_2017-03-12_072155_17771_53122.grd /mnt/rasterTmp/r_tmp_2017-03-12_072155_17771_53122.gri /mnt/rasterTmp/r_tmp_2017-03-12_072204_17771_02651.grd /mnt/rasterTmp/r_tmp_2017-03-12_072204_17771_02651.gri /mnt/rasterTmp/r_tmp_2017-03-12_072214_17771_04697.grd /mnt/rasterTmp/r_tmp_2017-03-12_072214_17771_04697.gri /mnt/rasterTmp/r_tmp_2017-03-12_072226_17771_67857.grd /mnt/rasterTmp/r_tmp_2017-03-12_072226_17771_67857.gri /mnt/rasterTmp/r_tmp_2017-03-12_072238_17771_94706.grd /mnt/rasterTmp/r_tmp_2017-03-12_072238_17771_94706.gri /mnt/rasterTmp/r_tmp_2017-03-12_072251_17771_68560.grd /mnt/rasterTmp/r_tmp_2017-03-12_072251_17771_68560.gri /mnt/rasterTmp/r_tmp_2017-03-12_072303_17771_06783.grd /mnt/rasterTmp/r_tmp_2017-03-12_072303_17771_06783.gri /mnt/rasterTmp/r_tmp_2017-03-12_072313_17771_41713.grd /mnt/rasterTmp/r_tmp_2017-03-12_072313_17771_41713.gri /mnt/rasterTmp/r_tmp_2017-03-12_072323_17771_02572.grd /mnt/rasterTmp/r_tmp_2017-03-12_072323_17771_02572.gri /mnt/rasterTmp/r_tmp_2017-03-12_072335_17771_65428.grd /mnt/rasterTmp/r_tmp_2017-03-12_072335_17771_65428.gri /mnt/rasterTmp/r_tmp_2017-03-12_072348_17771_07682.grd /mnt/rasterTmp/r_tmp_2017-03-12_072348_17771_07682.gri /mnt/rasterTmp/r_tmp_2017-03-12_072407_17771_22973.grd /mnt/rasterTmp/r_tmp_2017-03-12_072407_17771_22973.gri /mnt/rasterTmp/r_tmp_2017-03-12_072415_17771_03167.grd /mnt/rasterTmp/r_tmp_2017-03-12_072415_17771_03167.gri /mnt/rasterTmp/r_tmp_2017-03-12_074754_17771_97782.grd /mnt/rasterTmp/r_tmp_2017-03-12_074754_17771_97782.gri /mnt/rasterTmp/r_tmp_2017-03-12_074816_17771_19892.grd /mnt/rasterTmp/r_tmp_2017-03-12_074816_17771_19892.gri /mnt/rasterTmp/r_tmp_2017-03-12_074839_17771_15961.grd /mnt/rasterTmp/r_tmp_2017-03-12_074839_17771_15961.gri /mnt/rasterTmp/r_tmp_2017-03-12_074900_17771_42806.grd /mnt/rasterTmp/r_tmp_2017-03-12_074900_17771_42806.gri /mnt/rasterTmp/r_tmp_2017-03-12_074911_17771_13027.grd /mnt/rasterTmp/r_tmp_2017-03-12_074911_17771_13027.gri /mnt/rasterTmp/r_tmp_2017-03-12_074922_17771_70446.grd /mnt/rasterTmp/r_tmp_2017-03-12_074922_17771_70446.gri /mnt/rasterTmp/r_tmp_2017-03-12_074931_17771_47338.grd /mnt/rasterTmp/r_tmp_2017-03-12_074931_17771_47338.gri /mnt/rasterTmp/r_tmp_2017-03-12_074944_17771_89194.grd /mnt/rasterTmp/r_tmp_2017-03-12_074944_17771_89194.gri /mnt/rasterTmp/r_tmp_2017-03-12_074953_17771_01661.grd /mnt/rasterTmp/r_tmp_2017-03-12_074953_17771_01661.gri /mnt/rasterTmp/r_tmp_2017-03-12_075004_17771_24646.grd /mnt/rasterTmp/r_tmp_2017-03-12_075004_17771_24646.gri /mnt/rasterTmp/r_tmp_2017-03-12_075013_17771_58600.grd /mnt/rasterTmp/r_tmp_2017-03-12_075013_17771_58600.gri /mnt/rasterTmp/r_tmp_2017-03-12_075024_17771_08740.grd /mnt/rasterTmp/r_tmp_2017-03-12_075024_17771_08740.gri /mnt/rasterTmp/r_tmp_2017-03-12_075036_17771_66945.grd /mnt/rasterTmp/r_tmp_2017-03-12_075036_17771_66945.gri /mnt/rasterTmp/r_tmp_2017-03-12_075046_17771_65920.grd /mnt/rasterTmp/r_tmp_2017-03-12_075046_17771_65920.gri /mnt/rasterTmp/r_tmp_2017-03-12_075058_17771_98178.grd /mnt/rasterTmp/r_tmp_2017-03-12_075058_17771_98178.gri /mnt/rasterTmp/r_tmp_2017-03-12_075115_17771_41201.grd /mnt/rasterTmp/r_tmp_2017-03-12_075115_17771_41201.gri /mnt/rasterTmp/r_tmp_2017-03-12_075130_17771_19470.grd /mnt/rasterTmp/r_tmp_2017-03-12_075130_17771_19470.gri /mnt/rasterTmp/r_tmp_2017-03-12_075153_17771_77331.grd /mnt/rasterTmp/r_tmp_2017-03-12_075153_17771_77331.gri /mnt/rasterTmp/r_tmp_2017-03-12_075200_17771_65449.grd /mnt/rasterTmp/r_tmp_2017-03-12_075200_17771_65449.gri /mnt/rasterTmp/r_tmp_2017-03-12_075207_17771_48764.grd /mnt/rasterTmp/r_tmp_2017-03-12_075207_17771_48764.gri /mnt/rasterTmp/r_tmp_2017-03-12_075215_17771_31842.grd /mnt/rasterTmp/r_tmp_2017-03-12_075215_17771_31842.gri /mnt/rasterTmp/r_tmp_2017-03-12_075228_17771_58859.grd /mnt/rasterTmp/r_tmp_2017-03-12_075228_17771_58859.gri /mnt/rasterTmp/r_tmp_2017-03-12_075241_17771_22150.grd /mnt/rasterTmp/r_tmp_2017-03-12_075241_17771_22150.gri /mnt/rasterTmp/r_tmp_2017-03-12_075304_17771_04207.grd /mnt/rasterTmp/r_tmp_2017-03-12_075304_17771_04207.gri /mnt/rasterTmp/r_tmp_2017-03-12_075311_17771_10506.grd /mnt/rasterTmp/r_tmp_2017-03-12_075311_17771_10506.gri /mnt/rasterTmp/r_tmp_2017-03-12_075319_17771_39204.grd /mnt/rasterTmp/r_tmp_2017-03-12_075319_17771_39204.gri /mnt/rasterTmp/r_tmp_2017-03-12_075329_17771_39937.grd /mnt/rasterTmp/r_tmp_2017-03-12_075329_17771_39937.gri /mnt/rasterTmp/r_tmp_2017-03-12_075336_17771_46862.grd /mnt/rasterTmp/r_tmp_2017-03-12_075336_17771_46862.gri /mnt/rasterTmp/r_tmp_2017-03-12_075347_17771_64859.grd /mnt/rasterTmp/r_tmp_2017-03-12_075347_17771_64859.gri /mnt/rasterTmp/r_tmp_2017-03-12_075354_17771_55163.grd /mnt/rasterTmp/r_tmp_2017-03-12_075354_17771_55163.gri /mnt/rasterTmp/r_tmp_2017-03-12_075402_17771_93188.grd /mnt/rasterTmp/r_tmp_2017-03-12_075402_17771_93188.gri /mnt/rasterTmp/r_tmp_2017-03-12_075409_17771_09111.grd /mnt/rasterTmp/r_tmp_2017-03-12_075409_17771_09111.gri /mnt/rasterTmp/r_tmp_2017-03-12_075422_17771_62708.grd /mnt/rasterTmp/r_tmp_2017-03-12_075422_17771_62708.gri /mnt/rasterTmp/r_tmp_2017-03-12_075431_17771_13868.grd /mnt/rasterTmp/r_tmp_2017-03-12_075431_17771_13868.gri /mnt/rasterTmp/r_tmp_2017-03-12_075442_17771_15471.grd /mnt/rasterTmp/r_tmp_2017-03-12_075442_17771_15471.gri /mnt/rasterTmp/r_tmp_2017-03-12_075449_17771_64467.grd /mnt/rasterTmp/r_tmp_2017-03-12_075449_17771_64467.gri /mnt/rasterTmp/r_tmp_2017-03-12_075500_17771_18955.grd /mnt/rasterTmp/r_tmp_2017-03-12_075500_17771_18955.gri /mnt/rasterTmp/r_tmp_2017-03-12_075508_17771_51909.grd /mnt/rasterTmp/r_tmp_2017-03-12_075508_17771_51909.gri /mnt/rasterTmp/r_tmp_2017-03-12_075515_17771_57885.grd /mnt/rasterTmp/r_tmp_2017-03-12_075515_17771_57885.gri /mnt/rasterTmp/r_tmp_2017-03-12_075523_17771_76624.grd /mnt/rasterTmp/r_tmp_2017-03-12_075523_17771_76624.gri /mnt/rasterTmp/r_tmp_2017-03-12_075530_17771_43566.grd /mnt/rasterTmp/r_tmp_2017-03-12_075530_17771_43566.gri /mnt/rasterTmp/r_tmp_2017-03-12_075543_17771_93895.grd /mnt/rasterTmp/r_tmp_2017-03-12_075543_17771_93895.gri /mnt/rasterTmp/r_tmp_2017-03-12_075552_17771_77603.grd /mnt/rasterTmp/r_tmp_2017-03-12_075552_17771_77603.gri /mnt/rasterTmp/r_tmp_2017-03-12_075602_17771_81330.grd /mnt/rasterTmp/r_tmp_2017-03-12_075602_17771_81330.gri /mnt/rasterTmp/r_tmp_2017-03-12_075612_17771_96441.grd /mnt/rasterTmp/r_tmp_2017-03-12_075612_17771_96441.gri /mnt/rasterTmp/r_tmp_2017-03-12_075620_17771_18748.grd /mnt/rasterTmp/r_tmp_2017-03-12_075620_17771_18748.gri /mnt/rasterTmp/r_tmp_2017-03-12_075629_17771_21099.grd /mnt/rasterTmp/r_tmp_2017-03-12_075629_17771_21099.gri /mnt/rasterTmp/r_tmp_2017-03-12_075639_17771_46933.grd /mnt/rasterTmp/r_tmp_2017-03-12_075639_17771_46933.gri /mnt/rasterTmp/r_tmp_2017-03-12_075655_17771_89482.grd /mnt/rasterTmp/r_tmp_2017-03-12_075655_17771_89482.gri /mnt/rasterTmp/r_tmp_2017-03-12_075701_17771_91544.grd /mnt/rasterTmp/r_tmp_2017-03-12_075701_17771_91544.gri /mnt/rasterTmp/r_tmp_2017-03-12_075709_17771_02625.grd /mnt/rasterTmp/r_tmp_2017-03-12_075709_17771_02625.gri /mnt/rasterTmp/r_tmp_2017-03-12_075717_17771_76591.grd /mnt/rasterTmp/r_tmp_2017-03-12_075717_17771_76591.gri /mnt/rasterTmp/r_tmp_2017-03-12_075724_17771_51066.grd /mnt/rasterTmp/r_tmp_2017-03-12_075724_17771_51066.gri /mnt/rasterTmp/r_tmp_2017-03-12_075734_17771_98742.grd /mnt/rasterTmp/r_tmp_2017-03-12_075734_17771_98742.gri /mnt/rasterTmp/r_tmp_2017-03-12_075746_17771_63087.grd /mnt/rasterTmp/r_tmp_2017-03-12_075746_17771_63087.gri /mnt/rasterTmp/r_tmp_2017-03-12_075755_17771_98065.grd /mnt/rasterTmp/r_tmp_2017-03-12_075755_17771_98065.gri /mnt/rasterTmp/r_tmp_2017-03-12_075803_17771_78657.grd /mnt/rasterTmp/r_tmp_2017-03-12_075803_17771_78657.gri /mnt/rasterTmp/r_tmp_2017-03-12_075814_17771_02941.grd /mnt/rasterTmp/r_tmp_2017-03-12_075814_17771_02941.gri /mnt/rasterTmp/r_tmp_2017-03-12_075826_17771_28684.grd /mnt/rasterTmp/r_tmp_2017-03-12_075826_17771_28684.gri /mnt/rasterTmp/r_tmp_2017-03-12_075855_17771_42794.grd /mnt/rasterTmp/r_tmp_2017-03-12_075855_17771_42794.gri /mnt/rasterTmp/r_tmp_2017-03-12_075912_17771_60536.grd /mnt/rasterTmp/r_tmp_2017-03-12_075912_17771_60536.gri /mnt/rasterTmp/r_tmp_2017-03-12_075920_17771_46745.grd /mnt/rasterTmp/r_tmp_2017-03-12_075920_17771_46745.gri /mnt/rasterTmp/r_tmp_2017-03-12_075936_17771_76773.grd /mnt/rasterTmp/r_tmp_2017-03-12_075936_17771_76773.gri /mnt/rasterTmp/r_tmp_2017-03-12_075952_17771_03155.grd /mnt/rasterTmp/r_tmp_2017-03-12_075952_17771_03155.gri /mnt/rasterTmp/r_tmp_2017-03-12_091424_17771_24668.grd /mnt/rasterTmp/r_tmp_2017-03-12_091424_17771_24668.gri /mnt/rasterTmp/r_tmp_2017-03-12_091631_17771_84839.grd /mnt/rasterTmp/r_tmp_2017-03-12_091631_17771_84839.gri /mnt/rasterTmp/r_tmp_2017-03-12_091700_17771_09209.grd /mnt/rasterTmp/r_tmp_2017-03-12_091700_17771_09209.gri
sudo: unable to resolve host fogbow39666
+ echo 'Starting CPU and Memory collect...'
+ sudo bash /tmp/sandbox/6a2a99da-d995-46ac-817b-925a77e9a46a/SEBAL/scripts/collect-cpu-usage.sh
+ sudo tee /nfs/results//LT52170641986204CUB00/LT52170641986204CUB00_cpu_usage.txt
+ checkProcessOutput
+ PROCESS_OUTPUT=0
+ '[' 0 -ne 0 ']'
+ executeRScript
+ sudo bash /tmp/sandbox/6a2a99da-d995-46ac-817b-925a77e9a46a/SEBAL/scripts/collect-memory-usage.sh
+ sudo tee /nfs/results//LT52170641986204CUB00/LT52170641986204CUB00_mem_usage.txt
SEBAL/bin/run.sh: line 95: /dev/nul: Permission denied
++ seq 2
+ for i in '`seq $MAX_TRIES`'
+ sudo bash /tmp/sandbox/6a2a99da-d995-46ac-817b-925a77e9a46a/SEBAL/scripts/executeRScript.sh /tmp/sandbox/6a2a99da-d995-46ac-817b-925a77e9a46a/SEBAL/workspace/R/AlgoritmoFinal-f1-v02122016.R /tmp/sandbox/6a2a99da-d995-46ac-817b-925a77e9a46a/SEBAL/workspace/R /mnt
sudo: unable to resolve host fogbow39666
sudo: unable to resolve host fogbow39666
sudo: unable to resolve host fogbow39666
sudo: unable to resolve host fogbow39666
During startup - Warning messages:
1: Setting LC_TIME failed, using "C" 
2: Setting LC_MONETARY failed, using "C" 
3: Setting LC_PAPER failed, using "C" 
4: Setting LC_MEASUREMENT failed, using "C" 
Installing package into ‘/usr/local/lib/R/site-library’
(as ‘lib’ is unspecified)
trying URL 'http://nbcgib.uesc.br/mirrors/cran/src/contrib/snow_0.4-2.tar.gz'
Content type 'application/x-gzip' length 22397 bytes (21 Kb)
opened URL
==================================================
downloaded 21 Kb

During startup - Warning messages:
1: Setting LC_TIME failed, using "C" 
2: Setting LC_MONETARY failed, using "C" 
3: Setting LC_PAPER failed, using "C" 
4: Setting LC_MEASUREMENT failed, using "C" 
* installing *source* package ‘snow’ ...
** package ‘snow’ successfully unpacked and MD5 sums checked
** R
** inst
** preparing package for lazy loading
** help
*** installing help indices
** building package indices
** testing if installed package can be loaded
* DONE (snow)
Installing package into ‘/usr/local/lib/R/site-library’
(as ‘lib’ is unspecified)
trying URL 'http://nbcgib.uesc.br/mirrors/cran/src/contrib/R.utils_2.5.0.tar.gz'
Content type 'application/x-gzip' length 389402 bytes (380 Kb)
opened URL
==================================================
downloaded 380 Kb

During startup - Warning messages:
1: Setting LC_TIME failed, using "C" 
2: Setting LC_MONETARY failed, using "C" 
3: Setting LC_PAPER failed, using "C" 
4: Setting LC_MEASUREMENT failed, using "C" 
* installing *source* package ‘R.utils’ ...
** package ‘R.utils’ successfully unpacked and MD5 sums checked
** R
** inst
** preparing package for lazy loading
Warning in setGenericS3.default(name, export = exportGeneric, envir = envir,  :
  Renamed the preexisting function warnings to warnings.default, which was defined in environment base.
** help
*** installing help indices
** building package indices
** testing if installed package can be loaded
* DONE (R.utils)
Loading required package: R.oo
Loading required package: R.methodsS3
R.methodsS3 v1.7.1 (2016-02-15) successfully loaded. See ?R.methodsS3 for help.
R.oo v1.21.0 (2016-10-30) successfully loaded. See ?R.oo for help.

Attaching package: ‘R.oo’

The following objects are masked from ‘package:base’:

    attach, detach, gc, load, save

R.utils v2.5.0 (2016-11-07) successfully loaded. See ?R.utils for help.

Attaching package: ‘R.utils’

The following object is masked from ‘package:utils’:

    timestamp

The following objects are masked from ‘package:base’:

    cat, commandArgs, getOption, inherits, isOpen, parse, warnings

Loading required package: methods

Attaching package: ‘methods’

The following objects are masked from ‘package:R.oo’:

    getClasses, getMethods

Loading required package: sp

Attaching package: ‘raster’

The following objects are masked from ‘package:R.utils’:

    extract, resample

The following objects are masked from ‘package:R.oo’:

    extend, trim

rgdal: version: 1.1-10, (SVN revision 622)
 Geospatial Data Abstraction Library extensions to R successfully loaded
 Loaded GDAL runtime: GDAL 1.10.1, released 2013/08/26
 Path to GDAL shared files: /usr/share/gdal/1.10
 Loaded PROJ.4 runtime: Rel. 4.8.0, 6 March 2012, [PJ_VERSION: 480]
 Path to PROJ.4 shared files: (autodetected)
 Linking to sp version: 1.2-3 

Attaching package: ‘rgdal’

The following object is masked from ‘package:R.oo’:

    getDescription

Checking rgeos availability: TRUE
Loading required namespace: parallel
During startup - Warning messages:
1: Setting LC_TIME failed, using "C" 
2: Setting LC_MONETARY failed, using "C" 
3: Setting LC_PAPER failed, using "C" 
4: Setting LC_MEASUREMENT failed, using "C" 
During startup - Warning messages:
1: Setting LC_TIME failed, using "C" 
2: Setting LC_MONETARY failed, using "C" 
3: Setting LC_PAPER failed, using "C" 
4: Setting LC_MEASUREMENT failed, using "C" 
During startup - Warning messages:
1: Setting LC_TIME failed, using "C" 
2: Setting LC_MONETARY failed, using "C" 
3: Setting LC_PAPER failed, using "C" 
4: Setting LC_MEASUREMENT failed, using "C" 
During startup - Warning messages:
1: Setting LC_TIME failed, using "C" 
2: Setting LC_MONETARY failed, using "C" 
3: Setting LC_PAPER failed, using "C" 
4: Setting LC_MEASUREMENT failed, using "C" 
During startup - Warning messages:
1: Setting LC_TIME failed, using "C" 
2: Setting LC_MONETARY failed, using "C" 
3: Setting LC_PAPER failed, using "C" 
4: Setting LC_MEASUREMENT failed, using "C" 
During startup - Warning messages:
1: Setting LC_TIME failed, using "C" 
2: Setting LC_MONETARY failed, using "C" 
3: Setting LC_PAPER failed, using "C" 
4: Setting LC_MEASUREMENT failed, using "C" 
During startup - Warning messages:
1: Setting LC_TIME failed, using "C" 
2: Setting LC_MONETARY failed, using "C" 
3: Setting LC_PAPER failed, using "C" 
4: Setting LC_MEASUREMENT failed, using "C" 
Using cluster with 7 nodes
During startup - Warning messages:
1: Setting LC_TIME failed, using "C" 
2: Setting LC_MONETARY failed, using "C" 
3: Setting LC_PAPER failed, using "C" 
4: Setting LC_MEASUREMENT failed, using "C" 
During startup - Warning messages:
1: Setting LC_TIME failed, using "C" 
2: Setting LC_MONETARY failed, using "C" 
3: Setting LC_PAPER failed, using "C" 
4: Setting LC_MEASUREMENT failed, using "C" 
During startup - Warning messages:
1: Setting LC_TIME failed, using "C" 
2: Setting LC_MONETARY failed, using "C" 
3: Setting LC_PAPER failed, using "C" 
4: Setting LC_MEASUREMENT failed, using "C" 
During startup - Warning messages:
1: Setting LC_TIME failed, using "C" 
2: Setting LC_MONETARY failed, using "C" 
3: Setting LC_PAPER failed, using "C" 
4: Setting LC_MEASUREMENT failed, using "C" 
During startup - Warning messages:
1: Setting LC_TIME failed, using "C" 
2: Setting LC_MONETARY failed, using "C" 
3: Setting LC_PAPER failed, using "C" 
4: Setting LC_MEASUREMENT failed, using "C" 
During startup - Warning messages:
1: Setting LC_TIME failed, using "C" 
2: Setting LC_MONETARY failed, using "C" 
3: Setting LC_PAPER failed, using "C" 
4: Setting LC_MEASUREMENT failed, using "C" 
During startup - Warning messages:
1: Setting LC_TIME failed, using "C" 
2: Setting LC_MONETARY failed, using "C" 
3: Setting LC_PAPER failed, using "C" 
4: Setting LC_MEASUREMENT failed, using "C" 
Using cluster with 7 nodes
During startup - Warning messages:
1: Setting LC_TIME failed, using "C" 
2: Setting LC_MONETARY failed, using "C" 
3: Setting LC_PAPER failed, using "C" 
4: Setting LC_MEASUREMENT failed, using "C" 
During startup - Warning messages:
1: Setting LC_TIME failed, using "C" 
2: Setting LC_MONETARY failed, using "C" 
3: Setting LC_PAPER failed, using "C" 
4: Setting LC_MEASUREMENT failed, using "C" 
During startup - Warning messages:
1: Setting LC_TIME failed, using "C" 
2: Setting LC_MONETARY failed, using "C" 
3: Setting LC_PAPER failed, using "C" 
4: Setting LC_MEASUREMENT failed, using "C" 
During startup - Warning messages:
1: Setting LC_TIME failed, using "C" 
2: Setting LC_MONETARY failed, using "C" 
3: Setting LC_PAPER failed, using "C" 
4: Setting LC_MEASUREMENT failed, using "C" 
During startup - Warning messages:
1: Setting LC_TIME failed, using "C" 
2: Setting LC_MONETARY failed, using "C" 
3: Setting LC_PAPER failed, using "C" 
4: Setting LC_MEASUREMENT failed, using "C" 
During startup - Warning messages:
1: Setting LC_TIME failed, using "C" 
2: Setting LC_MONETARY failed, using "C" 
3: Setting LC_PAPER failed, using "C" 
4: Setting LC_MEASUREMENT failed, using "C" 
During startup - Warning messages:
1: Setting LC_TIME failed, using "C" 
2: Setting LC_MONETARY failed, using "C" 
3: Setting LC_PAPER failed, using "C" 
4: Setting LC_MEASUREMENT failed, using "C" 
During startup - Warning messages:
1: Setting LC_TIME failed, using "C" 
2: Setting LC_MONETARY failed, using "C" 
3: Setting LC_PAPER failed, using "C" 
4: Setting LC_MEASUREMENT failed, using "C" 
During startup - Warning messages:
1: Setting LC_TIME failed, using "C" 
2: Setting LC_MONETARY failed, using "C" 
3: Setting LC_PAPER failed, using "C" 
4: Setting LC_MEASUREMENT failed, using "C" 
During startup - Warning messages:
1: Setting LC_TIME failed, using "C" 
2: Setting LC_MONETARY failed, using "C" 
3: Setting LC_PAPER failed, using "C" 
4: Setting LC_MEASUREMENT failed, using "C" 
During startup - Warning messages:
1: Setting LC_TIME failed, using "C" 
2: Setting LC_MONETARY failed, using "C" 
3: Setting LC_PAPER failed, using "C" 
4: Setting LC_MEASUREMENT failed, using "C" 
During startup - Warning messages:
1: Setting LC_TIME failed, using "C" 
2: Setting LC_MONETARY failed, using "C" 
3: Setting LC_PAPER failed, using "C" 
4: Setting LC_MEASUREMENT failed, using "C" 
During startup - Warning messages:
1: Setting LC_TIME failed, using "C" 
2: Setting LC_MONETARY failed, using "C" 
3: Setting LC_PAPER failed, using "C" 
4: Setting LC_MEASUREMENT failed, using "C" 
During startup - Warning messages:
1: Setting LC_TIME failed, using "C" 
2: Setting LC_MONETARY failed, using "C" 
3: Setting LC_PAPER failed, using "C" 
4: Setting LC_MEASUREMENT failed, using "C" 
Using cluster with 7 nodes
Using cluster with 7 nodes
Using cluster with 7 nodes
During startup - Warning messages:
1: Setting LC_TIME failed, using "C" 
2: Setting LC_MONETARY failed, using "C" 
3: Setting LC_PAPER failed, using "C" 
4: Setting LC_MEASUREMENT failed, using "C" 
During startup - Warning messages:
1: Setting LC_TIME failed, using "C" 
2: Setting LC_MONETARY failed, using "C" 
3: Setting LC_PAPER failed, using "C" 
4: Setting LC_MEASUREMENT failed, using "C" 
During startup - Warning messages:
1: Setting LC_TIME failed, using "C" 
2: Setting LC_MONETARY failed, using "C" 
3: Setting LC_PAPER failed, using "C" 
4: Setting LC_MEASUREMENT failed, using "C" 
During startup - Warning messages:
1: Setting LC_TIME failed, using "C" 
2: Setting LC_MONETARY failed, using "C" 
3: Setting LC_PAPER failed, using "C" 
4: Setting LC_MEASUREMENT failed, using "C" 
During startup - Warning messages:
1: Setting LC_TIME failed, using "C" 
2: Setting LC_MONETARY failed, using "C" 
3: Setting LC_PAPER failed, using "C" 
4: Setting LC_MEASUREMENT failed, using "C" 
During startup - Warning messages:
1: Setting LC_TIME failed, using "C" 
2: Setting LC_MONETARY failed, using "C" 
3: Setting LC_PAPER failed, using "C" 
4: Setting LC_MEASUREMENT failed, using "C" 
During startup - Warning messages:
1: Setting LC_TIME failed, using "C" 
2: Setting LC_MONETARY failed, using "C" 
3: Setting LC_PAPER failed, using "C" 
4: Setting LC_MEASUREMENT failed, using "C" 
+ PROCESS_OUTPUT=0
+ echo executeRScript_process_output=0
+ '[' 0 -eq 0 ']'
+ echo 'NUMBER OF TRIES 1'
+ break
+ checkProcessOutput
+ PROCESS_OUTPUT=0
+ '[' 0 -ne 0 ']'
+ finally
+ exit 0
sudo: unable to resolve host fogbow39666
sudo: unable to resolve host fogbow39666
sudo: unable to resolve host fogbow39666
sudo: unable to resolve host fogbow39666
sudo: unable to resolve host fogbow39666
sudo: unable to resolve host fogbow39666
sudo: unable to resolve host fogbow39666
sudo: unable to resolve host fogbow39666
sudo: unable to resolve host fogbow39666
sudo: unable to resolve host fogbow39666
