+ IMAGE_NAME=LT52170641984247CUB00
+ IMAGES_DIR_PATH=/nfs/images/
+ RESULTS_DIR_PATH=/nfs/results/
+ OUTPUT_IMAGE_DIR=/nfs/results/LT52170641984247CUB00
+ IMAGE_MTL_PATH=/nfs/images/LT52170641984247CUB00/LT52170641984247CUB00_MTL.txt
+ IMAGE_MTL_FMASK_PATH=/nfs/images/LT52170641984247CUB00/LT52170641984247CUB00_MTLFmask
+ IMAGE_STATION_FILE_PATH=/nfs/results/LT52170641984247CUB00/LT52170641984247CUB00_station.csv
++ pwd
+ SANDBOX=/tmp/sandbox/0f078735-2e38-442f-b801-b191f531dea0
+ CONF_FILE=sebal.conf
+ LIBRARY_PATH=/usr/local/lib
+ BOUNDING_BOX_PATH=example/boundingbox_vertices
+ TMP_DIR_PATH=/mnt
+ R_EXEC_DIR=
+ R_ALGORITHM_VERSION=AlgoritmoFinal-f1-v02122016.R
+ R_RASTER_TMP_DIR=/mnt/rasterTmp
+ MAX_TRIES=2
+ OUTPUT_IMAGE_DIR=/nfs/results//LT52170641984247CUB00
+ SCRIPTS_DIR=scripts
+ SEBAL_DIR_PATH=
+ LOG4J_PATH=
+ untarImageAndPrepareDirs
+ cd /nfs/images/
+ echo 'Image file name is LT52170641984247CUB00'
+ echo 'Untaring image LT52170641984247CUB00'
+ cd /nfs/images//LT52170641984247CUB00
+ sudo tar -xvzf LT52170641984247CUB00.tar.gz
sudo: unable to resolve host fogbow35243
+ echo 'Creating image output directory'
+ sudo mkdir -p /nfs/results//LT52170641984247CUB00
sudo: unable to resolve host fogbow35243
+ cd /tmp/sandbox/0f078735-2e38-442f-b801-b191f531dea0
+ checkProcessOutput
+ PROCESS_OUTPUT=0
+ '[' 0 -ne 0 ']'
+ preProcessImage
+ SEBAL_DIR_PATH=/tmp/sandbox/0f078735-2e38-442f-b801-b191f531dea0/SEBAL
+ R_EXEC_DIR=/tmp/sandbox/0f078735-2e38-442f-b801-b191f531dea0/SEBAL/workspace/R
+ LOG4J_PATH=/tmp/sandbox/0f078735-2e38-442f-b801-b191f531dea0/SEBAL/log4j.properties
+ cd /tmp/sandbox/0f078735-2e38-442f-b801-b191f531dea0/SEBAL
+ sudo java -Xdebug -Xrunjdwp:server=y,transport=dt_socket,address=4000,suspend=n -Dlog4j.configuration=file:/tmp/sandbox/0f078735-2e38-442f-b801-b191f531dea0/SEBAL/log4j.properties -Djava.library.path=/usr/local/lib -cp 'target/SEBAL-0.0.1-SNAPSHOT.jar:target/lib/*' org.fogbowcloud.sebal.PreProcessMain /nfs/images// /nfs/images/LT52170641984247CUB00/LT52170641984247CUB00_MTL.txt /nfs/results// 0 0 9000 9000 1 1 /tmp/sandbox/0f078735-2e38-442f-b801-b191f531dea0/SEBAL/example/boundingbox_vertices /tmp/sandbox/0f078735-2e38-442f-b801-b191f531dea0/SEBAL/sebal.conf /nfs/images/LT52170641984247CUB00/LT52170641984247CUB00_MTLFmask
sudo: unable to resolve host fogbow35243
Mar 12, 2017 10:37:23 PM org.geotools.referencing.factory.epsg.ThreadedHsqlEpsgFactory createDataSource
INFO: Building new data source for org.geotools.referencing.factory.epsg.ThreadedHsqlEpsgFactory
Mar 12, 2017 10:37:23 PM org.geotools.referencing.factory.epsg.ThreadedHsqlEpsgFactory createBackingStore
INFO: Building backing store for org.geotools.referencing.factory.epsg.ThreadedHsqlEpsgFactory
+ sudo chmod 777 /nfs/results/LT52170641984247CUB00/LT52170641984247CUB00_station.csv
sudo: unable to resolve host fogbow35243
+ echo -e '\n'
+ cd ..
+ checkProcessOutput
+ PROCESS_OUTPUT=0
+ '[' 0 -ne 0 ']'
+ creatingDadosCSV
+ echo 'Creating dados.csv for image LT52170641984247CUB00'
+ cd /tmp/sandbox/0f078735-2e38-442f-b801-b191f531dea0/SEBAL/workspace/R
+ echo 'File images;MTL;File Station Weather;File Fmask;Path Output'
+ echo '/nfs/images//LT52170641984247CUB00;/nfs/images/LT52170641984247CUB00/LT52170641984247CUB00_MTL.txt;/nfs/results/LT52170641984247CUB00/LT52170641984247CUB00_station.csv;/nfs/images/LT52170641984247CUB00/LT52170641984247CUB00_MTLFmask;/nfs/results//LT52170641984247CUB00'
+ checkProcessOutput
+ PROCESS_OUTPUT=0
+ '[' 0 -ne 0 ']'
+ prepareEnvAndCollectUsage
+ '[' '!' -d /mnt/rasterTmp ']'
++ wc -l
++ ls -1 /mnt/rasterTmp/r_tmp_2017-03-12_194904_11086_65491.grd /mnt/rasterTmp/r_tmp_2017-03-12_194904_11086_65491.gri /mnt/rasterTmp/r_tmp_2017-03-12_195200_11086_72039.grd /mnt/rasterTmp/r_tmp_2017-03-12_195200_11086_72039.gri /mnt/rasterTmp/r_tmp_2017-03-12_195255_11086_96898.grd /mnt/rasterTmp/r_tmp_2017-03-12_195255_11086_96898.gri /mnt/rasterTmp/r_tmp_2017-03-12_195327_11086_52963.grd /mnt/rasterTmp/r_tmp_2017-03-12_195327_11086_52963.gri /mnt/rasterTmp/r_tmp_2017-03-12_201245_11086_19622.grd /mnt/rasterTmp/r_tmp_2017-03-12_201245_11086_19622.gri /mnt/rasterTmp/r_tmp_2017-03-12_201539_11086_92103.grd /mnt/rasterTmp/r_tmp_2017-03-12_201539_11086_92103.gri /mnt/rasterTmp/r_tmp_2017-03-12_201553_11086_95193.grd /mnt/rasterTmp/r_tmp_2017-03-12_201553_11086_95193.gri /mnt/rasterTmp/r_tmp_2017-03-12_201604_11086_00535.grd /mnt/rasterTmp/r_tmp_2017-03-12_201604_11086_00535.gri /mnt/rasterTmp/r_tmp_2017-03-12_201618_11086_40095.grd /mnt/rasterTmp/r_tmp_2017-03-12_201618_11086_40095.gri /mnt/rasterTmp/r_tmp_2017-03-12_201629_11086_99739.grd /mnt/rasterTmp/r_tmp_2017-03-12_201629_11086_99739.gri /mnt/rasterTmp/r_tmp_2017-03-12_201649_11086_69179.grd /mnt/rasterTmp/r_tmp_2017-03-12_201649_11086_69179.gri /mnt/rasterTmp/r_tmp_2017-03-12_201701_11086_39107.grd /mnt/rasterTmp/r_tmp_2017-03-12_201701_11086_39107.gri /mnt/rasterTmp/r_tmp_2017-03-12_201714_11086_13001.grd /mnt/rasterTmp/r_tmp_2017-03-12_201714_11086_13001.gri /mnt/rasterTmp/r_tmp_2017-03-12_201724_11086_84934.grd /mnt/rasterTmp/r_tmp_2017-03-12_201724_11086_84934.gri /mnt/rasterTmp/r_tmp_2017-03-12_201746_11086_01909.grd /mnt/rasterTmp/r_tmp_2017-03-12_201746_11086_01909.gri /mnt/rasterTmp/r_tmp_2017-03-12_201758_11086_47681.grd /mnt/rasterTmp/r_tmp_2017-03-12_201758_11086_47681.gri /mnt/rasterTmp/r_tmp_2017-03-12_201811_11086_64098.grd /mnt/rasterTmp/r_tmp_2017-03-12_201811_11086_64098.gri /mnt/rasterTmp/r_tmp_2017-03-12_201822_11086_82691.grd /mnt/rasterTmp/r_tmp_2017-03-12_201822_11086_82691.gri /mnt/rasterTmp/r_tmp_2017-03-12_201843_11086_68940.grd /mnt/rasterTmp/r_tmp_2017-03-12_201843_11086_68940.gri /mnt/rasterTmp/r_tmp_2017-03-12_201853_11086_67684.grd /mnt/rasterTmp/r_tmp_2017-03-12_201853_11086_67684.gri /mnt/rasterTmp/r_tmp_2017-03-12_201908_11086_02732.grd /mnt/rasterTmp/r_tmp_2017-03-12_201908_11086_02732.gri /mnt/rasterTmp/r_tmp_2017-03-12_201919_11086_38755.grd /mnt/rasterTmp/r_tmp_2017-03-12_201919_11086_38755.gri /mnt/rasterTmp/r_tmp_2017-03-12_201941_11086_50181.grd /mnt/rasterTmp/r_tmp_2017-03-12_201941_11086_50181.gri /mnt/rasterTmp/r_tmp_2017-03-12_201952_11086_76713.grd /mnt/rasterTmp/r_tmp_2017-03-12_201952_11086_76713.gri /mnt/rasterTmp/r_tmp_2017-03-12_202005_11086_30030.grd /mnt/rasterTmp/r_tmp_2017-03-12_202005_11086_30030.gri /mnt/rasterTmp/r_tmp_2017-03-12_202018_11086_61338.grd /mnt/rasterTmp/r_tmp_2017-03-12_202018_11086_61338.gri /mnt/rasterTmp/r_tmp_2017-03-12_202039_11086_01362.grd /mnt/rasterTmp/r_tmp_2017-03-12_202039_11086_01362.gri /mnt/rasterTmp/r_tmp_2017-03-12_202050_11086_21344.grd /mnt/rasterTmp/r_tmp_2017-03-12_202050_11086_21344.gri /mnt/rasterTmp/r_tmp_2017-03-12_202102_11086_20519.grd /mnt/rasterTmp/r_tmp_2017-03-12_202102_11086_20519.gri /mnt/rasterTmp/r_tmp_2017-03-12_202113_11086_21177.grd /mnt/rasterTmp/r_tmp_2017-03-12_202113_11086_21177.gri /mnt/rasterTmp/r_tmp_2017-03-12_202133_11086_99872.grd /mnt/rasterTmp/r_tmp_2017-03-12_202133_11086_99872.gri /mnt/rasterTmp/r_tmp_2017-03-12_202142_11086_18639.grd /mnt/rasterTmp/r_tmp_2017-03-12_202142_11086_18639.gri /mnt/rasterTmp/r_tmp_2017-03-12_202154_11086_23132.grd /mnt/rasterTmp/r_tmp_2017-03-12_202154_11086_23132.gri /mnt/rasterTmp/r_tmp_2017-03-12_202204_11086_11917.grd /mnt/rasterTmp/r_tmp_2017-03-12_202204_11086_11917.gri /mnt/rasterTmp/r_tmp_2017-03-12_202223_11086_55826.grd /mnt/rasterTmp/r_tmp_2017-03-12_202223_11086_55826.gri /mnt/rasterTmp/r_tmp_2017-03-12_202235_11086_69486.grd /mnt/rasterTmp/r_tmp_2017-03-12_202235_11086_69486.gri /mnt/rasterTmp/r_tmp_2017-03-12_202245_11086_78964.grd /mnt/rasterTmp/r_tmp_2017-03-12_202245_11086_78964.gri /mnt/rasterTmp/r_tmp_2017-03-12_202256_11086_67083.grd /mnt/rasterTmp/r_tmp_2017-03-12_202256_11086_67083.gri /mnt/rasterTmp/r_tmp_2017-03-12_202306_11086_39405.grd /mnt/rasterTmp/r_tmp_2017-03-12_202306_11086_39405.gri /mnt/rasterTmp/r_tmp_2017-03-12_202317_11086_15600.grd /mnt/rasterTmp/r_tmp_2017-03-12_202317_11086_15600.gri /mnt/rasterTmp/r_tmp_2017-03-12_202329_11086_01640.grd /mnt/rasterTmp/r_tmp_2017-03-12_202329_11086_01640.gri /mnt/rasterTmp/r_tmp_2017-03-12_202341_11086_73796.grd /mnt/rasterTmp/r_tmp_2017-03-12_202341_11086_73796.gri /mnt/rasterTmp/r_tmp_2017-03-12_202352_11086_05437.grd /mnt/rasterTmp/r_tmp_2017-03-12_202352_11086_05437.gri /mnt/rasterTmp/r_tmp_2017-03-12_202405_11086_42022.grd /mnt/rasterTmp/r_tmp_2017-03-12_202405_11086_42022.gri /mnt/rasterTmp/r_tmp_2017-03-12_202418_11086_95509.grd /mnt/rasterTmp/r_tmp_2017-03-12_202418_11086_95509.gri /mnt/rasterTmp/r_tmp_2017-03-12_202430_11086_01680.grd /mnt/rasterTmp/r_tmp_2017-03-12_202430_11086_01680.gri /mnt/rasterTmp/r_tmp_2017-03-12_202443_11086_87455.grd /mnt/rasterTmp/r_tmp_2017-03-12_202443_11086_87455.gri /mnt/rasterTmp/r_tmp_2017-03-12_202455_11086_80522.grd /mnt/rasterTmp/r_tmp_2017-03-12_202455_11086_80522.gri /mnt/rasterTmp/r_tmp_2017-03-12_202508_11086_38055.grd /mnt/rasterTmp/r_tmp_2017-03-12_202508_11086_38055.gri /mnt/rasterTmp/r_tmp_2017-03-12_202520_11086_59594.grd /mnt/rasterTmp/r_tmp_2017-03-12_202520_11086_59594.gri /mnt/rasterTmp/r_tmp_2017-03-12_202533_11086_78216.grd /mnt/rasterTmp/r_tmp_2017-03-12_202533_11086_78216.gri /mnt/rasterTmp/r_tmp_2017-03-12_202545_11086_34551.grd /mnt/rasterTmp/r_tmp_2017-03-12_202545_11086_34551.gri /mnt/rasterTmp/r_tmp_2017-03-12_202559_11086_46690.grd /mnt/rasterTmp/r_tmp_2017-03-12_202559_11086_46690.gri /mnt/rasterTmp/r_tmp_2017-03-12_202611_11086_33152.grd /mnt/rasterTmp/r_tmp_2017-03-12_202611_11086_33152.gri /mnt/rasterTmp/r_tmp_2017-03-12_202622_11086_52662.grd /mnt/rasterTmp/r_tmp_2017-03-12_202622_11086_52662.gri /mnt/rasterTmp/r_tmp_2017-03-12_202633_11086_64975.grd /mnt/rasterTmp/r_tmp_2017-03-12_202633_11086_64975.gri /mnt/rasterTmp/r_tmp_2017-03-12_202645_11086_11488.grd /mnt/rasterTmp/r_tmp_2017-03-12_202645_11086_11488.gri /mnt/rasterTmp/r_tmp_2017-03-12_202658_11086_27561.grd /mnt/rasterTmp/r_tmp_2017-03-12_202658_11086_27561.gri /mnt/rasterTmp/r_tmp_2017-03-12_202711_11086_79312.grd /mnt/rasterTmp/r_tmp_2017-03-12_202711_11086_79312.gri /mnt/rasterTmp/r_tmp_2017-03-12_202724_11086_52989.grd /mnt/rasterTmp/r_tmp_2017-03-12_202724_11086_52989.gri /mnt/rasterTmp/r_tmp_2017-03-12_202736_11086_91007.grd /mnt/rasterTmp/r_tmp_2017-03-12_202736_11086_91007.gri /mnt/rasterTmp/r_tmp_2017-03-12_202751_11086_14575.grd /mnt/rasterTmp/r_tmp_2017-03-12_202751_11086_14575.gri /mnt/rasterTmp/r_tmp_2017-03-12_202802_11086_46774.grd /mnt/rasterTmp/r_tmp_2017-03-12_202802_11086_46774.gri /mnt/rasterTmp/r_tmp_2017-03-12_202816_11086_52200.grd /mnt/rasterTmp/r_tmp_2017-03-12_202816_11086_52200.gri /mnt/rasterTmp/r_tmp_2017-03-12_202828_11086_68013.grd /mnt/rasterTmp/r_tmp_2017-03-12_202828_11086_68013.gri /mnt/rasterTmp/r_tmp_2017-03-12_202843_11086_11987.grd /mnt/rasterTmp/r_tmp_2017-03-12_202843_11086_11987.gri /mnt/rasterTmp/r_tmp_2017-03-12_202855_11086_00578.grd /mnt/rasterTmp/r_tmp_2017-03-12_202855_11086_00578.gri /mnt/rasterTmp/r_tmp_2017-03-12_202909_11086_03336.grd /mnt/rasterTmp/r_tmp_2017-03-12_202909_11086_03336.gri /mnt/rasterTmp/r_tmp_2017-03-12_202919_11086_67326.grd /mnt/rasterTmp/r_tmp_2017-03-12_202919_11086_67326.gri /mnt/rasterTmp/r_tmp_2017-03-12_202929_11086_25634.grd /mnt/rasterTmp/r_tmp_2017-03-12_202929_11086_25634.gri /mnt/rasterTmp/r_tmp_2017-03-12_202945_11086_70850.grd /mnt/rasterTmp/r_tmp_2017-03-12_202945_11086_70850.gri /mnt/rasterTmp/r_tmp_2017-03-12_202953_11086_14763.grd /mnt/rasterTmp/r_tmp_2017-03-12_202953_11086_14763.gri /mnt/rasterTmp/r_tmp_2017-03-12_203003_11086_37335.grd /mnt/rasterTmp/r_tmp_2017-03-12_203003_11086_37335.gri /mnt/rasterTmp/r_tmp_2017-03-12_203018_11086_29922.grd /mnt/rasterTmp/r_tmp_2017-03-12_203018_11086_29922.gri /mnt/rasterTmp/r_tmp_2017-03-12_203033_11086_19267.grd /mnt/rasterTmp/r_tmp_2017-03-12_203033_11086_19267.gri /mnt/rasterTmp/r_tmp_2017-03-12_203048_11086_30952.grd /mnt/rasterTmp/r_tmp_2017-03-12_203048_11086_30952.gri /mnt/rasterTmp/r_tmp_2017-03-12_203103_11086_82849.grd /mnt/rasterTmp/r_tmp_2017-03-12_203103_11086_82849.gri /mnt/rasterTmp/r_tmp_2017-03-12_203116_11086_76601.grd /mnt/rasterTmp/r_tmp_2017-03-12_203116_11086_76601.gri /mnt/rasterTmp/r_tmp_2017-03-12_203128_11086_73585.grd /mnt/rasterTmp/r_tmp_2017-03-12_203128_11086_73585.gri /mnt/rasterTmp/r_tmp_2017-03-12_203142_11086_02678.grd /mnt/rasterTmp/r_tmp_2017-03-12_203142_11086_02678.gri /mnt/rasterTmp/r_tmp_2017-03-12_203158_11086_65274.grd /mnt/rasterTmp/r_tmp_2017-03-12_203158_11086_65274.gri /mnt/rasterTmp/r_tmp_2017-03-12_203219_11086_42306.grd /mnt/rasterTmp/r_tmp_2017-03-12_203219_11086_42306.gri /mnt/rasterTmp/r_tmp_2017-03-12_203229_11086_96070.grd /mnt/rasterTmp/r_tmp_2017-03-12_203229_11086_96070.gri /mnt/rasterTmp/r_tmp_2017-03-12_205357_11086_99068.grd /mnt/rasterTmp/r_tmp_2017-03-12_205357_11086_99068.gri /mnt/rasterTmp/r_tmp_2017-03-12_205420_11086_18055.grd /mnt/rasterTmp/r_tmp_2017-03-12_205420_11086_18055.gri /mnt/rasterTmp/r_tmp_2017-03-12_205439_11086_58413.grd /mnt/rasterTmp/r_tmp_2017-03-12_205439_11086_58413.gri /mnt/rasterTmp/r_tmp_2017-03-12_205459_11086_91040.grd /mnt/rasterTmp/r_tmp_2017-03-12_205459_11086_91040.gri /mnt/rasterTmp/r_tmp_2017-03-12_205509_11086_64106.grd /mnt/rasterTmp/r_tmp_2017-03-12_205509_11086_64106.gri /mnt/rasterTmp/r_tmp_2017-03-12_205520_11086_70569.grd /mnt/rasterTmp/r_tmp_2017-03-12_205520_11086_70569.gri /mnt/rasterTmp/r_tmp_2017-03-12_205529_11086_72870.grd /mnt/rasterTmp/r_tmp_2017-03-12_205529_11086_72870.gri /mnt/rasterTmp/r_tmp_2017-03-12_205540_11086_17321.grd /mnt/rasterTmp/r_tmp_2017-03-12_205540_11086_17321.gri /mnt/rasterTmp/r_tmp_2017-03-12_205549_11086_41451.grd /mnt/rasterTmp/r_tmp_2017-03-12_205549_11086_41451.gri /mnt/rasterTmp/r_tmp_2017-03-12_205601_11086_95934.grd /mnt/rasterTmp/r_tmp_2017-03-12_205601_11086_95934.gri /mnt/rasterTmp/r_tmp_2017-03-12_205609_11086_16654.grd /mnt/rasterTmp/r_tmp_2017-03-12_205609_11086_16654.gri /mnt/rasterTmp/r_tmp_2017-03-12_205621_11086_80956.grd /mnt/rasterTmp/r_tmp_2017-03-12_205621_11086_80956.gri /mnt/rasterTmp/r_tmp_2017-03-12_205630_11086_94846.grd /mnt/rasterTmp/r_tmp_2017-03-12_205630_11086_94846.gri /mnt/rasterTmp/r_tmp_2017-03-12_205638_11086_87605.grd /mnt/rasterTmp/r_tmp_2017-03-12_205638_11086_87605.gri /mnt/rasterTmp/r_tmp_2017-03-12_205647_11086_24381.grd /mnt/rasterTmp/r_tmp_2017-03-12_205647_11086_24381.gri /mnt/rasterTmp/r_tmp_2017-03-12_205701_11086_48684.grd /mnt/rasterTmp/r_tmp_2017-03-12_205701_11086_48684.gri /mnt/rasterTmp/r_tmp_2017-03-12_205715_11086_40686.grd /mnt/rasterTmp/r_tmp_2017-03-12_205715_11086_40686.gri /mnt/rasterTmp/r_tmp_2017-03-12_205736_11086_42117.grd /mnt/rasterTmp/r_tmp_2017-03-12_205736_11086_42117.gri /mnt/rasterTmp/r_tmp_2017-03-12_205745_11086_00802.grd /mnt/rasterTmp/r_tmp_2017-03-12_205745_11086_00802.gri /mnt/rasterTmp/r_tmp_2017-03-12_205753_11086_22968.grd /mnt/rasterTmp/r_tmp_2017-03-12_205753_11086_22968.gri /mnt/rasterTmp/r_tmp_2017-03-12_205801_11086_55812.grd /mnt/rasterTmp/r_tmp_2017-03-12_205801_11086_55812.gri /mnt/rasterTmp/r_tmp_2017-03-12_205815_11086_87138.grd /mnt/rasterTmp/r_tmp_2017-03-12_205815_11086_87138.gri /mnt/rasterTmp/r_tmp_2017-03-12_205828_11086_08062.grd /mnt/rasterTmp/r_tmp_2017-03-12_205828_11086_08062.gri /mnt/rasterTmp/r_tmp_2017-03-12_205850_11086_71015.grd /mnt/rasterTmp/r_tmp_2017-03-12_205850_11086_71015.gri /mnt/rasterTmp/r_tmp_2017-03-12_205859_11086_25815.grd /mnt/rasterTmp/r_tmp_2017-03-12_205859_11086_25815.gri /mnt/rasterTmp/r_tmp_2017-03-12_205907_11086_35494.grd /mnt/rasterTmp/r_tmp_2017-03-12_205907_11086_35494.gri /mnt/rasterTmp/r_tmp_2017-03-12_205919_11086_69670.grd /mnt/rasterTmp/r_tmp_2017-03-12_205919_11086_69670.gri /mnt/rasterTmp/r_tmp_2017-03-12_205928_11086_36602.grd /mnt/rasterTmp/r_tmp_2017-03-12_205928_11086_36602.gri /mnt/rasterTmp/r_tmp_2017-03-12_205940_11086_22141.grd /mnt/rasterTmp/r_tmp_2017-03-12_205940_11086_22141.gri /mnt/rasterTmp/r_tmp_2017-03-12_205948_11086_57562.grd /mnt/rasterTmp/r_tmp_2017-03-12_205948_11086_57562.gri /mnt/rasterTmp/r_tmp_2017-03-12_205957_11086_38852.grd /mnt/rasterTmp/r_tmp_2017-03-12_205957_11086_38852.gri /mnt/rasterTmp/r_tmp_2017-03-12_210005_11086_56155.grd /mnt/rasterTmp/r_tmp_2017-03-12_210005_11086_56155.gri /mnt/rasterTmp/r_tmp_2017-03-12_210018_11086_23490.grd /mnt/rasterTmp/r_tmp_2017-03-12_210018_11086_23490.gri /mnt/rasterTmp/r_tmp_2017-03-12_210029_11086_47777.grd /mnt/rasterTmp/r_tmp_2017-03-12_210029_11086_47777.gri /mnt/rasterTmp/r_tmp_2017-03-12_210040_11086_15485.grd /mnt/rasterTmp/r_tmp_2017-03-12_210040_11086_15485.gri /mnt/rasterTmp/r_tmp_2017-03-12_210048_11086_34784.grd /mnt/rasterTmp/r_tmp_2017-03-12_210048_11086_34784.gri /mnt/rasterTmp/r_tmp_2017-03-12_210059_11086_91495.grd /mnt/rasterTmp/r_tmp_2017-03-12_210059_11086_91495.gri /mnt/rasterTmp/r_tmp_2017-03-12_210106_11086_36270.grd /mnt/rasterTmp/r_tmp_2017-03-12_210106_11086_36270.gri /mnt/rasterTmp/r_tmp_2017-03-12_210114_11086_39396.grd /mnt/rasterTmp/r_tmp_2017-03-12_210114_11086_39396.gri /mnt/rasterTmp/r_tmp_2017-03-12_210121_11086_27183.grd /mnt/rasterTmp/r_tmp_2017-03-12_210121_11086_27183.gri /mnt/rasterTmp/r_tmp_2017-03-12_210129_11086_31175.grd /mnt/rasterTmp/r_tmp_2017-03-12_210129_11086_31175.gri /mnt/rasterTmp/r_tmp_2017-03-12_210141_11086_40085.grd /mnt/rasterTmp/r_tmp_2017-03-12_210141_11086_40085.gri /mnt/rasterTmp/r_tmp_2017-03-12_210151_11086_45834.grd /mnt/rasterTmp/r_tmp_2017-03-12_210151_11086_45834.gri /mnt/rasterTmp/r_tmp_2017-03-12_210202_11086_28018.grd /mnt/rasterTmp/r_tmp_2017-03-12_210202_11086_28018.gri /mnt/rasterTmp/r_tmp_2017-03-12_210213_11086_93584.grd /mnt/rasterTmp/r_tmp_2017-03-12_210213_11086_93584.gri /mnt/rasterTmp/r_tmp_2017-03-12_210221_11086_75625.grd /mnt/rasterTmp/r_tmp_2017-03-12_210221_11086_75625.gri /mnt/rasterTmp/r_tmp_2017-03-12_210233_11086_05767.grd /mnt/rasterTmp/r_tmp_2017-03-12_210233_11086_05767.gri /mnt/rasterTmp/r_tmp_2017-03-12_210244_11086_06392.grd /mnt/rasterTmp/r_tmp_2017-03-12_210244_11086_06392.gri /mnt/rasterTmp/r_tmp_2017-03-12_210301_11086_15339.grd /mnt/rasterTmp/r_tmp_2017-03-12_210301_11086_15339.gri /mnt/rasterTmp/r_tmp_2017-03-12_210309_11086_29242.grd /mnt/rasterTmp/r_tmp_2017-03-12_210309_11086_29242.gri /mnt/rasterTmp/r_tmp_2017-03-12_210318_11086_63783.grd /mnt/rasterTmp/r_tmp_2017-03-12_210318_11086_63783.gri /mnt/rasterTmp/r_tmp_2017-03-12_210328_11086_36634.grd /mnt/rasterTmp/r_tmp_2017-03-12_210328_11086_36634.gri /mnt/rasterTmp/r_tmp_2017-03-12_210336_11086_77769.grd /mnt/rasterTmp/r_tmp_2017-03-12_210336_11086_77769.gri /mnt/rasterTmp/r_tmp_2017-03-12_210348_11086_24605.grd /mnt/rasterTmp/r_tmp_2017-03-12_210348_11086_24605.gri /mnt/rasterTmp/r_tmp_2017-03-12_210401_11086_74584.grd /mnt/rasterTmp/r_tmp_2017-03-12_210401_11086_74584.gri /mnt/rasterTmp/r_tmp_2017-03-12_210409_11086_86126.grd /mnt/rasterTmp/r_tmp_2017-03-12_210409_11086_86126.gri /mnt/rasterTmp/r_tmp_2017-03-12_210418_11086_93804.grd /mnt/rasterTmp/r_tmp_2017-03-12_210418_11086_93804.gri /mnt/rasterTmp/r_tmp_2017-03-12_210430_11086_19947.grd /mnt/rasterTmp/r_tmp_2017-03-12_210430_11086_19947.gri /mnt/rasterTmp/r_tmp_2017-03-12_210442_11086_95145.grd /mnt/rasterTmp/r_tmp_2017-03-12_210442_11086_95145.gri /mnt/rasterTmp/r_tmp_2017-03-12_210504_11086_50580.grd /mnt/rasterTmp/r_tmp_2017-03-12_210504_11086_50580.gri /mnt/rasterTmp/r_tmp_2017-03-12_210520_11086_40262.grd /mnt/rasterTmp/r_tmp_2017-03-12_210520_11086_40262.gri /mnt/rasterTmp/r_tmp_2017-03-12_210529_11086_60228.grd /mnt/rasterTmp/r_tmp_2017-03-12_210529_11086_60228.gri /mnt/rasterTmp/r_tmp_2017-03-12_210545_11086_61321.grd /mnt/rasterTmp/r_tmp_2017-03-12_210545_11086_61321.gri /mnt/rasterTmp/r_tmp_2017-03-12_210602_11086_79732.grd /mnt/rasterTmp/r_tmp_2017-03-12_210602_11086_79732.gri /mnt/rasterTmp/r_tmp_2017-03-12_222035_11086_93402.grd /mnt/rasterTmp/r_tmp_2017-03-12_222035_11086_93402.gri /mnt/rasterTmp/r_tmp_2017-03-12_222244_11086_39694.grd /mnt/rasterTmp/r_tmp_2017-03-12_222244_11086_39694.gri /mnt/rasterTmp/r_tmp_2017-03-12_222328_11086_08410.grd /mnt/rasterTmp/r_tmp_2017-03-12_222328_11086_08410.gri
+ count=300
+ '[' 300 '!=' 0 ']'
+ sudo rm -r /mnt/rasterTmp/r_tmp_2017-03-12_194904_11086_65491.grd /mnt/rasterTmp/r_tmp_2017-03-12_194904_11086_65491.gri /mnt/rasterTmp/r_tmp_2017-03-12_195200_11086_72039.grd /mnt/rasterTmp/r_tmp_2017-03-12_195200_11086_72039.gri /mnt/rasterTmp/r_tmp_2017-03-12_195255_11086_96898.grd /mnt/rasterTmp/r_tmp_2017-03-12_195255_11086_96898.gri /mnt/rasterTmp/r_tmp_2017-03-12_195327_11086_52963.grd /mnt/rasterTmp/r_tmp_2017-03-12_195327_11086_52963.gri /mnt/rasterTmp/r_tmp_2017-03-12_201245_11086_19622.grd /mnt/rasterTmp/r_tmp_2017-03-12_201245_11086_19622.gri /mnt/rasterTmp/r_tmp_2017-03-12_201539_11086_92103.grd /mnt/rasterTmp/r_tmp_2017-03-12_201539_11086_92103.gri /mnt/rasterTmp/r_tmp_2017-03-12_201553_11086_95193.grd /mnt/rasterTmp/r_tmp_2017-03-12_201553_11086_95193.gri /mnt/rasterTmp/r_tmp_2017-03-12_201604_11086_00535.grd /mnt/rasterTmp/r_tmp_2017-03-12_201604_11086_00535.gri /mnt/rasterTmp/r_tmp_2017-03-12_201618_11086_40095.grd /mnt/rasterTmp/r_tmp_2017-03-12_201618_11086_40095.gri /mnt/rasterTmp/r_tmp_2017-03-12_201629_11086_99739.grd /mnt/rasterTmp/r_tmp_2017-03-12_201629_11086_99739.gri /mnt/rasterTmp/r_tmp_2017-03-12_201649_11086_69179.grd /mnt/rasterTmp/r_tmp_2017-03-12_201649_11086_69179.gri /mnt/rasterTmp/r_tmp_2017-03-12_201701_11086_39107.grd /mnt/rasterTmp/r_tmp_2017-03-12_201701_11086_39107.gri /mnt/rasterTmp/r_tmp_2017-03-12_201714_11086_13001.grd /mnt/rasterTmp/r_tmp_2017-03-12_201714_11086_13001.gri /mnt/rasterTmp/r_tmp_2017-03-12_201724_11086_84934.grd /mnt/rasterTmp/r_tmp_2017-03-12_201724_11086_84934.gri /mnt/rasterTmp/r_tmp_2017-03-12_201746_11086_01909.grd /mnt/rasterTmp/r_tmp_2017-03-12_201746_11086_01909.gri /mnt/rasterTmp/r_tmp_2017-03-12_201758_11086_47681.grd /mnt/rasterTmp/r_tmp_2017-03-12_201758_11086_47681.gri /mnt/rasterTmp/r_tmp_2017-03-12_201811_11086_64098.grd /mnt/rasterTmp/r_tmp_2017-03-12_201811_11086_64098.gri /mnt/rasterTmp/r_tmp_2017-03-12_201822_11086_82691.grd /mnt/rasterTmp/r_tmp_2017-03-12_201822_11086_82691.gri /mnt/rasterTmp/r_tmp_2017-03-12_201843_11086_68940.grd /mnt/rasterTmp/r_tmp_2017-03-12_201843_11086_68940.gri /mnt/rasterTmp/r_tmp_2017-03-12_201853_11086_67684.grd /mnt/rasterTmp/r_tmp_2017-03-12_201853_11086_67684.gri /mnt/rasterTmp/r_tmp_2017-03-12_201908_11086_02732.grd /mnt/rasterTmp/r_tmp_2017-03-12_201908_11086_02732.gri /mnt/rasterTmp/r_tmp_2017-03-12_201919_11086_38755.grd /mnt/rasterTmp/r_tmp_2017-03-12_201919_11086_38755.gri /mnt/rasterTmp/r_tmp_2017-03-12_201941_11086_50181.grd /mnt/rasterTmp/r_tmp_2017-03-12_201941_11086_50181.gri /mnt/rasterTmp/r_tmp_2017-03-12_201952_11086_76713.grd /mnt/rasterTmp/r_tmp_2017-03-12_201952_11086_76713.gri /mnt/rasterTmp/r_tmp_2017-03-12_202005_11086_30030.grd /mnt/rasterTmp/r_tmp_2017-03-12_202005_11086_30030.gri /mnt/rasterTmp/r_tmp_2017-03-12_202018_11086_61338.grd /mnt/rasterTmp/r_tmp_2017-03-12_202018_11086_61338.gri /mnt/rasterTmp/r_tmp_2017-03-12_202039_11086_01362.grd /mnt/rasterTmp/r_tmp_2017-03-12_202039_11086_01362.gri /mnt/rasterTmp/r_tmp_2017-03-12_202050_11086_21344.grd /mnt/rasterTmp/r_tmp_2017-03-12_202050_11086_21344.gri /mnt/rasterTmp/r_tmp_2017-03-12_202102_11086_20519.grd /mnt/rasterTmp/r_tmp_2017-03-12_202102_11086_20519.gri /mnt/rasterTmp/r_tmp_2017-03-12_202113_11086_21177.grd /mnt/rasterTmp/r_tmp_2017-03-12_202113_11086_21177.gri /mnt/rasterTmp/r_tmp_2017-03-12_202133_11086_99872.grd /mnt/rasterTmp/r_tmp_2017-03-12_202133_11086_99872.gri /mnt/rasterTmp/r_tmp_2017-03-12_202142_11086_18639.grd /mnt/rasterTmp/r_tmp_2017-03-12_202142_11086_18639.gri /mnt/rasterTmp/r_tmp_2017-03-12_202154_11086_23132.grd /mnt/rasterTmp/r_tmp_2017-03-12_202154_11086_23132.gri /mnt/rasterTmp/r_tmp_2017-03-12_202204_11086_11917.grd /mnt/rasterTmp/r_tmp_2017-03-12_202204_11086_11917.gri /mnt/rasterTmp/r_tmp_2017-03-12_202223_11086_55826.grd /mnt/rasterTmp/r_tmp_2017-03-12_202223_11086_55826.gri /mnt/rasterTmp/r_tmp_2017-03-12_202235_11086_69486.grd /mnt/rasterTmp/r_tmp_2017-03-12_202235_11086_69486.gri /mnt/rasterTmp/r_tmp_2017-03-12_202245_11086_78964.grd /mnt/rasterTmp/r_tmp_2017-03-12_202245_11086_78964.gri /mnt/rasterTmp/r_tmp_2017-03-12_202256_11086_67083.grd /mnt/rasterTmp/r_tmp_2017-03-12_202256_11086_67083.gri /mnt/rasterTmp/r_tmp_2017-03-12_202306_11086_39405.grd /mnt/rasterTmp/r_tmp_2017-03-12_202306_11086_39405.gri /mnt/rasterTmp/r_tmp_2017-03-12_202317_11086_15600.grd /mnt/rasterTmp/r_tmp_2017-03-12_202317_11086_15600.gri /mnt/rasterTmp/r_tmp_2017-03-12_202329_11086_01640.grd /mnt/rasterTmp/r_tmp_2017-03-12_202329_11086_01640.gri /mnt/rasterTmp/r_tmp_2017-03-12_202341_11086_73796.grd /mnt/rasterTmp/r_tmp_2017-03-12_202341_11086_73796.gri /mnt/rasterTmp/r_tmp_2017-03-12_202352_11086_05437.grd /mnt/rasterTmp/r_tmp_2017-03-12_202352_11086_05437.gri /mnt/rasterTmp/r_tmp_2017-03-12_202405_11086_42022.grd /mnt/rasterTmp/r_tmp_2017-03-12_202405_11086_42022.gri /mnt/rasterTmp/r_tmp_2017-03-12_202418_11086_95509.grd /mnt/rasterTmp/r_tmp_2017-03-12_202418_11086_95509.gri /mnt/rasterTmp/r_tmp_2017-03-12_202430_11086_01680.grd /mnt/rasterTmp/r_tmp_2017-03-12_202430_11086_01680.gri /mnt/rasterTmp/r_tmp_2017-03-12_202443_11086_87455.grd /mnt/rasterTmp/r_tmp_2017-03-12_202443_11086_87455.gri /mnt/rasterTmp/r_tmp_2017-03-12_202455_11086_80522.grd /mnt/rasterTmp/r_tmp_2017-03-12_202455_11086_80522.gri /mnt/rasterTmp/r_tmp_2017-03-12_202508_11086_38055.grd /mnt/rasterTmp/r_tmp_2017-03-12_202508_11086_38055.gri /mnt/rasterTmp/r_tmp_2017-03-12_202520_11086_59594.grd /mnt/rasterTmp/r_tmp_2017-03-12_202520_11086_59594.gri /mnt/rasterTmp/r_tmp_2017-03-12_202533_11086_78216.grd /mnt/rasterTmp/r_tmp_2017-03-12_202533_11086_78216.gri /mnt/rasterTmp/r_tmp_2017-03-12_202545_11086_34551.grd /mnt/rasterTmp/r_tmp_2017-03-12_202545_11086_34551.gri /mnt/rasterTmp/r_tmp_2017-03-12_202559_11086_46690.grd /mnt/rasterTmp/r_tmp_2017-03-12_202559_11086_46690.gri /mnt/rasterTmp/r_tmp_2017-03-12_202611_11086_33152.grd /mnt/rasterTmp/r_tmp_2017-03-12_202611_11086_33152.gri /mnt/rasterTmp/r_tmp_2017-03-12_202622_11086_52662.grd /mnt/rasterTmp/r_tmp_2017-03-12_202622_11086_52662.gri /mnt/rasterTmp/r_tmp_2017-03-12_202633_11086_64975.grd /mnt/rasterTmp/r_tmp_2017-03-12_202633_11086_64975.gri /mnt/rasterTmp/r_tmp_2017-03-12_202645_11086_11488.grd /mnt/rasterTmp/r_tmp_2017-03-12_202645_11086_11488.gri /mnt/rasterTmp/r_tmp_2017-03-12_202658_11086_27561.grd /mnt/rasterTmp/r_tmp_2017-03-12_202658_11086_27561.gri /mnt/rasterTmp/r_tmp_2017-03-12_202711_11086_79312.grd /mnt/rasterTmp/r_tmp_2017-03-12_202711_11086_79312.gri /mnt/rasterTmp/r_tmp_2017-03-12_202724_11086_52989.grd /mnt/rasterTmp/r_tmp_2017-03-12_202724_11086_52989.gri /mnt/rasterTmp/r_tmp_2017-03-12_202736_11086_91007.grd /mnt/rasterTmp/r_tmp_2017-03-12_202736_11086_91007.gri /mnt/rasterTmp/r_tmp_2017-03-12_202751_11086_14575.grd /mnt/rasterTmp/r_tmp_2017-03-12_202751_11086_14575.gri /mnt/rasterTmp/r_tmp_2017-03-12_202802_11086_46774.grd /mnt/rasterTmp/r_tmp_2017-03-12_202802_11086_46774.gri /mnt/rasterTmp/r_tmp_2017-03-12_202816_11086_52200.grd /mnt/rasterTmp/r_tmp_2017-03-12_202816_11086_52200.gri /mnt/rasterTmp/r_tmp_2017-03-12_202828_11086_68013.grd /mnt/rasterTmp/r_tmp_2017-03-12_202828_11086_68013.gri /mnt/rasterTmp/r_tmp_2017-03-12_202843_11086_11987.grd /mnt/rasterTmp/r_tmp_2017-03-12_202843_11086_11987.gri /mnt/rasterTmp/r_tmp_2017-03-12_202855_11086_00578.grd /mnt/rasterTmp/r_tmp_2017-03-12_202855_11086_00578.gri /mnt/rasterTmp/r_tmp_2017-03-12_202909_11086_03336.grd /mnt/rasterTmp/r_tmp_2017-03-12_202909_11086_03336.gri /mnt/rasterTmp/r_tmp_2017-03-12_202919_11086_67326.grd /mnt/rasterTmp/r_tmp_2017-03-12_202919_11086_67326.gri /mnt/rasterTmp/r_tmp_2017-03-12_202929_11086_25634.grd /mnt/rasterTmp/r_tmp_2017-03-12_202929_11086_25634.gri /mnt/rasterTmp/r_tmp_2017-03-12_202945_11086_70850.grd /mnt/rasterTmp/r_tmp_2017-03-12_202945_11086_70850.gri /mnt/rasterTmp/r_tmp_2017-03-12_202953_11086_14763.grd /mnt/rasterTmp/r_tmp_2017-03-12_202953_11086_14763.gri /mnt/rasterTmp/r_tmp_2017-03-12_203003_11086_37335.grd /mnt/rasterTmp/r_tmp_2017-03-12_203003_11086_37335.gri /mnt/rasterTmp/r_tmp_2017-03-12_203018_11086_29922.grd /mnt/rasterTmp/r_tmp_2017-03-12_203018_11086_29922.gri /mnt/rasterTmp/r_tmp_2017-03-12_203033_11086_19267.grd /mnt/rasterTmp/r_tmp_2017-03-12_203033_11086_19267.gri /mnt/rasterTmp/r_tmp_2017-03-12_203048_11086_30952.grd /mnt/rasterTmp/r_tmp_2017-03-12_203048_11086_30952.gri /mnt/rasterTmp/r_tmp_2017-03-12_203103_11086_82849.grd /mnt/rasterTmp/r_tmp_2017-03-12_203103_11086_82849.gri /mnt/rasterTmp/r_tmp_2017-03-12_203116_11086_76601.grd /mnt/rasterTmp/r_tmp_2017-03-12_203116_11086_76601.gri /mnt/rasterTmp/r_tmp_2017-03-12_203128_11086_73585.grd /mnt/rasterTmp/r_tmp_2017-03-12_203128_11086_73585.gri /mnt/rasterTmp/r_tmp_2017-03-12_203142_11086_02678.grd /mnt/rasterTmp/r_tmp_2017-03-12_203142_11086_02678.gri /mnt/rasterTmp/r_tmp_2017-03-12_203158_11086_65274.grd /mnt/rasterTmp/r_tmp_2017-03-12_203158_11086_65274.gri /mnt/rasterTmp/r_tmp_2017-03-12_203219_11086_42306.grd /mnt/rasterTmp/r_tmp_2017-03-12_203219_11086_42306.gri /mnt/rasterTmp/r_tmp_2017-03-12_203229_11086_96070.grd /mnt/rasterTmp/r_tmp_2017-03-12_203229_11086_96070.gri /mnt/rasterTmp/r_tmp_2017-03-12_205357_11086_99068.grd /mnt/rasterTmp/r_tmp_2017-03-12_205357_11086_99068.gri /mnt/rasterTmp/r_tmp_2017-03-12_205420_11086_18055.grd /mnt/rasterTmp/r_tmp_2017-03-12_205420_11086_18055.gri /mnt/rasterTmp/r_tmp_2017-03-12_205439_11086_58413.grd /mnt/rasterTmp/r_tmp_2017-03-12_205439_11086_58413.gri /mnt/rasterTmp/r_tmp_2017-03-12_205459_11086_91040.grd /mnt/rasterTmp/r_tmp_2017-03-12_205459_11086_91040.gri /mnt/rasterTmp/r_tmp_2017-03-12_205509_11086_64106.grd /mnt/rasterTmp/r_tmp_2017-03-12_205509_11086_64106.gri /mnt/rasterTmp/r_tmp_2017-03-12_205520_11086_70569.grd /mnt/rasterTmp/r_tmp_2017-03-12_205520_11086_70569.gri /mnt/rasterTmp/r_tmp_2017-03-12_205529_11086_72870.grd /mnt/rasterTmp/r_tmp_2017-03-12_205529_11086_72870.gri /mnt/rasterTmp/r_tmp_2017-03-12_205540_11086_17321.grd /mnt/rasterTmp/r_tmp_2017-03-12_205540_11086_17321.gri /mnt/rasterTmp/r_tmp_2017-03-12_205549_11086_41451.grd /mnt/rasterTmp/r_tmp_2017-03-12_205549_11086_41451.gri /mnt/rasterTmp/r_tmp_2017-03-12_205601_11086_95934.grd /mnt/rasterTmp/r_tmp_2017-03-12_205601_11086_95934.gri /mnt/rasterTmp/r_tmp_2017-03-12_205609_11086_16654.grd /mnt/rasterTmp/r_tmp_2017-03-12_205609_11086_16654.gri /mnt/rasterTmp/r_tmp_2017-03-12_205621_11086_80956.grd /mnt/rasterTmp/r_tmp_2017-03-12_205621_11086_80956.gri /mnt/rasterTmp/r_tmp_2017-03-12_205630_11086_94846.grd /mnt/rasterTmp/r_tmp_2017-03-12_205630_11086_94846.gri /mnt/rasterTmp/r_tmp_2017-03-12_205638_11086_87605.grd /mnt/rasterTmp/r_tmp_2017-03-12_205638_11086_87605.gri /mnt/rasterTmp/r_tmp_2017-03-12_205647_11086_24381.grd /mnt/rasterTmp/r_tmp_2017-03-12_205647_11086_24381.gri /mnt/rasterTmp/r_tmp_2017-03-12_205701_11086_48684.grd /mnt/rasterTmp/r_tmp_2017-03-12_205701_11086_48684.gri /mnt/rasterTmp/r_tmp_2017-03-12_205715_11086_40686.grd /mnt/rasterTmp/r_tmp_2017-03-12_205715_11086_40686.gri /mnt/rasterTmp/r_tmp_2017-03-12_205736_11086_42117.grd /mnt/rasterTmp/r_tmp_2017-03-12_205736_11086_42117.gri /mnt/rasterTmp/r_tmp_2017-03-12_205745_11086_00802.grd /mnt/rasterTmp/r_tmp_2017-03-12_205745_11086_00802.gri /mnt/rasterTmp/r_tmp_2017-03-12_205753_11086_22968.grd /mnt/rasterTmp/r_tmp_2017-03-12_205753_11086_22968.gri /mnt/rasterTmp/r_tmp_2017-03-12_205801_11086_55812.grd /mnt/rasterTmp/r_tmp_2017-03-12_205801_11086_55812.gri /mnt/rasterTmp/r_tmp_2017-03-12_205815_11086_87138.grd /mnt/rasterTmp/r_tmp_2017-03-12_205815_11086_87138.gri /mnt/rasterTmp/r_tmp_2017-03-12_205828_11086_08062.grd /mnt/rasterTmp/r_tmp_2017-03-12_205828_11086_08062.gri /mnt/rasterTmp/r_tmp_2017-03-12_205850_11086_71015.grd /mnt/rasterTmp/r_tmp_2017-03-12_205850_11086_71015.gri /mnt/rasterTmp/r_tmp_2017-03-12_205859_11086_25815.grd /mnt/rasterTmp/r_tmp_2017-03-12_205859_11086_25815.gri /mnt/rasterTmp/r_tmp_2017-03-12_205907_11086_35494.grd /mnt/rasterTmp/r_tmp_2017-03-12_205907_11086_35494.gri /mnt/rasterTmp/r_tmp_2017-03-12_205919_11086_69670.grd /mnt/rasterTmp/r_tmp_2017-03-12_205919_11086_69670.gri /mnt/rasterTmp/r_tmp_2017-03-12_205928_11086_36602.grd /mnt/rasterTmp/r_tmp_2017-03-12_205928_11086_36602.gri /mnt/rasterTmp/r_tmp_2017-03-12_205940_11086_22141.grd /mnt/rasterTmp/r_tmp_2017-03-12_205940_11086_22141.gri /mnt/rasterTmp/r_tmp_2017-03-12_205948_11086_57562.grd /mnt/rasterTmp/r_tmp_2017-03-12_205948_11086_57562.gri /mnt/rasterTmp/r_tmp_2017-03-12_205957_11086_38852.grd /mnt/rasterTmp/r_tmp_2017-03-12_205957_11086_38852.gri /mnt/rasterTmp/r_tmp_2017-03-12_210005_11086_56155.grd /mnt/rasterTmp/r_tmp_2017-03-12_210005_11086_56155.gri /mnt/rasterTmp/r_tmp_2017-03-12_210018_11086_23490.grd /mnt/rasterTmp/r_tmp_2017-03-12_210018_11086_23490.gri /mnt/rasterTmp/r_tmp_2017-03-12_210029_11086_47777.grd /mnt/rasterTmp/r_tmp_2017-03-12_210029_11086_47777.gri /mnt/rasterTmp/r_tmp_2017-03-12_210040_11086_15485.grd /mnt/rasterTmp/r_tmp_2017-03-12_210040_11086_15485.gri /mnt/rasterTmp/r_tmp_2017-03-12_210048_11086_34784.grd /mnt/rasterTmp/r_tmp_2017-03-12_210048_11086_34784.gri /mnt/rasterTmp/r_tmp_2017-03-12_210059_11086_91495.grd /mnt/rasterTmp/r_tmp_2017-03-12_210059_11086_91495.gri /mnt/rasterTmp/r_tmp_2017-03-12_210106_11086_36270.grd /mnt/rasterTmp/r_tmp_2017-03-12_210106_11086_36270.gri /mnt/rasterTmp/r_tmp_2017-03-12_210114_11086_39396.grd /mnt/rasterTmp/r_tmp_2017-03-12_210114_11086_39396.gri /mnt/rasterTmp/r_tmp_2017-03-12_210121_11086_27183.grd /mnt/rasterTmp/r_tmp_2017-03-12_210121_11086_27183.gri /mnt/rasterTmp/r_tmp_2017-03-12_210129_11086_31175.grd /mnt/rasterTmp/r_tmp_2017-03-12_210129_11086_31175.gri /mnt/rasterTmp/r_tmp_2017-03-12_210141_11086_40085.grd /mnt/rasterTmp/r_tmp_2017-03-12_210141_11086_40085.gri /mnt/rasterTmp/r_tmp_2017-03-12_210151_11086_45834.grd /mnt/rasterTmp/r_tmp_2017-03-12_210151_11086_45834.gri /mnt/rasterTmp/r_tmp_2017-03-12_210202_11086_28018.grd /mnt/rasterTmp/r_tmp_2017-03-12_210202_11086_28018.gri /mnt/rasterTmp/r_tmp_2017-03-12_210213_11086_93584.grd /mnt/rasterTmp/r_tmp_2017-03-12_210213_11086_93584.gri /mnt/rasterTmp/r_tmp_2017-03-12_210221_11086_75625.grd /mnt/rasterTmp/r_tmp_2017-03-12_210221_11086_75625.gri /mnt/rasterTmp/r_tmp_2017-03-12_210233_11086_05767.grd /mnt/rasterTmp/r_tmp_2017-03-12_210233_11086_05767.gri /mnt/rasterTmp/r_tmp_2017-03-12_210244_11086_06392.grd /mnt/rasterTmp/r_tmp_2017-03-12_210244_11086_06392.gri /mnt/rasterTmp/r_tmp_2017-03-12_210301_11086_15339.grd /mnt/rasterTmp/r_tmp_2017-03-12_210301_11086_15339.gri /mnt/rasterTmp/r_tmp_2017-03-12_210309_11086_29242.grd /mnt/rasterTmp/r_tmp_2017-03-12_210309_11086_29242.gri /mnt/rasterTmp/r_tmp_2017-03-12_210318_11086_63783.grd /mnt/rasterTmp/r_tmp_2017-03-12_210318_11086_63783.gri /mnt/rasterTmp/r_tmp_2017-03-12_210328_11086_36634.grd /mnt/rasterTmp/r_tmp_2017-03-12_210328_11086_36634.gri /mnt/rasterTmp/r_tmp_2017-03-12_210336_11086_77769.grd /mnt/rasterTmp/r_tmp_2017-03-12_210336_11086_77769.gri /mnt/rasterTmp/r_tmp_2017-03-12_210348_11086_24605.grd /mnt/rasterTmp/r_tmp_2017-03-12_210348_11086_24605.gri /mnt/rasterTmp/r_tmp_2017-03-12_210401_11086_74584.grd /mnt/rasterTmp/r_tmp_2017-03-12_210401_11086_74584.gri /mnt/rasterTmp/r_tmp_2017-03-12_210409_11086_86126.grd /mnt/rasterTmp/r_tmp_2017-03-12_210409_11086_86126.gri /mnt/rasterTmp/r_tmp_2017-03-12_210418_11086_93804.grd /mnt/rasterTmp/r_tmp_2017-03-12_210418_11086_93804.gri /mnt/rasterTmp/r_tmp_2017-03-12_210430_11086_19947.grd /mnt/rasterTmp/r_tmp_2017-03-12_210430_11086_19947.gri /mnt/rasterTmp/r_tmp_2017-03-12_210442_11086_95145.grd /mnt/rasterTmp/r_tmp_2017-03-12_210442_11086_95145.gri /mnt/rasterTmp/r_tmp_2017-03-12_210504_11086_50580.grd /mnt/rasterTmp/r_tmp_2017-03-12_210504_11086_50580.gri /mnt/rasterTmp/r_tmp_2017-03-12_210520_11086_40262.grd /mnt/rasterTmp/r_tmp_2017-03-12_210520_11086_40262.gri /mnt/rasterTmp/r_tmp_2017-03-12_210529_11086_60228.grd /mnt/rasterTmp/r_tmp_2017-03-12_210529_11086_60228.gri /mnt/rasterTmp/r_tmp_2017-03-12_210545_11086_61321.grd /mnt/rasterTmp/r_tmp_2017-03-12_210545_11086_61321.gri /mnt/rasterTmp/r_tmp_2017-03-12_210602_11086_79732.grd /mnt/rasterTmp/r_tmp_2017-03-12_210602_11086_79732.gri /mnt/rasterTmp/r_tmp_2017-03-12_222035_11086_93402.grd /mnt/rasterTmp/r_tmp_2017-03-12_222035_11086_93402.gri /mnt/rasterTmp/r_tmp_2017-03-12_222244_11086_39694.grd /mnt/rasterTmp/r_tmp_2017-03-12_222244_11086_39694.gri /mnt/rasterTmp/r_tmp_2017-03-12_222328_11086_08410.grd /mnt/rasterTmp/r_tmp_2017-03-12_222328_11086_08410.gri
sudo: unable to resolve host fogbow35243
+ echo 'Starting CPU and Memory collect...'
+ sudo bash /tmp/sandbox/0f078735-2e38-442f-b801-b191f531dea0/SEBAL/scripts/collect-cpu-usage.sh
+ sudo tee /nfs/results//LT52170641984247CUB00/LT52170641984247CUB00_cpu_usage.txt
+ checkProcessOutput
+ PROCESS_OUTPUT=0
+ '[' 0 -ne 0 ']'
+ executeRScript
+ sudo bash /tmp/sandbox/0f078735-2e38-442f-b801-b191f531dea0/SEBAL/scripts/collect-memory-usage.sh
++ seq 2
+ sudo tee /nfs/results//LT52170641984247CUB00/LT52170641984247CUB00_mem_usage.txt
SEBAL/bin/run.sh: line 95: /dev/nul: Permission denied
+ for i in '`seq $MAX_TRIES`'
+ sudo bash /tmp/sandbox/0f078735-2e38-442f-b801-b191f531dea0/SEBAL/scripts/executeRScript.sh /tmp/sandbox/0f078735-2e38-442f-b801-b191f531dea0/SEBAL/workspace/R/AlgoritmoFinal-f1-v02122016.R /tmp/sandbox/0f078735-2e38-442f-b801-b191f531dea0/SEBAL/workspace/R /mnt
sudo: unable to resolve host fogbow35243
sudo: unable to resolve host fogbow35243
sudo: unable to resolve host fogbow35243
sudo: unable to resolve host fogbow35243
During startup - Warning messages:
1: Setting LC_TIME failed, using "C" 
2: Setting LC_MONETARY failed, using "C" 
3: Setting LC_PAPER failed, using "C" 
4: Setting LC_MEASUREMENT failed, using "C" 
Installing package into ‘/usr/local/lib/R/site-library’
(as ‘lib’ is unspecified)
trying URL 'http://nbcgib.uesc.br/mirrors/cran/src/contrib/snow_0.4-2.tar.gz'
Content type 'application/x-gzip' length 22397 bytes (21 Kb)
opened URL
==================================================
downloaded 21 Kb

During startup - Warning messages:
1: Setting LC_TIME failed, using "C" 
2: Setting LC_MONETARY failed, using "C" 
3: Setting LC_PAPER failed, using "C" 
4: Setting LC_MEASUREMENT failed, using "C" 
* installing *source* package ‘snow’ ...
** package ‘snow’ successfully unpacked and MD5 sums checked
** R
** inst
** preparing package for lazy loading
** help
*** installing help indices
** building package indices
** testing if installed package can be loaded
* DONE (snow)
Installing package into ‘/usr/local/lib/R/site-library’
(as ‘lib’ is unspecified)
trying URL 'http://nbcgib.uesc.br/mirrors/cran/src/contrib/R.utils_2.5.0.tar.gz'
Content type 'application/x-gzip' length 389402 bytes (380 Kb)
opened URL
==================================================
downloaded 380 Kb

During startup - Warning messages:
1: Setting LC_TIME failed, using "C" 
2: Setting LC_MONETARY failed, using "C" 
3: Setting LC_PAPER failed, using "C" 
4: Setting LC_MEASUREMENT failed, using "C" 
* installing *source* package ‘R.utils’ ...
** package ‘R.utils’ successfully unpacked and MD5 sums checked
** R
** inst
** preparing package for lazy loading
Warning in setGenericS3.default(name, export = exportGeneric, envir = envir,  :
  Renamed the preexisting function warnings to warnings.default, which was defined in environment base.
** help
*** installing help indices
** building package indices
** testing if installed package can be loaded
* DONE (R.utils)
Loading required package: R.oo
Loading required package: R.methodsS3
R.methodsS3 v1.7.1 (2016-02-15) successfully loaded. See ?R.methodsS3 for help.
R.oo v1.21.0 (2016-10-30) successfully loaded. See ?R.oo for help.

Attaching package: ‘R.oo’

The following objects are masked from ‘package:base’:

    attach, detach, gc, load, save

R.utils v2.5.0 (2016-11-07) successfully loaded. See ?R.utils for help.

Attaching package: ‘R.utils’

The following object is masked from ‘package:utils’:

    timestamp

The following objects are masked from ‘package:base’:

    cat, commandArgs, getOption, inherits, isOpen, parse, warnings

Loading required package: methods

Attaching package: ‘methods’

The following objects are masked from ‘package:R.oo’:

    getClasses, getMethods

Loading required package: sp

Attaching package: ‘raster’

The following objects are masked from ‘package:R.utils’:

    extract, resample

The following objects are masked from ‘package:R.oo’:

    extend, trim

rgdal: version: 1.1-10, (SVN revision 622)
 Geospatial Data Abstraction Library extensions to R successfully loaded
 Loaded GDAL runtime: GDAL 1.10.1, released 2013/08/26
 Path to GDAL shared files: /usr/share/gdal/1.10
 Loaded PROJ.4 runtime: Rel. 4.8.0, 6 March 2012, [PJ_VERSION: 480]
 Path to PROJ.4 shared files: (autodetected)
 Linking to sp version: 1.2-3 

Attaching package: ‘rgdal’

The following object is masked from ‘package:R.oo’:

    getDescription

Checking rgeos availability: TRUE
Loading required namespace: parallel
During startup - Warning messages:
1: Setting LC_TIME failed, using "C" 
2: Setting LC_MONETARY failed, using "C" 
3: Setting LC_PAPER failed, using "C" 
4: Setting LC_MEASUREMENT failed, using "C" 
During startup - Warning messages:
1: Setting LC_TIME failed, using "C" 
2: Setting LC_MONETARY failed, using "C" 
3: Setting LC_PAPER failed, using "C" 
4: Setting LC_MEASUREMENT failed, using "C" 
During startup - Warning messages:
1: Setting LC_TIME failed, using "C" 
2: Setting LC_MONETARY failed, using "C" 
3: Setting LC_PAPER failed, using "C" 
4: Setting LC_MEASUREMENT failed, using "C" 
During startup - Warning messages:
1: Setting LC_TIME failed, using "C" 
2: Setting LC_MONETARY failed, using "C" 
3: Setting LC_PAPER failed, using "C" 
4: Setting LC_MEASUREMENT failed, using "C" 
During startup - Warning messages:
1: Setting LC_TIME failed, using "C" 
2: Setting LC_MONETARY failed, using "C" 
3: Setting LC_PAPER failed, using "C" 
4: Setting LC_MEASUREMENT failed, using "C" 
During startup - Warning messages:
1: Setting LC_TIME failed, using "C" 
2: Setting LC_MONETARY failed, using "C" 
3: Setting LC_PAPER failed, using "C" 
4: Setting LC_MEASUREMENT failed, using "C" 
During startup - Warning messages:
1: Setting LC_TIME failed, using "C" 
2: Setting LC_MONETARY failed, using "C" 
3: Setting LC_PAPER failed, using "C" 
4: Setting LC_MEASUREMENT failed, using "C" 
Using cluster with 7 nodes
During startup - Warning messages:
1: Setting LC_TIME failed, using "C" 
2: Setting LC_MONETARY failed, using "C" 
3: Setting LC_PAPER failed, using "C" 
4: Setting LC_MEASUREMENT failed, using "C" 
During startup - Warning messages:
1: Setting LC_TIME failed, using "C" 
2: Setting LC_MONETARY failed, using "C" 
3: Setting LC_PAPER failed, using "C" 
4: Setting LC_MEASUREMENT failed, using "C" 
During startup - Warning messages:
1: Setting LC_TIME failed, using "C" 
2: Setting LC_MONETARY failed, using "C" 
3: Setting LC_PAPER failed, using "C" 
4: Setting LC_MEASUREMENT failed, using "C" 
During startup - Warning messages:
1: Setting LC_TIME failed, using "C" 
2: Setting LC_MONETARY failed, using "C" 
3: Setting LC_PAPER failed, using "C" 
4: Setting LC_MEASUREMENT failed, using "C" 
During startup - Warning messages:
1: Setting LC_TIME failed, using "C" 
2: Setting LC_MONETARY failed, using "C" 
3: Setting LC_PAPER failed, using "C" 
4: Setting LC_MEASUREMENT failed, using "C" 
During startup - Warning messages:
1: Setting LC_TIME failed, using "C" 
2: Setting LC_MONETARY failed, using "C" 
3: Setting LC_PAPER failed, using "C" 
4: Setting LC_MEASUREMENT failed, using "C" 
During startup - Warning messages:
1: Setting LC_TIME failed, using "C" 
2: Setting LC_MONETARY failed, using "C" 
3: Setting LC_PAPER failed, using "C" 
4: Setting LC_MEASUREMENT failed, using "C" 
Using cluster with 7 nodes
During startup - Warning messages:
1: Setting LC_TIME failed, using "C" 
2: Setting LC_MONETARY failed, using "C" 
3: Setting LC_PAPER failed, using "C" 
4: Setting LC_MEASUREMENT failed, using "C" 
During startup - Warning messages:
1: Setting LC_TIME failed, using "C" 
2: Setting LC_MONETARY failed, using "C" 
3: Setting LC_PAPER failed, using "C" 
4: Setting LC_MEASUREMENT failed, using "C" 
During startup - Warning messages:
1: Setting LC_TIME failed, using "C" 
2: Setting LC_MONETARY failed, using "C" 
3: Setting LC_PAPER failed, using "C" 
4: Setting LC_MEASUREMENT failed, using "C" 
During startup - Warning messages:
1: Setting LC_TIME failed, using "C" 
2: Setting LC_MONETARY failed, using "C" 
3: Setting LC_PAPER failed, using "C" 
4: Setting LC_MEASUREMENT failed, using "C" 
During startup - Warning messages:
1: Setting LC_TIME failed, using "C" 
2: Setting LC_MONETARY failed, using "C" 
3: Setting LC_PAPER failed, using "C" 
4: Setting LC_MEASUREMENT failed, using "C" 
During startup - Warning messages:
1: Setting LC_TIME failed, using "C" 
2: Setting LC_MONETARY failed, using "C" 
3: Setting LC_PAPER failed, using "C" 
4: Setting LC_MEASUREMENT failed, using "C" 
During startup - Warning messages:
1: Setting LC_TIME failed, using "C" 
2: Setting LC_MONETARY failed, using "C" 
3: Setting LC_PAPER failed, using "C" 
4: Setting LC_MEASUREMENT failed, using "C" 
During startup - Warning messages:
1: Setting LC_TIME failed, using "C" 
2: Setting LC_MONETARY failed, using "C" 
3: Setting LC_PAPER failed, using "C" 
4: Setting LC_MEASUREMENT failed, using "C" 
During startup - Warning messages:
1: Setting LC_TIME failed, using "C" 
2: Setting LC_MONETARY failed, using "C" 
3: Setting LC_PAPER failed, using "C" 
4: Setting LC_MEASUREMENT failed, using "C" 
During startup - Warning messages:
1: Setting LC_TIME failed, using "C" 
2: Setting LC_MONETARY failed, using "C" 
3: Setting LC_PAPER failed, using "C" 
4: Setting LC_MEASUREMENT failed, using "C" 
During startup - Warning messages:
1: Setting LC_TIME failed, using "C" 
2: Setting LC_MONETARY failed, using "C" 
3: Setting LC_PAPER failed, using "C" 
4: Setting LC_MEASUREMENT failed, using "C" 
During startup - Warning messages:
1: Setting LC_TIME failed, using "C" 
2: Setting LC_MONETARY failed, using "C" 
3: Setting LC_PAPER failed, using "C" 
4: Setting LC_MEASUREMENT failed, using "C" 
During startup - Warning messages:
1: Setting LC_TIME failed, using "C" 
2: Setting LC_MONETARY failed, using "C" 
3: Setting LC_PAPER failed, using "C" 
4: Setting LC_MEASUREMENT failed, using "C" 
During startup - Warning messages:
1: Setting LC_TIME failed, using "C" 
2: Setting LC_MONETARY failed, using "C" 
3: Setting LC_PAPER failed, using "C" 
4: Setting LC_MEASUREMENT failed, using "C" 
Using cluster with 7 nodes
Using cluster with 7 nodes
Using cluster with 7 nodes
During startup - Warning messages:
1: Setting LC_TIME failed, using "C" 
2: Setting LC_MONETARY failed, using "C" 
3: Setting LC_PAPER failed, using "C" 
4: Setting LC_MEASUREMENT failed, using "C" 
During startup - Warning messages:
1: Setting LC_TIME failed, using "C" 
2: Setting LC_MONETARY failed, using "C" 
3: Setting LC_PAPER failed, using "C" 
4: Setting LC_MEASUREMENT failed, using "C" 
During startup - Warning messages:
1: Setting LC_TIME failed, using "C" 
2: Setting LC_MONETARY failed, using "C" 
3: Setting LC_PAPER failed, using "C" 
4: Setting LC_MEASUREMENT failed, using "C" 
During startup - Warning messages:
1: Setting LC_TIME failed, using "C" 
2: Setting LC_MONETARY failed, using "C" 
3: Setting LC_PAPER failed, using "C" 
4: Setting LC_MEASUREMENT failed, using "C" 
During startup - Warning messages:
1: Setting LC_TIME failed, using "C" 
2: Setting LC_MONETARY failed, using "C" 
3: Setting LC_PAPER failed, using "C" 
4: Setting LC_MEASUREMENT failed, using "C" 
During startup - Warning messages:
1: Setting LC_TIME failed, using "C" 
2: Setting LC_MONETARY failed, using "C" 
3: Setting LC_PAPER failed, using "C" 
4: Setting LC_MEASUREMENT failed, using "C" 
During startup - Warning messages:
1: Setting LC_TIME failed, using "C" 
2: Setting LC_MONETARY failed, using "C" 
3: Setting LC_PAPER failed, using "C" 
4: Setting LC_MEASUREMENT failed, using "C" 
+ PROCESS_OUTPUT=0
+ echo executeRScript_process_output=0
+ '[' 0 -eq 0 ']'
+ echo 'NUMBER OF TRIES 1'
+ break
+ checkProcessOutput
+ PROCESS_OUTPUT=0
+ '[' 0 -ne 0 ']'
+ finally
+ exit 0
sudo: unable to resolve host fogbow35243
sudo: unable to resolve host fogbow35243
sudo: unable to resolve host fogbow35243
sudo: unable to resolve host fogbow35243
sudo: unable to resolve host fogbow35243
sudo: unable to resolve host fogbow35243
sudo: unable to resolve host fogbow35243
sudo: unable to resolve host fogbow35243
sudo: unable to resolve host fogbow35243
sudo: unable to resolve host fogbow35243
