Hit http://security.ubuntu.com trusty-security InRelease
Hit http://security.ubuntu.com trusty-security/main Sources
Hit http://security.ubuntu.com trusty-security/universe Sources
Ign http://azure.archive.ubuntu.com trusty InRelease
Hit http://azure.archive.ubuntu.com trusty-updates InRelease
Hit http://azure.archive.ubuntu.com trusty-backports InRelease
Hit http://security.ubuntu.com trusty-security/main amd64 Packages
Hit http://azure.archive.ubuntu.com trusty Release.gpg
Hit http://azure.archive.ubuntu.com trusty Release
Hit http://azure.archive.ubuntu.com trusty-updates/main Sources
Hit http://security.ubuntu.com trusty-security/universe amd64 Packages
Hit http://azure.archive.ubuntu.com trusty-updates/restricted Sources
Hit http://azure.archive.ubuntu.com trusty-updates/universe Sources
Hit http://azure.archive.ubuntu.com trusty-updates/multiverse Sources
Hit http://azure.archive.ubuntu.com trusty-updates/main amd64 Packages
Hit http://azure.archive.ubuntu.com trusty-updates/restricted amd64 Packages
Hit http://azure.archive.ubuntu.com trusty-updates/universe amd64 Packages
Hit http://security.ubuntu.com trusty-security/main Translation-en
Hit http://azure.archive.ubuntu.com trusty-updates/multiverse amd64 Packages
Hit http://azure.archive.ubuntu.com trusty-updates/main Translation-en
Hit http://azure.archive.ubuntu.com trusty-updates/multiverse Translation-en
Hit http://azure.archive.ubuntu.com trusty-updates/restricted Translation-en
Hit http://azure.archive.ubuntu.com trusty-updates/universe Translation-en
Hit http://security.ubuntu.com trusty-security/universe Translation-en
Hit http://azure.archive.ubuntu.com trusty-backports/main Sources
Hit http://azure.archive.ubuntu.com trusty-backports/restricted Sources
Hit http://azure.archive.ubuntu.com trusty-backports/universe Sources
Hit http://azure.archive.ubuntu.com trusty-backports/multiverse Sources
Hit http://azure.archive.ubuntu.com trusty-backports/main amd64 Packages
Hit http://azure.archive.ubuntu.com trusty-backports/restricted amd64 Packages
Hit http://azure.archive.ubuntu.com trusty-backports/universe amd64 Packages
Hit http://azure.archive.ubuntu.com trusty-backports/multiverse amd64 Packages
Hit http://azure.archive.ubuntu.com trusty-backports/main Translation-en
Hit http://azure.archive.ubuntu.com trusty-backports/multiverse Translation-en
Hit http://azure.archive.ubuntu.com trusty-backports/restricted Translation-en
Hit http://azure.archive.ubuntu.com trusty-backports/universe Translation-en
Hit http://azure.archive.ubuntu.com trusty/main Sources
Hit http://azure.archive.ubuntu.com trusty/restricted Sources
Hit http://azure.archive.ubuntu.com trusty/universe Sources
Hit http://azure.archive.ubuntu.com trusty/multiverse Sources
Hit http://azure.archive.ubuntu.com trusty/main amd64 Packages
Hit http://azure.archive.ubuntu.com trusty/restricted amd64 Packages
Hit http://azure.archive.ubuntu.com trusty/universe amd64 Packages
Hit http://azure.archive.ubuntu.com trusty/multiverse amd64 Packages
Hit http://azure.archive.ubuntu.com trusty/main Translation-en
Hit http://azure.archive.ubuntu.com trusty/multiverse Translation-en
Hit http://azure.archive.ubuntu.com trusty/restricted Translation-en
Hit http://azure.archive.ubuntu.com trusty/universe Translation-en
Reading package lists...
Reading package lists...
Building dependency tree...
Reading state information...
nfs-common is already the newest version.
0 upgraded, 0 newly installed, 0 to remove and 122 not upgraded.
Reading package lists...
Building dependency tree...
Reading state information...
git is already the newest version.
0 upgraded, 0 newly installed, 0 to remove and 122 not upgraded.
Fake init worker script sleep
No missing dependencies
Directory /nfs already mounted.
