+ IMAGE_NAME=LT52170641986204CUB00
+ IMAGES_DIR_PATH=/nfs/images/
+ RESULTS_DIR_PATH=/nfs/results/
+ OUTPUT_IMAGE_DIR=/nfs/results/LT52170641986204CUB00
+ IMAGE_MTL_PATH=/nfs/images/LT52170641986204CUB00/LT52170641986204CUB00_MTL.txt
+ IMAGE_MTL_FMASK_PATH=/nfs/images/LT52170641986204CUB00/LT52170641986204CUB00_MTLFmask
+ IMAGE_STATION_FILE_PATH=/nfs/results/LT52170641986204CUB00/LT52170641986204CUB00_station.csv
++ pwd
+ SANDBOX=/tmp/sandbox/eb056db9-6495-4f4a-8035-23716a65cb77
+ CONF_FILE=sebal.conf
+ LIBRARY_PATH=/usr/local/lib
+ BOUNDING_BOX_PATH=example/boundingbox_vertices
+ TMP_DIR_PATH=/mnt
+ R_EXEC_DIR=
+ R_ALGORITHM_VERSION=AlgoritmoFinal-f1-v02122016.R
+ R_RASTER_TMP_DIR=/mnt/rasterTmp
+ MAX_TRIES=2
+ OUTPUT_IMAGE_DIR=/nfs/results//LT52170641986204CUB00
+ SCRIPTS_DIR=scripts
+ SEBAL_DIR_PATH=
+ LOG4J_PATH=
+ untarImageAndPrepareDirs
+ cd /nfs/images/
+ echo 'Image file name is LT52170641986204CUB00'
+ echo 'Untaring image LT52170641986204CUB00'
+ cd /nfs/images//LT52170641986204CUB00
+ sudo tar -xvzf LT52170641986204CUB00.tar.gz
sudo: unable to resolve host fogbow39666
+ echo 'Creating image output directory'
+ sudo mkdir -p /nfs/results//LT52170641986204CUB00
sudo: unable to resolve host fogbow39666
+ cd /tmp/sandbox/eb056db9-6495-4f4a-8035-23716a65cb77
+ checkProcessOutput
+ PROCESS_OUTPUT=0
+ '[' 0 -ne 0 ']'
+ preProcessImage
+ SEBAL_DIR_PATH=/tmp/sandbox/eb056db9-6495-4f4a-8035-23716a65cb77/SEBAL
+ R_EXEC_DIR=/tmp/sandbox/eb056db9-6495-4f4a-8035-23716a65cb77/SEBAL/workspace/R
+ LOG4J_PATH=/tmp/sandbox/eb056db9-6495-4f4a-8035-23716a65cb77/SEBAL/log4j.properties
+ cd /tmp/sandbox/eb056db9-6495-4f4a-8035-23716a65cb77/SEBAL
+ sudo java -Xdebug -Xrunjdwp:server=y,transport=dt_socket,address=4000,suspend=n -Dlog4j.configuration=file:/tmp/sandbox/eb056db9-6495-4f4a-8035-23716a65cb77/SEBAL/log4j.properties -Djava.library.path=/usr/local/lib -cp 'target/SEBAL-0.0.1-SNAPSHOT.jar:target/lib/*' org.fogbowcloud.sebal.PreProcessMain /nfs/images// /nfs/images/LT52170641986204CUB00/LT52170641986204CUB00_MTL.txt /nfs/results// 0 0 9000 9000 1 1 /tmp/sandbox/eb056db9-6495-4f4a-8035-23716a65cb77/SEBAL/example/boundingbox_vertices /tmp/sandbox/eb056db9-6495-4f4a-8035-23716a65cb77/SEBAL/sebal.conf /nfs/images/LT52170641986204CUB00/LT52170641986204CUB00_MTLFmask
sudo: unable to resolve host fogbow39666
Mar 12, 2017 6:41:20 AM org.geotools.referencing.factory.epsg.ThreadedHsqlEpsgFactory createDataSource
INFO: Building new data source for org.geotools.referencing.factory.epsg.ThreadedHsqlEpsgFactory
Mar 12, 2017 6:41:20 AM org.geotools.referencing.factory.epsg.ThreadedHsqlEpsgFactory createBackingStore
INFO: Building backing store for org.geotools.referencing.factory.epsg.ThreadedHsqlEpsgFactory
+ sudo chmod 777 /nfs/results/LT52170641986204CUB00/LT52170641986204CUB00_station.csv
sudo: unable to resolve host fogbow39666
+ echo -e '\n'
+ cd ..
+ checkProcessOutput
+ PROCESS_OUTPUT=0
+ '[' 0 -ne 0 ']'
+ creatingDadosCSV
+ echo 'Creating dados.csv for image LT52170641986204CUB00'
+ cd /tmp/sandbox/eb056db9-6495-4f4a-8035-23716a65cb77/SEBAL/workspace/R
+ echo 'File images;MTL;File Station Weather;File Fmask;Path Output'
+ echo '/nfs/images//LT52170641986204CUB00;/nfs/images/LT52170641986204CUB00/LT52170641986204CUB00_MTL.txt;/nfs/results/LT52170641986204CUB00/LT52170641986204CUB00_station.csv;/nfs/images/LT52170641986204CUB00/LT52170641986204CUB00_MTLFmask;/nfs/results//LT52170641986204CUB00'
+ checkProcessOutput
+ PROCESS_OUTPUT=0
+ '[' 0 -ne 0 ']'
+ prepareEnvAndCollectUsage
+ '[' '!' -d /mnt/rasterTmp ']'
++ wc -l
++ ls -1 /mnt/rasterTmp/r_tmp_2017-03-12_035101_11648_21033.grd /mnt/rasterTmp/r_tmp_2017-03-12_035101_11648_21033.gri /mnt/rasterTmp/r_tmp_2017-03-12_035358_11648_53124.grd /mnt/rasterTmp/r_tmp_2017-03-12_035358_11648_53124.gri /mnt/rasterTmp/r_tmp_2017-03-12_035452_11648_10029.grd /mnt/rasterTmp/r_tmp_2017-03-12_035452_11648_10029.gri /mnt/rasterTmp/r_tmp_2017-03-12_035524_11648_06516.grd /mnt/rasterTmp/r_tmp_2017-03-12_035524_11648_06516.gri /mnt/rasterTmp/r_tmp_2017-03-12_041554_11648_92516.grd /mnt/rasterTmp/r_tmp_2017-03-12_041554_11648_92516.gri /mnt/rasterTmp/r_tmp_2017-03-12_041855_11648_65771.grd /mnt/rasterTmp/r_tmp_2017-03-12_041855_11648_65771.gri /mnt/rasterTmp/r_tmp_2017-03-12_041909_11648_46761.grd /mnt/rasterTmp/r_tmp_2017-03-12_041909_11648_46761.gri /mnt/rasterTmp/r_tmp_2017-03-12_041920_11648_80261.grd /mnt/rasterTmp/r_tmp_2017-03-12_041920_11648_80261.gri /mnt/rasterTmp/r_tmp_2017-03-12_041931_11648_53469.grd /mnt/rasterTmp/r_tmp_2017-03-12_041931_11648_53469.gri /mnt/rasterTmp/r_tmp_2017-03-12_041940_11648_85389.grd /mnt/rasterTmp/r_tmp_2017-03-12_041940_11648_85389.gri /mnt/rasterTmp/r_tmp_2017-03-12_041959_11648_43778.grd /mnt/rasterTmp/r_tmp_2017-03-12_041959_11648_43778.gri /mnt/rasterTmp/r_tmp_2017-03-12_042008_11648_92746.grd /mnt/rasterTmp/r_tmp_2017-03-12_042008_11648_92746.gri /mnt/rasterTmp/r_tmp_2017-03-12_042018_11648_90339.grd /mnt/rasterTmp/r_tmp_2017-03-12_042018_11648_90339.gri /mnt/rasterTmp/r_tmp_2017-03-12_042026_11648_84817.grd /mnt/rasterTmp/r_tmp_2017-03-12_042026_11648_84817.gri /mnt/rasterTmp/r_tmp_2017-03-12_042044_11648_58120.grd /mnt/rasterTmp/r_tmp_2017-03-12_042044_11648_58120.gri /mnt/rasterTmp/r_tmp_2017-03-12_042053_11648_53036.grd /mnt/rasterTmp/r_tmp_2017-03-12_042053_11648_53036.gri /mnt/rasterTmp/r_tmp_2017-03-12_042102_11648_87064.grd /mnt/rasterTmp/r_tmp_2017-03-12_042102_11648_87064.gri /mnt/rasterTmp/r_tmp_2017-03-12_042111_11648_17172.grd /mnt/rasterTmp/r_tmp_2017-03-12_042111_11648_17172.gri /mnt/rasterTmp/r_tmp_2017-03-12_042128_11648_65067.grd /mnt/rasterTmp/r_tmp_2017-03-12_042128_11648_65067.gri /mnt/rasterTmp/r_tmp_2017-03-12_042137_11648_93456.grd /mnt/rasterTmp/r_tmp_2017-03-12_042137_11648_93456.gri /mnt/rasterTmp/r_tmp_2017-03-12_042147_11648_60934.grd /mnt/rasterTmp/r_tmp_2017-03-12_042147_11648_60934.gri /mnt/rasterTmp/r_tmp_2017-03-12_042155_11648_81531.grd /mnt/rasterTmp/r_tmp_2017-03-12_042155_11648_81531.gri /mnt/rasterTmp/r_tmp_2017-03-12_042212_11648_13411.grd /mnt/rasterTmp/r_tmp_2017-03-12_042212_11648_13411.gri /mnt/rasterTmp/r_tmp_2017-03-12_042220_11648_43285.grd /mnt/rasterTmp/r_tmp_2017-03-12_042220_11648_43285.gri /mnt/rasterTmp/r_tmp_2017-03-12_042230_11648_72064.grd /mnt/rasterTmp/r_tmp_2017-03-12_042230_11648_72064.gri /mnt/rasterTmp/r_tmp_2017-03-12_042238_11648_90115.grd /mnt/rasterTmp/r_tmp_2017-03-12_042238_11648_90115.gri /mnt/rasterTmp/r_tmp_2017-03-12_042255_11648_88690.grd /mnt/rasterTmp/r_tmp_2017-03-12_042255_11648_88690.gri /mnt/rasterTmp/r_tmp_2017-03-12_042304_11648_67459.grd /mnt/rasterTmp/r_tmp_2017-03-12_042304_11648_67459.gri /mnt/rasterTmp/r_tmp_2017-03-12_042314_11648_56288.grd /mnt/rasterTmp/r_tmp_2017-03-12_042314_11648_56288.gri /mnt/rasterTmp/r_tmp_2017-03-12_042323_11648_90630.grd /mnt/rasterTmp/r_tmp_2017-03-12_042323_11648_90630.gri /mnt/rasterTmp/r_tmp_2017-03-12_042342_11648_24574.grd /mnt/rasterTmp/r_tmp_2017-03-12_042342_11648_24574.gri /mnt/rasterTmp/r_tmp_2017-03-12_042350_11648_38185.grd /mnt/rasterTmp/r_tmp_2017-03-12_042350_11648_38185.gri /mnt/rasterTmp/r_tmp_2017-03-12_042400_11648_54414.grd /mnt/rasterTmp/r_tmp_2017-03-12_042400_11648_54414.gri /mnt/rasterTmp/r_tmp_2017-03-12_042409_11648_47321.grd /mnt/rasterTmp/r_tmp_2017-03-12_042409_11648_47321.gri /mnt/rasterTmp/r_tmp_2017-03-12_042426_11648_38009.grd /mnt/rasterTmp/r_tmp_2017-03-12_042426_11648_38009.gri /mnt/rasterTmp/r_tmp_2017-03-12_042436_11648_29142.grd /mnt/rasterTmp/r_tmp_2017-03-12_042436_11648_29142.gri /mnt/rasterTmp/r_tmp_2017-03-12_042444_11648_40581.grd /mnt/rasterTmp/r_tmp_2017-03-12_042444_11648_40581.gri /mnt/rasterTmp/r_tmp_2017-03-12_042454_11648_99385.grd /mnt/rasterTmp/r_tmp_2017-03-12_042454_11648_99385.gri /mnt/rasterTmp/r_tmp_2017-03-12_042503_11648_28319.grd /mnt/rasterTmp/r_tmp_2017-03-12_042503_11648_28319.gri /mnt/rasterTmp/r_tmp_2017-03-12_042512_11648_40195.grd /mnt/rasterTmp/r_tmp_2017-03-12_042512_11648_40195.gri /mnt/rasterTmp/r_tmp_2017-03-12_042522_11648_01946.grd /mnt/rasterTmp/r_tmp_2017-03-12_042522_11648_01946.gri /mnt/rasterTmp/r_tmp_2017-03-12_042531_11648_40988.grd /mnt/rasterTmp/r_tmp_2017-03-12_042531_11648_40988.gri /mnt/rasterTmp/r_tmp_2017-03-12_042541_11648_66533.grd /mnt/rasterTmp/r_tmp_2017-03-12_042541_11648_66533.gri /mnt/rasterTmp/r_tmp_2017-03-12_042550_11648_72278.grd /mnt/rasterTmp/r_tmp_2017-03-12_042550_11648_72278.gri /mnt/rasterTmp/r_tmp_2017-03-12_042600_11648_64450.grd /mnt/rasterTmp/r_tmp_2017-03-12_042600_11648_64450.gri /mnt/rasterTmp/r_tmp_2017-03-12_042609_11648_30525.grd /mnt/rasterTmp/r_tmp_2017-03-12_042609_11648_30525.gri /mnt/rasterTmp/r_tmp_2017-03-12_042619_11648_86475.grd /mnt/rasterTmp/r_tmp_2017-03-12_042619_11648_86475.gri /mnt/rasterTmp/r_tmp_2017-03-12_042628_11648_23434.grd /mnt/rasterTmp/r_tmp_2017-03-12_042628_11648_23434.gri /mnt/rasterTmp/r_tmp_2017-03-12_042638_11648_06563.grd /mnt/rasterTmp/r_tmp_2017-03-12_042638_11648_06563.gri /mnt/rasterTmp/r_tmp_2017-03-12_042647_11648_75990.grd /mnt/rasterTmp/r_tmp_2017-03-12_042647_11648_75990.gri /mnt/rasterTmp/r_tmp_2017-03-12_042656_11648_44432.grd /mnt/rasterTmp/r_tmp_2017-03-12_042656_11648_44432.gri /mnt/rasterTmp/r_tmp_2017-03-12_042706_11648_51412.grd /mnt/rasterTmp/r_tmp_2017-03-12_042706_11648_51412.gri /mnt/rasterTmp/r_tmp_2017-03-12_042715_11648_60017.grd /mnt/rasterTmp/r_tmp_2017-03-12_042715_11648_60017.gri /mnt/rasterTmp/r_tmp_2017-03-12_042727_11648_62373.grd /mnt/rasterTmp/r_tmp_2017-03-12_042727_11648_62373.gri /mnt/rasterTmp/r_tmp_2017-03-12_042738_11648_59883.grd /mnt/rasterTmp/r_tmp_2017-03-12_042738_11648_59883.gri /mnt/rasterTmp/r_tmp_2017-03-12_042748_11648_56109.grd /mnt/rasterTmp/r_tmp_2017-03-12_042748_11648_56109.gri /mnt/rasterTmp/r_tmp_2017-03-12_042757_11648_59026.grd /mnt/rasterTmp/r_tmp_2017-03-12_042757_11648_59026.gri /mnt/rasterTmp/r_tmp_2017-03-12_042807_11648_80936.grd /mnt/rasterTmp/r_tmp_2017-03-12_042807_11648_80936.gri /mnt/rasterTmp/r_tmp_2017-03-12_042816_11648_48721.grd /mnt/rasterTmp/r_tmp_2017-03-12_042816_11648_48721.gri /mnt/rasterTmp/r_tmp_2017-03-12_042828_11648_21112.grd /mnt/rasterTmp/r_tmp_2017-03-12_042828_11648_21112.gri /mnt/rasterTmp/r_tmp_2017-03-12_042838_11648_36182.grd /mnt/rasterTmp/r_tmp_2017-03-12_042838_11648_36182.gri /mnt/rasterTmp/r_tmp_2017-03-12_042850_11648_95137.grd /mnt/rasterTmp/r_tmp_2017-03-12_042850_11648_95137.gri /mnt/rasterTmp/r_tmp_2017-03-12_042859_11648_64789.grd /mnt/rasterTmp/r_tmp_2017-03-12_042859_11648_64789.gri /mnt/rasterTmp/r_tmp_2017-03-12_042911_11648_62601.grd /mnt/rasterTmp/r_tmp_2017-03-12_042911_11648_62601.gri /mnt/rasterTmp/r_tmp_2017-03-12_042920_11648_17665.grd /mnt/rasterTmp/r_tmp_2017-03-12_042920_11648_17665.gri /mnt/rasterTmp/r_tmp_2017-03-12_042931_11648_79412.grd /mnt/rasterTmp/r_tmp_2017-03-12_042931_11648_79412.gri /mnt/rasterTmp/r_tmp_2017-03-12_042941_11648_43201.grd /mnt/rasterTmp/r_tmp_2017-03-12_042941_11648_43201.gri /mnt/rasterTmp/r_tmp_2017-03-12_042952_11648_12381.grd /mnt/rasterTmp/r_tmp_2017-03-12_042952_11648_12381.gri /mnt/rasterTmp/r_tmp_2017-03-12_043003_11648_71907.grd /mnt/rasterTmp/r_tmp_2017-03-12_043003_11648_71907.gri /mnt/rasterTmp/r_tmp_2017-03-12_043014_11648_76654.grd /mnt/rasterTmp/r_tmp_2017-03-12_043014_11648_76654.gri /mnt/rasterTmp/r_tmp_2017-03-12_043027_11648_14550.grd /mnt/rasterTmp/r_tmp_2017-03-12_043027_11648_14550.gri /mnt/rasterTmp/r_tmp_2017-03-12_043036_11648_99266.grd /mnt/rasterTmp/r_tmp_2017-03-12_043036_11648_99266.gri /mnt/rasterTmp/r_tmp_2017-03-12_043046_11648_53712.grd /mnt/rasterTmp/r_tmp_2017-03-12_043046_11648_53712.gri /mnt/rasterTmp/r_tmp_2017-03-12_043058_11648_93085.grd /mnt/rasterTmp/r_tmp_2017-03-12_043058_11648_93085.gri /mnt/rasterTmp/r_tmp_2017-03-12_043111_11648_60821.grd /mnt/rasterTmp/r_tmp_2017-03-12_043111_11648_60821.gri /mnt/rasterTmp/r_tmp_2017-03-12_043125_11648_97214.grd /mnt/rasterTmp/r_tmp_2017-03-12_043125_11648_97214.gri /mnt/rasterTmp/r_tmp_2017-03-12_043137_11648_53747.grd /mnt/rasterTmp/r_tmp_2017-03-12_043137_11648_53747.gri /mnt/rasterTmp/r_tmp_2017-03-12_043146_11648_84088.grd /mnt/rasterTmp/r_tmp_2017-03-12_043146_11648_84088.gri /mnt/rasterTmp/r_tmp_2017-03-12_043155_11648_20164.grd /mnt/rasterTmp/r_tmp_2017-03-12_043155_11648_20164.gri /mnt/rasterTmp/r_tmp_2017-03-12_043208_11648_50409.grd /mnt/rasterTmp/r_tmp_2017-03-12_043208_11648_50409.gri /mnt/rasterTmp/r_tmp_2017-03-12_043220_11648_52245.grd /mnt/rasterTmp/r_tmp_2017-03-12_043220_11648_52245.gri /mnt/rasterTmp/r_tmp_2017-03-12_043240_11648_33187.grd /mnt/rasterTmp/r_tmp_2017-03-12_043240_11648_33187.gri /mnt/rasterTmp/r_tmp_2017-03-12_043248_11648_65576.grd /mnt/rasterTmp/r_tmp_2017-03-12_043248_11648_65576.gri /mnt/rasterTmp/r_tmp_2017-03-12_045616_11648_69858.grd /mnt/rasterTmp/r_tmp_2017-03-12_045616_11648_69858.gri /mnt/rasterTmp/r_tmp_2017-03-12_045637_11648_61416.grd /mnt/rasterTmp/r_tmp_2017-03-12_045637_11648_61416.gri /mnt/rasterTmp/r_tmp_2017-03-12_045659_11648_69189.grd /mnt/rasterTmp/r_tmp_2017-03-12_045659_11648_69189.gri /mnt/rasterTmp/r_tmp_2017-03-12_045717_11648_87380.grd /mnt/rasterTmp/r_tmp_2017-03-12_045717_11648_87380.gri /mnt/rasterTmp/r_tmp_2017-03-12_045729_11648_54218.grd /mnt/rasterTmp/r_tmp_2017-03-12_045729_11648_54218.gri /mnt/rasterTmp/r_tmp_2017-03-12_045738_11648_61072.grd /mnt/rasterTmp/r_tmp_2017-03-12_045738_11648_61072.gri /mnt/rasterTmp/r_tmp_2017-03-12_045747_11648_25925.grd /mnt/rasterTmp/r_tmp_2017-03-12_045747_11648_25925.gri /mnt/rasterTmp/r_tmp_2017-03-12_045757_11648_25214.grd /mnt/rasterTmp/r_tmp_2017-03-12_045757_11648_25214.gri /mnt/rasterTmp/r_tmp_2017-03-12_045806_11648_74267.grd /mnt/rasterTmp/r_tmp_2017-03-12_045806_11648_74267.gri /mnt/rasterTmp/r_tmp_2017-03-12_045816_11648_64856.grd /mnt/rasterTmp/r_tmp_2017-03-12_045816_11648_64856.gri /mnt/rasterTmp/r_tmp_2017-03-12_045823_11648_15856.grd /mnt/rasterTmp/r_tmp_2017-03-12_045823_11648_15856.gri /mnt/rasterTmp/r_tmp_2017-03-12_045833_11648_50037.grd /mnt/rasterTmp/r_tmp_2017-03-12_045833_11648_50037.gri /mnt/rasterTmp/r_tmp_2017-03-12_045841_11648_08393.grd /mnt/rasterTmp/r_tmp_2017-03-12_045841_11648_08393.gri /mnt/rasterTmp/r_tmp_2017-03-12_045848_11648_69490.grd /mnt/rasterTmp/r_tmp_2017-03-12_045848_11648_69490.gri /mnt/rasterTmp/r_tmp_2017-03-12_045856_11648_88666.grd /mnt/rasterTmp/r_tmp_2017-03-12_045856_11648_88666.gri /mnt/rasterTmp/r_tmp_2017-03-12_045910_11648_41355.grd /mnt/rasterTmp/r_tmp_2017-03-12_045910_11648_41355.gri /mnt/rasterTmp/r_tmp_2017-03-12_045923_11648_13189.grd /mnt/rasterTmp/r_tmp_2017-03-12_045923_11648_13189.gri /mnt/rasterTmp/r_tmp_2017-03-12_045945_11648_62248.grd /mnt/rasterTmp/r_tmp_2017-03-12_045945_11648_62248.gri /mnt/rasterTmp/r_tmp_2017-03-12_045952_11648_40468.grd /mnt/rasterTmp/r_tmp_2017-03-12_045952_11648_40468.gri /mnt/rasterTmp/r_tmp_2017-03-12_045959_11648_30869.grd /mnt/rasterTmp/r_tmp_2017-03-12_045959_11648_30869.gri /mnt/rasterTmp/r_tmp_2017-03-12_050006_11648_97928.grd /mnt/rasterTmp/r_tmp_2017-03-12_050006_11648_97928.gri /mnt/rasterTmp/r_tmp_2017-03-12_050020_11648_63770.grd /mnt/rasterTmp/r_tmp_2017-03-12_050020_11648_63770.gri /mnt/rasterTmp/r_tmp_2017-03-12_050032_11648_71619.grd /mnt/rasterTmp/r_tmp_2017-03-12_050032_11648_71619.gri /mnt/rasterTmp/r_tmp_2017-03-12_050054_11648_38900.grd /mnt/rasterTmp/r_tmp_2017-03-12_050054_11648_38900.gri /mnt/rasterTmp/r_tmp_2017-03-12_050101_11648_26035.grd /mnt/rasterTmp/r_tmp_2017-03-12_050101_11648_26035.gri /mnt/rasterTmp/r_tmp_2017-03-12_050108_11648_90260.grd /mnt/rasterTmp/r_tmp_2017-03-12_050108_11648_90260.gri /mnt/rasterTmp/r_tmp_2017-03-12_050118_11648_27703.grd /mnt/rasterTmp/r_tmp_2017-03-12_050118_11648_27703.gri /mnt/rasterTmp/r_tmp_2017-03-12_050125_11648_07071.grd /mnt/rasterTmp/r_tmp_2017-03-12_050125_11648_07071.gri /mnt/rasterTmp/r_tmp_2017-03-12_050135_11648_33430.grd /mnt/rasterTmp/r_tmp_2017-03-12_050135_11648_33430.gri /mnt/rasterTmp/r_tmp_2017-03-12_050142_11648_94152.grd /mnt/rasterTmp/r_tmp_2017-03-12_050142_11648_94152.gri /mnt/rasterTmp/r_tmp_2017-03-12_050150_11648_61306.grd /mnt/rasterTmp/r_tmp_2017-03-12_050150_11648_61306.gri /mnt/rasterTmp/r_tmp_2017-03-12_050158_11648_63723.grd /mnt/rasterTmp/r_tmp_2017-03-12_050158_11648_63723.gri /mnt/rasterTmp/r_tmp_2017-03-12_050210_11648_36085.grd /mnt/rasterTmp/r_tmp_2017-03-12_050210_11648_36085.gri /mnt/rasterTmp/r_tmp_2017-03-12_050219_11648_69873.grd /mnt/rasterTmp/r_tmp_2017-03-12_050219_11648_69873.gri /mnt/rasterTmp/r_tmp_2017-03-12_050230_11648_85388.grd /mnt/rasterTmp/r_tmp_2017-03-12_050230_11648_85388.gri /mnt/rasterTmp/r_tmp_2017-03-12_050237_11648_34955.grd /mnt/rasterTmp/r_tmp_2017-03-12_050237_11648_34955.gri /mnt/rasterTmp/r_tmp_2017-03-12_050248_11648_88295.grd /mnt/rasterTmp/r_tmp_2017-03-12_050248_11648_88295.gri /mnt/rasterTmp/r_tmp_2017-03-12_050256_11648_74592.grd /mnt/rasterTmp/r_tmp_2017-03-12_050256_11648_74592.gri /mnt/rasterTmp/r_tmp_2017-03-12_050303_11648_82383.grd /mnt/rasterTmp/r_tmp_2017-03-12_050303_11648_82383.gri /mnt/rasterTmp/r_tmp_2017-03-12_050310_11648_11525.grd /mnt/rasterTmp/r_tmp_2017-03-12_050310_11648_11525.gri /mnt/rasterTmp/r_tmp_2017-03-12_050317_11648_08875.grd /mnt/rasterTmp/r_tmp_2017-03-12_050317_11648_08875.gri /mnt/rasterTmp/r_tmp_2017-03-12_050330_11648_67165.grd /mnt/rasterTmp/r_tmp_2017-03-12_050330_11648_67165.gri /mnt/rasterTmp/r_tmp_2017-03-12_050339_11648_33668.grd /mnt/rasterTmp/r_tmp_2017-03-12_050339_11648_33668.gri /mnt/rasterTmp/r_tmp_2017-03-12_050348_11648_59033.grd /mnt/rasterTmp/r_tmp_2017-03-12_050348_11648_59033.gri /mnt/rasterTmp/r_tmp_2017-03-12_050358_11648_30145.grd /mnt/rasterTmp/r_tmp_2017-03-12_050358_11648_30145.gri /mnt/rasterTmp/r_tmp_2017-03-12_050405_11648_36587.grd /mnt/rasterTmp/r_tmp_2017-03-12_050405_11648_36587.gri /mnt/rasterTmp/r_tmp_2017-03-12_050414_11648_83260.grd /mnt/rasterTmp/r_tmp_2017-03-12_050414_11648_83260.gri /mnt/rasterTmp/r_tmp_2017-03-12_050424_11648_73436.grd /mnt/rasterTmp/r_tmp_2017-03-12_050424_11648_73436.gri /mnt/rasterTmp/r_tmp_2017-03-12_050439_11648_05198.grd /mnt/rasterTmp/r_tmp_2017-03-12_050439_11648_05198.gri /mnt/rasterTmp/r_tmp_2017-03-12_050445_11648_90083.grd /mnt/rasterTmp/r_tmp_2017-03-12_050445_11648_90083.gri /mnt/rasterTmp/r_tmp_2017-03-12_050453_11648_89655.grd /mnt/rasterTmp/r_tmp_2017-03-12_050453_11648_89655.gri /mnt/rasterTmp/r_tmp_2017-03-12_050500_11648_33118.grd /mnt/rasterTmp/r_tmp_2017-03-12_050500_11648_33118.gri /mnt/rasterTmp/r_tmp_2017-03-12_050507_11648_72472.grd /mnt/rasterTmp/r_tmp_2017-03-12_050507_11648_72472.gri /mnt/rasterTmp/r_tmp_2017-03-12_050517_11648_31439.grd /mnt/rasterTmp/r_tmp_2017-03-12_050517_11648_31439.gri /mnt/rasterTmp/r_tmp_2017-03-12_050529_11648_78625.grd /mnt/rasterTmp/r_tmp_2017-03-12_050529_11648_78625.gri /mnt/rasterTmp/r_tmp_2017-03-12_050537_11648_89228.grd /mnt/rasterTmp/r_tmp_2017-03-12_050537_11648_89228.gri /mnt/rasterTmp/r_tmp_2017-03-12_050545_11648_52860.grd /mnt/rasterTmp/r_tmp_2017-03-12_050545_11648_52860.gri /mnt/rasterTmp/r_tmp_2017-03-12_050556_11648_33677.grd /mnt/rasterTmp/r_tmp_2017-03-12_050556_11648_33677.gri /mnt/rasterTmp/r_tmp_2017-03-12_050607_11648_65741.grd /mnt/rasterTmp/r_tmp_2017-03-12_050607_11648_65741.gri /mnt/rasterTmp/r_tmp_2017-03-12_050635_11648_98316.grd /mnt/rasterTmp/r_tmp_2017-03-12_050635_11648_98316.gri /mnt/rasterTmp/r_tmp_2017-03-12_050651_11648_03581.grd /mnt/rasterTmp/r_tmp_2017-03-12_050651_11648_03581.gri /mnt/rasterTmp/r_tmp_2017-03-12_050659_11648_32207.grd /mnt/rasterTmp/r_tmp_2017-03-12_050659_11648_32207.gri /mnt/rasterTmp/r_tmp_2017-03-12_050715_11648_55982.grd /mnt/rasterTmp/r_tmp_2017-03-12_050715_11648_55982.gri /mnt/rasterTmp/r_tmp_2017-03-12_050731_11648_25521.grd /mnt/rasterTmp/r_tmp_2017-03-12_050731_11648_25521.gri /mnt/rasterTmp/r_tmp_2017-03-12_062215_11648_67341.grd /mnt/rasterTmp/r_tmp_2017-03-12_062215_11648_67341.gri /mnt/rasterTmp/r_tmp_2017-03-12_062415_11648_70616.grd /mnt/rasterTmp/r_tmp_2017-03-12_062415_11648_70616.gri /mnt/rasterTmp/r_tmp_2017-03-12_062444_11648_87544.grd /mnt/rasterTmp/r_tmp_2017-03-12_062444_11648_87544.gri
+ count=300
+ '[' 300 '!=' 0 ']'
+ sudo rm -r /mnt/rasterTmp/r_tmp_2017-03-12_035101_11648_21033.grd /mnt/rasterTmp/r_tmp_2017-03-12_035101_11648_21033.gri /mnt/rasterTmp/r_tmp_2017-03-12_035358_11648_53124.grd /mnt/rasterTmp/r_tmp_2017-03-12_035358_11648_53124.gri /mnt/rasterTmp/r_tmp_2017-03-12_035452_11648_10029.grd /mnt/rasterTmp/r_tmp_2017-03-12_035452_11648_10029.gri /mnt/rasterTmp/r_tmp_2017-03-12_035524_11648_06516.grd /mnt/rasterTmp/r_tmp_2017-03-12_035524_11648_06516.gri /mnt/rasterTmp/r_tmp_2017-03-12_041554_11648_92516.grd /mnt/rasterTmp/r_tmp_2017-03-12_041554_11648_92516.gri /mnt/rasterTmp/r_tmp_2017-03-12_041855_11648_65771.grd /mnt/rasterTmp/r_tmp_2017-03-12_041855_11648_65771.gri /mnt/rasterTmp/r_tmp_2017-03-12_041909_11648_46761.grd /mnt/rasterTmp/r_tmp_2017-03-12_041909_11648_46761.gri /mnt/rasterTmp/r_tmp_2017-03-12_041920_11648_80261.grd /mnt/rasterTmp/r_tmp_2017-03-12_041920_11648_80261.gri /mnt/rasterTmp/r_tmp_2017-03-12_041931_11648_53469.grd /mnt/rasterTmp/r_tmp_2017-03-12_041931_11648_53469.gri /mnt/rasterTmp/r_tmp_2017-03-12_041940_11648_85389.grd /mnt/rasterTmp/r_tmp_2017-03-12_041940_11648_85389.gri /mnt/rasterTmp/r_tmp_2017-03-12_041959_11648_43778.grd /mnt/rasterTmp/r_tmp_2017-03-12_041959_11648_43778.gri /mnt/rasterTmp/r_tmp_2017-03-12_042008_11648_92746.grd /mnt/rasterTmp/r_tmp_2017-03-12_042008_11648_92746.gri /mnt/rasterTmp/r_tmp_2017-03-12_042018_11648_90339.grd /mnt/rasterTmp/r_tmp_2017-03-12_042018_11648_90339.gri /mnt/rasterTmp/r_tmp_2017-03-12_042026_11648_84817.grd /mnt/rasterTmp/r_tmp_2017-03-12_042026_11648_84817.gri /mnt/rasterTmp/r_tmp_2017-03-12_042044_11648_58120.grd /mnt/rasterTmp/r_tmp_2017-03-12_042044_11648_58120.gri /mnt/rasterTmp/r_tmp_2017-03-12_042053_11648_53036.grd /mnt/rasterTmp/r_tmp_2017-03-12_042053_11648_53036.gri /mnt/rasterTmp/r_tmp_2017-03-12_042102_11648_87064.grd /mnt/rasterTmp/r_tmp_2017-03-12_042102_11648_87064.gri /mnt/rasterTmp/r_tmp_2017-03-12_042111_11648_17172.grd /mnt/rasterTmp/r_tmp_2017-03-12_042111_11648_17172.gri /mnt/rasterTmp/r_tmp_2017-03-12_042128_11648_65067.grd /mnt/rasterTmp/r_tmp_2017-03-12_042128_11648_65067.gri /mnt/rasterTmp/r_tmp_2017-03-12_042137_11648_93456.grd /mnt/rasterTmp/r_tmp_2017-03-12_042137_11648_93456.gri /mnt/rasterTmp/r_tmp_2017-03-12_042147_11648_60934.grd /mnt/rasterTmp/r_tmp_2017-03-12_042147_11648_60934.gri /mnt/rasterTmp/r_tmp_2017-03-12_042155_11648_81531.grd /mnt/rasterTmp/r_tmp_2017-03-12_042155_11648_81531.gri /mnt/rasterTmp/r_tmp_2017-03-12_042212_11648_13411.grd /mnt/rasterTmp/r_tmp_2017-03-12_042212_11648_13411.gri /mnt/rasterTmp/r_tmp_2017-03-12_042220_11648_43285.grd /mnt/rasterTmp/r_tmp_2017-03-12_042220_11648_43285.gri /mnt/rasterTmp/r_tmp_2017-03-12_042230_11648_72064.grd /mnt/rasterTmp/r_tmp_2017-03-12_042230_11648_72064.gri /mnt/rasterTmp/r_tmp_2017-03-12_042238_11648_90115.grd /mnt/rasterTmp/r_tmp_2017-03-12_042238_11648_90115.gri /mnt/rasterTmp/r_tmp_2017-03-12_042255_11648_88690.grd /mnt/rasterTmp/r_tmp_2017-03-12_042255_11648_88690.gri /mnt/rasterTmp/r_tmp_2017-03-12_042304_11648_67459.grd /mnt/rasterTmp/r_tmp_2017-03-12_042304_11648_67459.gri /mnt/rasterTmp/r_tmp_2017-03-12_042314_11648_56288.grd /mnt/rasterTmp/r_tmp_2017-03-12_042314_11648_56288.gri /mnt/rasterTmp/r_tmp_2017-03-12_042323_11648_90630.grd /mnt/rasterTmp/r_tmp_2017-03-12_042323_11648_90630.gri /mnt/rasterTmp/r_tmp_2017-03-12_042342_11648_24574.grd /mnt/rasterTmp/r_tmp_2017-03-12_042342_11648_24574.gri /mnt/rasterTmp/r_tmp_2017-03-12_042350_11648_38185.grd /mnt/rasterTmp/r_tmp_2017-03-12_042350_11648_38185.gri /mnt/rasterTmp/r_tmp_2017-03-12_042400_11648_54414.grd /mnt/rasterTmp/r_tmp_2017-03-12_042400_11648_54414.gri /mnt/rasterTmp/r_tmp_2017-03-12_042409_11648_47321.grd /mnt/rasterTmp/r_tmp_2017-03-12_042409_11648_47321.gri /mnt/rasterTmp/r_tmp_2017-03-12_042426_11648_38009.grd /mnt/rasterTmp/r_tmp_2017-03-12_042426_11648_38009.gri /mnt/rasterTmp/r_tmp_2017-03-12_042436_11648_29142.grd /mnt/rasterTmp/r_tmp_2017-03-12_042436_11648_29142.gri /mnt/rasterTmp/r_tmp_2017-03-12_042444_11648_40581.grd /mnt/rasterTmp/r_tmp_2017-03-12_042444_11648_40581.gri /mnt/rasterTmp/r_tmp_2017-03-12_042454_11648_99385.grd /mnt/rasterTmp/r_tmp_2017-03-12_042454_11648_99385.gri /mnt/rasterTmp/r_tmp_2017-03-12_042503_11648_28319.grd /mnt/rasterTmp/r_tmp_2017-03-12_042503_11648_28319.gri /mnt/rasterTmp/r_tmp_2017-03-12_042512_11648_40195.grd /mnt/rasterTmp/r_tmp_2017-03-12_042512_11648_40195.gri /mnt/rasterTmp/r_tmp_2017-03-12_042522_11648_01946.grd /mnt/rasterTmp/r_tmp_2017-03-12_042522_11648_01946.gri /mnt/rasterTmp/r_tmp_2017-03-12_042531_11648_40988.grd /mnt/rasterTmp/r_tmp_2017-03-12_042531_11648_40988.gri /mnt/rasterTmp/r_tmp_2017-03-12_042541_11648_66533.grd /mnt/rasterTmp/r_tmp_2017-03-12_042541_11648_66533.gri /mnt/rasterTmp/r_tmp_2017-03-12_042550_11648_72278.grd /mnt/rasterTmp/r_tmp_2017-03-12_042550_11648_72278.gri /mnt/rasterTmp/r_tmp_2017-03-12_042600_11648_64450.grd /mnt/rasterTmp/r_tmp_2017-03-12_042600_11648_64450.gri /mnt/rasterTmp/r_tmp_2017-03-12_042609_11648_30525.grd /mnt/rasterTmp/r_tmp_2017-03-12_042609_11648_30525.gri /mnt/rasterTmp/r_tmp_2017-03-12_042619_11648_86475.grd /mnt/rasterTmp/r_tmp_2017-03-12_042619_11648_86475.gri /mnt/rasterTmp/r_tmp_2017-03-12_042628_11648_23434.grd /mnt/rasterTmp/r_tmp_2017-03-12_042628_11648_23434.gri /mnt/rasterTmp/r_tmp_2017-03-12_042638_11648_06563.grd /mnt/rasterTmp/r_tmp_2017-03-12_042638_11648_06563.gri /mnt/rasterTmp/r_tmp_2017-03-12_042647_11648_75990.grd /mnt/rasterTmp/r_tmp_2017-03-12_042647_11648_75990.gri /mnt/rasterTmp/r_tmp_2017-03-12_042656_11648_44432.grd /mnt/rasterTmp/r_tmp_2017-03-12_042656_11648_44432.gri /mnt/rasterTmp/r_tmp_2017-03-12_042706_11648_51412.grd /mnt/rasterTmp/r_tmp_2017-03-12_042706_11648_51412.gri /mnt/rasterTmp/r_tmp_2017-03-12_042715_11648_60017.grd /mnt/rasterTmp/r_tmp_2017-03-12_042715_11648_60017.gri /mnt/rasterTmp/r_tmp_2017-03-12_042727_11648_62373.grd /mnt/rasterTmp/r_tmp_2017-03-12_042727_11648_62373.gri /mnt/rasterTmp/r_tmp_2017-03-12_042738_11648_59883.grd /mnt/rasterTmp/r_tmp_2017-03-12_042738_11648_59883.gri /mnt/rasterTmp/r_tmp_2017-03-12_042748_11648_56109.grd /mnt/rasterTmp/r_tmp_2017-03-12_042748_11648_56109.gri /mnt/rasterTmp/r_tmp_2017-03-12_042757_11648_59026.grd /mnt/rasterTmp/r_tmp_2017-03-12_042757_11648_59026.gri /mnt/rasterTmp/r_tmp_2017-03-12_042807_11648_80936.grd /mnt/rasterTmp/r_tmp_2017-03-12_042807_11648_80936.gri /mnt/rasterTmp/r_tmp_2017-03-12_042816_11648_48721.grd /mnt/rasterTmp/r_tmp_2017-03-12_042816_11648_48721.gri /mnt/rasterTmp/r_tmp_2017-03-12_042828_11648_21112.grd /mnt/rasterTmp/r_tmp_2017-03-12_042828_11648_21112.gri /mnt/rasterTmp/r_tmp_2017-03-12_042838_11648_36182.grd /mnt/rasterTmp/r_tmp_2017-03-12_042838_11648_36182.gri /mnt/rasterTmp/r_tmp_2017-03-12_042850_11648_95137.grd /mnt/rasterTmp/r_tmp_2017-03-12_042850_11648_95137.gri /mnt/rasterTmp/r_tmp_2017-03-12_042859_11648_64789.grd /mnt/rasterTmp/r_tmp_2017-03-12_042859_11648_64789.gri /mnt/rasterTmp/r_tmp_2017-03-12_042911_11648_62601.grd /mnt/rasterTmp/r_tmp_2017-03-12_042911_11648_62601.gri /mnt/rasterTmp/r_tmp_2017-03-12_042920_11648_17665.grd /mnt/rasterTmp/r_tmp_2017-03-12_042920_11648_17665.gri /mnt/rasterTmp/r_tmp_2017-03-12_042931_11648_79412.grd /mnt/rasterTmp/r_tmp_2017-03-12_042931_11648_79412.gri /mnt/rasterTmp/r_tmp_2017-03-12_042941_11648_43201.grd /mnt/rasterTmp/r_tmp_2017-03-12_042941_11648_43201.gri /mnt/rasterTmp/r_tmp_2017-03-12_042952_11648_12381.grd /mnt/rasterTmp/r_tmp_2017-03-12_042952_11648_12381.gri /mnt/rasterTmp/r_tmp_2017-03-12_043003_11648_71907.grd /mnt/rasterTmp/r_tmp_2017-03-12_043003_11648_71907.gri /mnt/rasterTmp/r_tmp_2017-03-12_043014_11648_76654.grd /mnt/rasterTmp/r_tmp_2017-03-12_043014_11648_76654.gri /mnt/rasterTmp/r_tmp_2017-03-12_043027_11648_14550.grd /mnt/rasterTmp/r_tmp_2017-03-12_043027_11648_14550.gri /mnt/rasterTmp/r_tmp_2017-03-12_043036_11648_99266.grd /mnt/rasterTmp/r_tmp_2017-03-12_043036_11648_99266.gri /mnt/rasterTmp/r_tmp_2017-03-12_043046_11648_53712.grd /mnt/rasterTmp/r_tmp_2017-03-12_043046_11648_53712.gri /mnt/rasterTmp/r_tmp_2017-03-12_043058_11648_93085.grd /mnt/rasterTmp/r_tmp_2017-03-12_043058_11648_93085.gri /mnt/rasterTmp/r_tmp_2017-03-12_043111_11648_60821.grd /mnt/rasterTmp/r_tmp_2017-03-12_043111_11648_60821.gri /mnt/rasterTmp/r_tmp_2017-03-12_043125_11648_97214.grd /mnt/rasterTmp/r_tmp_2017-03-12_043125_11648_97214.gri /mnt/rasterTmp/r_tmp_2017-03-12_043137_11648_53747.grd /mnt/rasterTmp/r_tmp_2017-03-12_043137_11648_53747.gri /mnt/rasterTmp/r_tmp_2017-03-12_043146_11648_84088.grd /mnt/rasterTmp/r_tmp_2017-03-12_043146_11648_84088.gri /mnt/rasterTmp/r_tmp_2017-03-12_043155_11648_20164.grd /mnt/rasterTmp/r_tmp_2017-03-12_043155_11648_20164.gri /mnt/rasterTmp/r_tmp_2017-03-12_043208_11648_50409.grd /mnt/rasterTmp/r_tmp_2017-03-12_043208_11648_50409.gri /mnt/rasterTmp/r_tmp_2017-03-12_043220_11648_52245.grd /mnt/rasterTmp/r_tmp_2017-03-12_043220_11648_52245.gri /mnt/rasterTmp/r_tmp_2017-03-12_043240_11648_33187.grd /mnt/rasterTmp/r_tmp_2017-03-12_043240_11648_33187.gri /mnt/rasterTmp/r_tmp_2017-03-12_043248_11648_65576.grd /mnt/rasterTmp/r_tmp_2017-03-12_043248_11648_65576.gri /mnt/rasterTmp/r_tmp_2017-03-12_045616_11648_69858.grd /mnt/rasterTmp/r_tmp_2017-03-12_045616_11648_69858.gri /mnt/rasterTmp/r_tmp_2017-03-12_045637_11648_61416.grd /mnt/rasterTmp/r_tmp_2017-03-12_045637_11648_61416.gri /mnt/rasterTmp/r_tmp_2017-03-12_045659_11648_69189.grd /mnt/rasterTmp/r_tmp_2017-03-12_045659_11648_69189.gri /mnt/rasterTmp/r_tmp_2017-03-12_045717_11648_87380.grd /mnt/rasterTmp/r_tmp_2017-03-12_045717_11648_87380.gri /mnt/rasterTmp/r_tmp_2017-03-12_045729_11648_54218.grd /mnt/rasterTmp/r_tmp_2017-03-12_045729_11648_54218.gri /mnt/rasterTmp/r_tmp_2017-03-12_045738_11648_61072.grd /mnt/rasterTmp/r_tmp_2017-03-12_045738_11648_61072.gri /mnt/rasterTmp/r_tmp_2017-03-12_045747_11648_25925.grd /mnt/rasterTmp/r_tmp_2017-03-12_045747_11648_25925.gri /mnt/rasterTmp/r_tmp_2017-03-12_045757_11648_25214.grd /mnt/rasterTmp/r_tmp_2017-03-12_045757_11648_25214.gri /mnt/rasterTmp/r_tmp_2017-03-12_045806_11648_74267.grd /mnt/rasterTmp/r_tmp_2017-03-12_045806_11648_74267.gri /mnt/rasterTmp/r_tmp_2017-03-12_045816_11648_64856.grd /mnt/rasterTmp/r_tmp_2017-03-12_045816_11648_64856.gri /mnt/rasterTmp/r_tmp_2017-03-12_045823_11648_15856.grd /mnt/rasterTmp/r_tmp_2017-03-12_045823_11648_15856.gri /mnt/rasterTmp/r_tmp_2017-03-12_045833_11648_50037.grd /mnt/rasterTmp/r_tmp_2017-03-12_045833_11648_50037.gri /mnt/rasterTmp/r_tmp_2017-03-12_045841_11648_08393.grd /mnt/rasterTmp/r_tmp_2017-03-12_045841_11648_08393.gri /mnt/rasterTmp/r_tmp_2017-03-12_045848_11648_69490.grd /mnt/rasterTmp/r_tmp_2017-03-12_045848_11648_69490.gri /mnt/rasterTmp/r_tmp_2017-03-12_045856_11648_88666.grd /mnt/rasterTmp/r_tmp_2017-03-12_045856_11648_88666.gri /mnt/rasterTmp/r_tmp_2017-03-12_045910_11648_41355.grd /mnt/rasterTmp/r_tmp_2017-03-12_045910_11648_41355.gri /mnt/rasterTmp/r_tmp_2017-03-12_045923_11648_13189.grd /mnt/rasterTmp/r_tmp_2017-03-12_045923_11648_13189.gri /mnt/rasterTmp/r_tmp_2017-03-12_045945_11648_62248.grd /mnt/rasterTmp/r_tmp_2017-03-12_045945_11648_62248.gri /mnt/rasterTmp/r_tmp_2017-03-12_045952_11648_40468.grd /mnt/rasterTmp/r_tmp_2017-03-12_045952_11648_40468.gri /mnt/rasterTmp/r_tmp_2017-03-12_045959_11648_30869.grd /mnt/rasterTmp/r_tmp_2017-03-12_045959_11648_30869.gri /mnt/rasterTmp/r_tmp_2017-03-12_050006_11648_97928.grd /mnt/rasterTmp/r_tmp_2017-03-12_050006_11648_97928.gri /mnt/rasterTmp/r_tmp_2017-03-12_050020_11648_63770.grd /mnt/rasterTmp/r_tmp_2017-03-12_050020_11648_63770.gri /mnt/rasterTmp/r_tmp_2017-03-12_050032_11648_71619.grd /mnt/rasterTmp/r_tmp_2017-03-12_050032_11648_71619.gri /mnt/rasterTmp/r_tmp_2017-03-12_050054_11648_38900.grd /mnt/rasterTmp/r_tmp_2017-03-12_050054_11648_38900.gri /mnt/rasterTmp/r_tmp_2017-03-12_050101_11648_26035.grd /mnt/rasterTmp/r_tmp_2017-03-12_050101_11648_26035.gri /mnt/rasterTmp/r_tmp_2017-03-12_050108_11648_90260.grd /mnt/rasterTmp/r_tmp_2017-03-12_050108_11648_90260.gri /mnt/rasterTmp/r_tmp_2017-03-12_050118_11648_27703.grd /mnt/rasterTmp/r_tmp_2017-03-12_050118_11648_27703.gri /mnt/rasterTmp/r_tmp_2017-03-12_050125_11648_07071.grd /mnt/rasterTmp/r_tmp_2017-03-12_050125_11648_07071.gri /mnt/rasterTmp/r_tmp_2017-03-12_050135_11648_33430.grd /mnt/rasterTmp/r_tmp_2017-03-12_050135_11648_33430.gri /mnt/rasterTmp/r_tmp_2017-03-12_050142_11648_94152.grd /mnt/rasterTmp/r_tmp_2017-03-12_050142_11648_94152.gri /mnt/rasterTmp/r_tmp_2017-03-12_050150_11648_61306.grd /mnt/rasterTmp/r_tmp_2017-03-12_050150_11648_61306.gri /mnt/rasterTmp/r_tmp_2017-03-12_050158_11648_63723.grd /mnt/rasterTmp/r_tmp_2017-03-12_050158_11648_63723.gri /mnt/rasterTmp/r_tmp_2017-03-12_050210_11648_36085.grd /mnt/rasterTmp/r_tmp_2017-03-12_050210_11648_36085.gri /mnt/rasterTmp/r_tmp_2017-03-12_050219_11648_69873.grd /mnt/rasterTmp/r_tmp_2017-03-12_050219_11648_69873.gri /mnt/rasterTmp/r_tmp_2017-03-12_050230_11648_85388.grd /mnt/rasterTmp/r_tmp_2017-03-12_050230_11648_85388.gri /mnt/rasterTmp/r_tmp_2017-03-12_050237_11648_34955.grd /mnt/rasterTmp/r_tmp_2017-03-12_050237_11648_34955.gri /mnt/rasterTmp/r_tmp_2017-03-12_050248_11648_88295.grd /mnt/rasterTmp/r_tmp_2017-03-12_050248_11648_88295.gri /mnt/rasterTmp/r_tmp_2017-03-12_050256_11648_74592.grd /mnt/rasterTmp/r_tmp_2017-03-12_050256_11648_74592.gri /mnt/rasterTmp/r_tmp_2017-03-12_050303_11648_82383.grd /mnt/rasterTmp/r_tmp_2017-03-12_050303_11648_82383.gri /mnt/rasterTmp/r_tmp_2017-03-12_050310_11648_11525.grd /mnt/rasterTmp/r_tmp_2017-03-12_050310_11648_11525.gri /mnt/rasterTmp/r_tmp_2017-03-12_050317_11648_08875.grd /mnt/rasterTmp/r_tmp_2017-03-12_050317_11648_08875.gri /mnt/rasterTmp/r_tmp_2017-03-12_050330_11648_67165.grd /mnt/rasterTmp/r_tmp_2017-03-12_050330_11648_67165.gri /mnt/rasterTmp/r_tmp_2017-03-12_050339_11648_33668.grd /mnt/rasterTmp/r_tmp_2017-03-12_050339_11648_33668.gri /mnt/rasterTmp/r_tmp_2017-03-12_050348_11648_59033.grd /mnt/rasterTmp/r_tmp_2017-03-12_050348_11648_59033.gri /mnt/rasterTmp/r_tmp_2017-03-12_050358_11648_30145.grd /mnt/rasterTmp/r_tmp_2017-03-12_050358_11648_30145.gri /mnt/rasterTmp/r_tmp_2017-03-12_050405_11648_36587.grd /mnt/rasterTmp/r_tmp_2017-03-12_050405_11648_36587.gri /mnt/rasterTmp/r_tmp_2017-03-12_050414_11648_83260.grd /mnt/rasterTmp/r_tmp_2017-03-12_050414_11648_83260.gri /mnt/rasterTmp/r_tmp_2017-03-12_050424_11648_73436.grd /mnt/rasterTmp/r_tmp_2017-03-12_050424_11648_73436.gri /mnt/rasterTmp/r_tmp_2017-03-12_050439_11648_05198.grd /mnt/rasterTmp/r_tmp_2017-03-12_050439_11648_05198.gri /mnt/rasterTmp/r_tmp_2017-03-12_050445_11648_90083.grd /mnt/rasterTmp/r_tmp_2017-03-12_050445_11648_90083.gri /mnt/rasterTmp/r_tmp_2017-03-12_050453_11648_89655.grd /mnt/rasterTmp/r_tmp_2017-03-12_050453_11648_89655.gri /mnt/rasterTmp/r_tmp_2017-03-12_050500_11648_33118.grd /mnt/rasterTmp/r_tmp_2017-03-12_050500_11648_33118.gri /mnt/rasterTmp/r_tmp_2017-03-12_050507_11648_72472.grd /mnt/rasterTmp/r_tmp_2017-03-12_050507_11648_72472.gri /mnt/rasterTmp/r_tmp_2017-03-12_050517_11648_31439.grd /mnt/rasterTmp/r_tmp_2017-03-12_050517_11648_31439.gri /mnt/rasterTmp/r_tmp_2017-03-12_050529_11648_78625.grd /mnt/rasterTmp/r_tmp_2017-03-12_050529_11648_78625.gri /mnt/rasterTmp/r_tmp_2017-03-12_050537_11648_89228.grd /mnt/rasterTmp/r_tmp_2017-03-12_050537_11648_89228.gri /mnt/rasterTmp/r_tmp_2017-03-12_050545_11648_52860.grd /mnt/rasterTmp/r_tmp_2017-03-12_050545_11648_52860.gri /mnt/rasterTmp/r_tmp_2017-03-12_050556_11648_33677.grd /mnt/rasterTmp/r_tmp_2017-03-12_050556_11648_33677.gri /mnt/rasterTmp/r_tmp_2017-03-12_050607_11648_65741.grd /mnt/rasterTmp/r_tmp_2017-03-12_050607_11648_65741.gri /mnt/rasterTmp/r_tmp_2017-03-12_050635_11648_98316.grd /mnt/rasterTmp/r_tmp_2017-03-12_050635_11648_98316.gri /mnt/rasterTmp/r_tmp_2017-03-12_050651_11648_03581.grd /mnt/rasterTmp/r_tmp_2017-03-12_050651_11648_03581.gri /mnt/rasterTmp/r_tmp_2017-03-12_050659_11648_32207.grd /mnt/rasterTmp/r_tmp_2017-03-12_050659_11648_32207.gri /mnt/rasterTmp/r_tmp_2017-03-12_050715_11648_55982.grd /mnt/rasterTmp/r_tmp_2017-03-12_050715_11648_55982.gri /mnt/rasterTmp/r_tmp_2017-03-12_050731_11648_25521.grd /mnt/rasterTmp/r_tmp_2017-03-12_050731_11648_25521.gri /mnt/rasterTmp/r_tmp_2017-03-12_062215_11648_67341.grd /mnt/rasterTmp/r_tmp_2017-03-12_062215_11648_67341.gri /mnt/rasterTmp/r_tmp_2017-03-12_062415_11648_70616.grd /mnt/rasterTmp/r_tmp_2017-03-12_062415_11648_70616.gri /mnt/rasterTmp/r_tmp_2017-03-12_062444_11648_87544.grd /mnt/rasterTmp/r_tmp_2017-03-12_062444_11648_87544.gri
sudo: unable to resolve host fogbow39666
+ echo 'Starting CPU and Memory collect...'
+ sudo bash /tmp/sandbox/eb056db9-6495-4f4a-8035-23716a65cb77/SEBAL/scripts/collect-cpu-usage.sh
+ checkProcessOutput
+ sudo tee /nfs/results//LT52170641986204CUB00/LT52170641986204CUB00_cpu_usage.txt
+ PROCESS_OUTPUT=0
+ '[' 0 -ne 0 ']'
+ executeRScript
+ sudo bash /tmp/sandbox/eb056db9-6495-4f4a-8035-23716a65cb77/SEBAL/scripts/collect-memory-usage.sh
+ sudo tee /nfs/results//LT52170641986204CUB00/LT52170641986204CUB00_mem_usage.txt
SEBAL/bin/run.sh: line 95: /dev/nul: Permission denied
++ seq 2
+ for i in '`seq $MAX_TRIES`'
+ sudo bash /tmp/sandbox/eb056db9-6495-4f4a-8035-23716a65cb77/SEBAL/scripts/executeRScript.sh /tmp/sandbox/eb056db9-6495-4f4a-8035-23716a65cb77/SEBAL/workspace/R/AlgoritmoFinal-f1-v02122016.R /tmp/sandbox/eb056db9-6495-4f4a-8035-23716a65cb77/SEBAL/workspace/R /mnt
sudo: unable to resolve host fogbow39666
sudo: unable to resolve host fogbow39666
sudo: unable to resolve host fogbow39666
sudo: unable to resolve host fogbow39666
During startup - Warning messages:
1: Setting LC_TIME failed, using "C" 
2: Setting LC_MONETARY failed, using "C" 
3: Setting LC_PAPER failed, using "C" 
4: Setting LC_MEASUREMENT failed, using "C" 
Installing package into ‘/usr/local/lib/R/site-library’
(as ‘lib’ is unspecified)
trying URL 'http://nbcgib.uesc.br/mirrors/cran/src/contrib/snow_0.4-2.tar.gz'
Content type 'application/x-gzip' length 22397 bytes (21 Kb)
opened URL
==================================================
downloaded 21 Kb

During startup - Warning messages:
1: Setting LC_TIME failed, using "C" 
2: Setting LC_MONETARY failed, using "C" 
3: Setting LC_PAPER failed, using "C" 
4: Setting LC_MEASUREMENT failed, using "C" 
* installing *source* package ‘snow’ ...
** package ‘snow’ successfully unpacked and MD5 sums checked
** R
** inst
** preparing package for lazy loading
** help
*** installing help indices
** building package indices
** testing if installed package can be loaded
* DONE (snow)
Installing package into ‘/usr/local/lib/R/site-library’
(as ‘lib’ is unspecified)
trying URL 'http://nbcgib.uesc.br/mirrors/cran/src/contrib/R.utils_2.5.0.tar.gz'
Content type 'application/x-gzip' length 389402 bytes (380 Kb)
opened URL
==================================================
downloaded 380 Kb

During startup - Warning messages:
1: Setting LC_TIME failed, using "C" 
2: Setting LC_MONETARY failed, using "C" 
3: Setting LC_PAPER failed, using "C" 
4: Setting LC_MEASUREMENT failed, using "C" 
* installing *source* package ‘R.utils’ ...
** package ‘R.utils’ successfully unpacked and MD5 sums checked
** R
** inst
** preparing package for lazy loading
Warning in setGenericS3.default(name, export = exportGeneric, envir = envir,  :
  Renamed the preexisting function warnings to warnings.default, which was defined in environment base.
** help
*** installing help indices
** building package indices
** testing if installed package can be loaded
* DONE (R.utils)
Loading required package: R.oo
Loading required package: R.methodsS3
R.methodsS3 v1.7.1 (2016-02-15) successfully loaded. See ?R.methodsS3 for help.
R.oo v1.21.0 (2016-10-30) successfully loaded. See ?R.oo for help.

Attaching package: ‘R.oo’

The following objects are masked from ‘package:base’:

    attach, detach, gc, load, save

R.utils v2.5.0 (2016-11-07) successfully loaded. See ?R.utils for help.

Attaching package: ‘R.utils’

The following object is masked from ‘package:utils’:

    timestamp

The following objects are masked from ‘package:base’:

    cat, commandArgs, getOption, inherits, isOpen, parse, warnings

Loading required package: methods

Attaching package: ‘methods’

The following objects are masked from ‘package:R.oo’:

    getClasses, getMethods

Loading required package: sp

Attaching package: ‘raster’

The following objects are masked from ‘package:R.utils’:

    extract, resample

The following objects are masked from ‘package:R.oo’:

    extend, trim

rgdal: version: 1.1-10, (SVN revision 622)
 Geospatial Data Abstraction Library extensions to R successfully loaded
 Loaded GDAL runtime: GDAL 1.10.1, released 2013/08/26
 Path to GDAL shared files: /usr/share/gdal/1.10
 Loaded PROJ.4 runtime: Rel. 4.8.0, 6 March 2012, [PJ_VERSION: 480]
 Path to PROJ.4 shared files: (autodetected)
 Linking to sp version: 1.2-3 

Attaching package: ‘rgdal’

The following object is masked from ‘package:R.oo’:

    getDescription

Checking rgeos availability: TRUE
Loading required namespace: parallel
During startup - Warning messages:
1: Setting LC_TIME failed, using "C" 
2: Setting LC_MONETARY failed, using "C" 
3: Setting LC_PAPER failed, using "C" 
4: Setting LC_MEASUREMENT failed, using "C" 
During startup - Warning messages:
1: Setting LC_TIME failed, using "C" 
2: Setting LC_MONETARY failed, using "C" 
3: Setting LC_PAPER failed, using "C" 
4: Setting LC_MEASUREMENT failed, using "C" 
During startup - Warning messages:
1: Setting LC_TIME failed, using "C" 
2: Setting LC_MONETARY failed, using "C" 
3: Setting LC_PAPER failed, using "C" 
4: Setting LC_MEASUREMENT failed, using "C" 
During startup - Warning messages:
1: Setting LC_TIME failed, using "C" 
2: Setting LC_MONETARY failed, using "C" 
3: Setting LC_PAPER failed, using "C" 
4: Setting LC_MEASUREMENT failed, using "C" 
During startup - Warning messages:
1: Setting LC_TIME failed, using "C" 
2: Setting LC_MONETARY failed, using "C" 
3: Setting LC_PAPER failed, using "C" 
4: Setting LC_MEASUREMENT failed, using "C" 
During startup - Warning messages:
1: Setting LC_TIME failed, using "C" 
2: Setting LC_MONETARY failed, using "C" 
3: Setting LC_PAPER failed, using "C" 
4: Setting LC_MEASUREMENT failed, using "C" 
During startup - Warning messages:
1: Setting LC_TIME failed, using "C" 
2: Setting LC_MONETARY failed, using "C" 
3: Setting LC_PAPER failed, using "C" 
4: Setting LC_MEASUREMENT failed, using "C" 
Using cluster with 7 nodes
During startup - Warning messages:
1: Setting LC_TIME failed, using "C" 
2: Setting LC_MONETARY failed, using "C" 
3: Setting LC_PAPER failed, using "C" 
4: Setting LC_MEASUREMENT failed, using "C" 
During startup - Warning messages:
1: Setting LC_TIME failed, using "C" 
2: Setting LC_MONETARY failed, using "C" 
3: Setting LC_PAPER failed, using "C" 
4: Setting LC_MEASUREMENT failed, using "C" 
During startup - Warning messages:
1: Setting LC_TIME failed, using "C" 
2: Setting LC_MONETARY failed, using "C" 
3: Setting LC_PAPER failed, using "C" 
4: Setting LC_MEASUREMENT failed, using "C" 
During startup - Warning messages:
1: Setting LC_TIME failed, using "C" 
2: Setting LC_MONETARY failed, using "C" 
3: Setting LC_PAPER failed, using "C" 
4: Setting LC_MEASUREMENT failed, using "C" 
During startup - Warning messages:
1: Setting LC_TIME failed, using "C" 
2: Setting LC_MONETARY failed, using "C" 
3: Setting LC_PAPER failed, using "C" 
4: Setting LC_MEASUREMENT failed, using "C" 
During startup - Warning messages:
1: Setting LC_TIME failed, using "C" 
2: Setting LC_MONETARY failed, using "C" 
3: Setting LC_PAPER failed, using "C" 
4: Setting LC_MEASUREMENT failed, using "C" 
During startup - Warning messages:
1: Setting LC_TIME failed, using "C" 
2: Setting LC_MONETARY failed, using "C" 
3: Setting LC_PAPER failed, using "C" 
4: Setting LC_MEASUREMENT failed, using "C" 
Using cluster with 7 nodes
During startup - Warning messages:
1: Setting LC_TIME failed, using "C" 
2: Setting LC_MONETARY failed, using "C" 
3: Setting LC_PAPER failed, using "C" 
4: Setting LC_MEASUREMENT failed, using "C" 
During startup - Warning messages:
1: Setting LC_TIME failed, using "C" 
2: Setting LC_MONETARY failed, using "C" 
3: Setting LC_PAPER failed, using "C" 
4: Setting LC_MEASUREMENT failed, using "C" 
During startup - Warning messages:
1: Setting LC_TIME failed, using "C" 
2: Setting LC_MONETARY failed, using "C" 
3: Setting LC_PAPER failed, using "C" 
4: Setting LC_MEASUREMENT failed, using "C" 
During startup - Warning messages:
1: Setting LC_TIME failed, using "C" 
2: Setting LC_MONETARY failed, using "C" 
3: Setting LC_PAPER failed, using "C" 
4: Setting LC_MEASUREMENT failed, using "C" 
During startup - Warning messages:
1: Setting LC_TIME failed, using "C" 
2: Setting LC_MONETARY failed, using "C" 
3: Setting LC_PAPER failed, using "C" 
4: Setting LC_MEASUREMENT failed, using "C" 
During startup - Warning messages:
1: Setting LC_TIME failed, using "C" 
2: Setting LC_MONETARY failed, using "C" 
3: Setting LC_PAPER failed, using "C" 
4: Setting LC_MEASUREMENT failed, using "C" 
During startup - Warning messages:
1: Setting LC_TIME failed, using "C" 
2: Setting LC_MONETARY failed, using "C" 
3: Setting LC_PAPER failed, using "C" 
4: Setting LC_MEASUREMENT failed, using "C" 
During startup - Warning messages:
1: Setting LC_TIME failed, using "C" 
2: Setting LC_MONETARY failed, using "C" 
3: Setting LC_PAPER failed, using "C" 
4: Setting LC_MEASUREMENT failed, using "C" 
During startup - Warning messages:
1: Setting LC_TIME failed, using "C" 
2: Setting LC_MONETARY failed, using "C" 
3: Setting LC_PAPER failed, using "C" 
4: Setting LC_MEASUREMENT failed, using "C" 
During startup - Warning messages:
1: Setting LC_TIME failed, using "C" 
2: Setting LC_MONETARY failed, using "C" 
3: Setting LC_PAPER failed, using "C" 
4: Setting LC_MEASUREMENT failed, using "C" 
During startup - Warning messages:
1: Setting LC_TIME failed, using "C" 
2: Setting LC_MONETARY failed, using "C" 
3: Setting LC_PAPER failed, using "C" 
4: Setting LC_MEASUREMENT failed, using "C" 
During startup - Warning messages:
1: Setting LC_TIME failed, using "C" 
2: Setting LC_MONETARY failed, using "C" 
3: Setting LC_PAPER failed, using "C" 
4: Setting LC_MEASUREMENT failed, using "C" 
During startup - Warning messages:
1: Setting LC_TIME failed, using "C" 
2: Setting LC_MONETARY failed, using "C" 
3: Setting LC_PAPER failed, using "C" 
4: Setting LC_MEASUREMENT failed, using "C" 
During startup - Warning messages:
1: Setting LC_TIME failed, using "C" 
2: Setting LC_MONETARY failed, using "C" 
3: Setting LC_PAPER failed, using "C" 
4: Setting LC_MEASUREMENT failed, using "C" 
Using cluster with 7 nodes
Using cluster with 7 nodes
Using cluster with 7 nodes
During startup - Warning messages:
1: Setting LC_TIME failed, using "C" 
2: Setting LC_MONETARY failed, using "C" 
3: Setting LC_PAPER failed, using "C" 
4: Setting LC_MEASUREMENT failed, using "C" 
During startup - Warning messages:
1: Setting LC_TIME failed, using "C" 
2: Setting LC_MONETARY failed, using "C" 
3: Setting LC_PAPER failed, using "C" 
4: Setting LC_MEASUREMENT failed, using "C" 
During startup - Warning messages:
1: Setting LC_TIME failed, using "C" 
2: Setting LC_MONETARY failed, using "C" 
3: Setting LC_PAPER failed, using "C" 
4: Setting LC_MEASUREMENT failed, using "C" 
During startup - Warning messages:
1: Setting LC_TIME failed, using "C" 
2: Setting LC_MONETARY failed, using "C" 
3: Setting LC_PAPER failed, using "C" 
4: Setting LC_MEASUREMENT failed, using "C" 
During startup - Warning messages:
1: Setting LC_TIME failed, using "C" 
2: Setting LC_MONETARY failed, using "C" 
3: Setting LC_PAPER failed, using "C" 
4: Setting LC_MEASUREMENT failed, using "C" 
During startup - Warning messages:
1: Setting LC_TIME failed, using "C" 
2: Setting LC_MONETARY failed, using "C" 
3: Setting LC_PAPER failed, using "C" 
4: Setting LC_MEASUREMENT failed, using "C" 
During startup - Warning messages:
1: Setting LC_TIME failed, using "C" 
2: Setting LC_MONETARY failed, using "C" 
3: Setting LC_PAPER failed, using "C" 
4: Setting LC_MEASUREMENT failed, using "C" 
+ PROCESS_OUTPUT=0
+ echo executeRScript_process_output=0
+ '[' 0 -eq 0 ']'
+ echo 'NUMBER OF TRIES 1'
+ break
+ checkProcessOutput
+ PROCESS_OUTPUT=0
+ '[' 0 -ne 0 ']'
+ finally
+ exit 0
sudo: unable to resolve host fogbow39666
sudo: unable to resolve host fogbow39666
sudo: unable to resolve host fogbow39666
sudo: unable to resolve host fogbow39666
sudo: unable to resolve host fogbow39666
sudo: unable to resolve host fogbow39666
sudo: unable to resolve host fogbow39666
sudo: unable to resolve host fogbow39666
sudo: unable to resolve host fogbow39666
sudo: unable to resolve host fogbow39666
