+ IMAGE_NAME=LT52170641984247CUB00
+ IMAGES_DIR_PATH=/nfs/images/
+ RESULTS_DIR_PATH=/nfs/results/
+ OUTPUT_IMAGE_DIR=/nfs/results/LT52170641984247CUB00
+ IMAGE_MTL_PATH=/nfs/images/LT52170641984247CUB00/LT52170641984247CUB00_MTL.txt
+ IMAGE_MTL_FMASK_PATH=/nfs/images/LT52170641984247CUB00/LT52170641984247CUB00_MTLFmask
+ IMAGE_STATION_FILE_PATH=/nfs/results/LT52170641984247CUB00/LT52170641984247CUB00_station.csv
++ pwd
+ SANDBOX=/tmp/sandbox/38ac3dfd-1c50-4b31-b13e-5e8bbd895fdb
+ CONF_FILE=sebal.conf
+ LIBRARY_PATH=/usr/local/lib
+ BOUNDING_BOX_PATH=example/boundingbox_vertices
+ TMP_DIR_PATH=/mnt
+ R_EXEC_DIR=
+ R_ALGORITHM_VERSION=AlgoritmoFinal-f1-v02122016.R
+ R_RASTER_TMP_DIR=/mnt/rasterTmp
+ MAX_TRIES=2
+ OUTPUT_IMAGE_DIR=/nfs/results//LT52170641984247CUB00
+ SCRIPTS_DIR=scripts
+ SEBAL_DIR_PATH=
+ LOG4J_PATH=
+ untarImageAndPrepareDirs
+ cd /nfs/images/
+ echo 'Image file name is LT52170641984247CUB00'
+ echo 'Untaring image LT52170641984247CUB00'
+ cd /nfs/images//LT52170641984247CUB00
+ sudo tar -xvzf LT52170641984247CUB00.tar.gz
sudo: unable to resolve host fogbow35243
+ echo 'Creating image output directory'
+ sudo mkdir -p /nfs/results//LT52170641984247CUB00
sudo: unable to resolve host fogbow35243
+ cd /tmp/sandbox/38ac3dfd-1c50-4b31-b13e-5e8bbd895fdb
+ checkProcessOutput
+ PROCESS_OUTPUT=0
+ '[' 0 -ne 0 ']'
+ preProcessImage
+ SEBAL_DIR_PATH=/tmp/sandbox/38ac3dfd-1c50-4b31-b13e-5e8bbd895fdb/SEBAL
+ R_EXEC_DIR=/tmp/sandbox/38ac3dfd-1c50-4b31-b13e-5e8bbd895fdb/SEBAL/workspace/R
+ LOG4J_PATH=/tmp/sandbox/38ac3dfd-1c50-4b31-b13e-5e8bbd895fdb/SEBAL/log4j.properties
+ cd /tmp/sandbox/38ac3dfd-1c50-4b31-b13e-5e8bbd895fdb/SEBAL
+ sudo java -Xdebug -Xrunjdwp:server=y,transport=dt_socket,address=4000,suspend=n -Dlog4j.configuration=file:/tmp/sandbox/38ac3dfd-1c50-4b31-b13e-5e8bbd895fdb/SEBAL/log4j.properties -Djava.library.path=/usr/local/lib -cp 'target/SEBAL-0.0.1-SNAPSHOT.jar:target/lib/*' org.fogbowcloud.sebal.PreProcessMain /nfs/images// /nfs/images/LT52170641984247CUB00/LT52170641984247CUB00_MTL.txt /nfs/results// 0 0 9000 9000 1 1 /tmp/sandbox/38ac3dfd-1c50-4b31-b13e-5e8bbd895fdb/SEBAL/example/boundingbox_vertices /tmp/sandbox/38ac3dfd-1c50-4b31-b13e-5e8bbd895fdb/SEBAL/sebal.conf /nfs/images/LT52170641984247CUB00/LT52170641984247CUB00_MTLFmask
sudo: unable to resolve host fogbow35243
Mar 12, 2017 7:48:27 PM org.geotools.referencing.factory.epsg.ThreadedHsqlEpsgFactory createDataSource
INFO: Building new data source for org.geotools.referencing.factory.epsg.ThreadedHsqlEpsgFactory
Mar 12, 2017 7:48:27 PM org.geotools.referencing.factory.epsg.ThreadedHsqlEpsgFactory createBackingStore
INFO: Building backing store for org.geotools.referencing.factory.epsg.ThreadedHsqlEpsgFactory
+ sudo chmod 777 /nfs/results/LT52170641984247CUB00/LT52170641984247CUB00_station.csv
sudo: unable to resolve host fogbow35243
+ echo -e '\n'
+ cd ..
+ checkProcessOutput
+ PROCESS_OUTPUT=0
+ '[' 0 -ne 0 ']'
+ creatingDadosCSV
+ echo 'Creating dados.csv for image LT52170641984247CUB00'
+ cd /tmp/sandbox/38ac3dfd-1c50-4b31-b13e-5e8bbd895fdb/SEBAL/workspace/R
+ echo 'File images;MTL;File Station Weather;File Fmask;Path Output'
+ echo '/nfs/images//LT52170641984247CUB00;/nfs/images/LT52170641984247CUB00/LT52170641984247CUB00_MTL.txt;/nfs/results/LT52170641984247CUB00/LT52170641984247CUB00_station.csv;/nfs/images/LT52170641984247CUB00/LT52170641984247CUB00_MTLFmask;/nfs/results//LT52170641984247CUB00'
+ checkProcessOutput
+ PROCESS_OUTPUT=0
+ '[' 0 -ne 0 ']'
+ prepareEnvAndCollectUsage
+ '[' '!' -d /mnt/rasterTmp ']'
++ wc -l
++ ls -1 /mnt/rasterTmp/r_tmp_2017-03-12_170113_8185_73470.grd /mnt/rasterTmp/r_tmp_2017-03-12_170113_8185_73470.gri /mnt/rasterTmp/r_tmp_2017-03-12_170408_8185_98015.grd /mnt/rasterTmp/r_tmp_2017-03-12_170408_8185_98015.gri /mnt/rasterTmp/r_tmp_2017-03-12_170502_8185_58414.grd /mnt/rasterTmp/r_tmp_2017-03-12_170502_8185_58414.gri /mnt/rasterTmp/r_tmp_2017-03-12_170532_8185_18414.grd /mnt/rasterTmp/r_tmp_2017-03-12_170532_8185_18414.gri /mnt/rasterTmp/r_tmp_2017-03-12_172502_8185_18133.grd /mnt/rasterTmp/r_tmp_2017-03-12_172502_8185_18133.gri /mnt/rasterTmp/r_tmp_2017-03-12_172800_8185_30148.grd /mnt/rasterTmp/r_tmp_2017-03-12_172800_8185_30148.gri /mnt/rasterTmp/r_tmp_2017-03-12_172814_8185_68362.grd /mnt/rasterTmp/r_tmp_2017-03-12_172814_8185_68362.gri /mnt/rasterTmp/r_tmp_2017-03-12_172823_8185_81102.grd /mnt/rasterTmp/r_tmp_2017-03-12_172823_8185_81102.gri /mnt/rasterTmp/r_tmp_2017-03-12_172837_8185_79706.grd /mnt/rasterTmp/r_tmp_2017-03-12_172837_8185_79706.gri /mnt/rasterTmp/r_tmp_2017-03-12_172848_8185_35468.grd /mnt/rasterTmp/r_tmp_2017-03-12_172848_8185_35468.gri /mnt/rasterTmp/r_tmp_2017-03-12_172908_8185_22959.grd /mnt/rasterTmp/r_tmp_2017-03-12_172908_8185_22959.gri /mnt/rasterTmp/r_tmp_2017-03-12_172919_8185_03911.grd /mnt/rasterTmp/r_tmp_2017-03-12_172919_8185_03911.gri /mnt/rasterTmp/r_tmp_2017-03-12_172932_8185_59660.grd /mnt/rasterTmp/r_tmp_2017-03-12_172932_8185_59660.gri /mnt/rasterTmp/r_tmp_2017-03-12_172943_8185_96063.grd /mnt/rasterTmp/r_tmp_2017-03-12_172943_8185_96063.gri /mnt/rasterTmp/r_tmp_2017-03-12_173003_8185_03679.grd /mnt/rasterTmp/r_tmp_2017-03-12_173003_8185_03679.gri /mnt/rasterTmp/r_tmp_2017-03-12_173015_8185_21266.grd /mnt/rasterTmp/r_tmp_2017-03-12_173015_8185_21266.gri /mnt/rasterTmp/r_tmp_2017-03-12_173028_8185_94910.grd /mnt/rasterTmp/r_tmp_2017-03-12_173028_8185_94910.gri /mnt/rasterTmp/r_tmp_2017-03-12_173038_8185_33279.grd /mnt/rasterTmp/r_tmp_2017-03-12_173038_8185_33279.gri /mnt/rasterTmp/r_tmp_2017-03-12_173101_8185_31262.grd /mnt/rasterTmp/r_tmp_2017-03-12_173101_8185_31262.gri /mnt/rasterTmp/r_tmp_2017-03-12_173112_8185_71453.grd /mnt/rasterTmp/r_tmp_2017-03-12_173112_8185_71453.gri /mnt/rasterTmp/r_tmp_2017-03-12_173125_8185_68811.grd /mnt/rasterTmp/r_tmp_2017-03-12_173125_8185_68811.gri /mnt/rasterTmp/r_tmp_2017-03-12_173136_8185_10894.grd /mnt/rasterTmp/r_tmp_2017-03-12_173136_8185_10894.gri /mnt/rasterTmp/r_tmp_2017-03-12_173157_8185_78922.grd /mnt/rasterTmp/r_tmp_2017-03-12_173157_8185_78922.gri /mnt/rasterTmp/r_tmp_2017-03-12_173208_8185_28249.grd /mnt/rasterTmp/r_tmp_2017-03-12_173208_8185_28249.gri /mnt/rasterTmp/r_tmp_2017-03-12_173222_8185_33483.grd /mnt/rasterTmp/r_tmp_2017-03-12_173222_8185_33483.gri /mnt/rasterTmp/r_tmp_2017-03-12_173234_8185_19785.grd /mnt/rasterTmp/r_tmp_2017-03-12_173234_8185_19785.gri /mnt/rasterTmp/r_tmp_2017-03-12_173254_8185_12408.grd /mnt/rasterTmp/r_tmp_2017-03-12_173254_8185_12408.gri /mnt/rasterTmp/r_tmp_2017-03-12_173305_8185_85154.grd /mnt/rasterTmp/r_tmp_2017-03-12_173305_8185_85154.gri /mnt/rasterTmp/r_tmp_2017-03-12_173319_8185_58686.grd /mnt/rasterTmp/r_tmp_2017-03-12_173319_8185_58686.gri /mnt/rasterTmp/r_tmp_2017-03-12_173330_8185_33866.grd /mnt/rasterTmp/r_tmp_2017-03-12_173330_8185_33866.gri /mnt/rasterTmp/r_tmp_2017-03-12_173351_8185_38594.grd /mnt/rasterTmp/r_tmp_2017-03-12_173351_8185_38594.gri /mnt/rasterTmp/r_tmp_2017-03-12_173401_8185_94654.grd /mnt/rasterTmp/r_tmp_2017-03-12_173401_8185_94654.gri /mnt/rasterTmp/r_tmp_2017-03-12_173414_8185_95779.grd /mnt/rasterTmp/r_tmp_2017-03-12_173414_8185_95779.gri /mnt/rasterTmp/r_tmp_2017-03-12_173425_8185_11308.grd /mnt/rasterTmp/r_tmp_2017-03-12_173425_8185_11308.gri /mnt/rasterTmp/r_tmp_2017-03-12_173446_8185_60808.grd /mnt/rasterTmp/r_tmp_2017-03-12_173446_8185_60808.gri /mnt/rasterTmp/r_tmp_2017-03-12_173459_8185_77204.grd /mnt/rasterTmp/r_tmp_2017-03-12_173459_8185_77204.gri /mnt/rasterTmp/r_tmp_2017-03-12_173509_8185_95314.grd /mnt/rasterTmp/r_tmp_2017-03-12_173509_8185_95314.gri /mnt/rasterTmp/r_tmp_2017-03-12_173520_8185_91028.grd /mnt/rasterTmp/r_tmp_2017-03-12_173520_8185_91028.gri /mnt/rasterTmp/r_tmp_2017-03-12_173533_8185_35815.grd /mnt/rasterTmp/r_tmp_2017-03-12_173533_8185_35815.gri /mnt/rasterTmp/r_tmp_2017-03-12_173546_8185_47273.grd /mnt/rasterTmp/r_tmp_2017-03-12_173546_8185_47273.gri /mnt/rasterTmp/r_tmp_2017-03-12_173558_8185_54284.grd /mnt/rasterTmp/r_tmp_2017-03-12_173558_8185_54284.gri /mnt/rasterTmp/r_tmp_2017-03-12_173611_8185_41753.grd /mnt/rasterTmp/r_tmp_2017-03-12_173611_8185_41753.gri /mnt/rasterTmp/r_tmp_2017-03-12_173623_8185_53398.grd /mnt/rasterTmp/r_tmp_2017-03-12_173623_8185_53398.gri /mnt/rasterTmp/r_tmp_2017-03-12_173635_8185_38806.grd /mnt/rasterTmp/r_tmp_2017-03-12_173635_8185_38806.gri /mnt/rasterTmp/r_tmp_2017-03-12_173646_8185_27590.grd /mnt/rasterTmp/r_tmp_2017-03-12_173646_8185_27590.gri /mnt/rasterTmp/r_tmp_2017-03-12_173659_8185_52229.grd /mnt/rasterTmp/r_tmp_2017-03-12_173659_8185_52229.gri /mnt/rasterTmp/r_tmp_2017-03-12_173711_8185_48516.grd /mnt/rasterTmp/r_tmp_2017-03-12_173711_8185_48516.gri /mnt/rasterTmp/r_tmp_2017-03-12_173724_8185_34944.grd /mnt/rasterTmp/r_tmp_2017-03-12_173724_8185_34944.gri /mnt/rasterTmp/r_tmp_2017-03-12_173735_8185_41939.grd /mnt/rasterTmp/r_tmp_2017-03-12_173735_8185_41939.gri /mnt/rasterTmp/r_tmp_2017-03-12_173747_8185_42077.grd /mnt/rasterTmp/r_tmp_2017-03-12_173747_8185_42077.gri /mnt/rasterTmp/r_tmp_2017-03-12_173800_8185_08726.grd /mnt/rasterTmp/r_tmp_2017-03-12_173800_8185_08726.gri /mnt/rasterTmp/r_tmp_2017-03-12_173811_8185_36670.grd /mnt/rasterTmp/r_tmp_2017-03-12_173811_8185_36670.gri /mnt/rasterTmp/r_tmp_2017-03-12_173823_8185_42472.grd /mnt/rasterTmp/r_tmp_2017-03-12_173823_8185_42472.gri /mnt/rasterTmp/r_tmp_2017-03-12_173836_8185_02070.grd /mnt/rasterTmp/r_tmp_2017-03-12_173836_8185_02070.gri /mnt/rasterTmp/r_tmp_2017-03-12_173846_8185_15104.grd /mnt/rasterTmp/r_tmp_2017-03-12_173846_8185_15104.gri /mnt/rasterTmp/r_tmp_2017-03-12_173857_8185_58217.grd /mnt/rasterTmp/r_tmp_2017-03-12_173857_8185_58217.gri /mnt/rasterTmp/r_tmp_2017-03-12_173908_8185_47006.grd /mnt/rasterTmp/r_tmp_2017-03-12_173908_8185_47006.gri /mnt/rasterTmp/r_tmp_2017-03-12_173918_8185_17495.grd /mnt/rasterTmp/r_tmp_2017-03-12_173918_8185_17495.gri /mnt/rasterTmp/r_tmp_2017-03-12_173929_8185_49098.grd /mnt/rasterTmp/r_tmp_2017-03-12_173929_8185_49098.gri /mnt/rasterTmp/r_tmp_2017-03-12_173942_8185_99995.grd /mnt/rasterTmp/r_tmp_2017-03-12_173942_8185_99995.gri /mnt/rasterTmp/r_tmp_2017-03-12_173953_8185_92234.grd /mnt/rasterTmp/r_tmp_2017-03-12_173953_8185_92234.gri /mnt/rasterTmp/r_tmp_2017-03-12_174007_8185_53579.grd /mnt/rasterTmp/r_tmp_2017-03-12_174007_8185_53579.gri /mnt/rasterTmp/r_tmp_2017-03-12_174020_8185_67984.grd /mnt/rasterTmp/r_tmp_2017-03-12_174020_8185_67984.gri /mnt/rasterTmp/r_tmp_2017-03-12_174034_8185_25234.grd /mnt/rasterTmp/r_tmp_2017-03-12_174034_8185_25234.gri /mnt/rasterTmp/r_tmp_2017-03-12_174046_8185_14351.grd /mnt/rasterTmp/r_tmp_2017-03-12_174046_8185_14351.gri /mnt/rasterTmp/r_tmp_2017-03-12_174101_8185_17478.grd /mnt/rasterTmp/r_tmp_2017-03-12_174101_8185_17478.gri /mnt/rasterTmp/r_tmp_2017-03-12_174111_8185_62968.grd /mnt/rasterTmp/r_tmp_2017-03-12_174111_8185_62968.gri /mnt/rasterTmp/r_tmp_2017-03-12_174125_8185_51301.grd /mnt/rasterTmp/r_tmp_2017-03-12_174125_8185_51301.gri /mnt/rasterTmp/r_tmp_2017-03-12_174136_8185_81867.grd /mnt/rasterTmp/r_tmp_2017-03-12_174136_8185_81867.gri /mnt/rasterTmp/r_tmp_2017-03-12_174146_8185_35634.grd /mnt/rasterTmp/r_tmp_2017-03-12_174146_8185_35634.gri /mnt/rasterTmp/r_tmp_2017-03-12_174159_8185_77958.grd /mnt/rasterTmp/r_tmp_2017-03-12_174159_8185_77958.gri /mnt/rasterTmp/r_tmp_2017-03-12_174209_8185_04056.grd /mnt/rasterTmp/r_tmp_2017-03-12_174209_8185_04056.gri /mnt/rasterTmp/r_tmp_2017-03-12_174219_8185_43278.grd /mnt/rasterTmp/r_tmp_2017-03-12_174219_8185_43278.gri /mnt/rasterTmp/r_tmp_2017-03-12_174232_8185_34531.grd /mnt/rasterTmp/r_tmp_2017-03-12_174232_8185_34531.gri /mnt/rasterTmp/r_tmp_2017-03-12_174246_8185_26175.grd /mnt/rasterTmp/r_tmp_2017-03-12_174246_8185_26175.gri /mnt/rasterTmp/r_tmp_2017-03-12_174259_8185_10915.grd /mnt/rasterTmp/r_tmp_2017-03-12_174259_8185_10915.gri /mnt/rasterTmp/r_tmp_2017-03-12_174314_8185_39503.grd /mnt/rasterTmp/r_tmp_2017-03-12_174314_8185_39503.gri /mnt/rasterTmp/r_tmp_2017-03-12_174327_8185_26060.grd /mnt/rasterTmp/r_tmp_2017-03-12_174327_8185_26060.gri /mnt/rasterTmp/r_tmp_2017-03-12_174339_8185_26382.grd /mnt/rasterTmp/r_tmp_2017-03-12_174339_8185_26382.gri /mnt/rasterTmp/r_tmp_2017-03-12_174353_8185_03461.grd /mnt/rasterTmp/r_tmp_2017-03-12_174353_8185_03461.gri /mnt/rasterTmp/r_tmp_2017-03-12_174408_8185_17823.grd /mnt/rasterTmp/r_tmp_2017-03-12_174408_8185_17823.gri /mnt/rasterTmp/r_tmp_2017-03-12_174431_8185_11351.grd /mnt/rasterTmp/r_tmp_2017-03-12_174431_8185_11351.gri /mnt/rasterTmp/r_tmp_2017-03-12_174441_8185_96604.grd /mnt/rasterTmp/r_tmp_2017-03-12_174441_8185_96604.gri /mnt/rasterTmp/r_tmp_2017-03-12_180522_8185_25394.grd /mnt/rasterTmp/r_tmp_2017-03-12_180522_8185_25394.gri /mnt/rasterTmp/r_tmp_2017-03-12_180542_8185_32816.grd /mnt/rasterTmp/r_tmp_2017-03-12_180542_8185_32816.gri /mnt/rasterTmp/r_tmp_2017-03-12_180603_8185_43211.grd /mnt/rasterTmp/r_tmp_2017-03-12_180603_8185_43211.gri /mnt/rasterTmp/r_tmp_2017-03-12_180620_8185_66758.grd /mnt/rasterTmp/r_tmp_2017-03-12_180620_8185_66758.gri /mnt/rasterTmp/r_tmp_2017-03-12_180633_8185_73493.grd /mnt/rasterTmp/r_tmp_2017-03-12_180633_8185_73493.gri /mnt/rasterTmp/r_tmp_2017-03-12_180644_8185_66655.grd /mnt/rasterTmp/r_tmp_2017-03-12_180644_8185_66655.gri /mnt/rasterTmp/r_tmp_2017-03-12_180652_8185_18740.grd /mnt/rasterTmp/r_tmp_2017-03-12_180652_8185_18740.gri /mnt/rasterTmp/r_tmp_2017-03-12_180704_8185_01307.grd /mnt/rasterTmp/r_tmp_2017-03-12_180704_8185_01307.gri /mnt/rasterTmp/r_tmp_2017-03-12_180713_8185_72561.grd /mnt/rasterTmp/r_tmp_2017-03-12_180713_8185_72561.gri /mnt/rasterTmp/r_tmp_2017-03-12_180723_8185_04763.grd /mnt/rasterTmp/r_tmp_2017-03-12_180723_8185_04763.gri /mnt/rasterTmp/r_tmp_2017-03-12_180732_8185_07106.grd /mnt/rasterTmp/r_tmp_2017-03-12_180732_8185_07106.gri /mnt/rasterTmp/r_tmp_2017-03-12_180745_8185_29404.grd /mnt/rasterTmp/r_tmp_2017-03-12_180745_8185_29404.gri /mnt/rasterTmp/r_tmp_2017-03-12_180753_8185_39053.grd /mnt/rasterTmp/r_tmp_2017-03-12_180753_8185_39053.gri /mnt/rasterTmp/r_tmp_2017-03-12_180802_8185_44985.grd /mnt/rasterTmp/r_tmp_2017-03-12_180802_8185_44985.gri /mnt/rasterTmp/r_tmp_2017-03-12_180811_8185_46004.grd /mnt/rasterTmp/r_tmp_2017-03-12_180811_8185_46004.gri /mnt/rasterTmp/r_tmp_2017-03-12_180827_8185_16578.grd /mnt/rasterTmp/r_tmp_2017-03-12_180827_8185_16578.gri /mnt/rasterTmp/r_tmp_2017-03-12_180840_8185_09713.grd /mnt/rasterTmp/r_tmp_2017-03-12_180840_8185_09713.gri /mnt/rasterTmp/r_tmp_2017-03-12_180902_8185_50856.grd /mnt/rasterTmp/r_tmp_2017-03-12_180902_8185_50856.gri /mnt/rasterTmp/r_tmp_2017-03-12_180910_8185_95479.grd /mnt/rasterTmp/r_tmp_2017-03-12_180910_8185_95479.gri /mnt/rasterTmp/r_tmp_2017-03-12_180919_8185_73693.grd /mnt/rasterTmp/r_tmp_2017-03-12_180919_8185_73693.gri /mnt/rasterTmp/r_tmp_2017-03-12_180928_8185_02679.grd /mnt/rasterTmp/r_tmp_2017-03-12_180928_8185_02679.gri /mnt/rasterTmp/r_tmp_2017-03-12_180941_8185_22395.grd /mnt/rasterTmp/r_tmp_2017-03-12_180941_8185_22395.gri /mnt/rasterTmp/r_tmp_2017-03-12_180954_8185_85076.grd /mnt/rasterTmp/r_tmp_2017-03-12_180954_8185_85076.gri /mnt/rasterTmp/r_tmp_2017-03-12_181017_8185_69780.grd /mnt/rasterTmp/r_tmp_2017-03-12_181017_8185_69780.gri /mnt/rasterTmp/r_tmp_2017-03-12_181024_8185_89764.grd /mnt/rasterTmp/r_tmp_2017-03-12_181024_8185_89764.gri /mnt/rasterTmp/r_tmp_2017-03-12_181033_8185_85754.grd /mnt/rasterTmp/r_tmp_2017-03-12_181033_8185_85754.gri /mnt/rasterTmp/r_tmp_2017-03-12_181044_8185_88262.grd /mnt/rasterTmp/r_tmp_2017-03-12_181044_8185_88262.gri /mnt/rasterTmp/r_tmp_2017-03-12_181052_8185_95430.grd /mnt/rasterTmp/r_tmp_2017-03-12_181052_8185_95430.gri /mnt/rasterTmp/r_tmp_2017-03-12_181104_8185_83915.grd /mnt/rasterTmp/r_tmp_2017-03-12_181104_8185_83915.gri /mnt/rasterTmp/r_tmp_2017-03-12_181113_8185_14355.grd /mnt/rasterTmp/r_tmp_2017-03-12_181113_8185_14355.gri /mnt/rasterTmp/r_tmp_2017-03-12_181121_8185_52141.grd /mnt/rasterTmp/r_tmp_2017-03-12_181121_8185_52141.gri /mnt/rasterTmp/r_tmp_2017-03-12_181130_8185_58274.grd /mnt/rasterTmp/r_tmp_2017-03-12_181130_8185_58274.gri /mnt/rasterTmp/r_tmp_2017-03-12_181142_8185_79435.grd /mnt/rasterTmp/r_tmp_2017-03-12_181142_8185_79435.gri /mnt/rasterTmp/r_tmp_2017-03-12_181152_8185_98808.grd /mnt/rasterTmp/r_tmp_2017-03-12_181152_8185_98808.gri /mnt/rasterTmp/r_tmp_2017-03-12_181203_8185_73391.grd /mnt/rasterTmp/r_tmp_2017-03-12_181203_8185_73391.gri /mnt/rasterTmp/r_tmp_2017-03-12_181211_8185_86017.grd /mnt/rasterTmp/r_tmp_2017-03-12_181211_8185_86017.gri /mnt/rasterTmp/r_tmp_2017-03-12_181222_8185_59527.grd /mnt/rasterTmp/r_tmp_2017-03-12_181222_8185_59527.gri /mnt/rasterTmp/r_tmp_2017-03-12_181230_8185_80452.grd /mnt/rasterTmp/r_tmp_2017-03-12_181230_8185_80452.gri /mnt/rasterTmp/r_tmp_2017-03-12_181237_8185_04518.grd /mnt/rasterTmp/r_tmp_2017-03-12_181237_8185_04518.gri /mnt/rasterTmp/r_tmp_2017-03-12_181245_8185_43107.grd /mnt/rasterTmp/r_tmp_2017-03-12_181245_8185_43107.gri /mnt/rasterTmp/r_tmp_2017-03-12_181251_8185_75766.grd /mnt/rasterTmp/r_tmp_2017-03-12_181251_8185_75766.gri /mnt/rasterTmp/r_tmp_2017-03-12_181304_8185_26048.grd /mnt/rasterTmp/r_tmp_2017-03-12_181304_8185_26048.gri /mnt/rasterTmp/r_tmp_2017-03-12_181316_8185_42206.grd /mnt/rasterTmp/r_tmp_2017-03-12_181316_8185_42206.gri /mnt/rasterTmp/r_tmp_2017-03-12_181327_8185_93770.grd /mnt/rasterTmp/r_tmp_2017-03-12_181327_8185_93770.gri /mnt/rasterTmp/r_tmp_2017-03-12_181337_8185_80837.grd /mnt/rasterTmp/r_tmp_2017-03-12_181337_8185_80837.gri /mnt/rasterTmp/r_tmp_2017-03-12_181347_8185_67554.grd /mnt/rasterTmp/r_tmp_2017-03-12_181347_8185_67554.gri /mnt/rasterTmp/r_tmp_2017-03-12_181358_8185_37035.grd /mnt/rasterTmp/r_tmp_2017-03-12_181358_8185_37035.gri /mnt/rasterTmp/r_tmp_2017-03-12_181409_8185_92408.grd /mnt/rasterTmp/r_tmp_2017-03-12_181409_8185_92408.gri /mnt/rasterTmp/r_tmp_2017-03-12_181426_8185_67921.grd /mnt/rasterTmp/r_tmp_2017-03-12_181426_8185_67921.gri /mnt/rasterTmp/r_tmp_2017-03-12_181434_8185_54743.grd /mnt/rasterTmp/r_tmp_2017-03-12_181434_8185_54743.gri /mnt/rasterTmp/r_tmp_2017-03-12_181443_8185_85192.grd /mnt/rasterTmp/r_tmp_2017-03-12_181443_8185_85192.gri /mnt/rasterTmp/r_tmp_2017-03-12_181452_8185_33758.grd /mnt/rasterTmp/r_tmp_2017-03-12_181452_8185_33758.gri /mnt/rasterTmp/r_tmp_2017-03-12_181501_8185_06394.grd /mnt/rasterTmp/r_tmp_2017-03-12_181501_8185_06394.gri /mnt/rasterTmp/r_tmp_2017-03-12_181513_8185_01771.grd /mnt/rasterTmp/r_tmp_2017-03-12_181513_8185_01771.gri /mnt/rasterTmp/r_tmp_2017-03-12_181525_8185_19831.grd /mnt/rasterTmp/r_tmp_2017-03-12_181525_8185_19831.gri /mnt/rasterTmp/r_tmp_2017-03-12_181533_8185_04997.grd /mnt/rasterTmp/r_tmp_2017-03-12_181533_8185_04997.gri /mnt/rasterTmp/r_tmp_2017-03-12_181542_8185_96835.grd /mnt/rasterTmp/r_tmp_2017-03-12_181542_8185_96835.gri /mnt/rasterTmp/r_tmp_2017-03-12_181553_8185_93800.grd /mnt/rasterTmp/r_tmp_2017-03-12_181553_8185_93800.gri /mnt/rasterTmp/r_tmp_2017-03-12_181604_8185_24997.grd /mnt/rasterTmp/r_tmp_2017-03-12_181604_8185_24997.gri /mnt/rasterTmp/r_tmp_2017-03-12_181627_8185_17688.grd /mnt/rasterTmp/r_tmp_2017-03-12_181627_8185_17688.gri /mnt/rasterTmp/r_tmp_2017-03-12_181644_8185_98202.grd /mnt/rasterTmp/r_tmp_2017-03-12_181644_8185_98202.gri /mnt/rasterTmp/r_tmp_2017-03-12_181651_8185_86250.grd /mnt/rasterTmp/r_tmp_2017-03-12_181651_8185_86250.gri /mnt/rasterTmp/r_tmp_2017-03-12_181708_8185_27885.grd /mnt/rasterTmp/r_tmp_2017-03-12_181708_8185_27885.gri /mnt/rasterTmp/r_tmp_2017-03-12_181725_8185_43330.grd /mnt/rasterTmp/r_tmp_2017-03-12_181725_8185_43330.gri /mnt/rasterTmp/r_tmp_2017-03-12_193144_8185_51947.grd /mnt/rasterTmp/r_tmp_2017-03-12_193144_8185_51947.gri /mnt/rasterTmp/r_tmp_2017-03-12_193352_8185_67954.grd /mnt/rasterTmp/r_tmp_2017-03-12_193352_8185_67954.gri /mnt/rasterTmp/r_tmp_2017-03-12_193434_8185_78872.grd /mnt/rasterTmp/r_tmp_2017-03-12_193434_8185_78872.gri
+ count=300
+ '[' 300 '!=' 0 ']'
+ sudo rm -r /mnt/rasterTmp/r_tmp_2017-03-12_170113_8185_73470.grd /mnt/rasterTmp/r_tmp_2017-03-12_170113_8185_73470.gri /mnt/rasterTmp/r_tmp_2017-03-12_170408_8185_98015.grd /mnt/rasterTmp/r_tmp_2017-03-12_170408_8185_98015.gri /mnt/rasterTmp/r_tmp_2017-03-12_170502_8185_58414.grd /mnt/rasterTmp/r_tmp_2017-03-12_170502_8185_58414.gri /mnt/rasterTmp/r_tmp_2017-03-12_170532_8185_18414.grd /mnt/rasterTmp/r_tmp_2017-03-12_170532_8185_18414.gri /mnt/rasterTmp/r_tmp_2017-03-12_172502_8185_18133.grd /mnt/rasterTmp/r_tmp_2017-03-12_172502_8185_18133.gri /mnt/rasterTmp/r_tmp_2017-03-12_172800_8185_30148.grd /mnt/rasterTmp/r_tmp_2017-03-12_172800_8185_30148.gri /mnt/rasterTmp/r_tmp_2017-03-12_172814_8185_68362.grd /mnt/rasterTmp/r_tmp_2017-03-12_172814_8185_68362.gri /mnt/rasterTmp/r_tmp_2017-03-12_172823_8185_81102.grd /mnt/rasterTmp/r_tmp_2017-03-12_172823_8185_81102.gri /mnt/rasterTmp/r_tmp_2017-03-12_172837_8185_79706.grd /mnt/rasterTmp/r_tmp_2017-03-12_172837_8185_79706.gri /mnt/rasterTmp/r_tmp_2017-03-12_172848_8185_35468.grd /mnt/rasterTmp/r_tmp_2017-03-12_172848_8185_35468.gri /mnt/rasterTmp/r_tmp_2017-03-12_172908_8185_22959.grd /mnt/rasterTmp/r_tmp_2017-03-12_172908_8185_22959.gri /mnt/rasterTmp/r_tmp_2017-03-12_172919_8185_03911.grd /mnt/rasterTmp/r_tmp_2017-03-12_172919_8185_03911.gri /mnt/rasterTmp/r_tmp_2017-03-12_172932_8185_59660.grd /mnt/rasterTmp/r_tmp_2017-03-12_172932_8185_59660.gri /mnt/rasterTmp/r_tmp_2017-03-12_172943_8185_96063.grd /mnt/rasterTmp/r_tmp_2017-03-12_172943_8185_96063.gri /mnt/rasterTmp/r_tmp_2017-03-12_173003_8185_03679.grd /mnt/rasterTmp/r_tmp_2017-03-12_173003_8185_03679.gri /mnt/rasterTmp/r_tmp_2017-03-12_173015_8185_21266.grd /mnt/rasterTmp/r_tmp_2017-03-12_173015_8185_21266.gri /mnt/rasterTmp/r_tmp_2017-03-12_173028_8185_94910.grd /mnt/rasterTmp/r_tmp_2017-03-12_173028_8185_94910.gri /mnt/rasterTmp/r_tmp_2017-03-12_173038_8185_33279.grd /mnt/rasterTmp/r_tmp_2017-03-12_173038_8185_33279.gri /mnt/rasterTmp/r_tmp_2017-03-12_173101_8185_31262.grd /mnt/rasterTmp/r_tmp_2017-03-12_173101_8185_31262.gri /mnt/rasterTmp/r_tmp_2017-03-12_173112_8185_71453.grd /mnt/rasterTmp/r_tmp_2017-03-12_173112_8185_71453.gri /mnt/rasterTmp/r_tmp_2017-03-12_173125_8185_68811.grd /mnt/rasterTmp/r_tmp_2017-03-12_173125_8185_68811.gri /mnt/rasterTmp/r_tmp_2017-03-12_173136_8185_10894.grd /mnt/rasterTmp/r_tmp_2017-03-12_173136_8185_10894.gri /mnt/rasterTmp/r_tmp_2017-03-12_173157_8185_78922.grd /mnt/rasterTmp/r_tmp_2017-03-12_173157_8185_78922.gri /mnt/rasterTmp/r_tmp_2017-03-12_173208_8185_28249.grd /mnt/rasterTmp/r_tmp_2017-03-12_173208_8185_28249.gri /mnt/rasterTmp/r_tmp_2017-03-12_173222_8185_33483.grd /mnt/rasterTmp/r_tmp_2017-03-12_173222_8185_33483.gri /mnt/rasterTmp/r_tmp_2017-03-12_173234_8185_19785.grd /mnt/rasterTmp/r_tmp_2017-03-12_173234_8185_19785.gri /mnt/rasterTmp/r_tmp_2017-03-12_173254_8185_12408.grd /mnt/rasterTmp/r_tmp_2017-03-12_173254_8185_12408.gri /mnt/rasterTmp/r_tmp_2017-03-12_173305_8185_85154.grd /mnt/rasterTmp/r_tmp_2017-03-12_173305_8185_85154.gri /mnt/rasterTmp/r_tmp_2017-03-12_173319_8185_58686.grd /mnt/rasterTmp/r_tmp_2017-03-12_173319_8185_58686.gri /mnt/rasterTmp/r_tmp_2017-03-12_173330_8185_33866.grd /mnt/rasterTmp/r_tmp_2017-03-12_173330_8185_33866.gri /mnt/rasterTmp/r_tmp_2017-03-12_173351_8185_38594.grd /mnt/rasterTmp/r_tmp_2017-03-12_173351_8185_38594.gri /mnt/rasterTmp/r_tmp_2017-03-12_173401_8185_94654.grd /mnt/rasterTmp/r_tmp_2017-03-12_173401_8185_94654.gri /mnt/rasterTmp/r_tmp_2017-03-12_173414_8185_95779.grd /mnt/rasterTmp/r_tmp_2017-03-12_173414_8185_95779.gri /mnt/rasterTmp/r_tmp_2017-03-12_173425_8185_11308.grd /mnt/rasterTmp/r_tmp_2017-03-12_173425_8185_11308.gri /mnt/rasterTmp/r_tmp_2017-03-12_173446_8185_60808.grd /mnt/rasterTmp/r_tmp_2017-03-12_173446_8185_60808.gri /mnt/rasterTmp/r_tmp_2017-03-12_173459_8185_77204.grd /mnt/rasterTmp/r_tmp_2017-03-12_173459_8185_77204.gri /mnt/rasterTmp/r_tmp_2017-03-12_173509_8185_95314.grd /mnt/rasterTmp/r_tmp_2017-03-12_173509_8185_95314.gri /mnt/rasterTmp/r_tmp_2017-03-12_173520_8185_91028.grd /mnt/rasterTmp/r_tmp_2017-03-12_173520_8185_91028.gri /mnt/rasterTmp/r_tmp_2017-03-12_173533_8185_35815.grd /mnt/rasterTmp/r_tmp_2017-03-12_173533_8185_35815.gri /mnt/rasterTmp/r_tmp_2017-03-12_173546_8185_47273.grd /mnt/rasterTmp/r_tmp_2017-03-12_173546_8185_47273.gri /mnt/rasterTmp/r_tmp_2017-03-12_173558_8185_54284.grd /mnt/rasterTmp/r_tmp_2017-03-12_173558_8185_54284.gri /mnt/rasterTmp/r_tmp_2017-03-12_173611_8185_41753.grd /mnt/rasterTmp/r_tmp_2017-03-12_173611_8185_41753.gri /mnt/rasterTmp/r_tmp_2017-03-12_173623_8185_53398.grd /mnt/rasterTmp/r_tmp_2017-03-12_173623_8185_53398.gri /mnt/rasterTmp/r_tmp_2017-03-12_173635_8185_38806.grd /mnt/rasterTmp/r_tmp_2017-03-12_173635_8185_38806.gri /mnt/rasterTmp/r_tmp_2017-03-12_173646_8185_27590.grd /mnt/rasterTmp/r_tmp_2017-03-12_173646_8185_27590.gri /mnt/rasterTmp/r_tmp_2017-03-12_173659_8185_52229.grd /mnt/rasterTmp/r_tmp_2017-03-12_173659_8185_52229.gri /mnt/rasterTmp/r_tmp_2017-03-12_173711_8185_48516.grd /mnt/rasterTmp/r_tmp_2017-03-12_173711_8185_48516.gri /mnt/rasterTmp/r_tmp_2017-03-12_173724_8185_34944.grd /mnt/rasterTmp/r_tmp_2017-03-12_173724_8185_34944.gri /mnt/rasterTmp/r_tmp_2017-03-12_173735_8185_41939.grd /mnt/rasterTmp/r_tmp_2017-03-12_173735_8185_41939.gri /mnt/rasterTmp/r_tmp_2017-03-12_173747_8185_42077.grd /mnt/rasterTmp/r_tmp_2017-03-12_173747_8185_42077.gri /mnt/rasterTmp/r_tmp_2017-03-12_173800_8185_08726.grd /mnt/rasterTmp/r_tmp_2017-03-12_173800_8185_08726.gri /mnt/rasterTmp/r_tmp_2017-03-12_173811_8185_36670.grd /mnt/rasterTmp/r_tmp_2017-03-12_173811_8185_36670.gri /mnt/rasterTmp/r_tmp_2017-03-12_173823_8185_42472.grd /mnt/rasterTmp/r_tmp_2017-03-12_173823_8185_42472.gri /mnt/rasterTmp/r_tmp_2017-03-12_173836_8185_02070.grd /mnt/rasterTmp/r_tmp_2017-03-12_173836_8185_02070.gri /mnt/rasterTmp/r_tmp_2017-03-12_173846_8185_15104.grd /mnt/rasterTmp/r_tmp_2017-03-12_173846_8185_15104.gri /mnt/rasterTmp/r_tmp_2017-03-12_173857_8185_58217.grd /mnt/rasterTmp/r_tmp_2017-03-12_173857_8185_58217.gri /mnt/rasterTmp/r_tmp_2017-03-12_173908_8185_47006.grd /mnt/rasterTmp/r_tmp_2017-03-12_173908_8185_47006.gri /mnt/rasterTmp/r_tmp_2017-03-12_173918_8185_17495.grd /mnt/rasterTmp/r_tmp_2017-03-12_173918_8185_17495.gri /mnt/rasterTmp/r_tmp_2017-03-12_173929_8185_49098.grd /mnt/rasterTmp/r_tmp_2017-03-12_173929_8185_49098.gri /mnt/rasterTmp/r_tmp_2017-03-12_173942_8185_99995.grd /mnt/rasterTmp/r_tmp_2017-03-12_173942_8185_99995.gri /mnt/rasterTmp/r_tmp_2017-03-12_173953_8185_92234.grd /mnt/rasterTmp/r_tmp_2017-03-12_173953_8185_92234.gri /mnt/rasterTmp/r_tmp_2017-03-12_174007_8185_53579.grd /mnt/rasterTmp/r_tmp_2017-03-12_174007_8185_53579.gri /mnt/rasterTmp/r_tmp_2017-03-12_174020_8185_67984.grd /mnt/rasterTmp/r_tmp_2017-03-12_174020_8185_67984.gri /mnt/rasterTmp/r_tmp_2017-03-12_174034_8185_25234.grd /mnt/rasterTmp/r_tmp_2017-03-12_174034_8185_25234.gri /mnt/rasterTmp/r_tmp_2017-03-12_174046_8185_14351.grd /mnt/rasterTmp/r_tmp_2017-03-12_174046_8185_14351.gri /mnt/rasterTmp/r_tmp_2017-03-12_174101_8185_17478.grd /mnt/rasterTmp/r_tmp_2017-03-12_174101_8185_17478.gri /mnt/rasterTmp/r_tmp_2017-03-12_174111_8185_62968.grd /mnt/rasterTmp/r_tmp_2017-03-12_174111_8185_62968.gri /mnt/rasterTmp/r_tmp_2017-03-12_174125_8185_51301.grd /mnt/rasterTmp/r_tmp_2017-03-12_174125_8185_51301.gri /mnt/rasterTmp/r_tmp_2017-03-12_174136_8185_81867.grd /mnt/rasterTmp/r_tmp_2017-03-12_174136_8185_81867.gri /mnt/rasterTmp/r_tmp_2017-03-12_174146_8185_35634.grd /mnt/rasterTmp/r_tmp_2017-03-12_174146_8185_35634.gri /mnt/rasterTmp/r_tmp_2017-03-12_174159_8185_77958.grd /mnt/rasterTmp/r_tmp_2017-03-12_174159_8185_77958.gri /mnt/rasterTmp/r_tmp_2017-03-12_174209_8185_04056.grd /mnt/rasterTmp/r_tmp_2017-03-12_174209_8185_04056.gri /mnt/rasterTmp/r_tmp_2017-03-12_174219_8185_43278.grd /mnt/rasterTmp/r_tmp_2017-03-12_174219_8185_43278.gri /mnt/rasterTmp/r_tmp_2017-03-12_174232_8185_34531.grd /mnt/rasterTmp/r_tmp_2017-03-12_174232_8185_34531.gri /mnt/rasterTmp/r_tmp_2017-03-12_174246_8185_26175.grd /mnt/rasterTmp/r_tmp_2017-03-12_174246_8185_26175.gri /mnt/rasterTmp/r_tmp_2017-03-12_174259_8185_10915.grd /mnt/rasterTmp/r_tmp_2017-03-12_174259_8185_10915.gri /mnt/rasterTmp/r_tmp_2017-03-12_174314_8185_39503.grd /mnt/rasterTmp/r_tmp_2017-03-12_174314_8185_39503.gri /mnt/rasterTmp/r_tmp_2017-03-12_174327_8185_26060.grd /mnt/rasterTmp/r_tmp_2017-03-12_174327_8185_26060.gri /mnt/rasterTmp/r_tmp_2017-03-12_174339_8185_26382.grd /mnt/rasterTmp/r_tmp_2017-03-12_174339_8185_26382.gri /mnt/rasterTmp/r_tmp_2017-03-12_174353_8185_03461.grd /mnt/rasterTmp/r_tmp_2017-03-12_174353_8185_03461.gri /mnt/rasterTmp/r_tmp_2017-03-12_174408_8185_17823.grd /mnt/rasterTmp/r_tmp_2017-03-12_174408_8185_17823.gri /mnt/rasterTmp/r_tmp_2017-03-12_174431_8185_11351.grd /mnt/rasterTmp/r_tmp_2017-03-12_174431_8185_11351.gri /mnt/rasterTmp/r_tmp_2017-03-12_174441_8185_96604.grd /mnt/rasterTmp/r_tmp_2017-03-12_174441_8185_96604.gri /mnt/rasterTmp/r_tmp_2017-03-12_180522_8185_25394.grd /mnt/rasterTmp/r_tmp_2017-03-12_180522_8185_25394.gri /mnt/rasterTmp/r_tmp_2017-03-12_180542_8185_32816.grd /mnt/rasterTmp/r_tmp_2017-03-12_180542_8185_32816.gri /mnt/rasterTmp/r_tmp_2017-03-12_180603_8185_43211.grd /mnt/rasterTmp/r_tmp_2017-03-12_180603_8185_43211.gri /mnt/rasterTmp/r_tmp_2017-03-12_180620_8185_66758.grd /mnt/rasterTmp/r_tmp_2017-03-12_180620_8185_66758.gri /mnt/rasterTmp/r_tmp_2017-03-12_180633_8185_73493.grd /mnt/rasterTmp/r_tmp_2017-03-12_180633_8185_73493.gri /mnt/rasterTmp/r_tmp_2017-03-12_180644_8185_66655.grd /mnt/rasterTmp/r_tmp_2017-03-12_180644_8185_66655.gri /mnt/rasterTmp/r_tmp_2017-03-12_180652_8185_18740.grd /mnt/rasterTmp/r_tmp_2017-03-12_180652_8185_18740.gri /mnt/rasterTmp/r_tmp_2017-03-12_180704_8185_01307.grd /mnt/rasterTmp/r_tmp_2017-03-12_180704_8185_01307.gri /mnt/rasterTmp/r_tmp_2017-03-12_180713_8185_72561.grd /mnt/rasterTmp/r_tmp_2017-03-12_180713_8185_72561.gri /mnt/rasterTmp/r_tmp_2017-03-12_180723_8185_04763.grd /mnt/rasterTmp/r_tmp_2017-03-12_180723_8185_04763.gri /mnt/rasterTmp/r_tmp_2017-03-12_180732_8185_07106.grd /mnt/rasterTmp/r_tmp_2017-03-12_180732_8185_07106.gri /mnt/rasterTmp/r_tmp_2017-03-12_180745_8185_29404.grd /mnt/rasterTmp/r_tmp_2017-03-12_180745_8185_29404.gri /mnt/rasterTmp/r_tmp_2017-03-12_180753_8185_39053.grd /mnt/rasterTmp/r_tmp_2017-03-12_180753_8185_39053.gri /mnt/rasterTmp/r_tmp_2017-03-12_180802_8185_44985.grd /mnt/rasterTmp/r_tmp_2017-03-12_180802_8185_44985.gri /mnt/rasterTmp/r_tmp_2017-03-12_180811_8185_46004.grd /mnt/rasterTmp/r_tmp_2017-03-12_180811_8185_46004.gri /mnt/rasterTmp/r_tmp_2017-03-12_180827_8185_16578.grd /mnt/rasterTmp/r_tmp_2017-03-12_180827_8185_16578.gri /mnt/rasterTmp/r_tmp_2017-03-12_180840_8185_09713.grd /mnt/rasterTmp/r_tmp_2017-03-12_180840_8185_09713.gri /mnt/rasterTmp/r_tmp_2017-03-12_180902_8185_50856.grd /mnt/rasterTmp/r_tmp_2017-03-12_180902_8185_50856.gri /mnt/rasterTmp/r_tmp_2017-03-12_180910_8185_95479.grd /mnt/rasterTmp/r_tmp_2017-03-12_180910_8185_95479.gri /mnt/rasterTmp/r_tmp_2017-03-12_180919_8185_73693.grd /mnt/rasterTmp/r_tmp_2017-03-12_180919_8185_73693.gri /mnt/rasterTmp/r_tmp_2017-03-12_180928_8185_02679.grd /mnt/rasterTmp/r_tmp_2017-03-12_180928_8185_02679.gri /mnt/rasterTmp/r_tmp_2017-03-12_180941_8185_22395.grd /mnt/rasterTmp/r_tmp_2017-03-12_180941_8185_22395.gri /mnt/rasterTmp/r_tmp_2017-03-12_180954_8185_85076.grd /mnt/rasterTmp/r_tmp_2017-03-12_180954_8185_85076.gri /mnt/rasterTmp/r_tmp_2017-03-12_181017_8185_69780.grd /mnt/rasterTmp/r_tmp_2017-03-12_181017_8185_69780.gri /mnt/rasterTmp/r_tmp_2017-03-12_181024_8185_89764.grd /mnt/rasterTmp/r_tmp_2017-03-12_181024_8185_89764.gri /mnt/rasterTmp/r_tmp_2017-03-12_181033_8185_85754.grd /mnt/rasterTmp/r_tmp_2017-03-12_181033_8185_85754.gri /mnt/rasterTmp/r_tmp_2017-03-12_181044_8185_88262.grd /mnt/rasterTmp/r_tmp_2017-03-12_181044_8185_88262.gri /mnt/rasterTmp/r_tmp_2017-03-12_181052_8185_95430.grd /mnt/rasterTmp/r_tmp_2017-03-12_181052_8185_95430.gri /mnt/rasterTmp/r_tmp_2017-03-12_181104_8185_83915.grd /mnt/rasterTmp/r_tmp_2017-03-12_181104_8185_83915.gri /mnt/rasterTmp/r_tmp_2017-03-12_181113_8185_14355.grd /mnt/rasterTmp/r_tmp_2017-03-12_181113_8185_14355.gri /mnt/rasterTmp/r_tmp_2017-03-12_181121_8185_52141.grd /mnt/rasterTmp/r_tmp_2017-03-12_181121_8185_52141.gri /mnt/rasterTmp/r_tmp_2017-03-12_181130_8185_58274.grd /mnt/rasterTmp/r_tmp_2017-03-12_181130_8185_58274.gri /mnt/rasterTmp/r_tmp_2017-03-12_181142_8185_79435.grd /mnt/rasterTmp/r_tmp_2017-03-12_181142_8185_79435.gri /mnt/rasterTmp/r_tmp_2017-03-12_181152_8185_98808.grd /mnt/rasterTmp/r_tmp_2017-03-12_181152_8185_98808.gri /mnt/rasterTmp/r_tmp_2017-03-12_181203_8185_73391.grd /mnt/rasterTmp/r_tmp_2017-03-12_181203_8185_73391.gri /mnt/rasterTmp/r_tmp_2017-03-12_181211_8185_86017.grd /mnt/rasterTmp/r_tmp_2017-03-12_181211_8185_86017.gri /mnt/rasterTmp/r_tmp_2017-03-12_181222_8185_59527.grd /mnt/rasterTmp/r_tmp_2017-03-12_181222_8185_59527.gri /mnt/rasterTmp/r_tmp_2017-03-12_181230_8185_80452.grd /mnt/rasterTmp/r_tmp_2017-03-12_181230_8185_80452.gri /mnt/rasterTmp/r_tmp_2017-03-12_181237_8185_04518.grd /mnt/rasterTmp/r_tmp_2017-03-12_181237_8185_04518.gri /mnt/rasterTmp/r_tmp_2017-03-12_181245_8185_43107.grd /mnt/rasterTmp/r_tmp_2017-03-12_181245_8185_43107.gri /mnt/rasterTmp/r_tmp_2017-03-12_181251_8185_75766.grd /mnt/rasterTmp/r_tmp_2017-03-12_181251_8185_75766.gri /mnt/rasterTmp/r_tmp_2017-03-12_181304_8185_26048.grd /mnt/rasterTmp/r_tmp_2017-03-12_181304_8185_26048.gri /mnt/rasterTmp/r_tmp_2017-03-12_181316_8185_42206.grd /mnt/rasterTmp/r_tmp_2017-03-12_181316_8185_42206.gri /mnt/rasterTmp/r_tmp_2017-03-12_181327_8185_93770.grd /mnt/rasterTmp/r_tmp_2017-03-12_181327_8185_93770.gri /mnt/rasterTmp/r_tmp_2017-03-12_181337_8185_80837.grd /mnt/rasterTmp/r_tmp_2017-03-12_181337_8185_80837.gri /mnt/rasterTmp/r_tmp_2017-03-12_181347_8185_67554.grd /mnt/rasterTmp/r_tmp_2017-03-12_181347_8185_67554.gri /mnt/rasterTmp/r_tmp_2017-03-12_181358_8185_37035.grd /mnt/rasterTmp/r_tmp_2017-03-12_181358_8185_37035.gri /mnt/rasterTmp/r_tmp_2017-03-12_181409_8185_92408.grd /mnt/rasterTmp/r_tmp_2017-03-12_181409_8185_92408.gri /mnt/rasterTmp/r_tmp_2017-03-12_181426_8185_67921.grd /mnt/rasterTmp/r_tmp_2017-03-12_181426_8185_67921.gri /mnt/rasterTmp/r_tmp_2017-03-12_181434_8185_54743.grd /mnt/rasterTmp/r_tmp_2017-03-12_181434_8185_54743.gri /mnt/rasterTmp/r_tmp_2017-03-12_181443_8185_85192.grd /mnt/rasterTmp/r_tmp_2017-03-12_181443_8185_85192.gri /mnt/rasterTmp/r_tmp_2017-03-12_181452_8185_33758.grd /mnt/rasterTmp/r_tmp_2017-03-12_181452_8185_33758.gri /mnt/rasterTmp/r_tmp_2017-03-12_181501_8185_06394.grd /mnt/rasterTmp/r_tmp_2017-03-12_181501_8185_06394.gri /mnt/rasterTmp/r_tmp_2017-03-12_181513_8185_01771.grd /mnt/rasterTmp/r_tmp_2017-03-12_181513_8185_01771.gri /mnt/rasterTmp/r_tmp_2017-03-12_181525_8185_19831.grd /mnt/rasterTmp/r_tmp_2017-03-12_181525_8185_19831.gri /mnt/rasterTmp/r_tmp_2017-03-12_181533_8185_04997.grd /mnt/rasterTmp/r_tmp_2017-03-12_181533_8185_04997.gri /mnt/rasterTmp/r_tmp_2017-03-12_181542_8185_96835.grd /mnt/rasterTmp/r_tmp_2017-03-12_181542_8185_96835.gri /mnt/rasterTmp/r_tmp_2017-03-12_181553_8185_93800.grd /mnt/rasterTmp/r_tmp_2017-03-12_181553_8185_93800.gri /mnt/rasterTmp/r_tmp_2017-03-12_181604_8185_24997.grd /mnt/rasterTmp/r_tmp_2017-03-12_181604_8185_24997.gri /mnt/rasterTmp/r_tmp_2017-03-12_181627_8185_17688.grd /mnt/rasterTmp/r_tmp_2017-03-12_181627_8185_17688.gri /mnt/rasterTmp/r_tmp_2017-03-12_181644_8185_98202.grd /mnt/rasterTmp/r_tmp_2017-03-12_181644_8185_98202.gri /mnt/rasterTmp/r_tmp_2017-03-12_181651_8185_86250.grd /mnt/rasterTmp/r_tmp_2017-03-12_181651_8185_86250.gri /mnt/rasterTmp/r_tmp_2017-03-12_181708_8185_27885.grd /mnt/rasterTmp/r_tmp_2017-03-12_181708_8185_27885.gri /mnt/rasterTmp/r_tmp_2017-03-12_181725_8185_43330.grd /mnt/rasterTmp/r_tmp_2017-03-12_181725_8185_43330.gri /mnt/rasterTmp/r_tmp_2017-03-12_193144_8185_51947.grd /mnt/rasterTmp/r_tmp_2017-03-12_193144_8185_51947.gri /mnt/rasterTmp/r_tmp_2017-03-12_193352_8185_67954.grd /mnt/rasterTmp/r_tmp_2017-03-12_193352_8185_67954.gri /mnt/rasterTmp/r_tmp_2017-03-12_193434_8185_78872.grd /mnt/rasterTmp/r_tmp_2017-03-12_193434_8185_78872.gri
sudo: unable to resolve host fogbow35243
+ echo 'Starting CPU and Memory collect...'
+ sudo bash /tmp/sandbox/38ac3dfd-1c50-4b31-b13e-5e8bbd895fdb/SEBAL/scripts/collect-cpu-usage.sh
+ sudo tee /nfs/results//LT52170641984247CUB00/LT52170641984247CUB00_cpu_usage.txt
+ checkProcessOutput
+ PROCESS_OUTPUT=0
+ '[' 0 -ne 0 ']'
+ executeRScript
+ sudo bash /tmp/sandbox/38ac3dfd-1c50-4b31-b13e-5e8bbd895fdb/SEBAL/scripts/collect-memory-usage.sh
+ sudo tee /nfs/results//LT52170641984247CUB00/LT52170641984247CUB00_mem_usage.txt
SEBAL/bin/run.sh: line 95: /dev/nul: Permission denied
++ seq 2
+ for i in '`seq $MAX_TRIES`'
+ sudo bash /tmp/sandbox/38ac3dfd-1c50-4b31-b13e-5e8bbd895fdb/SEBAL/scripts/executeRScript.sh /tmp/sandbox/38ac3dfd-1c50-4b31-b13e-5e8bbd895fdb/SEBAL/workspace/R/AlgoritmoFinal-f1-v02122016.R /tmp/sandbox/38ac3dfd-1c50-4b31-b13e-5e8bbd895fdb/SEBAL/workspace/R /mnt
sudo: unable to resolve host fogbow35243
sudo: unable to resolve host fogbow35243
sudo: unable to resolve host fogbow35243
sudo: unable to resolve host fogbow35243
During startup - Warning messages:
1: Setting LC_TIME failed, using "C" 
2: Setting LC_MONETARY failed, using "C" 
3: Setting LC_PAPER failed, using "C" 
4: Setting LC_MEASUREMENT failed, using "C" 
Installing package into ‘/usr/local/lib/R/site-library’
(as ‘lib’ is unspecified)
trying URL 'http://nbcgib.uesc.br/mirrors/cran/src/contrib/snow_0.4-2.tar.gz'
Content type 'application/x-gzip' length 22397 bytes (21 Kb)
opened URL
==================================================
downloaded 21 Kb

During startup - Warning messages:
1: Setting LC_TIME failed, using "C" 
2: Setting LC_MONETARY failed, using "C" 
3: Setting LC_PAPER failed, using "C" 
4: Setting LC_MEASUREMENT failed, using "C" 
* installing *source* package ‘snow’ ...
** package ‘snow’ successfully unpacked and MD5 sums checked
** R
** inst
** preparing package for lazy loading
** help
*** installing help indices
** building package indices
** testing if installed package can be loaded
* DONE (snow)
Installing package into ‘/usr/local/lib/R/site-library’
(as ‘lib’ is unspecified)
trying URL 'http://nbcgib.uesc.br/mirrors/cran/src/contrib/R.utils_2.5.0.tar.gz'
Content type 'application/x-gzip' length 389402 bytes (380 Kb)
opened URL
==================================================
downloaded 380 Kb

During startup - Warning messages:
1: Setting LC_TIME failed, using "C" 
2: Setting LC_MONETARY failed, using "C" 
3: Setting LC_PAPER failed, using "C" 
4: Setting LC_MEASUREMENT failed, using "C" 
* installing *source* package ‘R.utils’ ...
** package ‘R.utils’ successfully unpacked and MD5 sums checked
** R
** inst
** preparing package for lazy loading
Warning in setGenericS3.default(name, export = exportGeneric, envir = envir,  :
  Renamed the preexisting function warnings to warnings.default, which was defined in environment base.
** help
*** installing help indices
** building package indices
** testing if installed package can be loaded
* DONE (R.utils)
Loading required package: R.oo
Loading required package: R.methodsS3
R.methodsS3 v1.7.1 (2016-02-15) successfully loaded. See ?R.methodsS3 for help.
R.oo v1.21.0 (2016-10-30) successfully loaded. See ?R.oo for help.

Attaching package: ‘R.oo’

The following objects are masked from ‘package:base’:

    attach, detach, gc, load, save

R.utils v2.5.0 (2016-11-07) successfully loaded. See ?R.utils for help.

Attaching package: ‘R.utils’

The following object is masked from ‘package:utils’:

    timestamp

The following objects are masked from ‘package:base’:

    cat, commandArgs, getOption, inherits, isOpen, parse, warnings

Loading required package: methods

Attaching package: ‘methods’

The following objects are masked from ‘package:R.oo’:

    getClasses, getMethods

Loading required package: sp

Attaching package: ‘raster’

The following objects are masked from ‘package:R.utils’:

    extract, resample

The following objects are masked from ‘package:R.oo’:

    extend, trim

rgdal: version: 1.1-10, (SVN revision 622)
 Geospatial Data Abstraction Library extensions to R successfully loaded
 Loaded GDAL runtime: GDAL 1.10.1, released 2013/08/26
 Path to GDAL shared files: /usr/share/gdal/1.10
 Loaded PROJ.4 runtime: Rel. 4.8.0, 6 March 2012, [PJ_VERSION: 480]
 Path to PROJ.4 shared files: (autodetected)
 Linking to sp version: 1.2-3 

Attaching package: ‘rgdal’

The following object is masked from ‘package:R.oo’:

    getDescription

Checking rgeos availability: TRUE
Loading required namespace: parallel
During startup - Warning messages:
1: Setting LC_TIME failed, using "C" 
2: Setting LC_MONETARY failed, using "C" 
3: Setting LC_PAPER failed, using "C" 
4: Setting LC_MEASUREMENT failed, using "C" 
During startup - Warning messages:
1: Setting LC_TIME failed, using "C" 
2: Setting LC_MONETARY failed, using "C" 
3: Setting LC_PAPER failed, using "C" 
4: Setting LC_MEASUREMENT failed, using "C" 
During startup - Warning messages:
1: Setting LC_TIME failed, using "C" 
2: Setting LC_MONETARY failed, using "C" 
3: Setting LC_PAPER failed, using "C" 
4: Setting LC_MEASUREMENT failed, using "C" 
During startup - Warning messages:
1: Setting LC_TIME failed, using "C" 
2: Setting LC_MONETARY failed, using "C" 
3: Setting LC_PAPER failed, using "C" 
4: Setting LC_MEASUREMENT failed, using "C" 
During startup - Warning messages:
1: Setting LC_TIME failed, using "C" 
2: Setting LC_MONETARY failed, using "C" 
3: Setting LC_PAPER failed, using "C" 
4: Setting LC_MEASUREMENT failed, using "C" 
During startup - Warning messages:
1: Setting LC_TIME failed, using "C" 
2: Setting LC_MONETARY failed, using "C" 
3: Setting LC_PAPER failed, using "C" 
4: Setting LC_MEASUREMENT failed, using "C" 
During startup - Warning messages:
1: Setting LC_TIME failed, using "C" 
2: Setting LC_MONETARY failed, using "C" 
3: Setting LC_PAPER failed, using "C" 
4: Setting LC_MEASUREMENT failed, using "C" 
Using cluster with 7 nodes
During startup - Warning messages:
1: Setting LC_TIME failed, using "C" 
2: Setting LC_MONETARY failed, using "C" 
3: Setting LC_PAPER failed, using "C" 
4: Setting LC_MEASUREMENT failed, using "C" 
During startup - Warning messages:
1: Setting LC_TIME failed, using "C" 
2: Setting LC_MONETARY failed, using "C" 
3: Setting LC_PAPER failed, using "C" 
4: Setting LC_MEASUREMENT failed, using "C" 
During startup - Warning messages:
1: Setting LC_TIME failed, using "C" 
2: Setting LC_MONETARY failed, using "C" 
3: Setting LC_PAPER failed, using "C" 
4: Setting LC_MEASUREMENT failed, using "C" 
During startup - Warning messages:
1: Setting LC_TIME failed, using "C" 
2: Setting LC_MONETARY failed, using "C" 
3: Setting LC_PAPER failed, using "C" 
4: Setting LC_MEASUREMENT failed, using "C" 
During startup - Warning messages:
1: Setting LC_TIME failed, using "C" 
2: Setting LC_MONETARY failed, using "C" 
3: Setting LC_PAPER failed, using "C" 
4: Setting LC_MEASUREMENT failed, using "C" 
During startup - Warning messages:
1: Setting LC_TIME failed, using "C" 
2: Setting LC_MONETARY failed, using "C" 
3: Setting LC_PAPER failed, using "C" 
4: Setting LC_MEASUREMENT failed, using "C" 
During startup - Warning messages:
1: Setting LC_TIME failed, using "C" 
2: Setting LC_MONETARY failed, using "C" 
3: Setting LC_PAPER failed, using "C" 
4: Setting LC_MEASUREMENT failed, using "C" 
Using cluster with 7 nodes
During startup - Warning messages:
1: Setting LC_TIME failed, using "C" 
2: Setting LC_MONETARY failed, using "C" 
3: Setting LC_PAPER failed, using "C" 
4: Setting LC_MEASUREMENT failed, using "C" 
During startup - Warning messages:
1: Setting LC_TIME failed, using "C" 
2: Setting LC_MONETARY failed, using "C" 
3: Setting LC_PAPER failed, using "C" 
4: Setting LC_MEASUREMENT failed, using "C" 
During startup - Warning messages:
1: Setting LC_TIME failed, using "C" 
2: Setting LC_MONETARY failed, using "C" 
3: Setting LC_PAPER failed, using "C" 
4: Setting LC_MEASUREMENT failed, using "C" 
During startup - Warning messages:
1: Setting LC_TIME failed, using "C" 
2: Setting LC_MONETARY failed, using "C" 
3: Setting LC_PAPER failed, using "C" 
4: Setting LC_MEASUREMENT failed, using "C" 
During startup - Warning messages:
1: Setting LC_TIME failed, using "C" 
2: Setting LC_MONETARY failed, using "C" 
3: Setting LC_PAPER failed, using "C" 
4: Setting LC_MEASUREMENT failed, using "C" 
During startup - Warning messages:
1: Setting LC_TIME failed, using "C" 
2: Setting LC_MONETARY failed, using "C" 
3: Setting LC_PAPER failed, using "C" 
4: Setting LC_MEASUREMENT failed, using "C" 
During startup - Warning messages:
1: Setting LC_TIME failed, using "C" 
2: Setting LC_MONETARY failed, using "C" 
3: Setting LC_PAPER failed, using "C" 
4: Setting LC_MEASUREMENT failed, using "C" 
During startup - Warning messages:
1: Setting LC_TIME failed, using "C" 
2: Setting LC_MONETARY failed, using "C" 
3: Setting LC_PAPER failed, using "C" 
4: Setting LC_MEASUREMENT failed, using "C" 
During startup - Warning messages:
1: Setting LC_TIME failed, using "C" 
2: Setting LC_MONETARY failed, using "C" 
3: Setting LC_PAPER failed, using "C" 
4: Setting LC_MEASUREMENT failed, using "C" 
During startup - Warning messages:
1: Setting LC_TIME failed, using "C" 
2: Setting LC_MONETARY failed, using "C" 
3: Setting LC_PAPER failed, using "C" 
4: Setting LC_MEASUREMENT failed, using "C" 
During startup - Warning messages:
1: Setting LC_TIME failed, using "C" 
2: Setting LC_MONETARY failed, using "C" 
3: Setting LC_PAPER failed, using "C" 
4: Setting LC_MEASUREMENT failed, using "C" 
During startup - Warning messages:
1: Setting LC_TIME failed, using "C" 
2: Setting LC_MONETARY failed, using "C" 
3: Setting LC_PAPER failed, using "C" 
4: Setting LC_MEASUREMENT failed, using "C" 
During startup - Warning messages:
1: Setting LC_TIME failed, using "C" 
2: Setting LC_MONETARY failed, using "C" 
3: Setting LC_PAPER failed, using "C" 
4: Setting LC_MEASUREMENT failed, using "C" 
During startup - Warning messages:
1: Setting LC_TIME failed, using "C" 
2: Setting LC_MONETARY failed, using "C" 
3: Setting LC_PAPER failed, using "C" 
4: Setting LC_MEASUREMENT failed, using "C" 
Using cluster with 7 nodes
Using cluster with 7 nodes
Using cluster with 7 nodes
During startup - Warning messages:
1: Setting LC_TIME failed, using "C" 
2: Setting LC_MONETARY failed, using "C" 
3: Setting LC_PAPER failed, using "C" 
4: Setting LC_MEASUREMENT failed, using "C" 
During startup - Warning messages:
1: Setting LC_TIME failed, using "C" 
2: Setting LC_MONETARY failed, using "C" 
3: Setting LC_PAPER failed, using "C" 
4: Setting LC_MEASUREMENT failed, using "C" 
During startup - Warning messages:
1: Setting LC_TIME failed, using "C" 
2: Setting LC_MONETARY failed, using "C" 
3: Setting LC_PAPER failed, using "C" 
4: Setting LC_MEASUREMENT failed, using "C" 
During startup - Warning messages:
1: Setting LC_TIME failed, using "C" 
2: Setting LC_MONETARY failed, using "C" 
3: Setting LC_PAPER failed, using "C" 
4: Setting LC_MEASUREMENT failed, using "C" 
During startup - Warning messages:
1: Setting LC_TIME failed, using "C" 
2: Setting LC_MONETARY failed, using "C" 
3: Setting LC_PAPER failed, using "C" 
4: Setting LC_MEASUREMENT failed, using "C" 
During startup - Warning messages:
1: Setting LC_TIME failed, using "C" 
2: Setting LC_MONETARY failed, using "C" 
3: Setting LC_PAPER failed, using "C" 
4: Setting LC_MEASUREMENT failed, using "C" 
During startup - Warning messages:
1: Setting LC_TIME failed, using "C" 
2: Setting LC_MONETARY failed, using "C" 
3: Setting LC_PAPER failed, using "C" 
4: Setting LC_MEASUREMENT failed, using "C" 
+ PROCESS_OUTPUT=0
+ echo executeRScript_process_output=0
+ '[' 0 -eq 0 ']'
+ echo 'NUMBER OF TRIES 1'
+ break
+ checkProcessOutput
+ PROCESS_OUTPUT=0
+ '[' 0 -ne 0 ']'
+ finally
+ exit 0
sudo: unable to resolve host fogbow35243
sudo: unable to resolve host fogbow35243
sudo: unable to resolve host fogbow35243
sudo: unable to resolve host fogbow35243
sudo: unable to resolve host fogbow35243
sudo: unable to resolve host fogbow35243
sudo: unable to resolve host fogbow35243
sudo: unable to resolve host fogbow35243
sudo: unable to resolve host fogbow35243
sudo: unable to resolve host fogbow35243
